#
# A fatal error has been detected by the Java Runtime Environment:
#
#  SIGBUS (0xa) at pc=0x000000010a59d4f0, pid=9920, tid=29707
#
# JRE version: Java(TM) SE Runtime Environment (17.0.3.1+2) (build 17.0.3.1+2-LTS-6)
# Java VM: Java HotSpot(TM) 64-Bit Server VM (17.0.3.1+2-LTS-6, mixed mode, sharing, tiered, compressed oops, compressed class ptrs, g1 gc, bsd-aarch64)
# Problematic frame:
# v  ~StubRoutines::SafeFetchN
#
# No core dump will be written. Core dumps have been disabled. To enable core dumping, try "ulimit -c unlimited" before starting Java again
#
# If you would like to submit a bug report, please visit:
#   https://bugreport.java.com/bugreport/crash.jsp
# The crash happened outside the Java Virtual Machine in native code.
# See problematic frame for where to report the bug.
#

---------------  S U M M A R Y ------------

Command Line: -javaagent:/Applications/IntelliJ IDEA.app/Contents/lib/idea_rt.jar=53137:/Applications/IntelliJ IDEA.app/Contents/bin -Dfile.encoding=UTF-8 --module-path=/Users/kali/.m2/repository/org/openjfx/javafx-controls/17.0.1/javafx-controls-17.0.1-mac-aarch64.jar:/Users/kali/Downloads/HW3/target/classes:/Users/kali/.m2/repository/org/openjfx/javafx-graphics/17.0.1/javafx-graphics-17.0.1-mac-aarch64.jar:/Users/kali/.m2/repository/org/openjfx/javafx-base/17.0.1/javafx-base-17.0.1-mac-aarch64.jar:/Users/kali/.m2/repository/org/openjfx/javafx-fxml/17.0.1/javafx-fxml-17.0.1-mac-aarch64.jar -Djdk.module.main=com.example.hw3 com.example.hw3/com.example.hw3.BabyNames

Host: "MacBookPro17,1" arm64 1 MHz, 8 cores, 8G, Darwin 21.5.0, macOS 12.4 (21F79)
Time: Wed Jul 20 09:26:42 2022 CDT elapsed time: 27.510930 seconds (0d 0h 0m 27s)

---------------  T H R E A D  ---------------

Current thread (0x0000000141860800):  JavaThread "InvokeLaterDispatcher" daemon [_thread_in_native, id=29707, stack(0x0000000171b30000,0x0000000171d33000)]

Stack: [0x0000000171b30000,0x0000000171d33000],  sp=0x0000000171d327d0,  free space=2057k
Native frames: (J=compiled Java code, j=interpreted, Vv=VM code, C=native code)
v  ~StubRoutines::SafeFetchN
V  [libjvm.dylib+0x7a3f04]  _ZN10OopStorage7releaseEPKP7oopDesc+0x20
V  [libjvm.dylib+0x4b93a0]  jni_DeleteGlobalRef+0xc4
C  [libglass.dylib+0xab08]  -[GlassRunnable dealloc]+0x34
C  [Foundation+0x85318]  -[_NSThreadPerformInfo dealloc]+0x30
C  [Foundation+0x518ac]  -[NSObject(NSThreadPerformAdditions) performSelectorOnMainThread:withObject:waitUntilDone:]+0x88
C  0x12328001122b3dcc
J 4229 c1 com.sun.glass.ui.mac.MacApplication.submitForLaterInvocation(Ljava/lang/Runnable;)V javafx.graphics (6 bytes) @ 0x000000010b3e4158 [0x000000010b3e40c0+0x0000000000000098]
C  0x000000078032f4f0

Java frames: (J=compiled Java code, j=interpreted, Vv=VM code)
J 4623  com.sun.glass.ui.mac.MacApplication._submitForLaterInvocation(Ljava/lang/Runnable;)V javafx.graphics (0 bytes) @ 0x00000001122b3dcc [0x00000001122b3d40+0x000000000000008c]
J 4229 c1 com.sun.glass.ui.mac.MacApplication.submitForLaterInvocation(Ljava/lang/Runnable;)V javafx.graphics (6 bytes) @ 0x000000010b3e4158 [0x000000010b3e40c0+0x0000000000000098]
j  com.sun.glass.ui.InvokeLaterDispatcher.run()V+82 javafx.graphics
v  ~StubRoutines::call_stub

siginfo: si_signo: 10 (SIGBUS), si_code: 1 (BUS_ADRALN), si_addr: 0x000000010a59d4f0

Register to memory mapping:

 x0=0x0000000141604488 is a global jni handle
 x1=0x0 is NULL
 x2=0x0000000782505248 is an oop: com.sun.glass.ui.InvokeLaterDispatcher$Future 
{0x0000000782505248} - klass: 'com/sun/glass/ui/InvokeLaterDispatcher$Future'
 - ---- fields (total size 3 words):
 - private 'done' 'Z' @12  true
 - private final 'runnable' 'Ljava/lang/Runnable;' @16  a 'com/sun/javafx/application/PlatformImpl$$Lambda$92+0x0000000800c81b10'{0x00000007816c5ca8} (f02d8b95)
 - final synthetic 'this$0' 'Lcom/sun/glass/ui/InvokeLaterDispatcher;' @20  a 'com/sun/glass/ui/InvokeLaterDispatcher'{0x000000078032f4f0} (f0065e9e)
 x3=0x0 is NULL
 x4=0x00000000000130a8 is an unknown value
 x5=0x0 is NULL
 x6=0x0 is NULL
 x7=0x0 is NULL
 x8=0x000000010a59d4ec is at begin+0 in a stub
StubRoutines::SafeFetchN [0x000000010a59d4ec, 0x000000010a59d4f8] (12 bytes)
 x9=0x0 is NULL
x10=0x2010000030300000 is an unknown value
x11=0x0000000000000007 is an unknown value
x12=0x0 is NULL
x13=0x00006000016dc570 points into unknown readable memory: 0x0000000100000000 | 00 00 00 00 01 00 00 00
x14=0x00003c0000000000 is an unknown value
x15=0x0000000121f65f98: OBJC_CLASS_$_GlassRunnable+0 in /Users/kali/.openjfx/cache/17.0.1/libglass.dylib at 0x0000000121f20000
x16=0x000000018bb330fc: pthread_getspecific+0 in /usr/lib/system/libsystem_pthread.dylib at 0x000000018bb31000
x17=0x00006000013d4150 points into unknown readable memory: 0xfffffffffffffffe | fe ff ff ff ff ff ff ff
x18=0x0 is NULL
x19=0x00006000013f8380 points into unknown readable memory: 0x0000600003ae0070 | 70 00 ae 03 00 60 00 00
x20=0x0000000141604280 points into unknown readable memory: 0x0000000000000000 | 00 00 00 00 00 00 00 00
x21=0x0000000141604488 is a global jni handle
x22=0x0000000141860800 is a thread
x23=0x0000000000000001 is an unknown value
x24=0x0000000141604440 is a global jni handle
x25=0x0000000102a51628: _ZN12StubRoutines17_safefetchN_entryE+0 in /Library/Java/JavaVirtualMachines/jdk-17.0.3.1.jdk/Contents/Home/lib/server/libjvm.dylib at 0x0000000101eb8000
x26=0x000000011fd1c180 is pointing into metadata
x27=0x0 is NULL
x28=0x0000000141860800 is a thread


Registers:
 x0=0x0000000141604488  x1=0x0000000000000000  x2=0x0000000782505248  x3=0x0000000000000000
 x4=0x00000000000130a8  x5=0x0000000000000000  x6=0x0000000000000000  x7=0x0000000000000000
 x8=0x000000010a59d4ec  x9=0x0000000000000000 x10=0x2010000030300000 x11=0x0000000000000007
x12=0x0000000000000000 x13=0x00006000016dc570 x14=0x00003c0000000000 x15=0x0000000121f65f98
x16=0x000000018bb330fc x17=0x00006000013d4150 x18=0x0000000000000000 x19=0x00006000013f8380
x20=0x0000000141604280 x21=0x0000000141604488 x22=0x0000000141860800 x23=0x0000000000000001
x24=0x0000000141604440 x25=0x0000000102a51628 x26=0x000000011fd1c180 x27=0x0000000000000000
x28=0x0000000141860800  fp=0x0000000171d32810  lr=0x000000010265acd4  sp=0x0000000171d327d0
pc=0x000000010a59d4f0 cpsr=0x0000000060001000
Top of Stack: (sp=0x0000000171d327d0)
0x0000000171d327d0:   000000011fd1c180 0000000000000001
0x0000000171d327e0:   0000000800c2b0a0 0000600003aeaea0
0x0000000171d327f0:   0000000000000000 0000000141604470
0x0000000171d32800:   0000000141604470 00006000013f8380
0x0000000171d32810:   0000000171d32850 000000010265bf04
0x0000000171d32820:   0000000000000001 0000000141604470
0x0000000171d32830:   0000000000000000 0000000141604470
0x0000000171d32840:   0000000000000001 0000000131a18000
0x0000000171d32850:   0000000171d32880 00000001023713a0
0x0000000171d32860:   0000600003aeaed0 00000001d5df130c
0x0000000171d32870:   0000000000000000 0000600003aeaed0
0x0000000171d32880:   0000000171d328b0 0000000121f2ab08
0x0000000171d32890:   9a1cf87b1c0500b3 0000000000000000
0x0000000171d328a0:   0000000000000000 0000600002d0a100
0x0000000171d328b0:   0000000171d328f0 000000018cb08318
0x0000000171d328c0:   0000000800c2b0a0 0000600003aeaea0
0x0000000171d328d0:   0000600003aeaed0 9a1cf87b1c0500b3
0x0000000171d328e0:   0000000000000000 0000000000000000
0x0000000171d328f0:   0000000171d32930 752a80018cad48ac
0x0000000171d32900:   0000000800c2b0a0 000000010a5a47c0
0x0000000171d32910:   000000011fd1bbba 0000000102a58fe8
0x0000000171d32920:   0000000171d32a10 00000000000000b9
0x0000000171d32930:   0000000171d32990 12328001122b3dcc
0x0000000171d32940:   0000000780338f40 0000000782505248
0x0000000171d32950:   0000000171d32ab8 000000018bb3f630
0x0000000171d32960:   0000000141860800 0000000102a35dc8
0x0000000171d32970:   0000000171d32a20 0000000000000001
0x0000000171d32980:   0000000171d329c0 00000007800054e0
0x0000000171d32990:   0000000171d32a80 000000010b3e4158
0x0000000171d329a0:   0000000782505248 00000007816c5ca8
0x0000000171d329b0:   0000000171d32a18 00000000000000b6
0x0000000171d329c0:   0000000171d32a80 f57180010a5b32a0 

Instructions: (pc=0x000000010a59d4f0)
0x000000010a59d3f0:   f2a05429 f2c00029 6d425935 1e640886
0x000000010a59d400:   0c402d31 1e6408c7 1f5654d0 1e6c1017
0x000000010a59d410:   1f5050d0 1f504cd0 1f5048d0 1e650af6
0x000000010a59d420:   1f50d8f6 1f5694d6 1f5158f6 1e762880
0x000000010a59d430:   36000501 1e614000 14000026 2e251ca5
0x000000010a59d440:   d29c3009 f2a05429 f2c00029 6d425d36
0x000000010a59d450:   1e600806 0c402d32 1f5758c7 1e6c101a
0x000000010a59d460:   1f4754c7 1e650805 1f4750c7 d2866668
0x000000010a59d470:   f2a7fa68 1f474cc7 1e6608c0 1f4748c7
0x000000010a59d480:   1e6e1019 eb08007f 540000ac 1f479400
0x000000010a59d490:   1f460340 1e603b20 1400000e d2a7fd29
0x000000010a59d4a0:   eb09007f 540000ac 51480069 d3607d29
0x000000010a59d4b0:   9e670121 14000002 1e6a5001 1f679417
0x000000010a59d4c0:   1f668742 1e613b23 1e773857 1e773860
0x000000010a59d4d0:   a8c17ff3 910003bf a8c17bfd d65f03c0
0x000000010a59d4e0:   b9400001 aa0103e0 d65f03c0 f9400001
0x000000010a59d4f0:   aa0103e0 d65f03c0 00000000 00000000
0x000000010a59d500:   00000000 00000000 00000000 00000000
0x000000010a59d510:   00000000 00000000 00000000 00000000
0x000000010a59d520:   00000000 00000000 00000000 00000000
0x000000010a59d530:   00000000 00000000 00000000 00000000
0x000000010a59d540:   00000000 00000000 00000000 00000000
0x000000010a59d550:   00000000 00000000 00000000 00000000
0x000000010a59d560:   00000000 00000000 00000000 00000000
0x000000010a59d570:   00000000 00000000 00000000 00000000
0x000000010a59d580:   00000000 00000000 00000000 00000000
0x000000010a59d590:   00000000 00000000 00000000 00000000
0x000000010a59d5a0:   00000000 00000000 00000000 00000000
0x000000010a59d5b0:   00000000 00000000 00000000 00000000
0x000000010a59d5c0:   00000000 00000000 00000000 00000000
0x000000010a59d5d0:   00000000 00000000 00000000 00000000
0x000000010a59d5e0:   00000000 00000000 00000000 00000000 


Stack slot to memory mapping:
stack at sp + 0 slots: 0x000000011fd1c180 is pointing into metadata
stack at sp + 1 slots: 0x0000000000000001 is an unknown value
stack at sp + 2 slots: 0x0000000800c2b0a0 is a pointer to class: 
com.sun.glass.ui.mac.MacApplication {0x0000000800c2b0a0}
 - instance size:     5
 - klass size:        136
 - access:            final synchronized 
 - state:             fully_initialized
 - name:              'com/sun/glass/ui/mac/MacApplication'
 - super:             'com/sun/glass/ui/Application'
 - sub:               
 - arrays:            NULL
 - methods:           Array<T>(0x000000011fcf6020)
 - method ordering:   Array<T>(0x000000080091dd50)
 - default_methods:   Array<T>(0x0000000000000000)
 - local interfaces:  Array<T>(0x000000011fcf5e10)
 - trans. interfaces: Array<T>(0x000000011fcf5e10)
 - constants:         constant pool [548]/operands[69] {0x000000011fcf4b30} for 'com/sun/glass/ui/mac/MacApplication' cache=0x000000011fd19ea0
 - class loader data:  loader data: 0x00006000009f4d20 for instance a 'jdk/internal/loader/ClassLoaders$AppClassLoader'{0x000000078031a2e8}
 - source file:       'MacApplication.java'
 - class annotations:       Array<T>(0x0000000000000000)
 - class type annotations:  Array<T>(0x0000000000000000)
 - field annotations:       Array<T>(0x0000000000000000)
 - field type annotations:  Array<T>(0x0000000000000000)
 - inner classes:     Array<T>(0x000000011fcf2f18)
 - nest members:     Array<T>(0x000000011fcf2f70)
 - permitted subclasses:     Array<T>(0x00000008005dba08)
 - java mirror:       a 'java/lang/Class'{0x0000000780338ec8} = 'com/sun/glass/ui/mac/MacApplication'
 - vtable length      72  (start addr: 0x0000000800c2b270)
 - itable length      5 (start addr: 0x0000000800c2b4b0)
 - ---- static fields (1 words):
 - static final 'BROWSER_PARENT_ID' 'J' @112 
 - ---- non-static fields (7 words):
 - private 'initialActiveEventReceived' 'Z' @12 
 - private 'terminateWhenLastWindowClosed' 'Z' @13 
 - protected 'name' 'Ljava/lang/String;' @16 
 - private 'eventHandler' 'Lcom/sun/glass/ui/Application$EventHandler;' @20 
 - private 'initialOpenedFiles' '[Ljava/lang/String;' @24 
 - private 'isTaskbarApplication' 'Z' @14 
 - private 'firstDidResignActive' 'Z' @15 
 - private final 'invokeLaterDispatcher' 'Lcom/sun/glass/ui/InvokeLaterDispatcher;' @28 
 - private 'appleMenu' 'Lcom/sun/glass/ui/Menu;' @32 
 - private final 'reactivationLatch' 'Ljava/util/concurrent/CountDownLatch;' @36 
 - non-static oop maps: 16-36 
stack at sp + 3 slots: 0x0000600003aeaea0 points into unknown readable memory: 0x01000001e4502031 | 31 20 50 e4 01 00 00 01
stack at sp + 4 slots: 0x0 is NULL
stack at sp + 5 slots: 0x0000000141604470 is a global jni handle
stack at sp + 6 slots: 0x0000000141604470 is a global jni handle
stack at sp + 7 slots: 0x00006000013f8380 points into unknown readable memory: 0x0000600003ae0070 | 70 00 ae 03 00 60 00 00

StubRoutines::SafeFetchN [0x000000010a59d4ec, 0x000000010a59d4f8] (12 bytes)
[MachCode]
  0x000000010a59d4ec: 0100 40f9 | e003 01aa | c003 5fd6 
[/MachCode]

---------------  P R O C E S S  ---------------

Threads class SMR info:
_java_thread_list=0x0000600003830440, length=21, elements={
0x0000000152009400, 0x0000000131809800, 0x0000000131809e00, 0x000000014181a400,
0x0000000141818c00, 0x000000014181b400, 0x000000014181ba00, 0x000000013200a400,
0x0000000132012a00, 0x000000013180a400, 0x000000014181e800, 0x000000013300a400,
0x000000014181ee00, 0x0000000141860800, 0x0000000131a18000, 0x000000014187d600,
0x00000001519ef200, 0x0000000131aa8a00, 0x000000014197fc00, 0x0000000131d8a000,
0x0000000132022a00
}

Java Threads: ( => current thread )
  0x0000000152009400 JavaThread "main" [_thread_blocked, id=5635, stack(0x000000016f128000,0x000000016f32b000)]
  0x0000000131809800 JavaThread "Reference Handler" daemon [_thread_blocked, id=14595, stack(0x000000016ff7c000,0x000000017017f000)]
  0x0000000131809e00 JavaThread "Finalizer" daemon [_thread_blocked, id=14083, stack(0x0000000170188000,0x000000017038b000)]
  0x000000014181a400 JavaThread "Signal Dispatcher" daemon [_thread_blocked, id=22787, stack(0x00000001704ac000,0x00000001706af000)]
  0x0000000141818c00 JavaThread "Service Thread" daemon [_thread_blocked, id=41987, stack(0x00000001706b8000,0x00000001708bb000)]
  0x000000014181b400 JavaThread "Monitor Deflation Thread" daemon [_thread_blocked, id=23299, stack(0x00000001708c4000,0x0000000170ac7000)]
  0x000000014181ba00 JavaThread "C2 CompilerThread0" daemon [_thread_blocked, id=23555, stack(0x0000000170ad0000,0x0000000170cd3000)]
  0x000000013200a400 JavaThread "C1 CompilerThread0" daemon [_thread_blocked, id=41219, stack(0x0000000170cdc000,0x0000000170edf000)]
  0x0000000132012a00 JavaThread "Sweeper thread" daemon [_thread_blocked, id=23811, stack(0x0000000170ee8000,0x00000001710eb000)]
  0x000000013180a400 JavaThread "Common-Cleaner" daemon [_thread_blocked, id=24067, stack(0x00000001710f4000,0x00000001712f7000)]
  0x000000014181e800 JavaThread "Monitor Ctrl-Break" daemon [_thread_in_native, id=24579, stack(0x0000000171300000,0x0000000171503000)]
  0x000000013300a400 JavaThread "Notification Thread" daemon [_thread_blocked, id=40451, stack(0x000000017150c000,0x000000017170f000)]
  0x000000014181ee00 JavaThread "QuantumRenderer-0" daemon [_thread_blocked, id=39939, stack(0x0000000171924000,0x0000000171b27000)]
=>0x0000000141860800 JavaThread "InvokeLaterDispatcher" daemon [_thread_in_native, id=29707, stack(0x0000000171b30000,0x0000000171d33000)]
  0x0000000131a18000 JavaThread "JavaFX Application Thread" [_thread_in_native, id=259, stack(0x000000016e8a0000,0x000000016f09c000)]
  0x000000014187d600 JavaThread "JavaFX-Launcher" [_thread_blocked, id=71427, stack(0x0000000171fd4000,0x00000001721d7000)]
  0x00000001519ef200 JavaThread "mysql-cj-abandoned-connection-cleanup" daemon [_thread_blocked, id=55299, stack(0x00000001721e0000,0x00000001723e3000)]
  0x0000000131aa8a00 JavaThread "Prism Font Disposer" daemon [_thread_blocked, id=69131, stack(0x0000000172e28000,0x000000017302b000)]
  0x000000014197fc00 JavaThread "Cleaner-0" daemon [_thread_blocked, id=169475, stack(0x000000017402c000,0x000000017422f000)]
  0x0000000131d8a000 JavaThread "Attach Listener" daemon [_thread_blocked, id=90627, stack(0x0000000174238000,0x000000017443b000)]
  0x0000000132022a00 JavaThread "PulseTimer-CVDisplayLink thread" daemon [_thread_in_native, id=65583, stack(0x0000000170394000,0x0000000170417000)]

Other Threads:
  0x0000000141705990 VMThread "VM Thread" [stack: 0x000000016fd70000,0x000000016ff73000] [id=15107]
  0x0000000131605440 WatcherThread [stack: 0x0000000171718000,0x000000017191b000] [id=40195]
  0x0000000151706700 GCTaskThread "GC Thread#0" [stack: 0x000000016f334000,0x000000016f537000] [id=19203]
  0x0000000141743fa0 GCTaskThread "GC Thread#1" [stack: 0x00000001723ec000,0x00000001725ef000] [id=55555]
  0x0000000141744420 GCTaskThread "GC Thread#2" [stack: 0x00000001725f8000,0x00000001727fb000] [id=56067]
  0x00000001417448a0 GCTaskThread "GC Thread#3" [stack: 0x0000000172804000,0x0000000172a07000] [id=70659]
  0x0000000141745110 GCTaskThread "GC Thread#4" [stack: 0x0000000172a10000,0x0000000172c13000] [id=56835]
  0x0000000141745980 GCTaskThread "GC Thread#5" [stack: 0x0000000172c1c000,0x0000000172e1f000] [id=70147]
  0x000000015173b960 GCTaskThread "GC Thread#6" [stack: 0x0000000173034000,0x0000000173237000] [id=68867]
  0x000000015173bde0 GCTaskThread "GC Thread#7" [stack: 0x0000000173240000,0x0000000173443000] [id=68355]
  0x0000000151706db0 ConcurrentGCThread "G1 Main Marker" [stack: 0x000000016f540000,0x000000016f743000] [id=12035]
  0x0000000151707630 ConcurrentGCThread "G1 Conc#0" [stack: 0x000000016f74c000,0x000000016f94f000] [id=18179]
  0x0000000131608160 ConcurrentGCThread "G1 Conc#1" [stack: 0x0000000173e20000,0x0000000174023000] [id=90379]
  0x00000001517094a0 ConcurrentGCThread "G1 Refine#0" [stack: 0x000000016f958000,0x000000016fb5b000] [id=17667]
  0x000000014162eff0 ConcurrentGCThread "G1 Refine#1" [stack: 0x000000017344c000,0x000000017364f000] [id=67843]
  0x0000000131607000 ConcurrentGCThread "G1 Refine#2" [stack: 0x0000000173658000,0x000000017385b000] [id=67075]
  0x00000001317070e0 ConcurrentGCThread "G1 Refine#3" [stack: 0x0000000173864000,0x0000000173a67000] [id=66819]
  0x0000000133804e80 ConcurrentGCThread "G1 Refine#4" [stack: 0x0000000173a70000,0x0000000173c73000] [id=66307]
  0x0000000151709d40 ConcurrentGCThread "G1 Service" [stack: 0x000000016fb64000,0x000000016fd67000] [id=17411]

Threads with active compile tasks:

VM state: not at safepoint (normal execution)

VM Mutex/Monitor currently owned by a thread: None

Heap address: 0x0000000780000000, size: 2048 MB, Compressed Oops mode: Zero based, Oop shift amount: 3

CDS archive(s) mapped at: [0x0000000800000000-0x0000000800bd8000-0x0000000800bd8000), size 12419072, SharedBaseAddress: 0x0000000800000000, ArchiveRelocationMode: 0.
Compressed class space mapped at: 0x0000000800c00000-0x0000000840c00000, reserved size: 1073741824
Narrow klass base: 0x0000000800000000, Narrow klass shift: 0, Narrow klass range: 0x100000000

GC Precious Log:
 CPUs: 8 total, 8 available
 Memory: 8192M
 Large Page Support: Disabled
 NUMA Support: Disabled
 Compressed Oops: Enabled (Zero based)
 Heap Region Size: 1M
 Heap Min Capacity: 8M
 Heap Initial Capacity: 128M
 Heap Max Capacity: 2G
 Pre-touch: Disabled
 Parallel Workers: 8
 Concurrent Workers: 2
 Concurrent Refinement Workers: 8
 Periodic GC: Disabled

Heap:
 garbage-first heap   total 48128K, used 32795K [0x0000000780000000, 0x0000000800000000)
  region size 1024K, 24 young (24576K), 4 survivors (4096K)
 Metaspace       used 23845K, committed 24128K, reserved 1073152K
  class space    used 3192K, committed 3328K, reserved 1048576K

Heap Regions: E=young(eden), S=young(survivor), O=old, HS=humongous(starts), HC=humongous(continues), CS=collection set, F=free, OA=open archive, CA=closed archive, TAMS=top-at-mark-start (previous, next)
|   0|0x0000000780000000, 0x0000000780100000, 0x0000000780100000|100%| O|  |TAMS 0x0000000780100000, 0x0000000780000000| Untracked 
|   1|0x0000000780100000, 0x0000000780200000, 0x0000000780200000|100%| O|  |TAMS 0x0000000780200000, 0x0000000780100000| Untracked 
|   2|0x0000000780200000, 0x0000000780300000, 0x0000000780300000|100%| O|  |TAMS 0x0000000780300000, 0x0000000780200000| Untracked 
|   3|0x0000000780300000, 0x0000000780400000, 0x0000000780400000|100%| O|  |TAMS 0x0000000780319e00, 0x0000000780300000| Untracked 
|   4|0x0000000780400000, 0x0000000780500000, 0x0000000780500000|100%| O|  |TAMS 0x0000000780400000, 0x0000000780400000| Untracked 
|   5|0x0000000780500000, 0x0000000780600000, 0x0000000780600000|100%| O|  |TAMS 0x0000000780500000, 0x0000000780500000| Untracked 
|   6|0x0000000780600000, 0x000000078060ee00, 0x0000000780700000|  5%| O|  |TAMS 0x0000000780600000, 0x0000000780600000| Complete 
|   7|0x0000000780700000, 0x0000000780800000, 0x0000000780800000|100%|HS|  |TAMS 0x0000000780700000, 0x0000000780700000| Complete 
|   8|0x0000000780800000, 0x0000000780900000, 0x0000000780900000|100%|HC|  |TAMS 0x0000000780800000, 0x0000000780800000| Complete 
|   9|0x0000000780900000, 0x0000000780900000, 0x0000000780a00000|  0%| F|  |TAMS 0x0000000780900000, 0x0000000780900000| Untracked 
|  10|0x0000000780a00000, 0x0000000780a00000, 0x0000000780b00000|  0%| F|  |TAMS 0x0000000780a00000, 0x0000000780a00000| Untracked 
|  11|0x0000000780b00000, 0x0000000780b00000, 0x0000000780c00000|  0%| F|  |TAMS 0x0000000780b00000, 0x0000000780b00000| Untracked 
|  12|0x0000000780c00000, 0x0000000780c00000, 0x0000000780d00000|  0%| F|  |TAMS 0x0000000780c00000, 0x0000000780c00000| Untracked 
|  13|0x0000000780d00000, 0x0000000780d00000, 0x0000000780e00000|  0%| F|  |TAMS 0x0000000780d00000, 0x0000000780d00000| Untracked 
|  14|0x0000000780e00000, 0x0000000780e00000, 0x0000000780f00000|  0%| F|  |TAMS 0x0000000780e00000, 0x0000000780e00000| Untracked 
|  15|0x0000000780f00000, 0x0000000780f00000, 0x0000000781000000|  0%| F|  |TAMS 0x0000000780f00000, 0x0000000780f00000| Untracked 
|  16|0x0000000781000000, 0x0000000781000000, 0x0000000781100000|  0%| F|  |TAMS 0x0000000781000000, 0x0000000781000000| Untracked 
|  17|0x0000000781100000, 0x0000000781100000, 0x0000000781200000|  0%| F|  |TAMS 0x0000000781100000, 0x0000000781100000| Untracked 
|  18|0x0000000781200000, 0x0000000781200000, 0x0000000781300000|  0%| F|  |TAMS 0x0000000781200000, 0x0000000781200000| Untracked 
|  19|0x0000000781300000, 0x0000000781300000, 0x0000000781400000|  0%| F|  |TAMS 0x0000000781300000, 0x0000000781300000| Untracked 
|  20|0x0000000781400000, 0x0000000781400000, 0x0000000781500000|  0%| F|  |TAMS 0x0000000781400000, 0x0000000781400000| Untracked 
|  21|0x0000000781500000, 0x00000007815ddf30, 0x0000000781600000| 86%| E|  |TAMS 0x0000000781500000, 0x0000000781500000| Complete 
|  22|0x0000000781600000, 0x0000000781700000, 0x0000000781700000|100%| E|CS|TAMS 0x0000000781600000, 0x0000000781600000| Complete 
|  23|0x0000000781700000, 0x0000000781800000, 0x0000000781800000|100%| E|CS|TAMS 0x0000000781700000, 0x0000000781700000| Complete 
|  24|0x0000000781800000, 0x0000000781900000, 0x0000000781900000|100%| E|CS|TAMS 0x0000000781800000, 0x0000000781800000| Complete 
|  25|0x0000000781900000, 0x0000000781a00000, 0x0000000781a00000|100%| E|CS|TAMS 0x0000000781900000, 0x0000000781900000| Complete 
|  26|0x0000000781a00000, 0x0000000781b00000, 0x0000000781b00000|100%| E|CS|TAMS 0x0000000781a00000, 0x0000000781a00000| Complete 
|  27|0x0000000781b00000, 0x0000000781c00000, 0x0000000781c00000|100%| E|CS|TAMS 0x0000000781b00000, 0x0000000781b00000| Complete 
|  28|0x0000000781c00000, 0x0000000781d00000, 0x0000000781d00000|100%| E|CS|TAMS 0x0000000781c00000, 0x0000000781c00000| Complete 
|  29|0x0000000781d00000, 0x0000000781e00000, 0x0000000781e00000|100%| E|CS|TAMS 0x0000000781d00000, 0x0000000781d00000| Complete 
|  30|0x0000000781e00000, 0x0000000781f00000, 0x0000000781f00000|100%| E|CS|TAMS 0x0000000781e00000, 0x0000000781e00000| Complete 
|  31|0x0000000781f00000, 0x0000000782000000, 0x0000000782000000|100%| E|CS|TAMS 0x0000000781f00000, 0x0000000781f00000| Complete 
|  32|0x0000000782000000, 0x0000000782100000, 0x0000000782100000|100%| E|CS|TAMS 0x0000000782000000, 0x0000000782000000| Complete 
|  33|0x0000000782100000, 0x0000000782200000, 0x0000000782200000|100%| E|CS|TAMS 0x0000000782100000, 0x0000000782100000| Complete 
|  34|0x0000000782200000, 0x0000000782300000, 0x0000000782300000|100%| E|CS|TAMS 0x0000000782200000, 0x0000000782200000| Complete 
|  35|0x0000000782300000, 0x0000000782400000, 0x0000000782400000|100%| E|CS|TAMS 0x0000000782300000, 0x0000000782300000| Complete 
|  36|0x0000000782400000, 0x0000000782500000, 0x0000000782500000|100%| E|CS|TAMS 0x0000000782400000, 0x0000000782400000| Complete 
|  37|0x0000000782500000, 0x0000000782600000, 0x0000000782600000|100%| E|CS|TAMS 0x0000000782500000, 0x0000000782500000| Complete 
|  38|0x0000000782600000, 0x0000000782700000, 0x0000000782700000|100%| E|CS|TAMS 0x0000000782600000, 0x0000000782600000| Complete 
|  39|0x0000000782700000, 0x0000000782800000, 0x0000000782800000|100%| E|CS|TAMS 0x0000000782700000, 0x0000000782700000| Complete 
| 120|0x0000000787800000, 0x00000007878ffe80, 0x0000000787900000| 99%| S|CS|TAMS 0x0000000787800000, 0x0000000787800000| Complete 
| 121|0x0000000787900000, 0x0000000787a00000, 0x0000000787a00000|100%| S|CS|TAMS 0x0000000787900000, 0x0000000787900000| Complete 
| 122|0x0000000787a00000, 0x0000000787b00000, 0x0000000787b00000|100%| S|CS|TAMS 0x0000000787a00000, 0x0000000787a00000| Complete 
| 123|0x0000000787b00000, 0x0000000787c00000, 0x0000000787c00000|100%| S|CS|TAMS 0x0000000787b00000, 0x0000000787b00000| Complete 
| 127|0x0000000787f00000, 0x0000000788000000, 0x0000000788000000|100%| E|CS|TAMS 0x0000000787f00000, 0x0000000787f00000| Complete 
|2046|0x00000007ffe00000, 0x00000007ffe78000, 0x00000007fff00000| 46%|OA|  |TAMS 0x00000007ffe78000, 0x00000007ffe00000| Untracked 
|2047|0x00000007fff00000, 0x00000007fff80000, 0x0000000800000000| 50%|CA|  |TAMS 0x00000007fff80000, 0x00000007fff00000| Untracked 

Card table byte_map: [0x0000000101674000,0x0000000101a74000] _byte_map_base: 0x00000000fda74000

Marking Bits (Prev, Next): (CMBitMap*) 0x000000015202a650, (CMBitMap*) 0x000000015202a610
 Prev Bits: [0x000000011b59c000, 0x000000011d59c000)
 Next Bits: [0x000000011959c000, 0x000000011b59c000)

Polling page: 0x0000000100ee8000

Metaspace:

Usage:
  Non-class:     20.17 MB used.
      Class:      3.12 MB used.
       Both:     23.29 MB used.

Virtual space:
  Non-class space:       24.00 MB reserved,      20.31 MB ( 85%) committed,  3 nodes.
      Class space:        1.00 GB reserved,       3.25 MB ( <1%) committed,  1 nodes.
             Both:        1.02 GB reserved,      23.56 MB (  2%) committed. 

Chunk freelists:
   Non-Class:  3.52 MB
       Class:  643.00 KB
        Both:  4.14 MB

MaxMetaspaceSize: unlimited
CompressedClassSpaceSize: 1.00 GB
Initial GC threshold: 21.00 MB
Current GC threshold: 35.12 MB
CDS: on
MetaspaceReclaimPolicy: balanced
 - commit_granule_bytes: 65536.
 - commit_granule_words: 8192.
 - virtual_space_node_default_size: 1048576.
 - enlarge_chunks_in_place: 1.
 - new_chunks_are_fully_committed: 0.
 - uncommit_free_chunks: 1.
 - use_allocation_guard: 0.
 - handle_deallocations: 1.


Internal statistics:

num_allocs_failed_limit: 3.
num_arena_births: 224.
num_arena_deaths: 0.
num_vsnodes_births: 4.
num_vsnodes_deaths: 0.
num_space_committed: 377.
num_space_uncommitted: 0.
num_chunks_returned_to_freelist: 3.
num_chunks_taken_from_freelist: 889.
num_chunk_merges: 3.
num_chunk_splits: 639.
num_chunks_enlarged: 501.
num_purges: 0.
num_inconsistent_stats: 0.

CodeHeap 'non-profiled nmethods': size=120032Kb used=2384Kb max_used=2384Kb free=117648Kb
 bounds [0x0000000112064000, 0x00000001122d4000, 0x000000011959c000]
CodeHeap 'profiled nmethods': size=120016Kb used=9810Kb max_used=9810Kb free=110205Kb
 bounds [0x000000010ab30000, 0x000000010b4d0000, 0x0000000112064000]
CodeHeap 'non-nmethods': size=5712Kb used=1457Kb max_used=1552Kb free=4254Kb
 bounds [0x000000010a59c000, 0x000000010a80c000, 0x000000010ab30000]
 total_blobs=5434 nmethods=4566 adapters=783
 compilation: enabled
              stopped_count=0, restarted_count=0
 full_count=0

Compilation events (20 events):
Event: 26.509 Thread 0x000000013200a400 4657       3       com.sun.javafx.tk.quantum.QuantumToolkit::endPulseRunning (29 bytes)
Event: 26.509 Thread 0x000000013200a400 nmethod 4657 0x000000010b4c1710 code [0x000000010b4c1900, 0x000000010b4c1c08]
Event: 26.701 Thread 0x000000013200a400 4658       3       java.util.stream.Sink$ChainedReference::<init> (16 bytes)
Event: 26.702 Thread 0x000000013200a400 nmethod 4658 0x000000010b4c1d90 code [0x000000010b4c1f80, 0x000000010b4c23d8]
Event: 26.702 Thread 0x000000013200a400 4659       1       java.util.ArrayList$ArrayListSpliterator::characteristics (4 bytes)
Event: 26.702 Thread 0x000000013200a400 nmethod 4659 0x00000001122b7090 code [0x00000001122b7200, 0x00000001122b72e8]
Event: 26.709 Thread 0x000000013200a400 4660       3       javafx.scene.control.Labeled$StyleableProperties$4::getStyleableProperty (9 bytes)
Event: 26.709 Thread 0x000000013200a400 nmethod 4660 0x000000010b4c2590 code [0x000000010b4c2780, 0x000000010b4c2bd8]
Event: 26.709 Thread 0x000000013200a400 4661       3       javafx.scene.control.Labeled$StyleableProperties$4::getStyleableProperty (8 bytes)
Event: 26.709 Thread 0x000000013200a400 nmethod 4661 0x000000010b4c2d10 code [0x000000010b4c2ec0, 0x000000010b4c3198]
Event: 26.709 Thread 0x000000013200a400 4662       3       java.util.concurrent.CountDownLatch$Sync::tryAcquireShared (13 bytes)
Event: 26.709 Thread 0x000000013200a400 nmethod 4662 0x000000010b4c3290 code [0x000000010b4c3440, 0x000000010b4c3628]
Event: 26.828 Thread 0x000000013200a400 4663       3       com.sun.prism.impl.ps.BaseShaderGraphics::fillRoundRect (127 bytes)
Event: 26.830 Thread 0x000000013200a400 nmethod 4663 0x000000010b4c3690 code [0x000000010b4c3900, 0x000000010b4c4198]
Event: 27.462 Thread 0x000000014181ba00 4664       4       com.sun.javafx.event.BasicEventDispatcher::dispatchEvent (44 bytes)
Event: 27.465 Thread 0x000000014181ba00 nmethod 4664 0x00000001122b7390 code [0x00000001122b7580, 0x00000001122b78a0]
Event: 27.465 Thread 0x000000014181ba00 4665       4       com.sun.javafx.event.CompositeEventDispatcher::dispatchCapturingEvent (35 bytes)
Event: 27.467 Thread 0x000000014181ba00 nmethod 4665 0x00000001122b7b90 code [0x00000001122b7d40, 0x00000001122b7ea0]
Event: 27.509 Thread 0x000000013200a400 4666       3       javafx.scene.layout.Region::getCssMetaData (4 bytes)
Event: 27.509 Thread 0x000000013200a400 nmethod 4666 0x000000010b4c4490 code [0x000000010b4c4640, 0x000000010b4c47e8]

GC Heap History (6 events):
Event: 0.386 GC heap before
{Heap before GC invocations=0 (full 0):
 garbage-first heap   total 133120K, used 23520K [0x0000000780000000, 0x0000000800000000)
  region size 1024K, 23 young (23552K), 0 survivors (0K)
 Metaspace       used 8613K, committed 8768K, reserved 1056768K
  class space    used 999K, committed 1088K, reserved 1048576K
}
Event: 0.389 GC heap after
{Heap after GC invocations=1 (full 0):
 garbage-first heap   total 133120K, used 4943K [0x0000000780000000, 0x0000000800000000)
  region size 1024K, 3 young (3072K), 3 survivors (3072K)
 Metaspace       used 8613K, committed 8768K, reserved 1056768K
  class space    used 999K, committed 1088K, reserved 1048576K
}
Event: 0.886 GC heap before
{Heap before GC invocations=1 (full 0):
 garbage-first heap   total 133120K, used 45903K [0x0000000780000000, 0x0000000800000000)
  region size 1024K, 43 young (44032K), 3 survivors (3072K)
 Metaspace       used 20569K, committed 20800K, reserved 1073152K
  class space    used 2943K, committed 3072K, reserved 1048576K
}
Event: 0.890 GC heap after
{Heap after GC invocations=2 (full 0):
 garbage-first heap   total 133120K, used 10311K [0x0000000780000000, 0x0000000800000000)
  region size 1024K, 6 young (6144K), 6 survivors (6144K)
 Metaspace       used 20569K, committed 20800K, reserved 1073152K
  class space    used 2943K, committed 3072K, reserved 1048576K
}
Event: 1.036 GC heap before
{Heap before GC invocations=2 (full 0):
 garbage-first heap   total 133120K, used 13383K [0x0000000780000000, 0x0000000800000000)
  region size 1024K, 10 young (10240K), 6 survivors (6144K)
 Metaspace       used 21349K, committed 21504K, reserved 1073152K
  class space    used 3043K, committed 3136K, reserved 1048576K
}
Event: 1.041 GC heap after
{Heap after GC invocations=3 (full 0):
 garbage-first heap   total 133120K, used 11291K [0x0000000780000000, 0x0000000800000000)
  region size 1024K, 4 young (4096K), 4 survivors (4096K)
 Metaspace       used 21349K, committed 21504K, reserved 1073152K
  class space    used 3043K, committed 3136K, reserved 1048576K
}

Deoptimization events (20 events):
Event: 7.076 Thread 0x000000014181ee00 Uncommon trap: trap_request=0xffffffbe fr.pc=0x000000011228acbc relative=0x0000000000000e7c
Event: 7.076 Thread 0x000000014181ee00 Uncommon trap: reason=profile_predicate action=maybe_recompile pc=0x000000011228acbc method=com.sun.prism.impl.ps.PaintHelper.setMultiGradient(Lcom/sun/prism/ps/Shader;Lcom/sun/prism/paint/Gradient;)V @ 24 c2
Event: 7.076 Thread 0x000000014181ee00 DEOPT PACKING pc=0x000000011228acbc sp=0x0000000171b22bb0
Event: 7.076 Thread 0x000000014181ee00 DEOPT UNPACKING pc=0x000000010a5dad1c sp=0x0000000171b22b30 mode 2
Event: 17.848 Thread 0x000000014181ee00 Uncommon trap: trap_request=0xffffffde fr.pc=0x00000001122b47b0 relative=0x00000000000000f0
Event: 17.848 Thread 0x000000014181ee00 Uncommon trap: reason=class_check action=maybe_recompile pc=0x00000001122b47b0 method=jdk.internal.misc.Unsafe.allocateUninitializedArray(Ljava/lang/Class;I)Ljava/lang/Object; @ 51 c2
Event: 17.848 Thread 0x000000014181ee00 DEOPT PACKING pc=0x00000001122b47b0 sp=0x0000000171b24030
Event: 17.848 Thread 0x000000014181ee00 DEOPT UNPACKING pc=0x000000010a5dad1c sp=0x0000000171b23fc0 mode 2
Event: 22.960 Thread 0x000000014181ee00 Uncommon trap: trap_request=0xffffffde fr.pc=0x00000001122b47b0 relative=0x00000000000000f0
Event: 22.960 Thread 0x000000014181ee00 Uncommon trap: reason=class_check action=maybe_recompile pc=0x00000001122b47b0 method=jdk.internal.misc.Unsafe.allocateUninitializedArray(Ljava/lang/Class;I)Ljava/lang/Object; @ 51 c2
Event: 22.960 Thread 0x000000014181ee00 DEOPT PACKING pc=0x00000001122b47b0 sp=0x0000000171b24030
Event: 22.960 Thread 0x000000014181ee00 DEOPT UNPACKING pc=0x000000010a5dad1c sp=0x0000000171b23fc0 mode 2
Event: 22.962 Thread 0x000000014181ee00 Uncommon trap: trap_request=0xffffffde fr.pc=0x00000001122b47b0 relative=0x00000000000000f0
Event: 22.962 Thread 0x000000014181ee00 Uncommon trap: reason=class_check action=maybe_recompile pc=0x00000001122b47b0 method=jdk.internal.misc.Unsafe.allocateUninitializedArray(Ljava/lang/Class;I)Ljava/lang/Object; @ 51 c2
Event: 22.962 Thread 0x000000014181ee00 DEOPT PACKING pc=0x00000001122b47b0 sp=0x0000000171b24030
Event: 22.962 Thread 0x000000014181ee00 DEOPT UNPACKING pc=0x000000010a5dad1c sp=0x0000000171b23fc0 mode 2
Event: 22.963 Thread 0x000000014181ee00 Uncommon trap: trap_request=0xffffffde fr.pc=0x00000001122b47b0 relative=0x00000000000000f0
Event: 22.963 Thread 0x000000014181ee00 Uncommon trap: reason=class_check action=maybe_recompile pc=0x00000001122b47b0 method=jdk.internal.misc.Unsafe.allocateUninitializedArray(Ljava/lang/Class;I)Ljava/lang/Object; @ 51 c2
Event: 22.963 Thread 0x000000014181ee00 DEOPT PACKING pc=0x00000001122b47b0 sp=0x0000000171b24030
Event: 22.963 Thread 0x000000014181ee00 DEOPT UNPACKING pc=0x000000010a5dad1c sp=0x0000000171b23fc0 mode 2

Classes unloaded (0 events):
No events

Classes redefined (0 events):
No events

Internal exceptions (20 events):
Event: 0.803 Thread 0x0000000131a18000 Exception <a 'java/lang/ClassNotFoundException'{0x0000000785e191a0}: com/sun/javafx/scene/control/skin/resources/controls_en> (0x0000000785e191a0) 
thrown [open/src/hotspot/share/prims/jni.cpp, line 535]
Event: 0.803 Thread 0x0000000131a18000 Exception <a 'java/lang/ClassNotFoundException'{0x0000000785e1a488}: com/sun/javafx/scene/control/skin/resources/controls_en_US> (0x0000000785e1a488) 
thrown [open/src/hotspot/share/prims/jni.cpp, line 535]
Event: 0.815 Thread 0x0000000131a18000 Exception <a 'java/lang/NoSuchMethodError'{0x0000000785dfbcd0}: 'void java.lang.invoke.DirectMethodHandle$Holder.invokeSpecial(java.lang.Object, java.lang.Object, java.lang.Object, java.lang.Object, java.lang.Object, java.lang.Object)'> (0x0000000785dfbcd0) 
thrown [open/src/hotspot/share/interpreter/linkResolver.cpp, line 766]
Event: 0.847 Thread 0x0000000131a18000 Exception <a 'java/lang/NoSuchMethodError'{0x00000007859da840}: 'void java.lang.invoke.DirectMethodHandle$Holder.invokeSpecialIFC(java.lang.Object, java.lang.Object, java.lang.Object, java.lang.Object)'> (0x00000007859da840) 
thrown [open/src/hotspot/share/interpreter/linkResolver.cpp, line 766]
Event: 0.857 Thread 0x0000000131a18000 Exception <a 'java/lang/NoSuchMethodError'{0x0000000785768b98}: 'int java.lang.invoke.DirectMethodHandle$Holder.invokeSpecial(java.lang.Object, java.lang.Object, int)'> (0x0000000785768b98) 
thrown [open/src/hotspot/share/interpreter/linkResolver.cpp, line 766]
Event: 0.878 Thread 0x0000000131a18000 Exception <a 'java/lang/NoSuchMethodError'{0x000000078553e610}: 'java.lang.Object java.lang.invoke.DirectMethodHandle$Holder.newInvokeSpecial(java.lang.Object, java.lang.Object, int, int)'> (0x000000078553e610) 
thrown [open/src/hotspot/share/interpreter/linkResolver.cpp, line 766]
Event: 0.884 Thread 0x0000000131a18000 Exception <a 'java/lang/NoSuchMethodError'{0x000000078556de40}: 'java.lang.Object java.lang.invoke.DirectMethodHandle$Holder.newInvokeSpecial(java.lang.Object, java.lang.Object, int)'> (0x000000078556de40) 
thrown [open/src/hotspot/share/interpreter/linkResolver.cpp, line 766]
Event: 0.885 Thread 0x0000000131a18000 Exception <a 'java/lang/NoSuchMethodError'{0x000000078557ecc0}: 'java.lang.Object java.lang.invoke.DirectMethodHandle$Holder.newInvokeSpecial(java.lang.Object, java.lang.Object, java.lang.Object, java.lang.Object, java.lang.Object, java.lang.Object, java.lang.Object)'> (0x000000078557ecc0) 
thrown [open/src/hotspot/share/interpreter/linkResolver.cpp, line 766]
Event: 0.886 Thread 0x0000000131a18000 Exception <a 'java/lang/NoSuchMethodError'{0x0000000785583518}: 'java.lang.Object java.lang.invoke.Invokers$Holder.linkToTargetMethod(java.lang.Object, java.lang.Object, java.lang.Object, java.lang.Object, java.lang.Object, java.lang.Object, java.lang.Object)'> (0x0000000785583518) 
thrown [open/src/hotspot/share/interpreter/linkResolver.cpp, line 766]
Event: 1.042 Thread 0x000000014181ee00 Implicit null exception at 0x000000011212759c to 0x000000011212d348
Event: 1.102 Thread 0x000000014181ee00 Exception <a 'java/lang/NoSuchMethodError'{0x000000078266ea58}: 'java.lang.Object java.lang.invoke.DirectMethodHandle$Holder.invokeStaticInit(java.lang.Object, int)'> (0x000000078266ea58) 
thrown [open/src/hotspot/share/interpreter/linkResolver.cpp, line 766]
Event: 1.674 Thread 0x0000000131a18000 Exception <a 'java/lang/NoSuchMethodError'{0x0000000782334f28}: 'java.lang.Object java.lang.invoke.DirectMethodHandle$Holder.newInvokeSpecial(java.lang.Object, java.lang.Object, int, int, int, int, int, java.lang.Object)'> (0x0000000782334f28) 
thrown [open/src/hotspot/share/interpreter/linkResolver.cpp, line 766]
Event: 1.674 Thread 0x0000000131a18000 Exception <a 'java/lang/NoSuchMethodError'{0x0000000782347f08}: 'java.lang.Object java.lang.invoke.DirectMethodHandle$Holder.newInvokeSpecial(java.lang.Object, java.lang.Object, java.lang.Object, int, int, int, int, int)'> (0x0000000782347f08) 
thrown [open/src/hotspot/share/interpreter/linkResolver.cpp, line 766]
Event: 1.674 Thread 0x0000000131a18000 Exception <a 'java/lang/NoSuchMethodError'{0x000000078234f768}: 'java.lang.Object java.lang.invoke.Invokers$Holder.linkToTargetMethod(java.lang.Object, java.lang.Object, int, int, int, int, int, java.lang.Object)'> (0x000000078234f768) 
thrown [open/src/hotspot/share/interpreter/linkResolver.cpp, line 766]
Event: 1.675 Thread 0x0000000131a18000 Exception <a 'java/lang/NoSuchMethodError'{0x0000000782367890}: 'long java.lang.invoke.DirectMethodHandle$Holder.invokeStatic(java.lang.Object, java.lang.Object, java.lang.Object)'> (0x0000000782367890) 
thrown [open/src/hotspot/share/interpreter/linkResolver.cpp, line 766]
Event: 1.675 Thread 0x0000000131a18000 Exception <a 'java/lang/NoSuchMethodError'{0x000000078236b038}: 'long java.lang.invoke.DirectMethodHandle$Holder.invokeStaticInit(java.lang.Object, java.lang.Object, java.lang.Object)'> (0x000000078236b038) 
thrown [open/src/hotspot/share/interpreter/linkResolver.cpp, line 766]
Event: 1.676 Thread 0x0000000131a18000 Exception <a 'java/lang/NoSuchMethodError'{0x00000007823830d0}: 'java.lang.Object java.lang.invoke.DirectMethodHandle$Holder.newInvokeSpecial(java.lang.Object, java.lang.Object, long)'> (0x00000007823830d0) 
thrown [open/src/hotspot/share/interpreter/linkResolver.cpp, line 766]
Event: 1.676 Thread 0x0000000131a18000 Exception <a 'java/lang/NoSuchMethodError'{0x0000000782386998}: 'java.lang.Object java.lang.invoke.Invokers$Holder.linkToTargetMethod(java.lang.Object, long, java.lang.Object)'> (0x0000000782386998) 
thrown [open/src/hotspot/share/interpreter/linkResolver.cpp, line 766]
Event: 2.217 Thread 0x0000000131a18000 Implicit null exception at 0x000000011215c9f0 to 0x0000000112160924
Event: 6.211 Thread 0x0000000131a18000 Exception <a 'java/lang/NoSuchMethodError'{0x0000000781bf0690}: 'java.lang.Object java.lang.invoke.DirectMethodHandle$Holder.newInvokeSpecial(java.lang.Object, java.lang.Object, int, java.lang.Object, double, double, double, double, double, double, int, int, int, int, int, int, int, int)'> (0x0000000781bf0690) 
thrown [open/src/hotspot/share/interpreter/linkResolver.cpp, line 766]

VM Operations (20 events):
Event: 5.088 Executing VM operation: ICBufferFull
Event: 5.088 Executing VM operation: ICBufferFull done
Event: 6.093 Executing VM operation: Cleanup
Event: 6.093 Executing VM operation: Cleanup done
Event: 6.543 Executing VM operation: ICBufferFull
Event: 6.543 Executing VM operation: ICBufferFull done
Event: 7.546 Executing VM operation: Cleanup
Event: 7.547 Executing VM operation: Cleanup done
Event: 11.555 Executing VM operation: Cleanup
Event: 11.555 Executing VM operation: Cleanup done
Event: 13.565 Executing VM operation: Cleanup
Event: 13.566 Executing VM operation: Cleanup done
Event: 16.581 Executing VM operation: Cleanup
Event: 16.581 Executing VM operation: Cleanup done
Event: 17.586 Executing VM operation: Cleanup
Event: 17.586 Executing VM operation: Cleanup done
Event: 18.590 Executing VM operation: Cleanup
Event: 18.591 Executing VM operation: Cleanup done
Event: 26.624 Executing VM operation: Cleanup
Event: 26.624 Executing VM operation: Cleanup done

Events (20 events):
Event: 13.425 Protecting memory [0x0000000170394000,0x00000001703a0000] with protection modes 3
Event: 13.425 Thread 0x000000013301be00 Thread exited: 0x000000013301be00
Event: 15.908 Protecting memory [0x0000000170394000,0x00000001703a0000] with protection modes 0
Event: 15.908 Thread 0x000000013287b200 Thread added: 0x000000013287b200
Event: 16.925 Protecting memory [0x0000000170394000,0x00000001703a0000] with protection modes 3
Event: 16.925 Thread 0x000000013287b200 Thread exited: 0x000000013287b200
Event: 17.841 Protecting memory [0x0000000170394000,0x00000001703a0000] with protection modes 0
Event: 17.841 Thread 0x0000000151a0c800 Thread added: 0x0000000151a0c800
Event: 18.125 Protecting memory [0x0000000170394000,0x00000001703a0000] with protection modes 3
Event: 18.125 Thread 0x0000000151a0c800 Thread exited: 0x0000000151a0c800
Event: 22.958 Protecting memory [0x0000000170394000,0x00000001703a0000] with protection modes 0
Event: 22.958 Thread 0x0000000136061c00 Thread added: 0x0000000136061c00
Event: 23.242 Protecting memory [0x0000000170394000,0x00000001703a0000] with protection modes 3
Event: 23.242 Thread 0x0000000136061c00 Thread exited: 0x0000000136061c00
Event: 26.125 Protecting memory [0x0000000170394000,0x00000001703a0000] with protection modes 0
Event: 26.125 Thread 0x0000000133009e00 Thread added: 0x0000000133009e00
Event: 27.192 Protecting memory [0x0000000170394000,0x00000001703a0000] with protection modes 3
Event: 27.192 Thread 0x0000000133009e00 Thread exited: 0x0000000133009e00
Event: 27.425 Protecting memory [0x0000000170394000,0x00000001703a0000] with protection modes 0
Event: 27.425 Thread 0x0000000132022a00 Thread added: 0x0000000132022a00


Dynamic libraries:
0x0000000100e98000 	/Library/Java/JavaVirtualMachines/jdk-17.0.3.1.jdk/Contents/Home/lib/libjli.dylib
0x00000001965de000 	/usr/lib/libz.1.dylib
0x0000000196695000 	/usr/lib/libSystem.B.dylib
0x000000019668f000 	/usr/lib/system/libcache.dylib
0x000000019664d000 	/usr/lib/system/libcommonCrypto.dylib
0x0000000196676000 	/usr/lib/system/libcompiler_rt.dylib
0x000000019666d000 	/usr/lib/system/libcopyfile.dylib
0x000000018b8bb000 	/usr/lib/system/libcorecrypto.dylib
0x000000018b970000 	/usr/lib/system/libdispatch.dylib
0x000000018bb3e000 	/usr/lib/system/libdyld.dylib
0x0000000196685000 	/usr/lib/system/libkeymgr.dylib
0x0000000196628000 	/usr/lib/system/libmacho.dylib
0x0000000195d18000 	/usr/lib/system/libquarantine.dylib
0x0000000196682000 	/usr/lib/system/libremovefile.dylib
0x0000000190cb4000 	/usr/lib/system/libsystem_asl.dylib
0x000000018b85d000 	/usr/lib/system/libsystem_blocks.dylib
0x000000018b9f8000 	/usr/lib/system/libsystem_c.dylib
0x000000019667a000 	/usr/lib/system/libsystem_collections.dylib
0x00000001951ad000 	/usr/lib/system/libsystem_configuration.dylib
0x0000000194409000 	/usr/lib/system/libsystem_containermanager.dylib
0x0000000196385000 	/usr/lib/system/libsystem_coreservices.dylib
0x000000018e26e000 	/usr/lib/system/libsystem_darwin.dylib
0x0000000196686000 	/usr/lib/system/libsystem_dnssd.dylib
0x000000018b9f5000 	/usr/lib/system/libsystem_featureflags.dylib
0x000000018bb53000 	/usr/lib/system/libsystem_info.dylib
0x00000001965f0000 	/usr/lib/system/libsystem_m.dylib
0x000000018b945000 	/usr/lib/system/libsystem_malloc.dylib
0x0000000190c42000 	/usr/lib/system/libsystem_networkextension.dylib
0x000000018e6c7000 	/usr/lib/system/libsystem_notify.dylib
0x000000019c9e8000 	/usr/lib/system/libsystem_product_info_filter.dylib
0x00000001951b2000 	/usr/lib/system/libsystem_sandbox.dylib
0x000000019667f000 	/usr/lib/system/libsystem_secinit.dylib
0x000000018baf9000 	/usr/lib/system/libsystem_kernel.dylib
0x000000018bb4b000 	/usr/lib/system/libsystem_platform.dylib
0x000000018bb31000 	/usr/lib/system/libsystem_pthread.dylib
0x0000000192414000 	/usr/lib/system/libsystem_symptoms.dylib
0x000000018b8a1000 	/usr/lib/system/libsystem_trace.dylib
0x000000019665a000 	/usr/lib/system/libunwind.dylib
0x000000018b85f000 	/usr/lib/system/libxpc.dylib
0x000000018bae1000 	/usr/lib/libc++abi.dylib
0x000000018b9b7000 	/usr/lib/libobjc.A.dylib
0x0000000196665000 	/usr/lib/liboah.dylib
0x000000018ba7a000 	/usr/lib/libc++.1.dylib
0x00000001a250e000 	/System/Library/Frameworks/Cocoa.framework/Versions/A/Cocoa
0x000000018e728000 	/System/Library/Frameworks/AppKit.framework/Versions/C/AppKit
0x0000000191c3b000 	/System/Library/Frameworks/CoreData.framework/Versions/A/CoreData
0x000000018ca83000 	/System/Library/Frameworks/Foundation.framework/Versions/C/Foundation
0x000000018f5e0000 	/System/Library/PrivateFrameworks/UIFoundation.framework/Versions/A/UIFoundation
0x000000019c6e2000 	/System/Library/PrivateFrameworks/RemoteViewServices.framework/Versions/A/RemoteViewServices
0x0000000194b55000 	/System/Library/PrivateFrameworks/XCTTargetBootstrap.framework/Versions/A/XCTTargetBootstrap
0x00000001983d5000 	/System/Library/PrivateFrameworks/InternationalSupport.framework/Versions/A/InternationalSupport
0x000000019845e000 	/System/Library/PrivateFrameworks/UserActivity.framework/Versions/A/UserActivity
0x00000001978cc000 	/usr/lib/libspindump.dylib
0x000000018f851000 	/System/Library/Frameworks/UniformTypeIdentifiers.framework/Versions/A/UniformTypeIdentifiers
0x000000019309f000 	/usr/lib/libapp_launch_measurement.dylib
0x00000001925c6000 	/System/Library/PrivateFrameworks/CoreAnalytics.framework/Versions/A/CoreAnalytics
0x00000001930a2000 	/System/Library/PrivateFrameworks/CoreAutoLayout.framework/Versions/A/CoreAutoLayout
0x0000000194446000 	/System/Library/Frameworks/Metal.framework/Versions/A/Metal
0x00000001951bd000 	/usr/lib/liblangid.dylib
0x0000000194b5a000 	/System/Library/PrivateFrameworks/CoreSVG.framework/Versions/A/CoreSVG
0x0000000190ce8000 	/System/Library/PrivateFrameworks/SkyLight.framework/Versions/A/SkyLight
0x00000001910c1000 	/System/Library/Frameworks/CoreGraphics.framework/Versions/A/CoreGraphics
0x000000019cdae000 	/System/Library/Frameworks/Accelerate.framework/Versions/A/Accelerate
0x0000000197343000 	/System/Library/PrivateFrameworks/IconServices.framework/Versions/A/IconServices
0x0000000194428000 	/System/Library/Frameworks/IOSurface.framework/Versions/A/IOSurface
0x00000001925f7000 	/usr/lib/libDiagnosticMessagesClient.dylib
0x00000001a02af000 	/System/Library/Frameworks/ApplicationServices.framework/Versions/A/ApplicationServices
0x0000000194b3d000 	/System/Library/PrivateFrameworks/DFRFoundation.framework/Versions/A/DFRFoundation
0x000000018dfb8000 	/usr/lib/libicucore.A.dylib
0x0000000199282000 	/System/Library/Frameworks/AudioToolbox.framework/Versions/A/AudioToolbox
0x00000001983e1000 	/System/Library/PrivateFrameworks/DataDetectorsCore.framework/Versions/A/DataDetectorsCore
0x00000001aeddb000 	/System/Library/PrivateFrameworks/TextInput.framework/Versions/A/TextInput
0x0000000190c5d000 	/usr/lib/libMobileGestalt.dylib
0x0000000194809000 	/System/Library/Frameworks/Carbon.framework/Versions/A/Frameworks/HIToolbox.framework/Versions/A/HIToolbox
0x0000000192a77000 	/System/Library/Frameworks/QuartzCore.framework/Versions/A/QuartzCore
0x000000018dc39000 	/System/Library/Frameworks/Security.framework/Versions/A/Security
0x000000019c722000 	/System/Library/Frameworks/Carbon.framework/Versions/A/Frameworks/SpeechRecognition.framework/Versions/A/SpeechRecognition
0x0000000192df5000 	/System/Library/PrivateFrameworks/CoreUI.framework/Versions/A/CoreUI
0x000000018d515000 	/System/Library/Frameworks/CoreAudio.framework/Versions/A/CoreAudio
0x00000001926eb000 	/System/Library/Frameworks/DiskArbitration.framework/Versions/A/DiskArbitration
0x0000000197cd6000 	/System/Library/PrivateFrameworks/MultitouchSupport.framework/Versions/A/MultitouchSupport
0x0000000190c5b000 	/usr/lib/libenergytrace.dylib
0x000000018e5f0000 	/System/Library/Frameworks/IOKit.framework/Versions/A/IOKit
0x000000019cb11000 	/System/Library/Frameworks/CoreServices.framework/Versions/A/CoreServices
0x000000019302f000 	/System/Library/PrivateFrameworks/PerformanceAnalysis.framework/Versions/A/PerformanceAnalysis
0x00000001ed213000 	/System/Library/Frameworks/OpenGL.framework/Versions/A/OpenGL
0x0000000195c30000 	/System/Library/PrivateFrameworks/MobileKeyBag.framework/Versions/A/MobileKeyBag
0x00000001916cf000 	/System/Library/Frameworks/ColorSync.framework/Versions/A/ColorSync
0x000000018bb80000 	/System/Library/Frameworks/CoreFoundation.framework/Versions/A/CoreFoundation
0x0000000194dd9000 	/System/Library/Frameworks/CoreImage.framework/Versions/A/CoreImage
0x000000018d339000 	/System/Library/Frameworks/CoreText.framework/Versions/A/CoreText
0x0000000194b8a000 	/System/Library/Frameworks/ImageIO.framework/Versions/A/ImageIO
0x000000019669b000 	/System/Library/PrivateFrameworks/SoftLinking.framework/Versions/A/SoftLinking
0x00000001930ed000 	/usr/lib/libxml2.2.dylib
0x0000000196934000 	/usr/lib/libcompression.dylib
0x0000000198331000 	/System/Library/PrivateFrameworks/TextureIO.framework/Versions/A/TextureIO
0x000000019705c000 	/usr/lib/libate.dylib
0x0000000196f21000 	/usr/lib/liblzma.5.dylib
0x000000018c776000 	/System/Library/Frameworks/SystemConfiguration.framework/Versions/A/SystemConfiguration
0x0000000196697000 	/usr/lib/libfakelink.dylib
0x000000019078d000 	/System/Library/Frameworks/CFNetwork.framework/Versions/A/CFNetwork
0x00000001967dd000 	/usr/lib/libarchive.2.dylib
0x00000001951b9000 	/System/Library/PrivateFrameworks/AppleSystemInfo.framework/Versions/A/AppleSystemInfo
0x0000000195d43000 	/usr/lib/libbsm.0.dylib
0x000000018fcfa000 	/usr/lib/libnetwork.dylib
0x0000000196631000 	/usr/lib/system/libkxld.dylib
0x000000019595d000 	/System/Library/PrivateFrameworks/IOMobileFramebuffer.framework/Versions/A/IOMobileFramebuffer
0x000000020aedc000 	/usr/lib/libCoreEntitlements.dylib
0x0000000196367000 	/System/Library/PrivateFrameworks/AppleFSCompression.framework/Versions/A/AppleFSCompression
0x0000000195d2b000 	/usr/lib/libcoretls.dylib
0x0000000196f3a000 	/usr/lib/libcoretls_cfhelpers.dylib
0x000000019692f000 	/usr/lib/libpam.2.dylib
0x000000019202b000 	/usr/lib/libsqlite3.dylib
0x0000000196fa3000 	/usr/lib/libxar.1.dylib
0x0000000196378000 	/usr/lib/libbz2.1.0.dylib
0x000000019669c000 	/usr/lib/libpcap.A.dylib
0x000000019240b000 	/usr/lib/libdns_services.dylib
0x0000000196902000 	/usr/lib/libapple_nghttp2.dylib
0x00000001966d9000 	/usr/lib/libiconv.2.dylib
0x0000000196627000 	/usr/lib/libcharset.1.dylib
0x000000019306b000 	/System/Library/Frameworks/CoreServices.framework/Versions/A/Frameworks/FSEvents.framework/Versions/A/FSEvents
0x000000018e279000 	/System/Library/Frameworks/CoreServices.framework/Versions/A/Frameworks/CarbonCore.framework/Versions/A/CarbonCore
0x000000019264b000 	/System/Library/Frameworks/CoreServices.framework/Versions/A/Frameworks/Metadata.framework/Versions/A/Metadata
0x000000019638b000 	/System/Library/Frameworks/CoreServices.framework/Versions/A/Frameworks/OSServices.framework/Versions/A/OSServices
0x0000000196863000 	/System/Library/Frameworks/CoreServices.framework/Versions/A/Frameworks/SearchKit.framework/Versions/A/SearchKit
0x000000019239a000 	/System/Library/Frameworks/CoreServices.framework/Versions/A/Frameworks/AE.framework/Versions/A/AE
0x000000018c0c7000 	/System/Library/Frameworks/CoreServices.framework/Versions/A/Frameworks/LaunchServices.framework/Versions/A/LaunchServices
0x0000000196eca000 	/System/Library/Frameworks/CoreServices.framework/Versions/A/Frameworks/DictionaryServices.framework/Versions/A/DictionaryServices
0x0000000193078000 	/System/Library/Frameworks/CoreServices.framework/Versions/A/Frameworks/SharedFileList.framework/Versions/A/SharedFileList
0x0000000195d1b000 	/usr/lib/libCheckFix.dylib
0x0000000190ccc000 	/System/Library/PrivateFrameworks/TCC.framework/Versions/A/TCC
0x00000001951bf000 	/System/Library/PrivateFrameworks/CoreNLP.framework/Versions/A/CoreNLP
0x00000001925fa000 	/System/Library/PrivateFrameworks/MetadataUtilities.framework/Versions/A/MetadataUtilities
0x000000018c830000 	/usr/lib/libmecabra.dylib
0x0000000195d54000 	/usr/lib/libmecab.dylib
0x000000018c7fc000 	/usr/lib/libCRFSuite.dylib
0x0000000195db1000 	/usr/lib/libgermantok.dylib
0x00000001968db000 	/usr/lib/libThaiTokenizer.dylib
0x00000001926f3000 	/System/Library/Frameworks/Accelerate.framework/Versions/A/Frameworks/vImage.framework/Versions/A/vImage
0x000000019cae8000 	/System/Library/Frameworks/Accelerate.framework/Versions/A/Frameworks/vecLib.framework/Versions/A/vecLib
0x0000000196fe8000 	/System/Library/Frameworks/Accelerate.framework/Versions/A/Frameworks/vecLib.framework/Versions/A/libvMisc.dylib
0x0000000195864000 	/System/Library/Frameworks/Accelerate.framework/Versions/A/Frameworks/vecLib.framework/Versions/A/libvDSP.dylib
0x000000018c451000 	/System/Library/Frameworks/Accelerate.framework/Versions/A/Frameworks/vecLib.framework/Versions/A/libBLAS.dylib
0x0000000196a05000 	/System/Library/Frameworks/Accelerate.framework/Versions/A/Frameworks/vecLib.framework/Versions/A/libLAPACK.dylib
0x0000000195db4000 	/System/Library/Frameworks/Accelerate.framework/Versions/A/Frameworks/vecLib.framework/Versions/A/libLinearAlgebra.dylib
0x000000019691a000 	/System/Library/Frameworks/Accelerate.framework/Versions/A/Frameworks/vecLib.framework/Versions/A/libSparseBLAS.dylib
0x0000000196a00000 	/System/Library/Frameworks/Accelerate.framework/Versions/A/Frameworks/vecLib.framework/Versions/A/libQuadrature.dylib
0x00000001952b8000 	/System/Library/Frameworks/Accelerate.framework/Versions/A/Frameworks/vecLib.framework/Versions/A/libBNNS.dylib
0x000000018c70f000 	/System/Library/Frameworks/Accelerate.framework/Versions/A/Frameworks/vecLib.framework/Versions/A/libSparse.dylib
0x00000001952b0000 	/System/Library/PrivateFrameworks/LinguisticData.framework/Versions/A/LinguisticData
0x000000018c6c7000 	/System/Library/PrivateFrameworks/Lexicon.framework/Versions/A/Lexicon
0x0000000196fe0000 	/usr/lib/libChineseTokenizer.dylib
0x000000018ce75000 	/System/Library/PrivateFrameworks/LanguageModeling.framework/Versions/A/LanguageModeling
0x00000001968dd000 	/System/Library/PrivateFrameworks/AppleSauce.framework/Versions/A/AppleSauce
0x000000019594a000 	/System/Library/PrivateFrameworks/CoreEmoji.framework/Versions/A/CoreEmoji
0x00000001967cb000 	/usr/lib/libcmph.dylib
0x000000019304b000 	/System/Library/Frameworks/OpenDirectory.framework/Versions/A/Frameworks/CFOpenDirectory.framework/Versions/A/CFOpenDirectory
0x000000019303b000 	/System/Library/Frameworks/OpenDirectory.framework/Versions/A/OpenDirectory
0x0000000196f3c000 	/System/Library/PrivateFrameworks/APFS.framework/Versions/A/APFS
0x0000000195c6b000 	/System/Library/Frameworks/SecurityFoundation.framework/Versions/A/SecurityFoundation
0x0000000196fb2000 	/usr/lib/libutil.dylib
0x000000018e5b2000 	/System/Library/PrivateFrameworks/CoreServicesStore.framework/Versions/A/CoreServicesStore
0x0000000196fb6000 	/usr/lib/libxslt.1.dylib
0x0000000195cff000 	/System/Library/PrivateFrameworks/BackgroundTaskManagement.framework/Versions/A/BackgroundTaskManagement
0x0000000198252000 	/System/Library/Frameworks/ImageIO.framework/Versions/A/Resources/libRadiance.dylib
0x000000019825b000 	/System/Library/Frameworks/ImageIO.framework/Versions/A/Resources/libJPEG.dylib
0x00000001981ae000 	/System/Library/Frameworks/ImageIO.framework/Versions/A/Resources/libPng.dylib
0x00000001981d0000 	/System/Library/Frameworks/ImageIO.framework/Versions/A/Resources/libTIFF.dylib
0x00000001982b6000 	/System/Library/Frameworks/ImageIO.framework/Versions/A/Resources/libGIF.dylib
0x0000000197be6000 	/System/Library/Frameworks/ImageIO.framework/Versions/A/Resources/libJP2.dylib
0x0000000197308000 	/usr/lib/libexpat.1.dylib
0x0000000197ba1000 	/System/Library/PrivateFrameworks/AppleJPEG.framework/Versions/A/AppleJPEG
0x00000001946c5000 	/System/Library/PrivateFrameworks/FontServices.framework/libFontParser.dylib
0x000000019233f000 	/System/Library/PrivateFrameworks/RunningBoardServices.framework/Versions/A/RunningBoardServices
0x00000001a2be4000 	/System/Library/PrivateFrameworks/IOSurfaceAccelerator.framework/Versions/A/IOSurfaceAccelerator
0x0000000197cd2000 	/System/Library/PrivateFrameworks/WatchdogClient.framework/Versions/A/WatchdogClient
0x000000018cf75000 	/System/Library/Frameworks/CoreDisplay.framework/Versions/A/CoreDisplay
0x00000001945af000 	/System/Library/Frameworks/CoreMedia.framework/Versions/A/CoreMedia
0x000000019443c000 	/System/Library/PrivateFrameworks/IOAccelerator.framework/Versions/A/IOAccelerator
0x00000001931db000 	/System/Library/Frameworks/CoreVideo.framework/Versions/A/CoreVideo
0x000000019692d000 	/System/Library/Frameworks/MetalPerformanceShaders.framework/Versions/A/MetalPerformanceShaders
0x0000000197d11000 	/System/Library/Frameworks/VideoToolbox.framework/Versions/A/VideoToolbox
0x0000000192283000 	/System/Library/PrivateFrameworks/BaseBoard.framework/Versions/A/BaseBoard
0x0000000192011000 	/System/Library/PrivateFrameworks/ProtocolBuffer.framework/Versions/A/ProtocolBuffer
0x000000019824d000 	/System/Library/PrivateFrameworks/GPUWrangler.framework/Versions/A/GPUWrangler
0x000000019822d000 	/System/Library/PrivateFrameworks/IOPresentment.framework/Versions/A/IOPresentment
0x0000000198255000 	/System/Library/PrivateFrameworks/DSExternalDisplay.framework/Versions/A/DSExternalDisplay
0x00000001ed206000 	/System/Library/Frameworks/OpenGL.framework/Versions/A/Libraries/libCoreFSCache.dylib
0x00000001f79cc000 	/System/Library/PrivateFrameworks/GPUCompiler.framework/Versions/31001/Libraries/libGPUCompilerUtils.dylib
0x00000001982bb000 	/System/Library/PrivateFrameworks/CMCaptureCore.framework/Versions/A/CMCaptureCore
0x00000001978b9000 	/System/Library/PrivateFrameworks/AppServerSupport.framework/Versions/A/AppServerSupport
0x0000000199b3f000 	/System/Library/PrivateFrameworks/perfdata.framework/Versions/A/perfdata
0x000000018d095000 	/System/Library/PrivateFrameworks/AudioToolboxCore.framework/Versions/A/AudioToolboxCore
0x0000000194588000 	/System/Library/PrivateFrameworks/caulk.framework/Versions/A/caulk
0x0000000199434000 	/usr/lib/libAudioStatistics.dylib
0x00000001ab433000 	/System/Library/PrivateFrameworks/SystemPolicy.framework/Versions/A/SystemPolicy
0x00000001996a0000 	/usr/lib/libSMC.dylib
0x00000001a23ec000 	/System/Library/Frameworks/CoreMIDI.framework/Versions/A/CoreMIDI
0x000000019817c000 	/usr/lib/libAudioToolboxUtility.dylib
0x00000001a75a3000 	/System/Library/PrivateFrameworks/OSAServicesClient.framework/Versions/A/OSAServicesClient
0x0000000199b4c000 	/usr/lib/libperfcheck.dylib
0x00000001abf4f000 	/usr/lib/libmis.dylib
0x00000001ed268000 	/System/Library/Frameworks/OpenGL.framework/Versions/A/Libraries/libGLU.dylib
0x00000001ed227000 	/System/Library/Frameworks/OpenGL.framework/Versions/A/Libraries/libGFXShared.dylib
0x00000001ed414000 	/System/Library/Frameworks/OpenGL.framework/Versions/A/Libraries/libGL.dylib
0x00000001ed230000 	/System/Library/Frameworks/OpenGL.framework/Versions/A/Libraries/libGLImage.dylib
0x00000001ed224000 	/System/Library/Frameworks/OpenGL.framework/Versions/A/Libraries/libCVMSPluginSupport.dylib
0x00000001ed20d000 	/System/Library/Frameworks/OpenGL.framework/Versions/A/Libraries/libCoreVMClient.dylib
0x0000000195139000 	/System/Library/Frameworks/MetalPerformanceShaders.framework/Versions/A/Frameworks/MPSCore.framework/Versions/A/MPSCore
0x00000001962da000 	/System/Library/Frameworks/MetalPerformanceShaders.framework/Versions/A/Frameworks/MPSImage.framework/Versions/A/MPSImage
0x0000000195dc9000 	/System/Library/Frameworks/MetalPerformanceShaders.framework/Versions/A/Frameworks/MPSNeuralNetwork.framework/Versions/A/MPSNeuralNetwork
0x0000000196202000 	/System/Library/Frameworks/MetalPerformanceShaders.framework/Versions/A/Frameworks/MPSMatrix.framework/Versions/A/MPSMatrix
0x0000000195fdb000 	/System/Library/Frameworks/MetalPerformanceShaders.framework/Versions/A/Frameworks/MPSRayIntersector.framework/Versions/A/MPSRayIntersector
0x0000000196233000 	/System/Library/Frameworks/MetalPerformanceShaders.framework/Versions/A/Frameworks/MPSNDArray.framework/Versions/A/MPSNDArray
0x00000001ef62f000 	/System/Library/Frameworks/MetalPerformanceShaders.framework/Versions/A/Frameworks/MPSFunctions.framework/Versions/A/MPSFunctions
0x000000018c328000 	/System/Library/PrivateFrameworks/MetalTools.framework/Versions/A/MetalTools
0x00000001951b7000 	/System/Library/PrivateFrameworks/AggregateDictionary.framework/Versions/A/AggregateDictionary
0x00000001970ed000 	/usr/lib/libIOReport.dylib
0x00000001a1409000 	/System/Library/PrivateFrameworks/ASEProcessing.framework/Versions/A/ASEProcessing
0x0000000197462000 	/System/Library/PrivateFrameworks/FaceCore.framework/Versions/A/FaceCore
0x0000000197454000 	/System/Library/PrivateFrameworks/GraphVisualizer.framework/Versions/A/GraphVisualizer
0x00000001f78e3000 	/System/Library/PrivateFrameworks/FontServices.framework/Versions/A/FontServices
0x0000000197875000 	/System/Library/PrivateFrameworks/OTSVG.framework/Versions/A/OTSVG
0x0000000192da5000 	/System/Library/Frameworks/ApplicationServices.framework/Versions/A/Frameworks/ATS.framework/Versions/A/Resources/libFontRegistry.dylib
0x00000001978c2000 	/System/Library/PrivateFrameworks/FontServices.framework/libhvf.dylib
0x00000001f78e4000 	/System/Library/PrivateFrameworks/FontServices.framework/libXTFontStaticRegistryData.dylib
0x00000001ed5b5000 	/System/Library/Frameworks/OpenCL.framework/Versions/A/OpenCL
0x00000001972bc000 	/System/Library/PrivateFrameworks/AppleVA.framework/Versions/A/AppleVA
0x000000019945c000 	/System/Library/Frameworks/ApplicationServices.framework/Versions/A/Frameworks/ATS.framework/Versions/A/ATS
0x00000001917ce000 	/System/Library/Frameworks/ApplicationServices.framework/Versions/A/Frameworks/HIServices.framework/Versions/A/HIServices
0x00000001982c5000 	/System/Library/Frameworks/ApplicationServices.framework/Versions/A/Frameworks/PrintCore.framework/Versions/A/PrintCore
0x00000001997f3000 	/System/Library/Frameworks/ApplicationServices.framework/Versions/A/Frameworks/QD.framework/Versions/A/QD
0x00000001997eb000 	/System/Library/Frameworks/ApplicationServices.framework/Versions/A/Frameworks/ColorSyncLegacy.framework/Versions/A/ColorSyncLegacy
0x0000000199448000 	/System/Library/Frameworks/ApplicationServices.framework/Versions/A/Frameworks/SpeechSynthesis.framework/Versions/A/SpeechSynthesis
0x0000000198286000 	/System/Library/Frameworks/ApplicationServices.framework/Versions/A/Frameworks/ATSUI.framework/Versions/A/ATSUI
0x0000000199780000 	/usr/lib/libcups.2.dylib
0x0000000199b5a000 	/System/Library/Frameworks/Kerberos.framework/Versions/A/Kerberos
0x0000000199b6b000 	/System/Library/Frameworks/GSS.framework/Versions/A/GSS
0x00000001994cc000 	/usr/lib/libresolv.9.dylib
0x00000001978d1000 	/System/Library/PrivateFrameworks/Heimdal.framework/Versions/A/Heimdal
0x00000001a063f000 	/System/Library/Frameworks/Kerberos.framework/Versions/A/Libraries/libHeimdalProxy.dylib
0x000000019241d000 	/System/Library/Frameworks/Network.framework/Versions/A/Network
0x0000000197323000 	/usr/lib/libheimdal-asn1.dylib
0x0000000199bbb000 	/System/Library/PrivateFrameworks/CommonAuth.framework/Versions/A/CommonAuth
0x00000001993c2000 	/System/Library/PrivateFrameworks/AudioSession.framework/Versions/A/AudioSession
0x00000001973b5000 	/System/Library/PrivateFrameworks/MediaExperience.framework/Versions/A/MediaExperience
0x0000000199248000 	/System/Library/PrivateFrameworks/AudioSession.framework/libSessionUtility.dylib
0x00000001997ff000 	/System/Library/PrivateFrameworks/AudioResourceArbitration.framework/Versions/A/AudioResourceArbitration
0x000000019d9c5000 	/System/Library/PrivateFrameworks/PowerLog.framework/Versions/A/PowerLog
0x000000019732d000 	/System/Library/PrivateFrameworks/IconFoundation.framework/Versions/A/IconFoundation
0x000000019c70e000 	/System/Library/PrivateFrameworks/SpeechRecognitionCore.framework/Versions/A/SpeechRecognitionCore
0x0000000101eb8000 	/Library/Java/JavaVirtualMachines/jdk-17.0.3.1.jdk/Contents/Home/lib/server/libjvm.dylib
0x0000000100efc000 	/Library/Java/JavaVirtualMachines/jdk-17.0.3.1.jdk/Contents/Home/lib/libjimage.dylib
0x0000000100fdc000 	/Library/Java/JavaVirtualMachines/jdk-17.0.3.1.jdk/Contents/Home/lib/libinstrument.dylib
0x0000000101028000 	/Library/Java/JavaVirtualMachines/jdk-17.0.3.1.jdk/Contents/Home/lib/libjava.dylib
0x0000000101e74000 	/Library/Java/JavaVirtualMachines/jdk-17.0.3.1.jdk/Contents/Home/lib/libnio.dylib
0x0000000101e94000 	/Library/Java/JavaVirtualMachines/jdk-17.0.3.1.jdk/Contents/Home/lib/libnet.dylib
0x0000000101010000 	/Library/Java/JavaVirtualMachines/jdk-17.0.3.1.jdk/Contents/Home/lib/libzip.dylib
0x000000011f604000 	/Users/kali/.openjfx/cache/17.0.1/libprism_es2.dylib
0x000000018e575000 	/System/Library/PrivateFrameworks/CoreServicesInternal.framework/Versions/A/CoreServicesInternal
0x00000001ed41e000 	/System/Library/Frameworks/OpenGL.framework/Versions/A/Resources/GLEngine.bundle/GLEngine
0x00000001ed2a6000 	/System/Library/Frameworks/OpenGL.framework/Versions/A/Libraries/libGLProgrammability.dylib
0x000000011f6d0000 	/System/Library/Extensions/AppleMetalOpenGLRenderer.bundle/Contents/MacOS/AppleMetalOpenGLRenderer
0x00000001ed58d000 	/System/Library/Frameworks/OpenGL.framework/Versions/A/Resources/GLRendererFloat.bundle/GLRendererFloat
0x00000001ed68d000 	/System/Library/Extensions/AGXMetal13_3.bundle/Contents/MacOS/AGXMetal13_3
0x00000001abf6b000 	/System/Library/PrivateFrameworks/GPURawCounter.framework/Versions/A/GPURawCounter
0x00000001a670c000 	/System/Library/PrivateFrameworks/IOGPU.framework/Versions/A/IOGPU
0x0000000121f20000 	/Users/kali/.openjfx/cache/17.0.1/libglass.dylib
0x000000019dc1d000 	/System/Library/Frameworks/FileProvider.framework/Versions/A/FileProvider
0x00000001921eb000 	/System/Library/Frameworks/Accounts.framework/Versions/A/Accounts
0x000000019dda1000 	/System/Library/PrivateFrameworks/GenerationalStorage.framework/Versions/A/GenerationalStorage
0x000000019e964000 	/System/Library/PrivateFrameworks/CoreSymbolication.framework/Versions/A/CoreSymbolication
0x000000019d9b9000 	/System/Library/PrivateFrameworks/SymptomDiagnosticReporter.framework/Versions/A/SymptomDiagnosticReporter
0x000000018f865000 	/System/Library/PrivateFrameworks/DesktopServicesPriv.framework/Versions/A/DesktopServicesPriv
0x000000018e6d7000 	/usr/lib/libsandbox.1.dylib
0x0000000193269000 	/System/Library/PrivateFrameworks/UserManagement.framework/Versions/A/UserManagement
0x000000019e921000 	/System/Library/PrivateFrameworks/DebugSymbols.framework/Versions/A/DebugSymbols
0x00000001997de000 	/System/Library/PrivateFrameworks/NetAuth.framework/Versions/A/NetAuth
0x000000019a6ff000 	/System/Library/PrivateFrameworks/Sharing.framework/Versions/A/Sharing
0x0000000193239000 	/System/Library/PrivateFrameworks/login.framework/Versions/A/Frameworks/loginsupport.framework/Versions/A/loginsupport
0x000000019fb56000 	/System/Library/PrivateFrameworks/Apple80211.framework/Versions/A/Apple80211
0x00000001963be000 	/System/Library/PrivateFrameworks/AuthKit.framework/Versions/A/AuthKit
0x0000000195a46000 	/System/Library/PrivateFrameworks/CoreUtils.framework/Versions/A/CoreUtils
0x0000000195969000 	/System/Library/Frameworks/CoreWLAN.framework/Versions/A/CoreWLAN
0x000000019a86f000 	/System/Library/Frameworks/IOBluetooth.framework/Versions/A/IOBluetooth
0x000000019fbb6000 	/System/Library/PrivateFrameworks/CoreWiFi.framework/Versions/A/CoreWiFi
0x000000019e501000 	/System/Library/PrivateFrameworks/FrontBoardServices.framework/Versions/A/FrontBoardServices
0x000000019e599000 	/System/Library/PrivateFrameworks/BoardServices.framework/Versions/A/BoardServices
0x0000000195c59000 	/System/Library/PrivateFrameworks/AssertionServices.framework/Versions/A/AssertionServices
0x000000019fd33000 	/System/Library/PrivateFrameworks/BackBoardServices.framework/Versions/A/BackBoardServices
0x0000000199c52000 	/System/Library/PrivateFrameworks/CorePhoneNumbers.framework/Versions/A/CorePhoneNumbers
0x00000001994f9000 	/System/Library/PrivateFrameworks/MultiverseSupport.framework/Versions/A/MultiverseSupport
0x000000019ffb4000 	/System/Library/PrivateFrameworks/RemoteServiceDiscovery.framework/Versions/A/RemoteServiceDiscovery
0x000000019dae9000 	/System/Library/PrivateFrameworks/DiskManagement.framework/Versions/A/DiskManagement
0x000000019d9ec000 	/System/Library/PrivateFrameworks/AppleIDAuthSupport.framework/Versions/A/AppleIDAuthSupport
0x00000001f1e6b000 	/System/Library/PrivateFrameworks/AAAFoundation.framework/Versions/A/AAAFoundation
0x0000000199c31000 	/System/Library/PrivateFrameworks/KeychainCircle.framework/Versions/A/KeychainCircle
0x000000019ffc4000 	/System/Library/PrivateFrameworks/RemoteXPC.framework/Versions/A/RemoteXPC
0x000000019dab5000 	/System/Library/PrivateFrameworks/MediaKit.framework/Versions/A/MediaKit
0x000000019d9f9000 	/System/Library/Frameworks/DiscRecording.framework/Versions/A/DiscRecording
0x0000000197238000 	/usr/lib/libCoreStorage.dylib
0x00000001a0030000 	/usr/lib/libcsfde.dylib
0x000000019a944000 	/System/Library/PrivateFrameworks/ProtectedCloudStorage.framework/Versions/A/ProtectedCloudStorage
0x00000001a0028000 	/System/Library/PrivateFrameworks/EFILogin.framework/Versions/A/EFILogin
0x000000019ddc8000 	/System/Library/PrivateFrameworks/OctagonTrust.framework/Versions/A/OctagonTrust
0x00000001f6a6a000 	/System/Library/PrivateFrameworks/CoreUtilsExtras.framework/Versions/A/CoreUtilsExtras
0x000000019d91e000 	/System/Library/Frameworks/CoreBluetooth.framework/Versions/A/CoreBluetooth
0x00000001a06c4000 	/System/Library/Frameworks/AudioUnit.framework/Versions/A/AudioUnit
0x0000000197230000 	/usr/lib/libMatch.1.dylib
0x00000001b0451000 	/System/Library/Frameworks/Accelerate.framework/Versions/A/Frameworks/vImage.framework/Versions/A/Libraries/libCGInterfaces.dylib
0x00000001240f0000 	/usr/lib/libobjc-trampolines.dylib
0x0000000192f33000 	/System/Library/PrivateFrameworks/ViewBridge.framework/Versions/A/ViewBridge
0x0000000197994000 	/System/Library/PrivateFrameworks/login.framework/Versions/A/login
0x00000001970f6000 	/System/Library/PrivateFrameworks/CrashReporterSupport.framework/Versions/A/CrashReporterSupport
0x00000001b7ef4000 	/System/Library/PrivateFrameworks/OSAnalytics.framework/Versions/A/OSAnalytics
0x00000001c3240000 	/System/Library/PrivateFrameworks/Symbolication.framework/Versions/A/Symbolication
0x00000001abf2c000 	/System/Library/PrivateFrameworks/MallocStackLogging.framework/Versions/A/MallocStackLogging
0x00000001266c8000 	/Users/kali/.openjfx/cache/17.0.1/libjavafx_font.dylib
0x000000020b039000 	/usr/lib/libRosetta.dylib


VM Arguments:
jvm_args: -javaagent:/Applications/IntelliJ IDEA.app/Contents/lib/idea_rt.jar=53137:/Applications/IntelliJ IDEA.app/Contents/bin -Dfile.encoding=UTF-8 --module-path=/Users/kali/.m2/repository/org/openjfx/javafx-controls/17.0.1/javafx-controls-17.0.1-mac-aarch64.jar:/Users/kali/Downloads/HW3/target/classes:/Users/kali/.m2/repository/org/openjfx/javafx-graphics/17.0.1/javafx-graphics-17.0.1-mac-aarch64.jar:/Users/kali/.m2/repository/org/openjfx/javafx-base/17.0.1/javafx-base-17.0.1-mac-aarch64.jar:/Users/kali/.m2/repository/org/openjfx/javafx-fxml/17.0.1/javafx-fxml-17.0.1-mac-aarch64.jar -Djdk.module.main=com.example.hw3 
java_command: com.example.hw3/com.example.hw3.BabyNames
java_class_path (initial): /Users/kali/.m2/repository/org/openjfx/javafx-controls/17.0.1/javafx-controls-17.0.1.jar:/Users/kali/.m2/repository/org/openjfx/javafx-graphics/17.0.1/javafx-graphics-17.0.1.jar:/Users/kali/.m2/repository/org/openjfx/javafx-base/17.0.1/javafx-base-17.0.1.jar:/Users/kali/.m2/repository/org/openjfx/javafx-fxml/17.0.1/javafx-fxml-17.0.1.jar:/Users/kali/Downloads/mysql-connector-java-8.0.18.jar
Launcher Type: SUN_STANDARD

[Global flags]
     intx CICompilerCount                          = 4                                         {product} {ergonomic}
     uint ConcGCThreads                            = 2                                         {product} {ergonomic}
     uint G1ConcRefinementThreads                  = 8                                         {product} {ergonomic}
   size_t G1HeapRegionSize                         = 1048576                                   {product} {ergonomic}
    uintx GCDrainStackTargetSize                   = 64                                        {product} {ergonomic}
   size_t InitialHeapSize                          = 134217728                                 {product} {ergonomic}
   size_t MarkStackSize                            = 4194304                                   {product} {ergonomic}
   size_t MaxHeapSize                              = 2147483648                                {product} {ergonomic}
   size_t MaxNewSize                               = 1287651328                                {product} {ergonomic}
   size_t MinHeapDeltaBytes                        = 1048576                                   {product} {ergonomic}
   size_t MinHeapSize                              = 8388608                                   {product} {ergonomic}
    uintx NonNMethodCodeHeapSize                   = 5839564                                {pd product} {ergonomic}
    uintx NonProfiledCodeHeapSize                  = 122909338                              {pd product} {ergonomic}
    uintx ProfiledCodeHeapSize                     = 122909338                              {pd product} {ergonomic}
    uintx ReservedCodeCacheSize                    = 251658240                              {pd product} {ergonomic}
     bool SegmentedCodeCache                       = true                                      {product} {ergonomic}
   size_t SoftMaxHeapSize                          = 2147483648                             {manageable} {ergonomic}
     bool UseCompressedClassPointers               = true                           {product lp64_product} {ergonomic}
     bool UseCompressedOops                        = true                           {product lp64_product} {ergonomic}
     bool UseG1GC                                  = true                                      {product} {ergonomic}
     bool UseNUMA                                  = false                                     {product} {ergonomic}
     bool UseNUMAInterleaving                      = false                                     {product} {ergonomic}

Logging:
Log output configuration:
 #0: stdout all=warning uptime,level,tags
 #1: stderr all=off uptime,level,tags

Environment Variables:
PATH=/opt/homebrew/bin:/opt/homebrew/sbin:/usr/local/bin:/usr/bin:/bin:/usr/sbin:/sbin:/usr/local/apache-maven-3.8.6/bin
SHELL=/bin/zsh
LC_CTYPE=en_US.UTF-8

Signal Handlers:
   SIGSEGV: _ZL13crash_handleriP9__siginfoPv in libjvm.dylib, mask=11100110000111110111111111111111, flags=SA_RESTART|SA_SIGINFO
    SIGBUS: _ZL13crash_handleriP9__siginfoPv in libjvm.dylib, mask=11100110000111110111111111111111, flags=SA_RESTART|SA_SIGINFO
    SIGFPE: _ZL13crash_handleriP9__siginfoPv in libjvm.dylib, mask=11100110000111110111111111111111, flags=SA_RESTART|SA_SIGINFO
   SIGPIPE: _ZL17javaSignalHandleriP9__siginfoPv in libjvm.dylib, mask=11100110000111110111111111111111, flags=SA_RESTART|SA_SIGINFO
   SIGXFSZ: _ZL17javaSignalHandleriP9__siginfoPv in libjvm.dylib, mask=11100110000111110111111111111111, flags=SA_RESTART|SA_SIGINFO
    SIGILL: _ZL13crash_handleriP9__siginfoPv in libjvm.dylib, mask=11100110000111110111111111111111, flags=SA_RESTART|SA_SIGINFO
   SIGUSR2: _ZL10SR_handleriP9__siginfoP17__darwin_ucontext in libjvm.dylib, mask=00100000000000000000000000000000, flags=SA_RESTART|SA_SIGINFO
    SIGHUP: _ZL11UserHandleriPvS_ in libjvm.dylib, mask=11100110000111110111111111111111, flags=SA_RESTART|SA_SIGINFO
    SIGINT: _ZL11UserHandleriPvS_ in libjvm.dylib, mask=11100110000111110111111111111111, flags=SA_RESTART|SA_SIGINFO
   SIGTERM: _ZL11UserHandleriPvS_ in libjvm.dylib, mask=11100110000111110111111111111111, flags=SA_RESTART|SA_SIGINFO
   SIGQUIT: _ZL11UserHandleriPvS_ in libjvm.dylib, mask=11100110000111110111111111111111, flags=SA_RESTART|SA_SIGINFO
   SIGTRAP: _ZL13crash_handleriP9__siginfoPv in libjvm.dylib, mask=11100110000111110111111111111111, flags=SA_RESTART|SA_SIGINFO


---------------  S Y S T E M  ---------------

OS:
uname: Darwin 21.5.0 Darwin Kernel Version 21.5.0: Tue Apr 26 21:08:29 PDT 2022; root:xnu-8020.121.3~4/RELEASE_ARM64_T8101 arm64
OS uptime: 1 days 8:57 hours
rlimit (soft/hard): STACK 8176k/65520k , CORE 0k/infinity , NPROC 1333/2000 , NOFILE 10240/infinity , AS infinity/infinity , CPU infinity/infinity , DATA infinity/infinity , FSIZE infinity/infinity , MEMLOCK infinity/infinity , RSS infinity/infinity
load average: 4.21 2.95 2.33

CPU: total 8 (initial active 8) 0x61:0x0:0x1b588bb3:0, fp, simd, crc, lse

Memory: 16k page, physical 8388608k(65056k free), swap 1048576k(823040k free)

vm_info: Java HotSpot(TM) 64-Bit Server VM (17.0.3.1+2-LTS-6) for bsd-aarch64 JRE (17.0.3.1+2-LTS-6), built on Apr 25 2022 20:48:14 by "mach5one" with clang Apple LLVM 12.0.0 (clang-1200.0.32.29)

END.
