#
# A fatal error has been detected by the Java Runtime Environment:
#
#  SIGBUS (0xa) at pc=0x000000010a4cd4f0, pid=9967, tid=30219
#
# JRE version: Java(TM) SE Runtime Environment (17.0.3.1+2) (build 17.0.3.1+2-LTS-6)
# Java VM: Java HotSpot(TM) 64-Bit Server VM (17.0.3.1+2-LTS-6, mixed mode, sharing, tiered, compressed oops, compressed class ptrs, g1 gc, bsd-aarch64)
# Problematic frame:
# v  ~StubRoutines::SafeFetchN
#
# No core dump will be written. Core dumps have been disabled. To enable core dumping, try "ulimit -c unlimited" before starting Java again
#
# If you would like to submit a bug report, please visit:
#   https://bugreport.java.com/bugreport/crash.jsp
# The crash happened outside the Java Virtual Machine in native code.
# See problematic frame for where to report the bug.
#

---------------  S U M M A R Y ------------

Command Line: -javaagent:/Applications/IntelliJ IDEA.app/Contents/lib/idea_rt.jar=53166:/Applications/IntelliJ IDEA.app/Contents/bin -Dfile.encoding=UTF-8 --module-path=/Users/kali/.m2/repository/org/openjfx/javafx-controls/17.0.1/javafx-controls-17.0.1-mac-aarch64.jar:/Users/kali/.m2/repository/org/openjfx/javafx-base/17.0.1/javafx-base-17.0.1-mac-aarch64.jar:/Users/kali/.m2/repository/org/openjfx/javafx-fxml/17.0.1/javafx-fxml-17.0.1-mac-aarch64.jar:/Users/kali/Downloads/HW3/target/classes:/Users/kali/.m2/repository/org/openjfx/javafx-graphics/17.0.1/javafx-graphics-17.0.1-mac-aarch64.jar -Djdk.module.main=com.example.hw3 com.example.hw3/com.example.hw3.BabyNames

Host: "MacBookPro17,1" arm64 1 MHz, 8 cores, 8G, Darwin 21.5.0, macOS 12.4 (21F79)
Time: Wed Jul 20 09:29:05 2022 CDT elapsed time: 2.746094 seconds (0d 0h 0m 2s)

---------------  T H R E A D  ---------------

Current thread (0x000000013c0e5200):  JavaThread "InvokeLaterDispatcher" daemon [_thread_in_native, id=30219, stack(0x0000000171bd4000,0x0000000171dd7000)]

Stack: [0x0000000171bd4000,0x0000000171dd7000],  sp=0x0000000171dd67b0,  free space=2057k
Native frames: (J=compiled Java code, j=interpreted, Vv=VM code, C=native code)
v  ~StubRoutines::SafeFetchN
V  [libjvm.dylib+0x7a3f04]  _ZN10OopStorage7releaseEPKP7oopDesc+0x20
V  [libjvm.dylib+0x4b93a0]  jni_DeleteGlobalRef+0xc4
C  [libglass.dylib+0xab08]  -[GlassRunnable dealloc]+0x34
C  [Foundation+0x85318]  -[_NSThreadPerformInfo dealloc]+0x30
C  [Foundation+0x518ac]  -[NSObject(NSThreadPerformAdditions) performSelectorOnMainThread:withObject:waitUntilDone:]+0x88
C  0x746580010a4d58ac
j  com.sun.glass.ui.mac.MacApplication.submitForLaterInvocation(Ljava/lang/Runnable;)V+2 javafx.graphics
j  com.sun.glass.ui.InvokeLaterDispatcher.run()V+82 javafx.graphics
v  ~StubRoutines::call_stub
V  [libjvm.dylib+0x4609f8]  _ZN9JavaCalls11call_helperEP9JavaValueRK12methodHandleP17JavaCallArgumentsP10JavaThread+0x38c
V  [libjvm.dylib+0x45fa14]  _ZN9JavaCalls12call_virtualEP9JavaValueP5KlassP6SymbolS5_P17JavaCallArgumentsP10JavaThread+0x11c
V  [libjvm.dylib+0x45fae0]  _ZN9JavaCalls12call_virtualEP9JavaValue6HandleP5KlassP6SymbolS6_P10JavaThread+0x64
V  [libjvm.dylib+0x513360]  _ZL12thread_entryP10JavaThreadS0_+0xc4
V  [libjvm.dylib+0x904598]  _ZN10JavaThread17thread_main_innerEv+0x134
V  [libjvm.dylib+0x902ec0]  _ZN6Thread8call_runEv+0x128
V  [libjvm.dylib+0x7aaac4]  _ZL19thread_native_entryP6Thread+0x158
C  [libsystem_pthread.dylib+0x726c]  _pthread_start+0x94

Java frames: (J=compiled Java code, j=interpreted, Vv=VM code)
j  com.sun.glass.ui.mac.MacApplication._submitForLaterInvocation(Ljava/lang/Runnable;)V+0 javafx.graphics
j  com.sun.glass.ui.mac.MacApplication.submitForLaterInvocation(Ljava/lang/Runnable;)V+2 javafx.graphics
j  com.sun.glass.ui.InvokeLaterDispatcher.run()V+82 javafx.graphics
v  ~StubRoutines::call_stub

siginfo: si_signo: 10 (SIGBUS), si_code: 1 (BUS_ADRALN), si_addr: 0x000000010a4cd4f0

Register to memory mapping:

 x0=0x000000012b7089c8 is a global jni handle
 x1=0x0 is NULL
 x2=0x0000000782580b18 is an oop: com.sun.glass.ui.InvokeLaterDispatcher$Future 
{0x0000000782580b18} - klass: 'com/sun/glass/ui/InvokeLaterDispatcher$Future'
 - ---- fields (total size 3 words):
 - private 'done' 'Z' @12  true
 - private final 'runnable' 'Ljava/lang/Runnable;' @16  a 'com/sun/javafx/application/PlatformImpl$$Lambda$92+0x0000000800c821c0'{0x00000007824bbd48} (f04977a9)
 - final synthetic 'this$0' 'Lcom/sun/glass/ui/InvokeLaterDispatcher;' @20  a 'com/sun/glass/ui/InvokeLaterDispatcher'{0x00000007803697b8} (f006d2f7)
 x3=0x0 is NULL
 x4=0x00000000000130a8 is an unknown value
 x5=0x0 is NULL
 x6=0x0 is NULL
 x7=0x0000000000000003 is an unknown value
 x8=0x000000010a4cd4ec is at begin+0 in a stub
StubRoutines::SafeFetchN [0x000000010a4cd4ec, 0x000000010a4cd4f8] (12 bytes)
 x9=0x0 is NULL
x10=0x2010000030300000 is an unknown value
x11=0x0000000000000007 is an unknown value
x12=0x0 is NULL
x13=0x0000600002e2f570 points into unknown readable memory: 0x0000000000000000 | 00 00 00 00 00 00 00 00
x14=0x0000070000000000 is an unknown value
x15=0x000000012cff5f98: OBJC_CLASS_$_GlassRunnable+0 in /Users/kali/.openjfx/cache/17.0.1/libglass.dylib at 0x000000012cfb0000
x16=0x000000018bb330fc: pthread_getspecific+0 in /usr/lib/system/libsystem_pthread.dylib at 0x000000018bb31000
x17=0x0000600002b091f0 points into unknown readable memory: 0xfffffffffffffffe | fe ff ff ff ff ff ff ff
x18=0x0 is NULL
x19=0x0000600002b18230 points into unknown readable memory: 0x0000600000215050 | 50 50 21 00 00 60 00 00
x20=0x000000012b7087c0 points into unknown readable memory: 0x0000000000000000 | 00 00 00 00 00 00 00 00
x21=0x000000012b7089c8 is a global jni handle
x22=0x000000013c0e5200 is a thread
x23=0x0000000000000001 is an unknown value
x24=0x000000012b708980 is a global jni handle
x25=0x0000000102981628: _ZN12StubRoutines17_safefetchN_entryE+0 in /Library/Java/JavaVirtualMachines/jdk-17.0.3.1.jdk/Contents/Home/lib/server/libjvm.dylib at 0x0000000101de8000
x26=0x0000000128d1a330 is pointing into metadata
x27=0x0 is NULL
x28=0x000000013c0e5200 is a thread


Registers:
 x0=0x000000012b7089c8  x1=0x0000000000000000  x2=0x0000000782580b18  x3=0x0000000000000000
 x4=0x00000000000130a8  x5=0x0000000000000000  x6=0x0000000000000000  x7=0x0000000000000003
 x8=0x000000010a4cd4ec  x9=0x0000000000000000 x10=0x2010000030300000 x11=0x0000000000000007
x12=0x0000000000000000 x13=0x0000600002e2f570 x14=0x0000070000000000 x15=0x000000012cff5f98
x16=0x000000018bb330fc x17=0x0000600002b091f0 x18=0x0000000000000000 x19=0x0000600002b18230
x20=0x000000012b7087c0 x21=0x000000012b7089c8 x22=0x000000013c0e5200 x23=0x0000000000000001
x24=0x000000012b708980 x25=0x0000000102981628 x26=0x0000000128d1a330 x27=0x0000000000000000
x28=0x000000013c0e5200  fp=0x0000000171dd67f0  lr=0x000000010258acd4  sp=0x0000000171dd67b0
pc=0x000000010a4cd4f0 cpsr=0x0000000060001000
Top of Stack: (sp=0x0000000171dd67b0)
0x0000000171dd67b0:   0000000128d1a330 0000000000000001
0x0000000171dd67c0:   0000000171dd69a8 0000600000202960
0x0000000171dd67d0:   0000000000000000 000000012b7089b0
0x0000000171dd67e0:   000000012b7089b0 0000600002b18230
0x0000000171dd67f0:   0000000171dd6830 000000010258bf04
0x0000000171dd6800:   0000000000000001 000000012b7089b0
0x0000000171dd6810:   0000000000000000 000000012b7089b0
0x0000000171dd6820:   0000000000000001 000000013c0e0400
0x0000000171dd6830:   0000000171dd6860 00000001022a13a0
0x0000000171dd6840:   0000600000202930 00000001d5df130c
0x0000000171dd6850:   0000000000000000 0000600000202930
0x0000000171dd6860:   0000000171dd6890 000000012cfbab08
0x0000000171dd6870:   28b97f5c8c4f00fa 0000000000000000
0x0000000171dd6880:   0000000000000000 00006000015dcb40
0x0000000171dd6890:   0000000171dd68d0 000000018cb08318
0x0000000171dd68a0:   0000000171dd69a8 0000600000202960
0x0000000171dd68b0:   0000600000202930 28b97f5c8c4f00fa
0x0000000171dd68c0:   0000000000000000 0000000000000000
0x0000000171dd68d0:   0000000171dd6910 8e4300018cad48ac
0x0000000171dd68e0:   0000000171dd69a8 000000010a4d47c0
0x0000000171dd68f0:   0000000000000000 0000000102988fe8
0x0000000171dd6900:   0000000171dd6920 000000010a4d3730
0x0000000171dd6910:   0000000171dd6980 746580010a4d58ac
0x0000000171dd6920:   0000000171dd6920 000000080098d01d
0x0000000171dd6930:   0000000171dd6930 0000000000000000
0x0000000171dd6940:   0000000171dd69a8 0000000128d1a330
0x0000000171dd6950:   00000007803f9c58 0000000000000000
0x0000000171dd6960:   0000000000000000 0000000128cf2848
0x0000000171dd6970:   0000000000000000 0000000171dd6980
0x0000000171dd6980:   0000000171dd6a00 000000010a4d1fc8
0x0000000171dd6990:   0000000000000000 0000000000000000
0x0000000171dd69a0:   0000000782580b18 00000007803f9cd0 

Instructions: (pc=0x000000010a4cd4f0)
0x000000010a4cd3f0:   f2a05289 f2c00029 6d425935 1e640886
0x000000010a4cd400:   0c402d31 1e6408c7 1f5654d0 1e6c1017
0x000000010a4cd410:   1f5050d0 1f504cd0 1f5048d0 1e650af6
0x000000010a4cd420:   1f50d8f6 1f5694d6 1f5158f6 1e762880
0x000000010a4cd430:   36000501 1e614000 14000026 2e251ca5
0x000000010a4cd440:   d29c3009 f2a05289 f2c00029 6d425d36
0x000000010a4cd450:   1e600806 0c402d32 1f5758c7 1e6c101a
0x000000010a4cd460:   1f4754c7 1e650805 1f4750c7 d2866668
0x000000010a4cd470:   f2a7fa68 1f474cc7 1e6608c0 1f4748c7
0x000000010a4cd480:   1e6e1019 eb08007f 540000ac 1f479400
0x000000010a4cd490:   1f460340 1e603b20 1400000e d2a7fd29
0x000000010a4cd4a0:   eb09007f 540000ac 51480069 d3607d29
0x000000010a4cd4b0:   9e670121 14000002 1e6a5001 1f679417
0x000000010a4cd4c0:   1f668742 1e613b23 1e773857 1e773860
0x000000010a4cd4d0:   a8c17ff3 910003bf a8c17bfd d65f03c0
0x000000010a4cd4e0:   b9400001 aa0103e0 d65f03c0 f9400001
0x000000010a4cd4f0:   aa0103e0 d65f03c0 00000000 00000000
0x000000010a4cd500:   00000000 00000000 00000000 00000000
0x000000010a4cd510:   00000000 00000000 00000000 00000000
0x000000010a4cd520:   00000000 00000000 00000000 00000000
0x000000010a4cd530:   00000000 00000000 00000000 00000000
0x000000010a4cd540:   00000000 00000000 00000000 00000000
0x000000010a4cd550:   00000000 00000000 00000000 00000000
0x000000010a4cd560:   00000000 00000000 00000000 00000000
0x000000010a4cd570:   00000000 00000000 00000000 00000000
0x000000010a4cd580:   00000000 00000000 00000000 00000000
0x000000010a4cd590:   00000000 00000000 00000000 00000000
0x000000010a4cd5a0:   00000000 00000000 00000000 00000000
0x000000010a4cd5b0:   00000000 00000000 00000000 00000000
0x000000010a4cd5c0:   00000000 00000000 00000000 00000000
0x000000010a4cd5d0:   00000000 00000000 00000000 00000000
0x000000010a4cd5e0:   00000000 00000000 00000000 00000000 


Stack slot to memory mapping:
stack at sp + 0 slots: 0x0000000128d1a330 is pointing into metadata
stack at sp + 1 slots: 0x0000000000000001 is an unknown value
stack at sp + 2 slots: 0x0000000171dd69a8 is pointing into the stack for thread: 0x000000013c0e5200
stack at sp + 3 slots: 0x0000600000202960 points into unknown readable memory: 0x01000001e4502031 | 31 20 50 e4 01 00 00 01
stack at sp + 4 slots: 0x0 is NULL
stack at sp + 5 slots: 0x000000012b7089b0 is a global jni handle
stack at sp + 6 slots: 0x000000012b7089b0 is a global jni handle
stack at sp + 7 slots: 0x0000600002b18230 points into unknown readable memory: 0x0000600000215050 | 50 50 21 00 00 60 00 00

StubRoutines::SafeFetchN [0x000000010a4cd4ec, 0x000000010a4cd4f8] (12 bytes)
[MachCode]
  0x000000010a4cd4ec: 0100 40f9 | e003 01aa | c003 5fd6 
[/MachCode]

---------------  P R O C E S S  ---------------

Threads class SMR info:
_java_thread_list=0x00006000000852c0, length=21, elements={
0x000000012b808e00, 0x000000013c022800, 0x000000011f80ac00, 0x000000012c030e00,
0x0000000129008200, 0x0000000129008800, 0x000000011f808a00, 0x000000012b86c200,
0x000000012b874800, 0x000000012801fa00, 0x000000013c80aa00, 0x000000013c80b000,
0x0000000128020e00, 0x000000013c0e5200, 0x000000013c0e0400, 0x000000013b8b2600,
0x000000013c010600, 0x000000012c190800, 0x000000013c42b800, 0x000000013bbbf800,
0x000000012b887000
}

Java Threads: ( => current thread )
  0x000000012b808e00 JavaThread "main" [_thread_blocked, id=6403, stack(0x000000016f1cc000,0x000000016f3cf000)]
  0x000000013c022800 JavaThread "Reference Handler" daemon [_thread_blocked, id=16643, stack(0x0000000170020000,0x0000000170223000)]
  0x000000011f80ac00 JavaThread "Finalizer" daemon [_thread_blocked, id=16131, stack(0x000000017022c000,0x000000017042f000)]
  0x000000012c030e00 JavaThread "Signal Dispatcher" daemon [_thread_blocked, id=42243, stack(0x0000000170550000,0x0000000170753000)]
  0x0000000129008200 JavaThread "Service Thread" daemon [_thread_blocked, id=41731, stack(0x000000017075c000,0x000000017095f000)]
  0x0000000129008800 JavaThread "Monitor Deflation Thread" daemon [_thread_blocked, id=22787, stack(0x0000000170968000,0x0000000170b6b000)]
  0x000000011f808a00 JavaThread "C2 CompilerThread0" daemon [_thread_blocked, id=23299, stack(0x0000000170b74000,0x0000000170d77000)]
  0x000000012b86c200 JavaThread "C1 CompilerThread0" daemon [_thread_blocked, id=41219, stack(0x0000000170d80000,0x0000000170f83000)]
  0x000000012b874800 JavaThread "Sweeper thread" daemon [_thread_blocked, id=40707, stack(0x0000000170f8c000,0x000000017118f000)]
  0x000000012801fa00 JavaThread "Common-Cleaner" daemon [_thread_blocked, id=40451, stack(0x0000000171198000,0x000000017139b000)]
  0x000000013c80aa00 JavaThread "Monitor Ctrl-Break" daemon [_thread_in_native, id=24323, stack(0x00000001713a4000,0x00000001715a7000)]
  0x000000013c80b000 JavaThread "Notification Thread" daemon [_thread_blocked, id=40195, stack(0x00000001715b0000,0x00000001717b3000)]
  0x0000000128020e00 JavaThread "QuantumRenderer-0" daemon [_thread_blocked, id=39427, stack(0x00000001719c8000,0x0000000171bcb000)]
=>0x000000013c0e5200 JavaThread "InvokeLaterDispatcher" daemon [_thread_in_native, id=30219, stack(0x0000000171bd4000,0x0000000171dd7000)]
  0x000000013c0e0400 JavaThread "JavaFX Application Thread" [_thread_in_native, id=259, stack(0x000000016e944000,0x000000016f140000)]
  0x000000013b8b2600 JavaThread "JavaFX-Launcher" [_thread_blocked, id=56835, stack(0x0000000172078000,0x000000017227b000)]
  0x000000013c010600 JavaThread "mysql-cj-abandoned-connection-cleanup" daemon [_thread_blocked, id=72967, stack(0x0000000172284000,0x0000000172487000)]
  0x000000012c190800 JavaThread "Prism Font Disposer" daemon [_thread_blocked, id=59659, stack(0x000000017772c000,0x000000017792f000)]
  0x000000013c42b800 JavaThread "Cleaner-0" daemon [_thread_blocked, id=89355, stack(0x0000000280628000,0x000000028082b000)]
  0x000000013bbbf800 JavaThread "Attach Listener" daemon [_thread_blocked, id=90895, stack(0x0000000280834000,0x0000000280a37000)]
  0x000000012b887000 JavaThread "PulseTimer-CVDisplayLink thread" daemon [_thread_in_native, id=91715, stack(0x0000000171e6c000,0x0000000171eef000)]

Other Threads:
  0x000000012b708470 VMThread "VM Thread" [stack: 0x000000016fe14000,0x0000000170017000] [id=16899]
  0x000000013d0054c0 WatcherThread [stack: 0x00000001717bc000,0x00000001719bf000] [id=39683]
  0x000000012b705c60 GCTaskThread "GC Thread#0" [stack: 0x000000016f3d8000,0x000000016f5db000] [id=19459]
  0x000000013b720a30 GCTaskThread "GC Thread#1" [stack: 0x0000000172490000,0x0000000172693000] [id=57347]
  0x000000013b720eb0 GCTaskThread "GC Thread#2" [stack: 0x000000017269c000,0x000000017289f000] [id=72451]
  0x000000012b729870 GCTaskThread "GC Thread#3" [stack: 0x00000001728a8000,0x0000000172aab000] [id=71939]
  0x000000012b72a0e0 GCTaskThread "GC Thread#4" [stack: 0x0000000172ab4000,0x0000000172cb7000] [id=71683]
  0x000000012b72a950 GCTaskThread "GC Thread#5" [stack: 0x0000000172cc0000,0x0000000172ec3000] [id=58371]
  0x000000013b6325e0 GCTaskThread "GC Thread#6" [stack: 0x00000001779c4000,0x0000000177bc7000] [id=61199]
  0x000000013d266780 GCTaskThread "GC Thread#7" [stack: 0x0000000177bd0000,0x0000000177dd3000] [id=61443]
  0x000000013b705640 ConcurrentGCThread "G1 Main Marker" [stack: 0x000000016f5e4000,0x000000016f7e7000] [id=18947]
  0x000000012b604970 ConcurrentGCThread "G1 Conc#0" [stack: 0x000000016f7f0000,0x000000016f9f3000] [id=18435]
  0x000000013d006c60 ConcurrentGCThread "G1 Conc#1" [stack: 0x000000028041c000,0x000000028061f000] [id=88851]
  0x000000012b6067e0 ConcurrentGCThread "G1 Refine#0" [stack: 0x000000016f9fc000,0x000000016fbff000] [id=12803]
  0x000000013d108ba0 ConcurrentGCThread "G1 Refine#1" [stack: 0x0000000177ddc000,0x0000000177fdf000] [id=62211]
  0x000000013d266f30 ConcurrentGCThread "G1 Refine#2" [stack: 0x0000000280004000,0x0000000280207000] [id=69379]
  0x000000013d2677d0 ConcurrentGCThread "G1 Refine#3" [stack: 0x0000000280210000,0x0000000280413000] [id=68611]
  0x000000013d104470 ConcurrentGCThread "G1 Service" [stack: 0x000000016fc08000,0x000000016fe0b000] [id=13315]

Threads with active compile tasks:

VM state: not at safepoint (normal execution)

VM Mutex/Monitor currently owned by a thread: None

Heap address: 0x0000000780000000, size: 2048 MB, Compressed Oops mode: Zero based, Oop shift amount: 3

CDS archive(s) mapped at: [0x0000000800000000-0x0000000800bd8000-0x0000000800bd8000), size 12419072, SharedBaseAddress: 0x0000000800000000, ArchiveRelocationMode: 0.
Compressed class space mapped at: 0x0000000800c00000-0x0000000840c00000, reserved size: 1073741824
Narrow klass base: 0x0000000800000000, Narrow klass shift: 0, Narrow klass range: 0x100000000

GC Precious Log:
 CPUs: 8 total, 8 available
 Memory: 8192M
 Large Page Support: Disabled
 NUMA Support: Disabled
 Compressed Oops: Enabled (Zero based)
 Heap Region Size: 1M
 Heap Min Capacity: 8M
 Heap Initial Capacity: 128M
 Heap Max Capacity: 2G
 Pre-touch: Disabled
 Parallel Workers: 8
 Concurrent Workers: 2
 Concurrent Refinement Workers: 8
 Periodic GC: Disabled

Heap:
 garbage-first heap   total 48128K, used 18434K [0x0000000780000000, 0x0000000800000000)
  region size 1024K, 10 young (10240K), 4 survivors (4096K)
 Metaspace       used 22130K, committed 22336K, reserved 1073152K
  class space    used 3121K, committed 3200K, reserved 1048576K

Heap Regions: E=young(eden), S=young(survivor), O=old, HS=humongous(starts), HC=humongous(continues), CS=collection set, F=free, OA=open archive, CA=closed archive, TAMS=top-at-mark-start (previous, next)
|   0|0x0000000780000000, 0x0000000780100000, 0x0000000780100000|100%| O|  |TAMS 0x0000000780100000, 0x0000000780000000| Untracked 
|   1|0x0000000780100000, 0x0000000780200000, 0x0000000780200000|100%| O|  |TAMS 0x0000000780200000, 0x0000000780100000| Untracked 
|   2|0x0000000780200000, 0x0000000780300000, 0x0000000780300000|100%| O|  |TAMS 0x0000000780300000, 0x0000000780200000| Untracked 
|   3|0x0000000780300000, 0x0000000780400000, 0x0000000780400000|100%| O|  |TAMS 0x0000000780358800, 0x0000000780300000| Untracked 
|   4|0x0000000780400000, 0x0000000780500000, 0x0000000780500000|100%| O|  |TAMS 0x0000000780400000, 0x0000000780400000| Untracked 
|   5|0x0000000780500000, 0x0000000780600000, 0x0000000780600000|100%| O|  |TAMS 0x0000000780500000, 0x0000000780500000| Untracked 
|   6|0x0000000780600000, 0x0000000780677000, 0x0000000780700000| 46%| O|  |TAMS 0x0000000780600000, 0x0000000780600000| Complete 
|   7|0x0000000780700000, 0x0000000780800000, 0x0000000780800000|100%|HS|  |TAMS 0x0000000780700000, 0x0000000780700000| Complete 
|   8|0x0000000780800000, 0x0000000780900000, 0x0000000780900000|100%|HC|  |TAMS 0x0000000780800000, 0x0000000780800000| Complete 
|   9|0x0000000780900000, 0x0000000780900000, 0x0000000780a00000|  0%| F|  |TAMS 0x0000000780900000, 0x0000000780900000| Untracked 
|  10|0x0000000780a00000, 0x0000000780a00000, 0x0000000780b00000|  0%| F|  |TAMS 0x0000000780a00000, 0x0000000780a00000| Untracked 
|  11|0x0000000780b00000, 0x0000000780b00000, 0x0000000780c00000|  0%| F|  |TAMS 0x0000000780b00000, 0x0000000780b00000| Untracked 
|  12|0x0000000780c00000, 0x0000000780c00000, 0x0000000780d00000|  0%| F|  |TAMS 0x0000000780c00000, 0x0000000780c00000| Untracked 
|  13|0x0000000780d00000, 0x0000000780d00000, 0x0000000780e00000|  0%| F|  |TAMS 0x0000000780d00000, 0x0000000780d00000| Untracked 
|  14|0x0000000780e00000, 0x0000000780e00000, 0x0000000780f00000|  0%| F|  |TAMS 0x0000000780e00000, 0x0000000780e00000| Untracked 
|  15|0x0000000780f00000, 0x0000000780f00000, 0x0000000781000000|  0%| F|  |TAMS 0x0000000780f00000, 0x0000000780f00000| Untracked 
|  16|0x0000000781000000, 0x0000000781000000, 0x0000000781100000|  0%| F|  |TAMS 0x0000000781000000, 0x0000000781000000| Untracked 
|  17|0x0000000781100000, 0x0000000781100000, 0x0000000781200000|  0%| F|  |TAMS 0x0000000781100000, 0x0000000781100000| Untracked 
|  18|0x0000000781200000, 0x0000000781200000, 0x0000000781300000|  0%| F|  |TAMS 0x0000000781200000, 0x0000000781200000| Untracked 
|  19|0x0000000781300000, 0x0000000781300000, 0x0000000781400000|  0%| F|  |TAMS 0x0000000781300000, 0x0000000781300000| Untracked 
|  20|0x0000000781400000, 0x0000000781400000, 0x0000000781500000|  0%| F|  |TAMS 0x0000000781400000, 0x0000000781400000| Untracked 
|  21|0x0000000781500000, 0x0000000781500000, 0x0000000781600000|  0%| F|  |TAMS 0x0000000781500000, 0x0000000781500000| Untracked 
|  22|0x0000000781600000, 0x0000000781600000, 0x0000000781700000|  0%| F|  |TAMS 0x0000000781600000, 0x0000000781600000| Untracked 
|  23|0x0000000781700000, 0x0000000781700000, 0x0000000781800000|  0%| F|  |TAMS 0x0000000781700000, 0x0000000781700000| Untracked 
|  24|0x0000000781800000, 0x0000000781800000, 0x0000000781900000|  0%| F|  |TAMS 0x0000000781800000, 0x0000000781800000| Untracked 
|  25|0x0000000781900000, 0x0000000781900000, 0x0000000781a00000|  0%| F|  |TAMS 0x0000000781900000, 0x0000000781900000| Untracked 
|  26|0x0000000781a00000, 0x0000000781a00000, 0x0000000781b00000|  0%| F|  |TAMS 0x0000000781a00000, 0x0000000781a00000| Untracked 
|  27|0x0000000781b00000, 0x0000000781b00000, 0x0000000781c00000|  0%| F|  |TAMS 0x0000000781b00000, 0x0000000781b00000| Untracked 
|  28|0x0000000781c00000, 0x0000000781c00000, 0x0000000781d00000|  0%| F|  |TAMS 0x0000000781c00000, 0x0000000781c00000| Untracked 
|  29|0x0000000781d00000, 0x0000000781d00000, 0x0000000781e00000|  0%| F|  |TAMS 0x0000000781d00000, 0x0000000781d00000| Untracked 
|  30|0x0000000781e00000, 0x0000000781e00000, 0x0000000781f00000|  0%| F|  |TAMS 0x0000000781e00000, 0x0000000781e00000| Untracked 
|  31|0x0000000781f00000, 0x0000000781f00000, 0x0000000782000000|  0%| F|  |TAMS 0x0000000781f00000, 0x0000000781f00000| Untracked 
|  32|0x0000000782000000, 0x0000000782000000, 0x0000000782100000|  0%| F|  |TAMS 0x0000000782000000, 0x0000000782000000| Untracked 
|  33|0x0000000782100000, 0x0000000782100000, 0x0000000782200000|  0%| F|  |TAMS 0x0000000782100000, 0x0000000782100000| Untracked 
|  34|0x0000000782200000, 0x0000000782200000, 0x0000000782300000|  0%| F|  |TAMS 0x0000000782200000, 0x0000000782200000| Untracked 
|  35|0x0000000782300000, 0x000000078234a510, 0x0000000782400000| 29%| E|  |TAMS 0x0000000782300000, 0x0000000782300000| Complete 
|  36|0x0000000782400000, 0x0000000782500000, 0x0000000782500000|100%| E|CS|TAMS 0x0000000782400000, 0x0000000782400000| Complete 
|  37|0x0000000782500000, 0x0000000782600000, 0x0000000782600000|100%| E|CS|TAMS 0x0000000782500000, 0x0000000782500000| Complete 
|  38|0x0000000782600000, 0x0000000782700000, 0x0000000782700000|100%| E|CS|TAMS 0x0000000782600000, 0x0000000782600000| Complete 
|  39|0x0000000782700000, 0x0000000782800000, 0x0000000782800000|100%| E|CS|TAMS 0x0000000782700000, 0x0000000782700000| Complete 
| 120|0x0000000787800000, 0x0000000787891b40, 0x0000000787900000| 56%| S|CS|TAMS 0x0000000787800000, 0x0000000787800000| Complete 
| 121|0x0000000787900000, 0x0000000787a00000, 0x0000000787a00000|100%| S|CS|TAMS 0x0000000787900000, 0x0000000787900000| Complete 
| 122|0x0000000787a00000, 0x0000000787b00000, 0x0000000787b00000|100%| S|CS|TAMS 0x0000000787a00000, 0x0000000787a00000| Complete 
| 123|0x0000000787b00000, 0x0000000787c00000, 0x0000000787c00000|100%| S|CS|TAMS 0x0000000787b00000, 0x0000000787b00000| Complete 
| 127|0x0000000787f00000, 0x0000000788000000, 0x0000000788000000|100%| E|CS|TAMS 0x0000000787f00000, 0x0000000787f00000| Complete 
|2046|0x00000007ffe00000, 0x00000007ffe78000, 0x00000007fff00000| 46%|OA|  |TAMS 0x00000007ffe78000, 0x00000007ffe00000| Untracked 
|2047|0x00000007fff00000, 0x00000007fff80000, 0x0000000800000000| 50%|CA|  |TAMS 0x00000007fff80000, 0x00000007fff00000| Untracked 

Card table byte_map: [0x00000001015d0000,0x00000001019d0000] _byte_map_base: 0x00000000fd9d0000

Marking Bits (Prev, Next): (CMBitMap*) 0x000000013c008e50, (CMBitMap*) 0x000000013c008e10
 Prev Bits: [0x000000011b4cc000, 0x000000011d4cc000)
 Next Bits: [0x00000001194cc000, 0x000000011b4cc000)

Polling page: 0x0000000100ef8000

Metaspace:

Usage:
  Non-class:     18.56 MB used.
      Class:      3.05 MB used.
       Both:     21.61 MB used.

Virtual space:
  Non-class space:       24.00 MB reserved,      18.69 MB ( 78%) committed,  3 nodes.
      Class space:        1.00 GB reserved,       3.12 MB ( <1%) committed,  1 nodes.
             Both:        1.02 GB reserved,      21.81 MB (  2%) committed. 

Chunk freelists:
   Non-Class:  1.00 MB
       Class:  720.00 KB
        Both:  1.70 MB

MaxMetaspaceSize: unlimited
CompressedClassSpaceSize: 1.00 GB
Initial GC threshold: 21.00 MB
Current GC threshold: 35.25 MB
CDS: on
MetaspaceReclaimPolicy: balanced
 - commit_granule_bytes: 65536.
 - commit_granule_words: 8192.
 - virtual_space_node_default_size: 1048576.
 - enlarge_chunks_in_place: 1.
 - new_chunks_are_fully_committed: 0.
 - uncommit_free_chunks: 1.
 - use_allocation_guard: 0.
 - handle_deallocations: 1.


Internal statistics:

num_allocs_failed_limit: 3.
num_arena_births: 178.
num_arena_deaths: 0.
num_vsnodes_births: 4.
num_vsnodes_deaths: 0.
num_space_committed: 349.
num_space_uncommitted: 0.
num_chunks_returned_to_freelist: 3.
num_chunks_taken_from_freelist: 764.
num_chunk_merges: 3.
num_chunk_splits: 550.
num_chunks_enlarged: 441.
num_purges: 0.
num_inconsistent_stats: 0.

CodeHeap 'non-profiled nmethods': size=120032Kb used=1111Kb max_used=1111Kb free=118920Kb
 bounds [0x0000000111f94000, 0x0000000112204000, 0x00000001194cc000]
CodeHeap 'profiled nmethods': size=120016Kb used=5299Kb max_used=5299Kb free=114717Kb
 bounds [0x000000010aa60000, 0x000000010af90000, 0x0000000111f94000]
CodeHeap 'non-nmethods': size=5712Kb used=1438Kb max_used=1501Kb free=4273Kb
 bounds [0x000000010a4cc000, 0x000000010a73c000, 0x000000010aa60000]
 total_blobs=3465 nmethods=2620 adapters=760
 compilation: enabled
              stopped_count=0, restarted_count=0
 full_count=0

Compilation events (20 events):
Event: 2.700 Thread 0x000000012b86c200 nmethod 2678 0x000000010af85910 code [0x000000010af85b40, 0x000000010af862b8]
Event: 2.700 Thread 0x000000012b86c200 2679       3       javafx.scene.input.InputEvent::<init> (8 bytes)
Event: 2.700 Thread 0x000000012b86c200 nmethod 2679 0x000000010af86690 code [0x000000010af86840, 0x000000010af869d8]
Event: 2.700 Thread 0x000000012b86c200 2680       3       javafx.scene.input.MouseEvent$Flags::<init> (10 bytes)
Event: 2.700 Thread 0x000000012b86c200 nmethod 2680 0x000000010af86a90 code [0x000000010af86c40, 0x000000010af86de8]
Event: 2.707 Thread 0x000000012b86c200 2681       1       com.sun.javafx.tk.quantum.GlassScene::getStage (5 bytes)
Event: 2.708 Thread 0x000000012b86c200 nmethod 2681 0x00000001120a9290 code [0x00000001120a9400, 0x00000001120a94e8]
Event: 2.708 Thread 0x000000012b86c200 2682       1       javafx.scene.input.MouseEvent::getPickResult (5 bytes)
Event: 2.708 Thread 0x000000012b86c200 nmethod 2682 0x00000001120a9590 code [0x00000001120a9700, 0x00000001120a97e8]
Event: 2.708 Thread 0x000000012b86c200 2683       3       com.sun.javafx.event.CompositeEventHandler::find (44 bytes)
Event: 2.708 Thread 0x000000012b86c200 nmethod 2683 0x000000010af86e90 code [0x000000010af87080, 0x000000010af87578]
Event: 2.715 Thread 0x000000012b86c200 2684       3       java.util.EnumMap::get (29 bytes)
Event: 2.716 Thread 0x000000012b86c200 nmethod 2684 0x000000010af87710 code [0x000000010af87900, 0x000000010af87d58]
Event: 2.716 Thread 0x000000012b86c200 2685       3       java.util.EnumMap::isValidKey (36 bytes)
Event: 2.716 Thread 0x000000012b86c200 nmethod 2685 0x000000010af87f10 code [0x000000010af880c0, 0x000000010af88398]
Event: 2.740 Thread 0x000000012b86c200 2686       3       javafx.scene.input.MouseEvent::copyFor (7 bytes)
Event: 2.740 Thread 0x000000012b86c200 nmethod 2686 0x000000010af88490 code [0x000000010af88640, 0x000000010af88858]
Event: 2.742 Thread 0x000000012b86c200 2687       3       javafx.scene.control.Control::getCssMetaData (199 bytes)
Event: 2.743 Thread 0x000000011f808a00 2689       4       java.util.RegularEnumSet::contains (57 bytes)
Event: 2.744 Thread 0x000000012b86c200 nmethod 2687 0x000000010af88910 code [0x000000010af88cc0, 0x000000010af8a398]

GC Heap History (6 events):
Event: 0.441 GC heap before
{Heap before GC invocations=0 (full 0):
 garbage-first heap   total 133120K, used 23520K [0x0000000780000000, 0x0000000800000000)
  region size 1024K, 23 young (23552K), 0 survivors (0K)
 Metaspace       used 8671K, committed 8832K, reserved 1064960K
  class space    used 1011K, committed 1088K, reserved 1048576K
}
Event: 0.443 GC heap after
{Heap after GC invocations=1 (full 0):
 garbage-first heap   total 133120K, used 4868K [0x0000000780000000, 0x0000000800000000)
  region size 1024K, 3 young (3072K), 3 survivors (3072K)
 Metaspace       used 8671K, committed 8832K, reserved 1064960K
  class space    used 1011K, committed 1088K, reserved 1048576K
}
Event: 0.949 GC heap before
{Heap before GC invocations=1 (full 0):
 garbage-first heap   total 133120K, used 45828K [0x0000000780000000, 0x0000000800000000)
  region size 1024K, 43 young (44032K), 3 survivors (3072K)
 Metaspace       used 20521K, committed 20800K, reserved 1073152K
  class space    used 2943K, committed 3072K, reserved 1048576K
}
Event: 0.971 GC heap after
{Heap after GC invocations=2 (full 0):
 garbage-first heap   total 133120K, used 10562K [0x0000000780000000, 0x0000000800000000)
  region size 1024K, 6 young (6144K), 6 survivors (6144K)
 Metaspace       used 20521K, committed 20800K, reserved 1073152K
  class space    used 2943K, committed 3072K, reserved 1048576K
}
Event: 1.070 GC heap before
{Heap before GC invocations=2 (full 0):
 garbage-first heap   total 133120K, used 13634K [0x0000000780000000, 0x0000000800000000)
  region size 1024K, 10 young (10240K), 6 survivors (6144K)
 Metaspace       used 21325K, committed 21504K, reserved 1073152K
  class space    used 3044K, committed 3136K, reserved 1048576K
}
Event: 1.079 GC heap after
{Heap after GC invocations=3 (full 0):
 garbage-first heap   total 133120K, used 11266K [0x0000000780000000, 0x0000000800000000)
  region size 1024K, 4 young (4096K), 4 survivors (4096K)
 Metaspace       used 21325K, committed 21504K, reserved 1073152K
  class space    used 3044K, committed 3136K, reserved 1048576K
}

Deoptimization events (20 events):
Event: 1.221 Thread 0x0000000128020e00 DEOPT PACKING pc=0x000000010aede520 sp=0x0000000171bc8ba0
Event: 1.221 Thread 0x0000000128020e00 DEOPT UNPACKING pc=0x000000010a50ab7c sp=0x0000000171bc8800 mode 0
Event: 1.222 Thread 0x0000000128020e00 DEOPT PACKING pc=0x000000010aede520 sp=0x0000000171bc8ba0
Event: 1.222 Thread 0x0000000128020e00 DEOPT UNPACKING pc=0x000000010a50ab7c sp=0x0000000171bc8800 mode 0
Event: 1.222 Thread 0x0000000128020e00 DEOPT PACKING pc=0x000000010aede520 sp=0x0000000171bc8ba0
Event: 1.222 Thread 0x0000000128020e00 DEOPT UNPACKING pc=0x000000010a50ab7c sp=0x0000000171bc8800 mode 0
Event: 1.223 Thread 0x0000000128020e00 DEOPT PACKING pc=0x000000010aede520 sp=0x0000000171bc8ba0
Event: 1.223 Thread 0x0000000128020e00 DEOPT UNPACKING pc=0x000000010a50ab7c sp=0x0000000171bc8800 mode 0
Event: 1.223 Thread 0x0000000128020e00 DEOPT PACKING pc=0x000000010aede45c sp=0x0000000171bc8b40
Event: 1.223 Thread 0x0000000128020e00 DEOPT UNPACKING pc=0x000000010a50ab7c sp=0x0000000171bc87a0 mode 0
Event: 1.223 Thread 0x0000000128020e00 DEOPT PACKING pc=0x000000010aede520 sp=0x0000000171bc8ba0
Event: 1.223 Thread 0x0000000128020e00 DEOPT UNPACKING pc=0x000000010a50ab7c sp=0x0000000171bc8800 mode 0
Event: 1.224 Thread 0x0000000128020e00 DEOPT PACKING pc=0x000000010aede520 sp=0x0000000171bc8880
Event: 1.224 Thread 0x0000000128020e00 DEOPT UNPACKING pc=0x000000010a50ab7c sp=0x0000000171bc84e0 mode 0
Event: 1.225 Thread 0x0000000128020e00 DEOPT PACKING pc=0x000000010aede520 sp=0x0000000171bc8ba0
Event: 1.225 Thread 0x0000000128020e00 DEOPT UNPACKING pc=0x000000010a50ab7c sp=0x0000000171bc8800 mode 0
Event: 1.225 Thread 0x0000000128020e00 DEOPT PACKING pc=0x000000010aede520 sp=0x0000000171bc8b40
Event: 1.225 Thread 0x0000000128020e00 DEOPT UNPACKING pc=0x000000010a50ab7c sp=0x0000000171bc87a0 mode 0
Event: 1.227 Thread 0x0000000128020e00 DEOPT PACKING pc=0x000000010aede520 sp=0x0000000171bc8ba0
Event: 1.227 Thread 0x0000000128020e00 DEOPT UNPACKING pc=0x000000010a50ab7c sp=0x0000000171bc8800 mode 0

Classes unloaded (0 events):
No events

Classes redefined (0 events):
No events

Internal exceptions (20 events):
Event: 0.471 Thread 0x000000013c0e0400 Exception <a 'java/lang/NoSuchMethodError'{0x0000000787b200c8}: 'void java.lang.invoke.DirectMethodHandle$Holder.invokeStaticInit(java.lang.Object, java.lang.Object)'> (0x0000000787b200c8) 
thrown [open/src/hotspot/share/interpreter/linkResolver.cpp, line 766]
Event: 0.472 Thread 0x000000013c0e0400 Exception <a 'java/lang/NoSuchMethodError'{0x0000000787b25d48}: 'int java.lang.invoke.DirectMethodHandle$Holder.invokeStaticInit(java.lang.Object, java.lang.Object)'> (0x0000000787b25d48) 
thrown [open/src/hotspot/share/interpreter/linkResolver.cpp, line 766]
Event: 0.558 Thread 0x000000013c0e0400 Exception <a 'java/lang/NoSuchMethodError'{0x0000000787636050}: 'java.lang.Object java.lang.invoke.DirectMethodHandle$Holder.invokeStaticInit(java.lang.Object, java.lang.Object, java.lang.Object, java.lang.Object)'> (0x0000000787636050) 
thrown [open/src/hotspot/share/interpreter/linkResolver.cpp, line 766]
Event: 0.559 Thread 0x000000013c0e0400 Exception <a 'java/lang/NullPointerException'{0x0000000787646068}> (0x0000000787646068) 
thrown [open/src/hotspot/share/interpreter/linkResolver.cpp, line 1357]
Event: 0.599 Thread 0x000000013c0e0400 Exception <a 'java/lang/NoSuchMethodError'{0x0000000786f623f8}: 'void java.lang.invoke.DirectMethodHandle$Holder.invokeSpecial(java.lang.Object, java.lang.Object, java.lang.Object, java.lang.Object, java.lang.Object)'> (0x0000000786f623f8) 
thrown [open/src/hotspot/share/interpreter/linkResolver.cpp, line 766]
Event: 0.621 Thread 0x000000013c0e0400 Implicit null exception at 0x0000000111fdcef8 to 0x0000000111fdcf88
Event: 0.629 Thread 0x000000013c0e0400 Implicit null exception at 0x000000011201c954 to 0x000000011201cc64
Event: 0.825 Thread 0x000000013c0e0400 Exception <a 'java/lang/NoSuchMethodError'{0x0000000786293c38}: 'java.lang.Object java.lang.invoke.DirectMethodHandle$Holder.invokeInterface(java.lang.Object, java.lang.Object, java.lang.Object)'> (0x0000000786293c38) 
thrown [open/src/hotspot/share/interpreter/linkResolver.cpp, line 766]
Event: 0.825 Thread 0x000000013c0e0400 Exception <a 'java/lang/IncompatibleClassChangeError'{0x0000000786297300}: Found class java.lang.Object, but interface was expected> (0x0000000786297300) 
thrown [open/src/hotspot/share/interpreter/linkResolver.cpp, line 833]
Event: 0.859 Thread 0x000000013c0e0400 Exception <a 'java/lang/ClassNotFoundException'{0x0000000785e6be60}: com/sun/javafx/scene/control/skin/resources/controls> (0x0000000785e6be60) 
thrown [open/src/hotspot/share/prims/jni.cpp, line 535]
Event: 0.860 Thread 0x000000013c0e0400 Exception <a 'java/lang/ClassNotFoundException'{0x0000000785e7a0b8}: com/sun/javafx/scene/control/skin/resources/controls_en> (0x0000000785e7a0b8) 
thrown [open/src/hotspot/share/prims/jni.cpp, line 535]
Event: 0.860 Thread 0x000000013c0e0400 Exception <a 'java/lang/ClassNotFoundException'{0x0000000785e7b3a0}: com/sun/javafx/scene/control/skin/resources/controls_en_US> (0x0000000785e7b3a0) 
thrown [open/src/hotspot/share/prims/jni.cpp, line 535]
Event: 0.872 Thread 0x000000013c0e0400 Exception <a 'java/lang/NoSuchMethodError'{0x0000000785c5bae8}: 'void java.lang.invoke.DirectMethodHandle$Holder.invokeSpecial(java.lang.Object, java.lang.Object, java.lang.Object, java.lang.Object, java.lang.Object, java.lang.Object)'> (0x0000000785c5bae8) 
thrown [open/src/hotspot/share/interpreter/linkResolver.cpp, line 766]
Event: 0.903 Thread 0x000000013c0e0400 Exception <a 'java/lang/NoSuchMethodError'{0x000000078583a660}: 'void java.lang.invoke.DirectMethodHandle$Holder.invokeSpecialIFC(java.lang.Object, java.lang.Object, java.lang.Object, java.lang.Object)'> (0x000000078583a660) 
thrown [open/src/hotspot/share/interpreter/linkResolver.cpp, line 766]
Event: 0.915 Thread 0x000000013c0e0400 Exception <a 'java/lang/NoSuchMethodError'{0x00000007857c8d68}: 'int java.lang.invoke.DirectMethodHandle$Holder.invokeSpecial(java.lang.Object, java.lang.Object, int)'> (0x00000007857c8d68) 
thrown [open/src/hotspot/share/interpreter/linkResolver.cpp, line 766]
Event: 0.938 Thread 0x000000013c0e0400 Exception <a 'java/lang/NoSuchMethodError'{0x000000078559ffe8}: 'java.lang.Object java.lang.invoke.DirectMethodHandle$Holder.newInvokeSpecial(java.lang.Object, java.lang.Object, int, int)'> (0x000000078559ffe8) 
thrown [open/src/hotspot/share/interpreter/linkResolver.cpp, line 766]
Event: 0.945 Thread 0x000000013c0e0400 Exception <a 'java/lang/NoSuchMethodError'{0x00000007855cf818}: 'java.lang.Object java.lang.invoke.DirectMethodHandle$Holder.newInvokeSpecial(java.lang.Object, java.lang.Object, int)'> (0x00000007855cf818) 
thrown [open/src/hotspot/share/interpreter/linkResolver.cpp, line 766]
Event: 0.948 Thread 0x000000013c0e0400 Exception <a 'java/lang/NoSuchMethodError'{0x00000007855e0698}: 'java.lang.Object java.lang.invoke.DirectMethodHandle$Holder.newInvokeSpecial(java.lang.Object, java.lang.Object, java.lang.Object, java.lang.Object, java.lang.Object, java.lang.Object, java.lang.Object)'> (0x00000007855e0698) 
thrown [open/src/hotspot/share/interpreter/linkResolver.cpp, line 766]
Event: 0.948 Thread 0x000000013c0e0400 Exception <a 'java/lang/NoSuchMethodError'{0x00000007855e48c8}: 'java.lang.Object java.lang.invoke.Invokers$Holder.linkToTargetMethod(java.lang.Object, java.lang.Object, java.lang.Object, java.lang.Object, java.lang.Object, java.lang.Object, java.lang.Object)'> (0x00000007855e48c8) 
thrown [open/src/hotspot/share/interpreter/linkResolver.cpp, line 766]
Event: 1.168 Thread 0x0000000128020e00 Exception <a 'java/lang/NoSuchMethodError'{0x0000000782661da8}: 'java.lang.Object java.lang.invoke.DirectMethodHandle$Holder.invokeStaticInit(java.lang.Object, int)'> (0x0000000782661da8) 
thrown [open/src/hotspot/share/interpreter/linkResolver.cpp, line 766]

VM Operations (20 events):
Event: 0.542 Executing VM operation: HandshakeAllThreads
Event: 0.542 Executing VM operation: HandshakeAllThreads done
Event: 0.664 Executing VM operation: ICBufferFull
Event: 0.664 Executing VM operation: ICBufferFull done
Event: 0.817 Executing VM operation: HandshakeAllThreads
Event: 0.817 Executing VM operation: HandshakeAllThreads done
Event: 0.881 Executing VM operation: ICBufferFull
Event: 0.881 Executing VM operation: ICBufferFull done
Event: 0.920 Executing VM operation: ICBufferFull
Event: 0.920 Executing VM operation: ICBufferFull done
Event: 0.949 Executing VM operation: G1CollectForAllocation
Event: 0.971 Executing VM operation: G1CollectForAllocation done
Event: 1.070 Executing VM operation: CollectForMetadataAllocation
Event: 1.079 Executing VM operation: CollectForMetadataAllocation done
Event: 1.087 Executing VM operation: G1Concurrent
Event: 1.090 Executing VM operation: G1Concurrent done
Event: 1.096 Executing VM operation: G1Concurrent
Event: 1.098 Executing VM operation: G1Concurrent done
Event: 2.020 Executing VM operation: ICBufferFull
Event: 2.020 Executing VM operation: ICBufferFull done

Events (20 events):
Event: 1.285 loading class sun/util/resources/TimeZoneNamesBundle done
Event: 1.285 loading class sun/util/resources/cldr/TimeZoneNames done
Event: 1.285 loading class sun/util/resources/cldr/TimeZoneNames_en
Event: 1.285 loading class sun/util/resources/cldr/TimeZoneNames_en done
Event: 1.285 loading class sun/util/resources/cldr/TimeZoneNames_en_US
Event: 1.285 loading class sun/util/resources/cldr/TimeZoneNames_en_US done
Event: 1.349 loading class java/util/EnumMap$Values
Event: 1.349 loading class java/util/EnumMap$Values done
Event: 1.349 loading class java/util/EnumMap$ValueIterator
Event: 1.349 loading class java/util/EnumMap$EnumMapIterator
Event: 1.349 loading class java/util/EnumMap$EnumMapIterator done
Event: 1.349 loading class java/util/EnumMap$ValueIterator done
Event: 1.959 Protecting memory [0x0000000171e6c000,0x0000000171e78000] with protection modes 3
Event: 1.959 Thread 0x00000001281a9800 Thread exited: 0x00000001281a9800
Event: 2.075 Protecting memory [0x0000000171e6c000,0x0000000171e78000] with protection modes 0
Event: 2.075 Thread 0x000000011f809000 Thread added: 0x000000011f809000
Event: 2.359 Protecting memory [0x0000000171e6c000,0x0000000171e78000] with protection modes 3
Event: 2.359 Thread 0x000000011f809000 Thread exited: 0x000000011f809000
Event: 2.541 Protecting memory [0x0000000171e6c000,0x0000000171e78000] with protection modes 0
Event: 2.541 Thread 0x000000012b887000 Thread added: 0x000000012b887000


Dynamic libraries:
0x0000000100df4000 	/Library/Java/JavaVirtualMachines/jdk-17.0.3.1.jdk/Contents/Home/lib/libjli.dylib
0x00000001965de000 	/usr/lib/libz.1.dylib
0x0000000196695000 	/usr/lib/libSystem.B.dylib
0x000000019668f000 	/usr/lib/system/libcache.dylib
0x000000019664d000 	/usr/lib/system/libcommonCrypto.dylib
0x0000000196676000 	/usr/lib/system/libcompiler_rt.dylib
0x000000019666d000 	/usr/lib/system/libcopyfile.dylib
0x000000018b8bb000 	/usr/lib/system/libcorecrypto.dylib
0x000000018b970000 	/usr/lib/system/libdispatch.dylib
0x000000018bb3e000 	/usr/lib/system/libdyld.dylib
0x0000000196685000 	/usr/lib/system/libkeymgr.dylib
0x0000000196628000 	/usr/lib/system/libmacho.dylib
0x0000000195d18000 	/usr/lib/system/libquarantine.dylib
0x0000000196682000 	/usr/lib/system/libremovefile.dylib
0x0000000190cb4000 	/usr/lib/system/libsystem_asl.dylib
0x000000018b85d000 	/usr/lib/system/libsystem_blocks.dylib
0x000000018b9f8000 	/usr/lib/system/libsystem_c.dylib
0x000000019667a000 	/usr/lib/system/libsystem_collections.dylib
0x00000001951ad000 	/usr/lib/system/libsystem_configuration.dylib
0x0000000194409000 	/usr/lib/system/libsystem_containermanager.dylib
0x0000000196385000 	/usr/lib/system/libsystem_coreservices.dylib
0x000000018e26e000 	/usr/lib/system/libsystem_darwin.dylib
0x0000000196686000 	/usr/lib/system/libsystem_dnssd.dylib
0x000000018b9f5000 	/usr/lib/system/libsystem_featureflags.dylib
0x000000018bb53000 	/usr/lib/system/libsystem_info.dylib
0x00000001965f0000 	/usr/lib/system/libsystem_m.dylib
0x000000018b945000 	/usr/lib/system/libsystem_malloc.dylib
0x0000000190c42000 	/usr/lib/system/libsystem_networkextension.dylib
0x000000018e6c7000 	/usr/lib/system/libsystem_notify.dylib
0x000000019c9e8000 	/usr/lib/system/libsystem_product_info_filter.dylib
0x00000001951b2000 	/usr/lib/system/libsystem_sandbox.dylib
0x000000019667f000 	/usr/lib/system/libsystem_secinit.dylib
0x000000018baf9000 	/usr/lib/system/libsystem_kernel.dylib
0x000000018bb4b000 	/usr/lib/system/libsystem_platform.dylib
0x000000018bb31000 	/usr/lib/system/libsystem_pthread.dylib
0x0000000192414000 	/usr/lib/system/libsystem_symptoms.dylib
0x000000018b8a1000 	/usr/lib/system/libsystem_trace.dylib
0x000000019665a000 	/usr/lib/system/libunwind.dylib
0x000000018b85f000 	/usr/lib/system/libxpc.dylib
0x000000018bae1000 	/usr/lib/libc++abi.dylib
0x000000018b9b7000 	/usr/lib/libobjc.A.dylib
0x0000000196665000 	/usr/lib/liboah.dylib
0x000000018ba7a000 	/usr/lib/libc++.1.dylib
0x00000001a250e000 	/System/Library/Frameworks/Cocoa.framework/Versions/A/Cocoa
0x000000018e728000 	/System/Library/Frameworks/AppKit.framework/Versions/C/AppKit
0x0000000191c3b000 	/System/Library/Frameworks/CoreData.framework/Versions/A/CoreData
0x000000018ca83000 	/System/Library/Frameworks/Foundation.framework/Versions/C/Foundation
0x000000018f5e0000 	/System/Library/PrivateFrameworks/UIFoundation.framework/Versions/A/UIFoundation
0x000000019c6e2000 	/System/Library/PrivateFrameworks/RemoteViewServices.framework/Versions/A/RemoteViewServices
0x0000000194b55000 	/System/Library/PrivateFrameworks/XCTTargetBootstrap.framework/Versions/A/XCTTargetBootstrap
0x00000001983d5000 	/System/Library/PrivateFrameworks/InternationalSupport.framework/Versions/A/InternationalSupport
0x000000019845e000 	/System/Library/PrivateFrameworks/UserActivity.framework/Versions/A/UserActivity
0x00000001978cc000 	/usr/lib/libspindump.dylib
0x000000018f851000 	/System/Library/Frameworks/UniformTypeIdentifiers.framework/Versions/A/UniformTypeIdentifiers
0x000000019309f000 	/usr/lib/libapp_launch_measurement.dylib
0x00000001925c6000 	/System/Library/PrivateFrameworks/CoreAnalytics.framework/Versions/A/CoreAnalytics
0x00000001930a2000 	/System/Library/PrivateFrameworks/CoreAutoLayout.framework/Versions/A/CoreAutoLayout
0x0000000194446000 	/System/Library/Frameworks/Metal.framework/Versions/A/Metal
0x00000001951bd000 	/usr/lib/liblangid.dylib
0x0000000194b5a000 	/System/Library/PrivateFrameworks/CoreSVG.framework/Versions/A/CoreSVG
0x0000000190ce8000 	/System/Library/PrivateFrameworks/SkyLight.framework/Versions/A/SkyLight
0x00000001910c1000 	/System/Library/Frameworks/CoreGraphics.framework/Versions/A/CoreGraphics
0x000000019cdae000 	/System/Library/Frameworks/Accelerate.framework/Versions/A/Accelerate
0x0000000197343000 	/System/Library/PrivateFrameworks/IconServices.framework/Versions/A/IconServices
0x0000000194428000 	/System/Library/Frameworks/IOSurface.framework/Versions/A/IOSurface
0x00000001925f7000 	/usr/lib/libDiagnosticMessagesClient.dylib
0x00000001a02af000 	/System/Library/Frameworks/ApplicationServices.framework/Versions/A/ApplicationServices
0x0000000194b3d000 	/System/Library/PrivateFrameworks/DFRFoundation.framework/Versions/A/DFRFoundation
0x000000018dfb8000 	/usr/lib/libicucore.A.dylib
0x0000000199282000 	/System/Library/Frameworks/AudioToolbox.framework/Versions/A/AudioToolbox
0x00000001983e1000 	/System/Library/PrivateFrameworks/DataDetectorsCore.framework/Versions/A/DataDetectorsCore
0x00000001aeddb000 	/System/Library/PrivateFrameworks/TextInput.framework/Versions/A/TextInput
0x0000000190c5d000 	/usr/lib/libMobileGestalt.dylib
0x0000000194809000 	/System/Library/Frameworks/Carbon.framework/Versions/A/Frameworks/HIToolbox.framework/Versions/A/HIToolbox
0x0000000192a77000 	/System/Library/Frameworks/QuartzCore.framework/Versions/A/QuartzCore
0x000000018dc39000 	/System/Library/Frameworks/Security.framework/Versions/A/Security
0x000000019c722000 	/System/Library/Frameworks/Carbon.framework/Versions/A/Frameworks/SpeechRecognition.framework/Versions/A/SpeechRecognition
0x0000000192df5000 	/System/Library/PrivateFrameworks/CoreUI.framework/Versions/A/CoreUI
0x000000018d515000 	/System/Library/Frameworks/CoreAudio.framework/Versions/A/CoreAudio
0x00000001926eb000 	/System/Library/Frameworks/DiskArbitration.framework/Versions/A/DiskArbitration
0x0000000197cd6000 	/System/Library/PrivateFrameworks/MultitouchSupport.framework/Versions/A/MultitouchSupport
0x0000000190c5b000 	/usr/lib/libenergytrace.dylib
0x000000018e5f0000 	/System/Library/Frameworks/IOKit.framework/Versions/A/IOKit
0x000000019cb11000 	/System/Library/Frameworks/CoreServices.framework/Versions/A/CoreServices
0x000000019302f000 	/System/Library/PrivateFrameworks/PerformanceAnalysis.framework/Versions/A/PerformanceAnalysis
0x00000001ed213000 	/System/Library/Frameworks/OpenGL.framework/Versions/A/OpenGL
0x0000000195c30000 	/System/Library/PrivateFrameworks/MobileKeyBag.framework/Versions/A/MobileKeyBag
0x00000001916cf000 	/System/Library/Frameworks/ColorSync.framework/Versions/A/ColorSync
0x000000018bb80000 	/System/Library/Frameworks/CoreFoundation.framework/Versions/A/CoreFoundation
0x0000000194dd9000 	/System/Library/Frameworks/CoreImage.framework/Versions/A/CoreImage
0x000000018d339000 	/System/Library/Frameworks/CoreText.framework/Versions/A/CoreText
0x0000000194b8a000 	/System/Library/Frameworks/ImageIO.framework/Versions/A/ImageIO
0x000000019669b000 	/System/Library/PrivateFrameworks/SoftLinking.framework/Versions/A/SoftLinking
0x00000001930ed000 	/usr/lib/libxml2.2.dylib
0x0000000196934000 	/usr/lib/libcompression.dylib
0x0000000198331000 	/System/Library/PrivateFrameworks/TextureIO.framework/Versions/A/TextureIO
0x000000019705c000 	/usr/lib/libate.dylib
0x0000000196f21000 	/usr/lib/liblzma.5.dylib
0x000000018c776000 	/System/Library/Frameworks/SystemConfiguration.framework/Versions/A/SystemConfiguration
0x0000000196697000 	/usr/lib/libfakelink.dylib
0x000000019078d000 	/System/Library/Frameworks/CFNetwork.framework/Versions/A/CFNetwork
0x00000001967dd000 	/usr/lib/libarchive.2.dylib
0x00000001951b9000 	/System/Library/PrivateFrameworks/AppleSystemInfo.framework/Versions/A/AppleSystemInfo
0x0000000195d43000 	/usr/lib/libbsm.0.dylib
0x000000018fcfa000 	/usr/lib/libnetwork.dylib
0x0000000196631000 	/usr/lib/system/libkxld.dylib
0x000000019595d000 	/System/Library/PrivateFrameworks/IOMobileFramebuffer.framework/Versions/A/IOMobileFramebuffer
0x000000020aedc000 	/usr/lib/libCoreEntitlements.dylib
0x0000000196367000 	/System/Library/PrivateFrameworks/AppleFSCompression.framework/Versions/A/AppleFSCompression
0x0000000195d2b000 	/usr/lib/libcoretls.dylib
0x0000000196f3a000 	/usr/lib/libcoretls_cfhelpers.dylib
0x000000019692f000 	/usr/lib/libpam.2.dylib
0x000000019202b000 	/usr/lib/libsqlite3.dylib
0x0000000196fa3000 	/usr/lib/libxar.1.dylib
0x0000000196378000 	/usr/lib/libbz2.1.0.dylib
0x000000019669c000 	/usr/lib/libpcap.A.dylib
0x000000019240b000 	/usr/lib/libdns_services.dylib
0x0000000196902000 	/usr/lib/libapple_nghttp2.dylib
0x00000001966d9000 	/usr/lib/libiconv.2.dylib
0x0000000196627000 	/usr/lib/libcharset.1.dylib
0x000000019306b000 	/System/Library/Frameworks/CoreServices.framework/Versions/A/Frameworks/FSEvents.framework/Versions/A/FSEvents
0x000000018e279000 	/System/Library/Frameworks/CoreServices.framework/Versions/A/Frameworks/CarbonCore.framework/Versions/A/CarbonCore
0x000000019264b000 	/System/Library/Frameworks/CoreServices.framework/Versions/A/Frameworks/Metadata.framework/Versions/A/Metadata
0x000000019638b000 	/System/Library/Frameworks/CoreServices.framework/Versions/A/Frameworks/OSServices.framework/Versions/A/OSServices
0x0000000196863000 	/System/Library/Frameworks/CoreServices.framework/Versions/A/Frameworks/SearchKit.framework/Versions/A/SearchKit
0x000000019239a000 	/System/Library/Frameworks/CoreServices.framework/Versions/A/Frameworks/AE.framework/Versions/A/AE
0x000000018c0c7000 	/System/Library/Frameworks/CoreServices.framework/Versions/A/Frameworks/LaunchServices.framework/Versions/A/LaunchServices
0x0000000196eca000 	/System/Library/Frameworks/CoreServices.framework/Versions/A/Frameworks/DictionaryServices.framework/Versions/A/DictionaryServices
0x0000000193078000 	/System/Library/Frameworks/CoreServices.framework/Versions/A/Frameworks/SharedFileList.framework/Versions/A/SharedFileList
0x0000000195d1b000 	/usr/lib/libCheckFix.dylib
0x0000000190ccc000 	/System/Library/PrivateFrameworks/TCC.framework/Versions/A/TCC
0x00000001951bf000 	/System/Library/PrivateFrameworks/CoreNLP.framework/Versions/A/CoreNLP
0x00000001925fa000 	/System/Library/PrivateFrameworks/MetadataUtilities.framework/Versions/A/MetadataUtilities
0x000000018c830000 	/usr/lib/libmecabra.dylib
0x0000000195d54000 	/usr/lib/libmecab.dylib
0x000000018c7fc000 	/usr/lib/libCRFSuite.dylib
0x0000000195db1000 	/usr/lib/libgermantok.dylib
0x00000001968db000 	/usr/lib/libThaiTokenizer.dylib
0x00000001926f3000 	/System/Library/Frameworks/Accelerate.framework/Versions/A/Frameworks/vImage.framework/Versions/A/vImage
0x000000019cae8000 	/System/Library/Frameworks/Accelerate.framework/Versions/A/Frameworks/vecLib.framework/Versions/A/vecLib
0x0000000196fe8000 	/System/Library/Frameworks/Accelerate.framework/Versions/A/Frameworks/vecLib.framework/Versions/A/libvMisc.dylib
0x0000000195864000 	/System/Library/Frameworks/Accelerate.framework/Versions/A/Frameworks/vecLib.framework/Versions/A/libvDSP.dylib
0x000000018c451000 	/System/Library/Frameworks/Accelerate.framework/Versions/A/Frameworks/vecLib.framework/Versions/A/libBLAS.dylib
0x0000000196a05000 	/System/Library/Frameworks/Accelerate.framework/Versions/A/Frameworks/vecLib.framework/Versions/A/libLAPACK.dylib
0x0000000195db4000 	/System/Library/Frameworks/Accelerate.framework/Versions/A/Frameworks/vecLib.framework/Versions/A/libLinearAlgebra.dylib
0x000000019691a000 	/System/Library/Frameworks/Accelerate.framework/Versions/A/Frameworks/vecLib.framework/Versions/A/libSparseBLAS.dylib
0x0000000196a00000 	/System/Library/Frameworks/Accelerate.framework/Versions/A/Frameworks/vecLib.framework/Versions/A/libQuadrature.dylib
0x00000001952b8000 	/System/Library/Frameworks/Accelerate.framework/Versions/A/Frameworks/vecLib.framework/Versions/A/libBNNS.dylib
0x000000018c70f000 	/System/Library/Frameworks/Accelerate.framework/Versions/A/Frameworks/vecLib.framework/Versions/A/libSparse.dylib
0x00000001952b0000 	/System/Library/PrivateFrameworks/LinguisticData.framework/Versions/A/LinguisticData
0x000000018c6c7000 	/System/Library/PrivateFrameworks/Lexicon.framework/Versions/A/Lexicon
0x0000000196fe0000 	/usr/lib/libChineseTokenizer.dylib
0x000000018ce75000 	/System/Library/PrivateFrameworks/LanguageModeling.framework/Versions/A/LanguageModeling
0x00000001968dd000 	/System/Library/PrivateFrameworks/AppleSauce.framework/Versions/A/AppleSauce
0x000000019594a000 	/System/Library/PrivateFrameworks/CoreEmoji.framework/Versions/A/CoreEmoji
0x00000001967cb000 	/usr/lib/libcmph.dylib
0x000000019304b000 	/System/Library/Frameworks/OpenDirectory.framework/Versions/A/Frameworks/CFOpenDirectory.framework/Versions/A/CFOpenDirectory
0x000000019303b000 	/System/Library/Frameworks/OpenDirectory.framework/Versions/A/OpenDirectory
0x0000000196f3c000 	/System/Library/PrivateFrameworks/APFS.framework/Versions/A/APFS
0x0000000195c6b000 	/System/Library/Frameworks/SecurityFoundation.framework/Versions/A/SecurityFoundation
0x0000000196fb2000 	/usr/lib/libutil.dylib
0x000000018e5b2000 	/System/Library/PrivateFrameworks/CoreServicesStore.framework/Versions/A/CoreServicesStore
0x0000000196fb6000 	/usr/lib/libxslt.1.dylib
0x0000000195cff000 	/System/Library/PrivateFrameworks/BackgroundTaskManagement.framework/Versions/A/BackgroundTaskManagement
0x0000000198252000 	/System/Library/Frameworks/ImageIO.framework/Versions/A/Resources/libRadiance.dylib
0x000000019825b000 	/System/Library/Frameworks/ImageIO.framework/Versions/A/Resources/libJPEG.dylib
0x00000001981ae000 	/System/Library/Frameworks/ImageIO.framework/Versions/A/Resources/libPng.dylib
0x00000001981d0000 	/System/Library/Frameworks/ImageIO.framework/Versions/A/Resources/libTIFF.dylib
0x00000001982b6000 	/System/Library/Frameworks/ImageIO.framework/Versions/A/Resources/libGIF.dylib
0x0000000197be6000 	/System/Library/Frameworks/ImageIO.framework/Versions/A/Resources/libJP2.dylib
0x0000000197308000 	/usr/lib/libexpat.1.dylib
0x0000000197ba1000 	/System/Library/PrivateFrameworks/AppleJPEG.framework/Versions/A/AppleJPEG
0x00000001946c5000 	/System/Library/PrivateFrameworks/FontServices.framework/libFontParser.dylib
0x000000019233f000 	/System/Library/PrivateFrameworks/RunningBoardServices.framework/Versions/A/RunningBoardServices
0x00000001a2be4000 	/System/Library/PrivateFrameworks/IOSurfaceAccelerator.framework/Versions/A/IOSurfaceAccelerator
0x0000000197cd2000 	/System/Library/PrivateFrameworks/WatchdogClient.framework/Versions/A/WatchdogClient
0x000000018cf75000 	/System/Library/Frameworks/CoreDisplay.framework/Versions/A/CoreDisplay
0x00000001945af000 	/System/Library/Frameworks/CoreMedia.framework/Versions/A/CoreMedia
0x000000019443c000 	/System/Library/PrivateFrameworks/IOAccelerator.framework/Versions/A/IOAccelerator
0x00000001931db000 	/System/Library/Frameworks/CoreVideo.framework/Versions/A/CoreVideo
0x000000019692d000 	/System/Library/Frameworks/MetalPerformanceShaders.framework/Versions/A/MetalPerformanceShaders
0x0000000197d11000 	/System/Library/Frameworks/VideoToolbox.framework/Versions/A/VideoToolbox
0x0000000192283000 	/System/Library/PrivateFrameworks/BaseBoard.framework/Versions/A/BaseBoard
0x0000000192011000 	/System/Library/PrivateFrameworks/ProtocolBuffer.framework/Versions/A/ProtocolBuffer
0x000000019824d000 	/System/Library/PrivateFrameworks/GPUWrangler.framework/Versions/A/GPUWrangler
0x000000019822d000 	/System/Library/PrivateFrameworks/IOPresentment.framework/Versions/A/IOPresentment
0x0000000198255000 	/System/Library/PrivateFrameworks/DSExternalDisplay.framework/Versions/A/DSExternalDisplay
0x00000001ed206000 	/System/Library/Frameworks/OpenGL.framework/Versions/A/Libraries/libCoreFSCache.dylib
0x00000001f79cc000 	/System/Library/PrivateFrameworks/GPUCompiler.framework/Versions/31001/Libraries/libGPUCompilerUtils.dylib
0x00000001982bb000 	/System/Library/PrivateFrameworks/CMCaptureCore.framework/Versions/A/CMCaptureCore
0x00000001978b9000 	/System/Library/PrivateFrameworks/AppServerSupport.framework/Versions/A/AppServerSupport
0x0000000199b3f000 	/System/Library/PrivateFrameworks/perfdata.framework/Versions/A/perfdata
0x000000018d095000 	/System/Library/PrivateFrameworks/AudioToolboxCore.framework/Versions/A/AudioToolboxCore
0x0000000194588000 	/System/Library/PrivateFrameworks/caulk.framework/Versions/A/caulk
0x0000000199434000 	/usr/lib/libAudioStatistics.dylib
0x00000001ab433000 	/System/Library/PrivateFrameworks/SystemPolicy.framework/Versions/A/SystemPolicy
0x00000001996a0000 	/usr/lib/libSMC.dylib
0x00000001a23ec000 	/System/Library/Frameworks/CoreMIDI.framework/Versions/A/CoreMIDI
0x000000019817c000 	/usr/lib/libAudioToolboxUtility.dylib
0x00000001a75a3000 	/System/Library/PrivateFrameworks/OSAServicesClient.framework/Versions/A/OSAServicesClient
0x0000000199b4c000 	/usr/lib/libperfcheck.dylib
0x00000001abf4f000 	/usr/lib/libmis.dylib
0x00000001ed268000 	/System/Library/Frameworks/OpenGL.framework/Versions/A/Libraries/libGLU.dylib
0x00000001ed227000 	/System/Library/Frameworks/OpenGL.framework/Versions/A/Libraries/libGFXShared.dylib
0x00000001ed414000 	/System/Library/Frameworks/OpenGL.framework/Versions/A/Libraries/libGL.dylib
0x00000001ed230000 	/System/Library/Frameworks/OpenGL.framework/Versions/A/Libraries/libGLImage.dylib
0x00000001ed224000 	/System/Library/Frameworks/OpenGL.framework/Versions/A/Libraries/libCVMSPluginSupport.dylib
0x00000001ed20d000 	/System/Library/Frameworks/OpenGL.framework/Versions/A/Libraries/libCoreVMClient.dylib
0x0000000195139000 	/System/Library/Frameworks/MetalPerformanceShaders.framework/Versions/A/Frameworks/MPSCore.framework/Versions/A/MPSCore
0x00000001962da000 	/System/Library/Frameworks/MetalPerformanceShaders.framework/Versions/A/Frameworks/MPSImage.framework/Versions/A/MPSImage
0x0000000195dc9000 	/System/Library/Frameworks/MetalPerformanceShaders.framework/Versions/A/Frameworks/MPSNeuralNetwork.framework/Versions/A/MPSNeuralNetwork
0x0000000196202000 	/System/Library/Frameworks/MetalPerformanceShaders.framework/Versions/A/Frameworks/MPSMatrix.framework/Versions/A/MPSMatrix
0x0000000195fdb000 	/System/Library/Frameworks/MetalPerformanceShaders.framework/Versions/A/Frameworks/MPSRayIntersector.framework/Versions/A/MPSRayIntersector
0x0000000196233000 	/System/Library/Frameworks/MetalPerformanceShaders.framework/Versions/A/Frameworks/MPSNDArray.framework/Versions/A/MPSNDArray
0x00000001ef62f000 	/System/Library/Frameworks/MetalPerformanceShaders.framework/Versions/A/Frameworks/MPSFunctions.framework/Versions/A/MPSFunctions
0x000000018c328000 	/System/Library/PrivateFrameworks/MetalTools.framework/Versions/A/MetalTools
0x00000001951b7000 	/System/Library/PrivateFrameworks/AggregateDictionary.framework/Versions/A/AggregateDictionary
0x00000001970ed000 	/usr/lib/libIOReport.dylib
0x00000001a1409000 	/System/Library/PrivateFrameworks/ASEProcessing.framework/Versions/A/ASEProcessing
0x0000000197462000 	/System/Library/PrivateFrameworks/FaceCore.framework/Versions/A/FaceCore
0x0000000197454000 	/System/Library/PrivateFrameworks/GraphVisualizer.framework/Versions/A/GraphVisualizer
0x00000001f78e3000 	/System/Library/PrivateFrameworks/FontServices.framework/Versions/A/FontServices
0x0000000197875000 	/System/Library/PrivateFrameworks/OTSVG.framework/Versions/A/OTSVG
0x0000000192da5000 	/System/Library/Frameworks/ApplicationServices.framework/Versions/A/Frameworks/ATS.framework/Versions/A/Resources/libFontRegistry.dylib
0x00000001978c2000 	/System/Library/PrivateFrameworks/FontServices.framework/libhvf.dylib
0x00000001f78e4000 	/System/Library/PrivateFrameworks/FontServices.framework/libXTFontStaticRegistryData.dylib
0x00000001ed5b5000 	/System/Library/Frameworks/OpenCL.framework/Versions/A/OpenCL
0x00000001972bc000 	/System/Library/PrivateFrameworks/AppleVA.framework/Versions/A/AppleVA
0x000000019945c000 	/System/Library/Frameworks/ApplicationServices.framework/Versions/A/Frameworks/ATS.framework/Versions/A/ATS
0x00000001917ce000 	/System/Library/Frameworks/ApplicationServices.framework/Versions/A/Frameworks/HIServices.framework/Versions/A/HIServices
0x00000001982c5000 	/System/Library/Frameworks/ApplicationServices.framework/Versions/A/Frameworks/PrintCore.framework/Versions/A/PrintCore
0x00000001997f3000 	/System/Library/Frameworks/ApplicationServices.framework/Versions/A/Frameworks/QD.framework/Versions/A/QD
0x00000001997eb000 	/System/Library/Frameworks/ApplicationServices.framework/Versions/A/Frameworks/ColorSyncLegacy.framework/Versions/A/ColorSyncLegacy
0x0000000199448000 	/System/Library/Frameworks/ApplicationServices.framework/Versions/A/Frameworks/SpeechSynthesis.framework/Versions/A/SpeechSynthesis
0x0000000198286000 	/System/Library/Frameworks/ApplicationServices.framework/Versions/A/Frameworks/ATSUI.framework/Versions/A/ATSUI
0x0000000199780000 	/usr/lib/libcups.2.dylib
0x0000000199b5a000 	/System/Library/Frameworks/Kerberos.framework/Versions/A/Kerberos
0x0000000199b6b000 	/System/Library/Frameworks/GSS.framework/Versions/A/GSS
0x00000001994cc000 	/usr/lib/libresolv.9.dylib
0x00000001978d1000 	/System/Library/PrivateFrameworks/Heimdal.framework/Versions/A/Heimdal
0x00000001a063f000 	/System/Library/Frameworks/Kerberos.framework/Versions/A/Libraries/libHeimdalProxy.dylib
0x000000019241d000 	/System/Library/Frameworks/Network.framework/Versions/A/Network
0x0000000197323000 	/usr/lib/libheimdal-asn1.dylib
0x0000000199bbb000 	/System/Library/PrivateFrameworks/CommonAuth.framework/Versions/A/CommonAuth
0x00000001993c2000 	/System/Library/PrivateFrameworks/AudioSession.framework/Versions/A/AudioSession
0x00000001973b5000 	/System/Library/PrivateFrameworks/MediaExperience.framework/Versions/A/MediaExperience
0x0000000199248000 	/System/Library/PrivateFrameworks/AudioSession.framework/libSessionUtility.dylib
0x00000001997ff000 	/System/Library/PrivateFrameworks/AudioResourceArbitration.framework/Versions/A/AudioResourceArbitration
0x000000019d9c5000 	/System/Library/PrivateFrameworks/PowerLog.framework/Versions/A/PowerLog
0x000000019732d000 	/System/Library/PrivateFrameworks/IconFoundation.framework/Versions/A/IconFoundation
0x000000019c70e000 	/System/Library/PrivateFrameworks/SpeechRecognitionCore.framework/Versions/A/SpeechRecognitionCore
0x0000000101de8000 	/Library/Java/JavaVirtualMachines/jdk-17.0.3.1.jdk/Contents/Home/lib/server/libjvm.dylib
0x0000000100f0c000 	/Library/Java/JavaVirtualMachines/jdk-17.0.3.1.jdk/Contents/Home/lib/libjimage.dylib
0x0000000100f38000 	/Library/Java/JavaVirtualMachines/jdk-17.0.3.1.jdk/Contents/Home/lib/libinstrument.dylib
0x0000000100f84000 	/Library/Java/JavaVirtualMachines/jdk-17.0.3.1.jdk/Contents/Home/lib/libjava.dylib
0x000000011f534000 	/Library/Java/JavaVirtualMachines/jdk-17.0.3.1.jdk/Contents/Home/lib/libnio.dylib
0x000000011f554000 	/Library/Java/JavaVirtualMachines/jdk-17.0.3.1.jdk/Contents/Home/lib/libnet.dylib
0x0000000100f6c000 	/Library/Java/JavaVirtualMachines/jdk-17.0.3.1.jdk/Contents/Home/lib/libzip.dylib
0x0000000101dd0000 	/Users/kali/.openjfx/cache/17.0.1/libprism_es2.dylib
0x000000018e575000 	/System/Library/PrivateFrameworks/CoreServicesInternal.framework/Versions/A/CoreServicesInternal
0x00000001ed41e000 	/System/Library/Frameworks/OpenGL.framework/Versions/A/Resources/GLEngine.bundle/GLEngine
0x00000001ed2a6000 	/System/Library/Frameworks/OpenGL.framework/Versions/A/Libraries/libGLProgrammability.dylib
0x000000012b500000 	/System/Library/Extensions/AppleMetalOpenGLRenderer.bundle/Contents/MacOS/AppleMetalOpenGLRenderer
0x00000001ed58d000 	/System/Library/Frameworks/OpenGL.framework/Versions/A/Resources/GLRendererFloat.bundle/GLRendererFloat
0x00000001ed68d000 	/System/Library/Extensions/AGXMetal13_3.bundle/Contents/MacOS/AGXMetal13_3
0x00000001abf6b000 	/System/Library/PrivateFrameworks/GPURawCounter.framework/Versions/A/GPURawCounter
0x00000001a670c000 	/System/Library/PrivateFrameworks/IOGPU.framework/Versions/A/IOGPU
0x000000012cfb0000 	/Users/kali/.openjfx/cache/17.0.1/libglass.dylib
0x000000019dc1d000 	/System/Library/Frameworks/FileProvider.framework/Versions/A/FileProvider
0x00000001921eb000 	/System/Library/Frameworks/Accounts.framework/Versions/A/Accounts
0x000000019dda1000 	/System/Library/PrivateFrameworks/GenerationalStorage.framework/Versions/A/GenerationalStorage
0x000000019e964000 	/System/Library/PrivateFrameworks/CoreSymbolication.framework/Versions/A/CoreSymbolication
0x000000019d9b9000 	/System/Library/PrivateFrameworks/SymptomDiagnosticReporter.framework/Versions/A/SymptomDiagnosticReporter
0x000000018f865000 	/System/Library/PrivateFrameworks/DesktopServicesPriv.framework/Versions/A/DesktopServicesPriv
0x000000018e6d7000 	/usr/lib/libsandbox.1.dylib
0x0000000193269000 	/System/Library/PrivateFrameworks/UserManagement.framework/Versions/A/UserManagement
0x000000019e921000 	/System/Library/PrivateFrameworks/DebugSymbols.framework/Versions/A/DebugSymbols
0x00000001997de000 	/System/Library/PrivateFrameworks/NetAuth.framework/Versions/A/NetAuth
0x000000019a6ff000 	/System/Library/PrivateFrameworks/Sharing.framework/Versions/A/Sharing
0x0000000193239000 	/System/Library/PrivateFrameworks/login.framework/Versions/A/Frameworks/loginsupport.framework/Versions/A/loginsupport
0x000000019fb56000 	/System/Library/PrivateFrameworks/Apple80211.framework/Versions/A/Apple80211
0x00000001963be000 	/System/Library/PrivateFrameworks/AuthKit.framework/Versions/A/AuthKit
0x0000000195a46000 	/System/Library/PrivateFrameworks/CoreUtils.framework/Versions/A/CoreUtils
0x0000000195969000 	/System/Library/Frameworks/CoreWLAN.framework/Versions/A/CoreWLAN
0x000000019a86f000 	/System/Library/Frameworks/IOBluetooth.framework/Versions/A/IOBluetooth
0x000000019fbb6000 	/System/Library/PrivateFrameworks/CoreWiFi.framework/Versions/A/CoreWiFi
0x000000019e501000 	/System/Library/PrivateFrameworks/FrontBoardServices.framework/Versions/A/FrontBoardServices
0x000000019e599000 	/System/Library/PrivateFrameworks/BoardServices.framework/Versions/A/BoardServices
0x0000000195c59000 	/System/Library/PrivateFrameworks/AssertionServices.framework/Versions/A/AssertionServices
0x000000019fd33000 	/System/Library/PrivateFrameworks/BackBoardServices.framework/Versions/A/BackBoardServices
0x0000000199c52000 	/System/Library/PrivateFrameworks/CorePhoneNumbers.framework/Versions/A/CorePhoneNumbers
0x00000001994f9000 	/System/Library/PrivateFrameworks/MultiverseSupport.framework/Versions/A/MultiverseSupport
0x000000019ffb4000 	/System/Library/PrivateFrameworks/RemoteServiceDiscovery.framework/Versions/A/RemoteServiceDiscovery
0x000000019dae9000 	/System/Library/PrivateFrameworks/DiskManagement.framework/Versions/A/DiskManagement
0x000000019d9ec000 	/System/Library/PrivateFrameworks/AppleIDAuthSupport.framework/Versions/A/AppleIDAuthSupport
0x00000001f1e6b000 	/System/Library/PrivateFrameworks/AAAFoundation.framework/Versions/A/AAAFoundation
0x0000000199c31000 	/System/Library/PrivateFrameworks/KeychainCircle.framework/Versions/A/KeychainCircle
0x000000019ffc4000 	/System/Library/PrivateFrameworks/RemoteXPC.framework/Versions/A/RemoteXPC
0x000000019dab5000 	/System/Library/PrivateFrameworks/MediaKit.framework/Versions/A/MediaKit
0x000000019d9f9000 	/System/Library/Frameworks/DiscRecording.framework/Versions/A/DiscRecording
0x0000000197238000 	/usr/lib/libCoreStorage.dylib
0x00000001a0030000 	/usr/lib/libcsfde.dylib
0x000000019a944000 	/System/Library/PrivateFrameworks/ProtectedCloudStorage.framework/Versions/A/ProtectedCloudStorage
0x00000001a0028000 	/System/Library/PrivateFrameworks/EFILogin.framework/Versions/A/EFILogin
0x000000019ddc8000 	/System/Library/PrivateFrameworks/OctagonTrust.framework/Versions/A/OctagonTrust
0x00000001f6a6a000 	/System/Library/PrivateFrameworks/CoreUtilsExtras.framework/Versions/A/CoreUtilsExtras
0x000000019d91e000 	/System/Library/Frameworks/CoreBluetooth.framework/Versions/A/CoreBluetooth
0x00000001a06c4000 	/System/Library/Frameworks/AudioUnit.framework/Versions/A/AudioUnit
0x0000000197230000 	/usr/lib/libMatch.1.dylib
0x00000001b0451000 	/System/Library/Frameworks/Accelerate.framework/Versions/A/Frameworks/vImage.framework/Versions/A/Libraries/libCGInterfaces.dylib
0x000000012e36c000 	/usr/lib/libobjc-trampolines.dylib
0x0000000192f33000 	/System/Library/PrivateFrameworks/ViewBridge.framework/Versions/A/ViewBridge
0x0000000197994000 	/System/Library/PrivateFrameworks/login.framework/Versions/A/login
0x000000012f688000 	/Users/kali/.openjfx/cache/17.0.1/libjavafx_font.dylib
0x000000020b039000 	/usr/lib/libRosetta.dylib


VM Arguments:
jvm_args: -javaagent:/Applications/IntelliJ IDEA.app/Contents/lib/idea_rt.jar=53166:/Applications/IntelliJ IDEA.app/Contents/bin -Dfile.encoding=UTF-8 --module-path=/Users/kali/.m2/repository/org/openjfx/javafx-controls/17.0.1/javafx-controls-17.0.1-mac-aarch64.jar:/Users/kali/.m2/repository/org/openjfx/javafx-base/17.0.1/javafx-base-17.0.1-mac-aarch64.jar:/Users/kali/.m2/repository/org/openjfx/javafx-fxml/17.0.1/javafx-fxml-17.0.1-mac-aarch64.jar:/Users/kali/Downloads/HW3/target/classes:/Users/kali/.m2/repository/org/openjfx/javafx-graphics/17.0.1/javafx-graphics-17.0.1-mac-aarch64.jar -Djdk.module.main=com.example.hw3 
java_command: com.example.hw3/com.example.hw3.BabyNames
java_class_path (initial): /Users/kali/.m2/repository/org/openjfx/javafx-controls/17.0.1/javafx-controls-17.0.1.jar:/Users/kali/.m2/repository/org/openjfx/javafx-graphics/17.0.1/javafx-graphics-17.0.1.jar:/Users/kali/.m2/repository/org/openjfx/javafx-base/17.0.1/javafx-base-17.0.1.jar:/Users/kali/.m2/repository/org/openjfx/javafx-fxml/17.0.1/javafx-fxml-17.0.1.jar:/Users/kali/Downloads/mysql-connector-java-8.0.18.jar
Launcher Type: SUN_STANDARD

[Global flags]
     intx CICompilerCount                          = 4                                         {product} {ergonomic}
     uint ConcGCThreads                            = 2                                         {product} {ergonomic}
     uint G1ConcRefinementThreads                  = 8                                         {product} {ergonomic}
   size_t G1HeapRegionSize                         = 1048576                                   {product} {ergonomic}
    uintx GCDrainStackTargetSize                   = 64                                        {product} {ergonomic}
   size_t InitialHeapSize                          = 134217728                                 {product} {ergonomic}
   size_t MarkStackSize                            = 4194304                                   {product} {ergonomic}
   size_t MaxHeapSize                              = 2147483648                                {product} {ergonomic}
   size_t MaxNewSize                               = 1287651328                                {product} {ergonomic}
   size_t MinHeapDeltaBytes                        = 1048576                                   {product} {ergonomic}
   size_t MinHeapSize                              = 8388608                                   {product} {ergonomic}
    uintx NonNMethodCodeHeapSize                   = 5839564                                {pd product} {ergonomic}
    uintx NonProfiledCodeHeapSize                  = 122909338                              {pd product} {ergonomic}
    uintx ProfiledCodeHeapSize                     = 122909338                              {pd product} {ergonomic}
    uintx ReservedCodeCacheSize                    = 251658240                              {pd product} {ergonomic}
     bool SegmentedCodeCache                       = true                                      {product} {ergonomic}
   size_t SoftMaxHeapSize                          = 2147483648                             {manageable} {ergonomic}
     bool UseCompressedClassPointers               = true                           {product lp64_product} {ergonomic}
     bool UseCompressedOops                        = true                           {product lp64_product} {ergonomic}
     bool UseG1GC                                  = true                                      {product} {ergonomic}
     bool UseNUMA                                  = false                                     {product} {ergonomic}
     bool UseNUMAInterleaving                      = false                                     {product} {ergonomic}

Logging:
Log output configuration:
 #0: stdout all=warning uptime,level,tags
 #1: stderr all=off uptime,level,tags

Environment Variables:
PATH=/opt/homebrew/bin:/opt/homebrew/sbin:/usr/local/bin:/usr/bin:/bin:/usr/sbin:/sbin:/usr/local/apache-maven-3.8.6/bin
SHELL=/bin/zsh
LC_CTYPE=en_US.UTF-8

Signal Handlers:
   SIGSEGV: _ZL13crash_handleriP9__siginfoPv in libjvm.dylib, mask=11100110000111110111111111111111, flags=SA_RESTART|SA_SIGINFO
    SIGBUS: _ZL13crash_handleriP9__siginfoPv in libjvm.dylib, mask=11100110000111110111111111111111, flags=SA_RESTART|SA_SIGINFO
    SIGFPE: _ZL13crash_handleriP9__siginfoPv in libjvm.dylib, mask=11100110000111110111111111111111, flags=SA_RESTART|SA_SIGINFO
   SIGPIPE: _ZL17javaSignalHandleriP9__siginfoPv in libjvm.dylib, mask=11100110000111110111111111111111, flags=SA_RESTART|SA_SIGINFO
   SIGXFSZ: _ZL17javaSignalHandleriP9__siginfoPv in libjvm.dylib, mask=11100110000111110111111111111111, flags=SA_RESTART|SA_SIGINFO
    SIGILL: _ZL13crash_handleriP9__siginfoPv in libjvm.dylib, mask=11100110000111110111111111111111, flags=SA_RESTART|SA_SIGINFO
   SIGUSR2: _ZL10SR_handleriP9__siginfoP17__darwin_ucontext in libjvm.dylib, mask=00100000000000000000000000000000, flags=SA_RESTART|SA_SIGINFO
    SIGHUP: _ZL11UserHandleriPvS_ in libjvm.dylib, mask=11100110000111110111111111111111, flags=SA_RESTART|SA_SIGINFO
    SIGINT: _ZL11UserHandleriPvS_ in libjvm.dylib, mask=11100110000111110111111111111111, flags=SA_RESTART|SA_SIGINFO
   SIGTERM: _ZL11UserHandleriPvS_ in libjvm.dylib, mask=11100110000111110111111111111111, flags=SA_RESTART|SA_SIGINFO
   SIGQUIT: _ZL11UserHandleriPvS_ in libjvm.dylib, mask=11100110000111110111111111111111, flags=SA_RESTART|SA_SIGINFO
   SIGTRAP: _ZL13crash_handleriP9__siginfoPv in libjvm.dylib, mask=11100110000111110111111111111111, flags=SA_RESTART|SA_SIGINFO


---------------  S Y S T E M  ---------------

OS:
uname: Darwin 21.5.0 Darwin Kernel Version 21.5.0: Tue Apr 26 21:08:29 PDT 2022; root:xnu-8020.121.3~4/RELEASE_ARM64_T8101 arm64
OS uptime: 1 days 9:00 hours
rlimit (soft/hard): STACK 8176k/65520k , CORE 0k/infinity , NPROC 1333/2000 , NOFILE 10240/infinity , AS infinity/infinity , CPU infinity/infinity , DATA infinity/infinity , FSIZE infinity/infinity , MEMLOCK infinity/infinity , RSS infinity/infinity
load average: 3.32 3.10 2.48

CPU: total 8 (initial active 8) 0x61:0x0:0x1b588bb3:0, fp, simd, crc, lse

Memory: 16k page, physical 8388608k(71360k free), swap 1048576k(855808k free)

vm_info: Java HotSpot(TM) 64-Bit Server VM (17.0.3.1+2-LTS-6) for bsd-aarch64 JRE (17.0.3.1+2-LTS-6), built on Apr 25 2022 20:48:14 by "mach5one" with clang Apple LLVM 12.0.0 (clang-1200.0.32.29)

END.
