#
# A fatal error has been detected by the Java Runtime Environment:
#
#  SIGBUS (0xa) at pc=0x000000010c0194f0, pid=8177, tid=32775
#
# JRE version: Java(TM) SE Runtime Environment (17.0.3.1+2) (build 17.0.3.1+2-LTS-6)
# Java VM: Java HotSpot(TM) 64-Bit Server VM (17.0.3.1+2-LTS-6, mixed mode, sharing, tiered, compressed oops, compressed class ptrs, g1 gc, bsd-aarch64)
# Problematic frame:
# v  ~StubRoutines::SafeFetchN
#
# No core dump will be written. Core dumps have been disabled. To enable core dumping, try "ulimit -c unlimited" before starting Java again
#
# If you would like to submit a bug report, please visit:
#   https://bugreport.java.com/bugreport/crash.jsp
# The crash happened outside the Java Virtual Machine in native code.
# See problematic frame for where to report the bug.
#

---------------  S U M M A R Y ------------

Command Line: -agentlib:jdwp=transport=dt_socket,address=127.0.0.1:52795,suspend=y,server=n -javaagent:/Users/kali/Library/Caches/JetBrains/IntelliJIdea2022.1/captureAgent/debugger-agent.jar -Dfile.encoding=UTF-8 --module-path=/Users/kali/Downloads/HW3/target/classes:/Users/kali/.m2/repository/org/openjfx/javafx-graphics/17.0.1/javafx-graphics-17.0.1-mac-aarch64.jar:/Users/kali/.m2/repository/org/openjfx/javafx-controls/17.0.1/javafx-controls-17.0.1-mac-aarch64.jar:/Users/kali/.m2/repository/org/openjfx/javafx-fxml/17.0.1/javafx-fxml-17.0.1-mac-aarch64.jar:/Users/kali/.m2/repository/org/openjfx/javafx-base/17.0.1/javafx-base-17.0.1-mac-aarch64.jar -Djdk.module.main=com.example.hw3 com.example.hw3/com.example.hw3.BabyNames

Host: "MacBookPro17,1" arm64 1 MHz, 8 cores, 8G, Darwin 21.5.0, macOS 12.4 (21F79)
Time: Wed Jul 20 00:46:04 2022 CDT elapsed time: 4.181985 seconds (0d 0h 0m 4s)

---------------  T H R E A D  ---------------

Current thread (0x000000014d9ba800):  JavaThread "InvokeLaterDispatcher" daemon [_thread_in_native, id=32775, stack(0x00000001704a0000,0x00000001706a3000)]

Stack: [0x00000001704a0000,0x00000001706a3000],  sp=0x00000001706a27b0,  free space=2057k
Native frames: (J=compiled Java code, j=interpreted, Vv=VM code, C=native code)
v  ~StubRoutines::SafeFetchN
V  [libjvm.dylib+0x7a3f04]  _ZN10OopStorage7releaseEPKP7oopDesc+0x20
V  [libjvm.dylib+0x4b93a0]  jni_DeleteGlobalRef+0xc4
C  [libglass.dylib+0xab08]  -[GlassRunnable dealloc]+0x34
C  [Foundation+0x85318]  -[_NSThreadPerformInfo dealloc]+0x30
C  [Foundation+0x518ac]  -[NSObject(NSThreadPerformAdditions) performSelectorOnMainThread:withObject:waitUntilDone:]+0x88
C  0xa74900010c023be0
j  com.sun.glass.ui.mac.MacApplication.submitForLaterInvocation(Ljava/lang/Runnable;)V+2 javafx.graphics
j  com.sun.glass.ui.InvokeLaterDispatcher.run()V+82 javafx.graphics
v  ~StubRoutines::call_stub
V  [libjvm.dylib+0x4609f8]  _ZN9JavaCalls11call_helperEP9JavaValueRK12methodHandleP17JavaCallArgumentsP10JavaThread+0x38c
V  [libjvm.dylib+0x45fa14]  _ZN9JavaCalls12call_virtualEP9JavaValueP5KlassP6SymbolS5_P17JavaCallArgumentsP10JavaThread+0x11c
V  [libjvm.dylib+0x45fae0]  _ZN9JavaCalls12call_virtualEP9JavaValue6HandleP5KlassP6SymbolS6_P10JavaThread+0x64
V  [libjvm.dylib+0x513360]  _ZL12thread_entryP10JavaThreadS0_+0xc4
V  [libjvm.dylib+0x904598]  _ZN10JavaThread17thread_main_innerEv+0x134
V  [libjvm.dylib+0x902ec0]  _ZN6Thread8call_runEv+0x128
V  [libjvm.dylib+0x7aaac4]  _ZL19thread_native_entryP6Thread+0x158
C  [libsystem_pthread.dylib+0x726c]  _pthread_start+0x94

Java frames: (J=compiled Java code, j=interpreted, Vv=VM code)
j  com.sun.glass.ui.mac.MacApplication._submitForLaterInvocation(Ljava/lang/Runnable;)V+0 javafx.graphics
j  com.sun.glass.ui.mac.MacApplication.submitForLaterInvocation(Ljava/lang/Runnable;)V+2 javafx.graphics
j  com.sun.glass.ui.InvokeLaterDispatcher.run()V+82 javafx.graphics
v  ~StubRoutines::call_stub

siginfo: si_signo: 10 (SIGBUS), si_code: 1 (BUS_ADRALN), si_addr: 0x000000010c0194f0

Register to memory mapping:

 x0=0x000000013d104888 is a global jni handle
 x1=0x0 is NULL
 x2=0x0000000782381490 is an oop: com.sun.glass.ui.InvokeLaterDispatcher$Future 
{0x0000000782381490} - klass: 'com/sun/glass/ui/InvokeLaterDispatcher$Future'
 - ---- fields (total size 3 words):
 - private 'done' 'Z' @12  true
 - private final 'runnable' 'Ljava/lang/Runnable;' @16  a 'com/sun/javafx/application/PlatformImpl$$Lambda$90+0x0000000800c856b8'{0x0000000781f8e988} (f03f1d31)
 - final synthetic 'this$0' 'Lcom/sun/glass/ui/InvokeLaterDispatcher;' @20  a 'com/sun/glass/ui/InvokeLaterDispatcher'{0x00000007801e1b40} (f003c368)
 x3=0x0 is NULL
 x4=0x00000000000130a8 is an unknown value
 x5=0x0 is NULL
 x6=0x0 is NULL
 x7=0x0 is NULL
 x8=0x000000010c0194ec is at begin+0 in a stub
StubRoutines::SafeFetchN [0x000000010c0194ec, 0x000000010c0194f8] (12 bytes)
 x9=0x0 is NULL
x10=0x2010000030300000 is an unknown value
x11=0x0000000000000007 is an unknown value
x12=0x0 is NULL
x13=0x0000600002300df0 points into unknown readable memory: 0x0000000000000000 | 00 00 00 00 00 00 00 00
x14=0x00000d0000000000 is an unknown value
x15=0x00000001215d9f98: OBJC_CLASS_$_GlassRunnable+0 in /Users/kali/.openjfx/cache/17.0.1/libglass.dylib at 0x0000000121594000
x16=0x000000018bb330fc: pthread_getspecific+0 in /usr/lib/system/libsystem_pthread.dylib at 0x000000018bb31000
x17=0x0000600002608380 points into unknown readable memory: 0xfffffffffffffffe | fe ff ff ff ff ff ff ff
x18=0x0 is NULL
x19=0x00006000026243f0 points into unknown readable memory: 0x0000600000f3c440 | 40 c4 f3 00 00 60 00 00
x20=0x000000013d104680 points into unknown readable memory: 0x0000000000000000 | 00 00 00 00 00 00 00 00
x21=0x000000013d104888 is a global jni handle
x22=0x000000014d9ba800 is a thread
x23=0x0000000000000001 is an unknown value
x24=0x000000013d104840 is a global jni handle
x25=0x00000001044cd628: _ZN12StubRoutines17_safefetchN_entryE+0 in /Library/Java/JavaVirtualMachines/jdk-17.0.3.1.jdk/Contents/Home/lib/server/libjvm.dylib at 0x0000000103934000
x26=0x0000000121d1a8a0 is pointing into metadata
x27=0x0 is NULL
x28=0x000000014d9ba800 is a thread


Registers:
 x0=0x000000013d104888  x1=0x0000000000000000  x2=0x0000000782381490  x3=0x0000000000000000
 x4=0x00000000000130a8  x5=0x0000000000000000  x6=0x0000000000000000  x7=0x0000000000000000
 x8=0x000000010c0194ec  x9=0x0000000000000000 x10=0x2010000030300000 x11=0x0000000000000007
x12=0x0000000000000000 x13=0x0000600002300df0 x14=0x00000d0000000000 x15=0x00000001215d9f98
x16=0x000000018bb330fc x17=0x0000600002608380 x18=0x0000000000000000 x19=0x00006000026243f0
x20=0x000000013d104680 x21=0x000000013d104888 x22=0x000000014d9ba800 x23=0x0000000000000001
x24=0x000000013d104840 x25=0x00000001044cd628 x26=0x0000000121d1a8a0 x27=0x0000000000000000
x28=0x000000014d9ba800  fp=0x00000001706a27f0  lr=0x00000001040d6cd4  sp=0x00000001706a27b0
pc=0x000000010c0194f0 cpsr=0x0000000060001000
Top of Stack: (sp=0x00000001706a27b0)
0x00000001706a27b0:   0000000121d1a8a0 0000000000000001
0x00000001706a27c0:   00000001706a29a8 0000600000f30a70
0x00000001706a27d0:   0000000000000000 000000013d104860
0x00000001706a27e0:   000000013d104860 00006000026243f0
0x00000001706a27f0:   00000001706a2830 00000001040d7f04
0x00000001706a2800:   0000000000000001 000000013d104860
0x00000001706a2810:   0000000000000000 000000013d104860
0x00000001706a2820:   0000000000000001 000000013d880c00
0x00000001706a2830:   00000001706a2860 0000000103ded3a0
0x00000001706a2840:   0000600000f30410 00000001d5df130c
0x00000001706a2850:   0000000000000000 0000600000f30410
0x00000001706a2860:   00000001706a2890 000000012159eb08
0x00000001706a2870:   18d6e76b6b2d00a4 0000000000000000
0x00000001706a2880:   0000000000000000 000060000180f7c0
0x00000001706a2890:   00000001706a28d0 000000018cb08318
0x00000001706a28a0:   00000001706a29a8 0000600000f30a70
0x00000001706a28b0:   0000600000f30410 18d6e76b6b2d00a4
0x00000001706a28c0:   0000000000000000 0000000000000000
0x00000001706a28d0:   00000001706a2910 3c3580018cad48ac
0x00000001706a28e0:   00000001706a29a8 000000010c022500
0x00000001706a28f0:   0000000000000000 00000001044d4fe8
0x00000001706a2900:   00000001706a2920 000000010c020cf0
0x00000001706a2910:   00000001706a2980 a74900010c023be0
0x00000001706a2920:   00000001706a2988 00000001219c8c08
0x00000001706a2930:   00000001706a2930 0000000000000000
0x00000001706a2940:   00000001706a29a8 0000000121d1a8a0
0x00000001706a2950:   00000007801f3a70 0000000000000000
0x00000001706a2960:   0000000000000000 0000000121cf3418
0x00000001706a2970:   0000000000000000 00000001706a2980
0x00000001706a2980:   00000001706a2a00 000000010c01e6ac
0x00000001706a2990:   0000000000000000 0000000000000000
0x00000001706a29a0:   0000000782381490 00000007801f3d10 

Instructions: (pc=0x000000010c0194f0)
0x000000010c0193f0:   f2a08929 f2c00029 6d425935 1e640886
0x000000010c019400:   0c402d31 1e6408c7 1f5654d0 1e6c1017
0x000000010c019410:   1f5050d0 1f504cd0 1f5048d0 1e650af6
0x000000010c019420:   1f50d8f6 1f5694d6 1f5158f6 1e762880
0x000000010c019430:   36000501 1e614000 14000026 2e251ca5
0x000000010c019440:   d2943009 f2a08929 f2c00029 6d425d36
0x000000010c019450:   1e600806 0c402d32 1f5758c7 1e6c101a
0x000000010c019460:   1f4754c7 1e650805 1f4750c7 d2866668
0x000000010c019470:   f2a7fa68 1f474cc7 1e6608c0 1f4748c7
0x000000010c019480:   1e6e1019 eb08007f 540000ac 1f479400
0x000000010c019490:   1f460340 1e603b20 1400000e d2a7fd29
0x000000010c0194a0:   eb09007f 540000ac 51480069 d3607d29
0x000000010c0194b0:   9e670121 14000002 1e6a5001 1f679417
0x000000010c0194c0:   1f668742 1e613b23 1e773857 1e773860
0x000000010c0194d0:   a8c17ff3 910003bf a8c17bfd d65f03c0
0x000000010c0194e0:   b9400001 aa0103e0 d65f03c0 f9400001
0x000000010c0194f0:   aa0103e0 d65f03c0 00000000 00000000
0x000000010c019500:   00000000 00000000 00000000 00000000
0x000000010c019510:   00000000 00000000 00000000 00000000
0x000000010c019520:   00000000 00000000 00000000 00000000
0x000000010c019530:   00000000 00000000 00000000 00000000
0x000000010c019540:   00000000 00000000 00000000 00000000
0x000000010c019550:   00000000 00000000 00000000 00000000
0x000000010c019560:   00000000 00000000 00000000 00000000
0x000000010c019570:   00000000 00000000 00000000 00000000
0x000000010c019580:   00000000 00000000 00000000 00000000
0x000000010c019590:   00000000 00000000 00000000 00000000
0x000000010c0195a0:   00000000 00000000 00000000 00000000
0x000000010c0195b0:   00000000 00000000 00000000 00000000
0x000000010c0195c0:   00000000 00000000 00000000 00000000
0x000000010c0195d0:   00000000 00000000 00000000 00000000
0x000000010c0195e0:   00000000 00000000 00000000 00000000 


Stack slot to memory mapping:
stack at sp + 0 slots: 0x0000000121d1a8a0 is pointing into metadata
stack at sp + 1 slots: 0x0000000000000001 is an unknown value
stack at sp + 2 slots: 0x00000001706a29a8 is pointing into the stack for thread: 0x000000014d9ba800
stack at sp + 3 slots: 0x0000600000f30a70 points into unknown readable memory: 0x01000001e4502031 | 31 20 50 e4 01 00 00 01
stack at sp + 4 slots: 0x0 is NULL
stack at sp + 5 slots: 0x000000013d104860 is a global jni handle
stack at sp + 6 slots: 0x000000013d104860 is a global jni handle
stack at sp + 7 slots: 0x00006000026243f0 points into unknown readable memory: 0x0000600000f3c440 | 40 c4 f3 00 00 60 00 00

StubRoutines::SafeFetchN [0x000000010c0194ec, 0x000000010c0194f8] (12 bytes)
[MachCode]
  0x000000010c0194ec: 0100 40f9 | e003 01aa | c003 5fd6 
[/MachCode]

---------------  P R O C E S S  ---------------

Threads class SMR info:
_java_thread_list=0x0000600000c55f20, length=22, elements={
0x000000014c80a200, 0x000000014d890000, 0x000000014d892800, 0x000000013d809c00,
0x000000014c00d800, 0x000000014c00d000, 0x000000014c00de00, 0x000000014d890c00,
0x000000014d891200, 0x000000014d888a00, 0x000000013e008200, 0x000000013e822400,
0x000000014c00f400, 0x000000014d889400, 0x000000013d80c800, 0x000000014d9ba800,
0x000000013d880c00, 0x000000014d9c9200, 0x000000014c12d200, 0x000000014da9fa00,
0x000000014c1e9200, 0x000000013e060e00
}

Java Threads: ( => current thread )
  0x000000014c80a200 JavaThread "main" [_thread_blocked, id=10243, stack(0x000000016d680000,0x000000016d883000)]
  0x000000014d890000 JavaThread "Reference Handler" daemon [_thread_blocked, id=16387, stack(0x000000016e4d4000,0x000000016e6d7000)]
  0x000000014d892800 JavaThread "Finalizer" daemon [_thread_blocked, id=15363, stack(0x000000016e6e0000,0x000000016e8e3000)]
  0x000000013d809c00 JavaThread "Signal Dispatcher" daemon [_thread_blocked, id=42499, stack(0x000000016ea04000,0x000000016ec07000)]
  0x000000014c00d800 JavaThread "Service Thread" daemon [_thread_blocked, id=41987, stack(0x000000016ec10000,0x000000016ee13000)]
  0x000000014c00d000 JavaThread "Monitor Deflation Thread" daemon [_thread_blocked, id=23299, stack(0x000000016ee1c000,0x000000016f01f000)]
  0x000000014c00de00 JavaThread "C2 CompilerThread0" daemon [_thread_blocked, id=23555, stack(0x000000016f028000,0x000000016f22b000)]
  0x000000014d890c00 JavaThread "C1 CompilerThread0" daemon [_thread_in_native, id=41475, stack(0x000000016f234000,0x000000016f437000)]
  0x000000014d891200 JavaThread "Sweeper thread" daemon [_thread_blocked, id=24323, stack(0x000000016f440000,0x000000016f643000)]
  0x000000014d888a00 JavaThread "Common-Cleaner" daemon [_thread_blocked, id=41219, stack(0x000000016f64c000,0x000000016f84f000)]
  0x000000013e008200 JavaThread "JDWP Transport Listener: dt_socket" daemon [_thread_blocked, id=40711, stack(0x000000016f858000,0x000000016fa5b000)]
  0x000000013e822400 JavaThread "JDWP Event Helper Thread" daemon [_thread_blocked, id=24835, stack(0x000000016fa64000,0x000000016fc67000)]
  0x000000014c00f400 JavaThread "JDWP Command Reader" daemon [_thread_in_native, id=39939, stack(0x000000016fc70000,0x000000016fe73000)]
  0x000000014d889400 JavaThread "Notification Thread" daemon [_thread_blocked, id=39683, stack(0x000000016fe7c000,0x000000017007f000)]
  0x000000013d80c800 JavaThread "QuantumRenderer-0" daemon [_thread_blocked, id=25347, stack(0x0000000170294000,0x0000000170497000)]
=>0x000000014d9ba800 JavaThread "InvokeLaterDispatcher" daemon [_thread_in_native, id=32775, stack(0x00000001704a0000,0x00000001706a3000)]
  0x000000013d880c00 JavaThread "JavaFX Application Thread" [_thread_in_native, id=259, stack(0x000000016cdf8000,0x000000016d5f4000)]
  0x000000014d9c9200 JavaThread "JavaFX-Launcher" [_thread_blocked, id=58627, stack(0x0000000170944000,0x0000000170b47000)]
  0x000000014c12d200 JavaThread "mysql-cj-abandoned-connection-cleanup" daemon [_thread_blocked, id=58883, stack(0x0000000170b50000,0x0000000170d53000)]
  0x000000014da9fa00 JavaThread "Prism Font Disposer" daemon [_thread_blocked, id=62219, stack(0x0000000176410000,0x0000000176613000)]
  0x000000014c1e9200 JavaThread "Cleaner-0" daemon [_thread_blocked, id=90639, stack(0x0000000176ccc000,0x0000000176ecf000)]
  0x000000013e060e00 JavaThread "PulseTimer-CVDisplayLink thread" daemon [_thread_in_native, id=1403, stack(0x00000001706ac000,0x000000017072f000)]

Other Threads:
  0x000000014d00a240 VMThread "VM Thread" [stack: 0x000000016e2c8000,0x000000016e4cb000] [id=17155]
  0x000000014d010e10 WatcherThread [stack: 0x0000000170088000,0x000000017028b000] [id=39171]
  0x000000014bf07650 GCTaskThread "GC Thread#0" [stack: 0x000000016d88c000,0x000000016da8f000] [id=19971]
  0x000000013d12d620 GCTaskThread "GC Thread#1" [stack: 0x0000000170d5c000,0x0000000170f5f000] [id=59139]
  0x000000013be0a9b0 GCTaskThread "GC Thread#2" [stack: 0x0000000170f68000,0x000000017116b000] [id=59651]
  0x000000013bf07f90 GCTaskThread "GC Thread#3" [stack: 0x0000000171174000,0x0000000171377000] [id=73731]
  0x000000013bf08630 GCTaskThread "GC Thread#4" [stack: 0x0000000171380000,0x0000000171583000] [id=73219]
  0x000000013d00a3f0 GCTaskThread "GC Thread#5" [stack: 0x000000017158c000,0x000000017178f000] [id=72963]
  0x000000014bf46e10 GCTaskThread "GC Thread#6" [stack: 0x0000000171798000,0x000000017199b000] [id=60419]
  0x000000014bf47680 GCTaskThread "GC Thread#7" [stack: 0x00000001719a4000,0x0000000171ba7000] [id=72451]
  0x000000014bf07d00 ConcurrentGCThread "G1 Main Marker" [stack: 0x000000016da98000,0x000000016dc9b000] [id=12547]
  0x000000014be05960 ConcurrentGCThread "G1 Conc#0" [stack: 0x000000016dca4000,0x000000016dea7000] [id=19203]
  0x000000013bf0abf0 ConcurrentGCThread "G1 Conc#1" [stack: 0x0000000176ac0000,0x0000000176cc3000] [id=173583]
  0x000000014d005d50 ConcurrentGCThread "G1 Refine#0" [stack: 0x000000016deb0000,0x000000016e0b3000] [id=13315]
  0x000000013d143b10 ConcurrentGCThread "G1 Refine#1" [stack: 0x000000017661c000,0x000000017681f000] [id=62467]
  0x000000014d03e840 ConcurrentGCThread "G1 Refine#2" [stack: 0x0000000176828000,0x0000000176a2b000] [id=71427]
  0x000000014d0065f0 ConcurrentGCThread "G1 Service" [stack: 0x000000016e0bc000,0x000000016e2bf000] [id=18179]

Threads with active compile tasks:
C1 CompilerThread0     4196 3419       3       javafx.scene.CssStyleHelper::lookupFont (1235 bytes)

VM state: not at safepoint (normal execution)

VM Mutex/Monitor currently owned by a thread: None

Heap address: 0x0000000780000000, size: 2048 MB, Compressed Oops mode: Zero based, Oop shift amount: 3

CDS archive(s) mapped at: [0x0000000800000000-0x0000000800bd8000-0x0000000800bd8000), size 12419072, SharedBaseAddress: 0x0000000800000000, ArchiveRelocationMode: 0.
Compressed class space mapped at: 0x0000000800c00000-0x0000000840c00000, reserved size: 1073741824
Narrow klass base: 0x0000000800000000, Narrow klass shift: 0, Narrow klass range: 0x100000000

GC Precious Log:
 CPUs: 8 total, 8 available
 Memory: 8192M
 Large Page Support: Disabled
 NUMA Support: Disabled
 Compressed Oops: Enabled (Zero based)
 Heap Region Size: 1M
 Heap Min Capacity: 8M
 Heap Initial Capacity: 128M
 Heap Max Capacity: 2G
 Pre-touch: Disabled
 Parallel Workers: 8
 Concurrent Workers: 2
 Concurrent Refinement Workers: 8
 Periodic GC: Disabled

Heap:
 garbage-first heap   total 51200K, used 23093K [0x0000000780000000, 0x0000000800000000)
  region size 1024K, 17 young (17408K), 6 survivors (6144K)
 Metaspace       used 23327K, committed 23616K, reserved 1073152K
  class space    used 3175K, committed 3328K, reserved 1048576K

Heap Regions: E=young(eden), S=young(survivor), O=old, HS=humongous(starts), HC=humongous(continues), CS=collection set, F=free, OA=open archive, CA=closed archive, TAMS=top-at-mark-start (previous, next)
|   0|0x0000000780000000, 0x0000000780100000, 0x0000000780100000|100%| O|  |TAMS 0x0000000780100000, 0x0000000780000000| Untracked 
|   1|0x0000000780100000, 0x0000000780200000, 0x0000000780200000|100%| O|  |TAMS 0x00000007801d8a00, 0x0000000780100000| Untracked 
|   2|0x0000000780200000, 0x0000000780300000, 0x0000000780300000|100%| O|  |TAMS 0x0000000780200000, 0x0000000780200000| Untracked 
|   3|0x0000000780300000, 0x0000000780400000, 0x0000000780400000|100%| O|  |TAMS 0x0000000780300000, 0x0000000780300000| Untracked 
|   4|0x0000000780400000, 0x000000078043a000, 0x0000000780500000| 22%| O|  |TAMS 0x0000000780400000, 0x0000000780400000| Complete 
|   5|0x0000000780500000, 0x0000000780600000, 0x0000000780600000|100%|HS|  |TAMS 0x0000000780500000, 0x0000000780500000| Complete 
|   6|0x0000000780600000, 0x0000000780700000, 0x0000000780700000|100%|HC|  |TAMS 0x0000000780600000, 0x0000000780600000| Complete 
|   7|0x0000000780700000, 0x0000000780700000, 0x0000000780800000|  0%| F|  |TAMS 0x0000000780700000, 0x0000000780700000| Untracked 
|   8|0x0000000780800000, 0x0000000780800000, 0x0000000780900000|  0%| F|  |TAMS 0x0000000780800000, 0x0000000780800000| Untracked 
|   9|0x0000000780900000, 0x0000000780900000, 0x0000000780a00000|  0%| F|  |TAMS 0x0000000780900000, 0x0000000780900000| Untracked 
|  10|0x0000000780a00000, 0x0000000780a00000, 0x0000000780b00000|  0%| F|  |TAMS 0x0000000780a00000, 0x0000000780a00000| Untracked 
|  11|0x0000000780b00000, 0x0000000780b00000, 0x0000000780c00000|  0%| F|  |TAMS 0x0000000780b00000, 0x0000000780b00000| Untracked 
|  12|0x0000000780c00000, 0x0000000780c00000, 0x0000000780d00000|  0%| F|  |TAMS 0x0000000780c00000, 0x0000000780c00000| Untracked 
|  13|0x0000000780d00000, 0x0000000780d00000, 0x0000000780e00000|  0%| F|  |TAMS 0x0000000780d00000, 0x0000000780d00000| Untracked 
|  14|0x0000000780e00000, 0x0000000780e00000, 0x0000000780f00000|  0%| F|  |TAMS 0x0000000780e00000, 0x0000000780e00000| Untracked 
|  15|0x0000000780f00000, 0x0000000780f00000, 0x0000000781000000|  0%| F|  |TAMS 0x0000000780f00000, 0x0000000780f00000| Untracked 
|  16|0x0000000781000000, 0x0000000781000000, 0x0000000781100000|  0%| F|  |TAMS 0x0000000781000000, 0x0000000781000000| Untracked 
|  17|0x0000000781100000, 0x0000000781100000, 0x0000000781200000|  0%| F|  |TAMS 0x0000000781100000, 0x0000000781100000| Untracked 
|  18|0x0000000781200000, 0x0000000781200000, 0x0000000781300000|  0%| F|  |TAMS 0x0000000781200000, 0x0000000781200000| Untracked 
|  19|0x0000000781300000, 0x0000000781300000, 0x0000000781400000|  0%| F|  |TAMS 0x0000000781300000, 0x0000000781300000| Untracked 
|  20|0x0000000781400000, 0x0000000781400000, 0x0000000781500000|  0%| F|  |TAMS 0x0000000781400000, 0x0000000781400000| Untracked 
|  21|0x0000000781500000, 0x0000000781500000, 0x0000000781600000|  0%| F|  |TAMS 0x0000000781500000, 0x0000000781500000| Untracked 
|  22|0x0000000781600000, 0x0000000781600000, 0x0000000781700000|  0%| F|  |TAMS 0x0000000781600000, 0x0000000781600000| Untracked 
|  23|0x0000000781700000, 0x0000000781700000, 0x0000000781800000|  0%| F|  |TAMS 0x0000000781700000, 0x0000000781700000| Untracked 
|  24|0x0000000781800000, 0x0000000781800000, 0x0000000781900000|  0%| F|  |TAMS 0x0000000781800000, 0x0000000781800000| Untracked 
|  25|0x0000000781900000, 0x0000000781900000, 0x0000000781a00000|  0%| F|  |TAMS 0x0000000781900000, 0x0000000781900000| Untracked 
|  26|0x0000000781a00000, 0x0000000781a00000, 0x0000000781b00000|  0%| F|  |TAMS 0x0000000781a00000, 0x0000000781a00000| Untracked 
|  27|0x0000000781b00000, 0x0000000781b00000, 0x0000000781c00000|  0%| F|  |TAMS 0x0000000781b00000, 0x0000000781b00000| Untracked 
|  28|0x0000000781c00000, 0x0000000781c00000, 0x0000000781d00000|  0%| F|  |TAMS 0x0000000781c00000, 0x0000000781c00000| Untracked 
|  29|0x0000000781d00000, 0x0000000781d00000, 0x0000000781e00000|  0%| F|  |TAMS 0x0000000781d00000, 0x0000000781d00000| Untracked 
|  30|0x0000000781e00000, 0x0000000781e00000, 0x0000000781f00000|  0%| F|  |TAMS 0x0000000781e00000, 0x0000000781e00000| Untracked 
|  31|0x0000000781f00000, 0x0000000782000000, 0x0000000782000000|100%| E|  |TAMS 0x0000000781f00000, 0x0000000781f00000| Complete 
|  32|0x0000000782000000, 0x0000000782100000, 0x0000000782100000|100%| E|CS|TAMS 0x0000000782000000, 0x0000000782000000| Complete 
|  33|0x0000000782100000, 0x0000000782200000, 0x0000000782200000|100%| E|CS|TAMS 0x0000000782100000, 0x0000000782100000| Complete 
|  34|0x0000000782200000, 0x0000000782300000, 0x0000000782300000|100%| E|CS|TAMS 0x0000000782200000, 0x0000000782200000| Complete 
|  35|0x0000000782300000, 0x0000000782400000, 0x0000000782400000|100%| E|CS|TAMS 0x0000000782300000, 0x0000000782300000| Complete 
|  36|0x0000000782400000, 0x0000000782500000, 0x0000000782500000|100%| E|CS|TAMS 0x0000000782400000, 0x0000000782400000| Complete 
|  37|0x0000000782500000, 0x0000000782600000, 0x0000000782600000|100%| E|CS|TAMS 0x0000000782500000, 0x0000000782500000| Complete 
|  38|0x0000000782600000, 0x0000000782700000, 0x0000000782700000|100%| E|CS|TAMS 0x0000000782600000, 0x0000000782600000| Complete 
|  39|0x0000000782700000, 0x0000000782800000, 0x0000000782800000|100%| E|CS|TAMS 0x0000000782700000, 0x0000000782700000| Complete 
| 105|0x0000000786900000, 0x000000078695b560, 0x0000000786a00000| 35%| S|CS|TAMS 0x0000000786900000, 0x0000000786900000| Complete 
| 106|0x0000000786a00000, 0x0000000786b00000, 0x0000000786b00000|100%| S|CS|TAMS 0x0000000786a00000, 0x0000000786a00000| Complete 
| 107|0x0000000786b00000, 0x0000000786c00000, 0x0000000786c00000|100%| S|CS|TAMS 0x0000000786b00000, 0x0000000786b00000| Complete 
| 108|0x0000000786c00000, 0x0000000786d00000, 0x0000000786d00000|100%| S|CS|TAMS 0x0000000786c00000, 0x0000000786c00000| Complete 
| 109|0x0000000786d00000, 0x0000000786e00000, 0x0000000786e00000|100%| S|CS|TAMS 0x0000000786d00000, 0x0000000786d00000| Complete 
| 110|0x0000000786e00000, 0x0000000786f00000, 0x0000000786f00000|100%| S|CS|TAMS 0x0000000786e00000, 0x0000000786e00000| Complete 
| 126|0x0000000787e00000, 0x0000000787f00000, 0x0000000787f00000|100%| E|CS|TAMS 0x0000000787e00000, 0x0000000787e00000| Complete 
| 127|0x0000000787f00000, 0x0000000788000000, 0x0000000788000000|100%| E|CS|TAMS 0x0000000787f00000, 0x0000000787f00000| Complete 
|2046|0x00000007ffe00000, 0x00000007ffe78000, 0x00000007fff00000| 46%|OA|  |TAMS 0x00000007ffe78000, 0x00000007ffe00000| Untracked 
|2047|0x00000007fff00000, 0x00000007fff80000, 0x0000000800000000| 50%|CA|  |TAMS 0x00000007fff80000, 0x00000007fff00000| Untracked 

Card table byte_map: [0x0000000103148000,0x0000000103548000] _byte_map_base: 0x00000000ff548000

Marking Bits (Prev, Next): (CMBitMap*) 0x000000014c830250, (CMBitMap*) 0x000000014c830210
 Prev Bits: [0x000000011d418000, 0x000000011f418000)
 Next Bits: [0x000000011b418000, 0x000000011d418000)

Polling page: 0x0000000102a44000

Metaspace:

Usage:
  Non-class:     19.68 MB used.
      Class:      3.10 MB used.
       Both:     22.78 MB used.

Virtual space:
  Non-class space:       24.00 MB reserved,      19.81 MB ( 83%) committed,  3 nodes.
      Class space:        1.00 GB reserved,       3.25 MB ( <1%) committed,  1 nodes.
             Both:        1.02 GB reserved,      23.06 MB (  2%) committed. 

Chunk freelists:
   Non-Class:  3.67 MB
       Class:  655.00 KB
        Both:  4.31 MB

MaxMetaspaceSize: unlimited
CompressedClassSpaceSize: 1.00 GB
Initial GC threshold: 21.00 MB
Current GC threshold: 35.12 MB
CDS: on
MetaspaceReclaimPolicy: balanced
 - commit_granule_bytes: 65536.
 - commit_granule_words: 8192.
 - virtual_space_node_default_size: 1048576.
 - enlarge_chunks_in_place: 1.
 - new_chunks_are_fully_committed: 0.
 - uncommit_free_chunks: 1.
 - use_allocation_guard: 0.
 - handle_deallocations: 1.


Internal statistics:

num_allocs_failed_limit: 3.
num_arena_births: 202.
num_arena_deaths: 0.
num_vsnodes_births: 4.
num_vsnodes_deaths: 0.
num_space_committed: 369.
num_space_uncommitted: 0.
num_chunks_returned_to_freelist: 3.
num_chunks_taken_from_freelist: 826.
num_chunk_merges: 3.
num_chunk_splits: 594.
num_chunks_enlarged: 478.
num_purges: 0.
num_inconsistent_stats: 0.

CodeHeap 'non-profiled nmethods': size=120032Kb used=1477Kb max_used=1477Kb free=118554Kb
 bounds [0x0000000113ae0000, 0x0000000113d50000, 0x000000011b018000]
CodeHeap 'profiled nmethods': size=120016Kb used=7235Kb max_used=7235Kb free=112780Kb
 bounds [0x000000010c5ac000, 0x000000010cccc000, 0x0000000113ae0000]
CodeHeap 'non-nmethods': size=5712Kb used=1478Kb max_used=1560Kb free=4233Kb
 bounds [0x000000010c018000, 0x000000010c288000, 0x000000010c5ac000]
 total_blobs=4189 nmethods=3337 adapters=767
 compilation: enabled
              stopped_count=0, restarted_count=0
 full_count=0

Compilation events (20 events):
Event: 4.048 Thread 0x000000014d890c00 nmethod 3407 0x000000010ccb3390 code [0x000000010ccb3540, 0x000000010ccb3728]
Event: 4.048 Thread 0x000000014d890c00 3408       3       javafx.scene.Node$1::getSubScene (5 bytes)
Event: 4.048 Thread 0x000000014d890c00 nmethod 3408 0x000000010ccb3890 code [0x000000010ccb3a40, 0x000000010ccb3ba8]
Event: 4.112 Thread 0x000000014d890c00 3409       3       com.sun.javafx.tk.quantum.ViewScene::getWindowStage (8 bytes)
Event: 4.113 Thread 0x000000014d890c00 nmethod 3409 0x000000010ccb3c90 code [0x000000010ccb3e40, 0x000000010ccb40a8]
Event: 4.121 Thread 0x000000014d890c00 3410       3       com.sun.glass.ui.mac.MacView::notifyMouse (100 bytes)
Event: 4.122 Thread 0x000000014d890c00 nmethod 3410 0x000000010ccb4190 code [0x000000010ccb43c0, 0x000000010ccb4988]
Event: 4.122 Thread 0x000000014d890c00 3411       3       com.sun.glass.ui.View::notifyMouse (221 bytes)
Event: 4.124 Thread 0x000000014d890c00 nmethod 3411 0x000000010ccb4d10 code [0x000000010ccb5100, 0x000000010ccb6608]
Event: 4.124 Thread 0x000000014d890c00 3412       3       com.sun.javafx.tk.quantum.GlassViewEventHandler::mouseEventType (102 bytes)
Event: 4.124 Thread 0x000000014d890c00 nmethod 3412 0x000000010ccb6d90 code [0x000000010ccb6f80, 0x000000010ccb7398]
Event: 4.145 Thread 0x000000014d890c00 3413       3       com.sun.javafx.scene.KeyboardShortcutsHandler::dispatchCapturingEvent (223 bytes)
Event: 4.146 Thread 0x000000014d890c00 nmethod 3413 0x000000010ccb7510 code [0x000000010ccb7780, 0x000000010ccb8168]
Event: 4.146 Thread 0x000000014d890c00 3414       3       javafx.scene.control.SkinBase$$Lambda$268/0x0000000800e7db20::handle (8 bytes)
Event: 4.146 Thread 0x000000014d890c00 nmethod 3414 0x000000010ccb8410 code [0x000000010ccb85c0, 0x000000010ccb8968]
Event: 4.161 Thread 0x000000014d890c00 3415       3       com.sun.javafx.event.CompositeEventHandler::dispatchBubblingEvent (57 bytes)
Event: 4.162 Thread 0x000000014d890c00 nmethod 3415 0x000000010ccb8a90 code [0x000000010ccb8cc0, 0x000000010ccb9268]
Event: 4.179 Thread 0x000000014d890c00 3416       3       javafx.scene.layout.Region$4::invalidated (233 bytes)
Event: 4.180 Thread 0x000000014c00de00 3420       4       java.util.AbstractCollection::isEmpty (13 bytes)
Event: 4.181 Thread 0x000000014c00de00 nmethod 3420 0x0000000113c51390 code [0x0000000113c51540, 0x0000000113c51630]

GC Heap History (6 events):
Event: 0.416 GC heap before
{Heap before GC invocations=0 (full 0):
 garbage-first heap   total 133120K, used 23520K [0x0000000780000000, 0x0000000800000000)
  region size 1024K, 23 young (23552K), 0 survivors (0K)
 Metaspace       used 6375K, committed 6592K, reserved 1056768K
  class space    used 730K, committed 832K, reserved 1048576K
}
Event: 0.419 GC heap after
{Heap after GC invocations=1 (full 0):
 garbage-first heap   total 133120K, used 4346K [0x0000000780000000, 0x0000000800000000)
  region size 1024K, 3 young (3072K), 3 survivors (3072K)
 Metaspace       used 6375K, committed 6592K, reserved 1056768K
  class space    used 730K, committed 832K, reserved 1048576K
}
Event: 0.906 GC heap before
{Heap before GC invocations=1 (full 0):
 garbage-first heap   total 133120K, used 45306K [0x0000000780000000, 0x0000000800000000)
  region size 1024K, 43 young (44032K), 3 survivors (3072K)
 Metaspace       used 18185K, committed 18432K, reserved 1064960K
  class space    used 2394K, committed 2496K, reserved 1048576K
}
Event: 0.910 GC heap after
{Heap after GC invocations=2 (full 0):
 garbage-first heap   total 133120K, used 9026K [0x0000000780000000, 0x0000000800000000)
  region size 1024K, 6 young (6144K), 6 survivors (6144K)
 Metaspace       used 18185K, committed 18432K, reserved 1064960K
  class space    used 2394K, committed 2496K, reserved 1048576K
}
Event: 1.089 GC heap before
{Heap before GC invocations=2 (full 0):
 garbage-first heap   total 133120K, used 25410K [0x0000000780000000, 0x0000000800000000)
  region size 1024K, 23 young (23552K), 6 survivors (6144K)
 Metaspace       used 21338K, committed 21504K, reserved 1073152K
  class space    used 3012K, committed 3072K, reserved 1048576K
}
Event: 1.094 GC heap after
{Heap after GC invocations=3 (full 0):
 garbage-first heap   total 133120K, used 10805K [0x0000000780000000, 0x0000000800000000)
  region size 1024K, 6 young (6144K), 6 survivors (6144K)
 Metaspace       used 21338K, committed 21504K, reserved 1073152K
  class space    used 3012K, committed 3072K, reserved 1048576K
}

Deoptimization events (20 events):
Event: 3.036 Thread 0x000000013d80c800 Uncommon trap: trap_request=0xffffff45 fr.pc=0x0000000113be95c0 relative=0x0000000000002e80
Event: 3.036 Thread 0x000000013d80c800 Uncommon trap: reason=unstable_if action=reinterpret pc=0x0000000113be95c0 method=com.sun.marlin.Renderer._endRendering(IILcom/sun/marlin/MarlinAlphaConsumer;)V @ 2410 c2
Event: 3.036 Thread 0x000000013d80c800 DEOPT PACKING pc=0x0000000113be95c0 sp=0x0000000170494690
Event: 3.036 Thread 0x000000013d80c800 DEOPT UNPACKING pc=0x000000010c056d1c sp=0x0000000170494520 mode 2
Event: 3.036 Thread 0x000000013d80c800 Uncommon trap: trap_request=0xffffff45 fr.pc=0x0000000113bd0f00 relative=0x0000000000004100
Event: 3.036 Thread 0x000000013d80c800 Uncommon trap: reason=unstable_if action=reinterpret pc=0x0000000113bd0f00 method=com.sun.marlin.Renderer._endRendering(IILcom/sun/marlin/MarlinAlphaConsumer;)V @ 2410 c2
Event: 3.036 Thread 0x000000013d80c800 DEOPT PACKING pc=0x0000000113bd0f00 sp=0x0000000170494620
Event: 3.036 Thread 0x000000013d80c800 DEOPT UNPACKING pc=0x000000010c056d1c sp=0x0000000170494520 mode 2
Event: 3.039 Thread 0x000000013d80c800 DEOPT PACKING pc=0x000000010ca69488 sp=0x0000000170493f00
Event: 3.039 Thread 0x000000013d80c800 DEOPT UNPACKING pc=0x000000010c056b7c sp=0x0000000170493ae0 mode 0
Event: 3.200 Thread 0x000000013d80c800 DEOPT PACKING pc=0x000000010cbdc6d8 sp=0x0000000170494100
Event: 3.200 Thread 0x000000013d80c800 DEOPT UNPACKING pc=0x000000010c056b7c sp=0x0000000170493d80 mode 0
Event: 3.751 Thread 0x000000013d880c00 Uncommon trap: trap_request=0xfffffff4 fr.pc=0x0000000113c15fd4 relative=0x0000000000000114
Event: 3.751 Thread 0x000000013d880c00 Uncommon trap: reason=null_check action=make_not_entrant pc=0x0000000113c15fd4 method=javafx.scene.Node$MiscProperties.getClip()Ljavafx/scene/Node; @ 20 c2
Event: 3.751 Thread 0x000000013d880c00 DEOPT PACKING pc=0x0000000113c15fd4 sp=0x000000016d5eeba0
Event: 3.751 Thread 0x000000013d880c00 DEOPT UNPACKING pc=0x000000010c056d1c sp=0x000000016d5eeae0 mode 2
Event: 3.837 Thread 0x000000013d880c00 Uncommon trap: trap_request=0xffffff45 fr.pc=0x0000000113beed2c relative=0x0000000000000dec
Event: 3.837 Thread 0x000000013d880c00 Uncommon trap: reason=unstable_if action=reinterpret pc=0x0000000113beed2c method=javafx.css.SimpleSelector.stateMatches(Ljavafx/css/Styleable;Ljava/util/Set;)Z @ 1 c2
Event: 3.837 Thread 0x000000013d880c00 DEOPT PACKING pc=0x0000000113beed2c sp=0x000000016d5edb60
Event: 3.837 Thread 0x000000013d880c00 DEOPT UNPACKING pc=0x000000010c056d1c sp=0x000000016d5edaa0 mode 2

Classes unloaded (0 events):
No events

Classes redefined (0 events):
No events

Internal exceptions (20 events):
Event: 0.932 Thread 0x000000013d880c00 Exception <a 'java/lang/ClassNotFoundException'{0x0000000787c3edd8}: com/sun/javafx/scene/control/skin/resources/controls_en_US> (0x0000000787c3edd8) 
thrown [open/src/hotspot/share/prims/jni.cpp, line 535]
Event: 0.946 Thread 0x000000013d880c00 Exception <a 'java/lang/NoSuchMethodError'{0x0000000787a2c8a0}: 'void java.lang.invoke.DirectMethodHandle$Holder.invokeSpecial(java.lang.Object, java.lang.Object, java.lang.Object, java.lang.Object, java.lang.Object, java.lang.Object)'> (0x0000000787a2c8a0) 
thrown [open/src/hotspot/share/interpreter/linkResolver.cpp, line 766]
Event: 0.984 Thread 0x000000013d880c00 Exception <a 'java/lang/NoSuchMethodError'{0x00000007876639b8}: 'void java.lang.invoke.DirectMethodHandle$Holder.invokeSpecialIFC(java.lang.Object, java.lang.Object, java.lang.Object, java.lang.Object)'> (0x00000007876639b8) 
thrown [open/src/hotspot/share/interpreter/linkResolver.cpp, line 766]
Event: 0.996 Thread 0x000000013d880c00 Exception <a 'java/lang/NoSuchMethodError'{0x0000000787410330}: 'int java.lang.invoke.DirectMethodHandle$Holder.invokeSpecial(java.lang.Object, java.lang.Object, int)'> (0x0000000787410330) 
thrown [open/src/hotspot/share/interpreter/linkResolver.cpp, line 766]
Event: 1.029 Thread 0x000000013d880c00 Exception <a 'java/lang/NoSuchMethodError'{0x00000007872803d8}: 'java.lang.Object java.lang.invoke.DirectMethodHandle$Holder.newInvokeSpecial(java.lang.Object, java.lang.Object, int, int)'> (0x00000007872803d8) 
thrown [open/src/hotspot/share/interpreter/linkResolver.cpp, line 766]
Event: 1.035 Thread 0x000000013d880c00 Exception <a 'java/lang/NoSuchMethodError'{0x00000007872b0b70}: 'java.lang.Object java.lang.invoke.DirectMethodHandle$Holder.newInvokeSpecial(java.lang.Object, java.lang.Object, int)'> (0x00000007872b0b70) 
thrown [open/src/hotspot/share/interpreter/linkResolver.cpp, line 766]
Event: 1.038 Thread 0x000000013d880c00 Exception <a 'java/lang/NoSuchMethodError'{0x00000007872c2b78}: 'java.lang.Object java.lang.invoke.DirectMethodHandle$Holder.newInvokeSpecial(java.lang.Object, java.lang.Object, java.lang.Object, java.lang.Object, java.lang.Object, java.lang.Object, java.lang.Object)'> (0x00000007872c2b78) 
thrown [open/src/hotspot/share/interpreter/linkResolver.cpp, line 766]
Event: 1.038 Thread 0x000000013d880c00 Exception <a 'java/lang/NoSuchMethodError'{0x00000007872c6da8}: 'java.lang.Object java.lang.invoke.Invokers$Holder.linkToTargetMethod(java.lang.Object, java.lang.Object, java.lang.Object, java.lang.Object, java.lang.Object, java.lang.Object, java.lang.Object)'> (0x00000007872c6da8) 
thrown [open/src/hotspot/share/interpreter/linkResolver.cpp, line 766]
Event: 1.164 Thread 0x000000013d80c800 Exception <a 'java/lang/NoSuchMethodError'{0x0000000782412480}: 'java.lang.Object java.lang.invoke.DirectMethodHandle$Holder.invokeStaticInit(java.lang.Object, int)'> (0x0000000782412480) 
thrown [open/src/hotspot/share/interpreter/linkResolver.cpp, line 766]
Event: 2.246 Thread 0x000000013d880c00 Exception <a 'java/lang/NoSuchMethodError'{0x000000078237c4b8}: 'long java.lang.invoke.DirectMethodHandle$Holder.invokeStatic(java.lang.Object, java.lang.Object, java.lang.Object)'> (0x000000078237c4b8) 
thrown [open/src/hotspot/share/interpreter/linkResolver.cpp, line 766]
Event: 2.246 Thread 0x000000013d880c00 Exception <a 'java/lang/NoSuchMethodError'{0x000000078237fc60}: 'long java.lang.invoke.DirectMethodHandle$Holder.invokeStaticInit(java.lang.Object, java.lang.Object, java.lang.Object)'> (0x000000078237fc60) 
thrown [open/src/hotspot/share/interpreter/linkResolver.cpp, line 766]
Event: 2.248 Thread 0x000000013d880c00 Exception <a 'java/lang/NoSuchMethodError'{0x0000000782217698}: 'java.lang.Object java.lang.invoke.DirectMethodHandle$Holder.newInvokeSpecial(java.lang.Object, java.lang.Object, long)'> (0x0000000782217698) 
thrown [open/src/hotspot/share/interpreter/linkResolver.cpp, line 766]
Event: 2.249 Thread 0x000000013d880c00 Exception <a 'java/lang/NoSuchMethodError'{0x000000078221af60}: 'java.lang.Object java.lang.invoke.Invokers$Holder.linkToTargetMethod(java.lang.Object, long, java.lang.Object)'> (0x000000078221af60) 
thrown [open/src/hotspot/share/interpreter/linkResolver.cpp, line 766]
Event: 2.849 Thread 0x000000013d880c00 Exception <a 'java/lang/NoSuchMethodError'{0x000000078228ed20}: 'java.lang.Object java.lang.invoke.DirectMethodHandle$Holder.newInvokeSpecial(java.lang.Object, java.lang.Object, int, int, int, int, int, java.lang.Object)'> (0x000000078228ed20) 
thrown [open/src/hotspot/share/interpreter/linkResolver.cpp, line 766]
Event: 2.851 Thread 0x000000013d880c00 Exception <a 'java/lang/NoSuchMethodError'{0x00000007822a1d00}: 'java.lang.Object java.lang.invoke.DirectMethodHandle$Holder.newInvokeSpecial(java.lang.Object, java.lang.Object, java.lang.Object, int, int, int, int, int)'> (0x00000007822a1d00) 
thrown [open/src/hotspot/share/interpreter/linkResolver.cpp, line 766]
Event: 2.851 Thread 0x000000013d880c00 Exception <a 'java/lang/NoSuchMethodError'{0x00000007822a9560}: 'java.lang.Object java.lang.invoke.Invokers$Holder.linkToTargetMethod(java.lang.Object, java.lang.Object, int, int, int, int, int, java.lang.Object)'> (0x00000007822a9560) 
thrown [open/src/hotspot/share/interpreter/linkResolver.cpp, line 766]
Event: 2.944 Thread 0x000000013d880c00 Implicit null exception at 0x0000000113c13a80 to 0x0000000113c13af4
Event: 2.976 Thread 0x000000013d880c00 Implicit null exception at 0x0000000113bfdaf8 to 0x0000000113bfe2fc
Event: 3.751 Thread 0x000000013d880c00 Implicit null exception at 0x0000000113c15f68 to 0x0000000113c15fc4
Event: 3.837 Thread 0x000000013d880c00 Implicit null exception at 0x0000000113bee380 to 0x0000000113beecfc

VM Operations (20 events):
Event: 0.911 Executing VM operation: Cleanup
Event: 0.911 Executing VM operation: Cleanup done
Event: 0.997 Executing VM operation: ICBufferFull
Event: 0.999 Executing VM operation: ICBufferFull done
Event: 1.089 Executing VM operation: CollectForMetadataAllocation
Event: 1.094 Executing VM operation: CollectForMetadataAllocation done
Event: 1.099 Executing VM operation: G1Concurrent
Event: 1.101 Executing VM operation: G1Concurrent done
Event: 1.102 Executing VM operation: G1Concurrent
Event: 1.103 Executing VM operation: G1Concurrent done
Event: 1.779 Executing VM operation: ICBufferFull
Event: 1.779 Executing VM operation: ICBufferFull done
Event: 2.470 Executing VM operation: ICBufferFull
Event: 2.470 Executing VM operation: ICBufferFull done
Event: 2.978 Executing VM operation: ICBufferFull
Event: 2.978 Executing VM operation: ICBufferFull done
Event: 3.217 Executing VM operation: ICBufferFull
Event: 3.217 Executing VM operation: ICBufferFull done
Event: 3.839 Executing VM operation: ICBufferFull
Event: 3.839 Executing VM operation: ICBufferFull done

Events (20 events):
Event: 3.006 loading class com/sun/javafx/tk/quantum/QuantumToolkit
Event: 3.006 loading class com/sun/javafx/tk/quantum/QuantumToolkit done
Event: 3.006 loading class com/sun/javafx/tk/RenderJob
Event: 3.006 loading class com/sun/javafx/tk/RenderJob done
Event: 3.825 loading class com/sun/javafx/tk/quantum/WindowStage
Event: 3.825 loading class com/sun/javafx/tk/quantum/WindowStage done
Event: 3.825 loading class com/sun/javafx/tk/quantum/GlassScene
Event: 3.825 loading class com/sun/javafx/tk/quantum/GlassScene done
Event: 3.826 loading class com/sun/prism/GraphicsResource
Event: 3.826 loading class com/sun/prism/GraphicsResource done
Event: 3.826 loading class com/sun/prism/GraphicsResource
Event: 3.826 loading class com/sun/prism/GraphicsResource done
Event: 3.827 loading class com/sun/javafx/tk/quantum/ViewScene
Event: 3.827 loading class com/sun/javafx/tk/quantum/ViewScene done
Event: 3.827 loading class com/sun/javafx/tk/quantum/WindowStage
Event: 3.827 loading class com/sun/javafx/tk/quantum/WindowStage done
Event: 4.111 Protecting memory [0x00000001706ac000,0x00000001706b8000] with protection modes 3
Event: 4.111 Thread 0x000000014c8cfa00 Thread exited: 0x000000014c8cfa00
Event: 4.178 Protecting memory [0x00000001706ac000,0x00000001706b8000] with protection modes 0
Event: 4.178 Thread 0x000000013e060e00 Thread added: 0x000000013e060e00


Dynamic libraries:
0x0000000102840000 	/Library/Java/JavaVirtualMachines/jdk-17.0.3.1.jdk/Contents/Home/lib/libjli.dylib
0x00000001965de000 	/usr/lib/libz.1.dylib
0x0000000196695000 	/usr/lib/libSystem.B.dylib
0x000000019668f000 	/usr/lib/system/libcache.dylib
0x000000019664d000 	/usr/lib/system/libcommonCrypto.dylib
0x0000000196676000 	/usr/lib/system/libcompiler_rt.dylib
0x000000019666d000 	/usr/lib/system/libcopyfile.dylib
0x000000018b8bb000 	/usr/lib/system/libcorecrypto.dylib
0x000000018b970000 	/usr/lib/system/libdispatch.dylib
0x000000018bb3e000 	/usr/lib/system/libdyld.dylib
0x0000000196685000 	/usr/lib/system/libkeymgr.dylib
0x0000000196628000 	/usr/lib/system/libmacho.dylib
0x0000000195d18000 	/usr/lib/system/libquarantine.dylib
0x0000000196682000 	/usr/lib/system/libremovefile.dylib
0x0000000190cb4000 	/usr/lib/system/libsystem_asl.dylib
0x000000018b85d000 	/usr/lib/system/libsystem_blocks.dylib
0x000000018b9f8000 	/usr/lib/system/libsystem_c.dylib
0x000000019667a000 	/usr/lib/system/libsystem_collections.dylib
0x00000001951ad000 	/usr/lib/system/libsystem_configuration.dylib
0x0000000194409000 	/usr/lib/system/libsystem_containermanager.dylib
0x0000000196385000 	/usr/lib/system/libsystem_coreservices.dylib
0x000000018e26e000 	/usr/lib/system/libsystem_darwin.dylib
0x0000000196686000 	/usr/lib/system/libsystem_dnssd.dylib
0x000000018b9f5000 	/usr/lib/system/libsystem_featureflags.dylib
0x000000018bb53000 	/usr/lib/system/libsystem_info.dylib
0x00000001965f0000 	/usr/lib/system/libsystem_m.dylib
0x000000018b945000 	/usr/lib/system/libsystem_malloc.dylib
0x0000000190c42000 	/usr/lib/system/libsystem_networkextension.dylib
0x000000018e6c7000 	/usr/lib/system/libsystem_notify.dylib
0x000000019c9e8000 	/usr/lib/system/libsystem_product_info_filter.dylib
0x00000001951b2000 	/usr/lib/system/libsystem_sandbox.dylib
0x000000019667f000 	/usr/lib/system/libsystem_secinit.dylib
0x000000018baf9000 	/usr/lib/system/libsystem_kernel.dylib
0x000000018bb4b000 	/usr/lib/system/libsystem_platform.dylib
0x000000018bb31000 	/usr/lib/system/libsystem_pthread.dylib
0x0000000192414000 	/usr/lib/system/libsystem_symptoms.dylib
0x000000018b8a1000 	/usr/lib/system/libsystem_trace.dylib
0x000000019665a000 	/usr/lib/system/libunwind.dylib
0x000000018b85f000 	/usr/lib/system/libxpc.dylib
0x000000018bae1000 	/usr/lib/libc++abi.dylib
0x000000018b9b7000 	/usr/lib/libobjc.A.dylib
0x0000000196665000 	/usr/lib/liboah.dylib
0x000000018ba7a000 	/usr/lib/libc++.1.dylib
0x00000001a250e000 	/System/Library/Frameworks/Cocoa.framework/Versions/A/Cocoa
0x000000018e728000 	/System/Library/Frameworks/AppKit.framework/Versions/C/AppKit
0x0000000191c3b000 	/System/Library/Frameworks/CoreData.framework/Versions/A/CoreData
0x000000018ca83000 	/System/Library/Frameworks/Foundation.framework/Versions/C/Foundation
0x000000018f5e0000 	/System/Library/PrivateFrameworks/UIFoundation.framework/Versions/A/UIFoundation
0x000000019c6e2000 	/System/Library/PrivateFrameworks/RemoteViewServices.framework/Versions/A/RemoteViewServices
0x0000000194b55000 	/System/Library/PrivateFrameworks/XCTTargetBootstrap.framework/Versions/A/XCTTargetBootstrap
0x00000001983d5000 	/System/Library/PrivateFrameworks/InternationalSupport.framework/Versions/A/InternationalSupport
0x000000019845e000 	/System/Library/PrivateFrameworks/UserActivity.framework/Versions/A/UserActivity
0x00000001978cc000 	/usr/lib/libspindump.dylib
0x000000018f851000 	/System/Library/Frameworks/UniformTypeIdentifiers.framework/Versions/A/UniformTypeIdentifiers
0x000000019309f000 	/usr/lib/libapp_launch_measurement.dylib
0x00000001925c6000 	/System/Library/PrivateFrameworks/CoreAnalytics.framework/Versions/A/CoreAnalytics
0x00000001930a2000 	/System/Library/PrivateFrameworks/CoreAutoLayout.framework/Versions/A/CoreAutoLayout
0x0000000194446000 	/System/Library/Frameworks/Metal.framework/Versions/A/Metal
0x00000001951bd000 	/usr/lib/liblangid.dylib
0x0000000194b5a000 	/System/Library/PrivateFrameworks/CoreSVG.framework/Versions/A/CoreSVG
0x0000000190ce8000 	/System/Library/PrivateFrameworks/SkyLight.framework/Versions/A/SkyLight
0x00000001910c1000 	/System/Library/Frameworks/CoreGraphics.framework/Versions/A/CoreGraphics
0x000000019cdae000 	/System/Library/Frameworks/Accelerate.framework/Versions/A/Accelerate
0x0000000197343000 	/System/Library/PrivateFrameworks/IconServices.framework/Versions/A/IconServices
0x0000000194428000 	/System/Library/Frameworks/IOSurface.framework/Versions/A/IOSurface
0x00000001925f7000 	/usr/lib/libDiagnosticMessagesClient.dylib
0x00000001a02af000 	/System/Library/Frameworks/ApplicationServices.framework/Versions/A/ApplicationServices
0x0000000194b3d000 	/System/Library/PrivateFrameworks/DFRFoundation.framework/Versions/A/DFRFoundation
0x000000018dfb8000 	/usr/lib/libicucore.A.dylib
0x0000000199282000 	/System/Library/Frameworks/AudioToolbox.framework/Versions/A/AudioToolbox
0x00000001983e1000 	/System/Library/PrivateFrameworks/DataDetectorsCore.framework/Versions/A/DataDetectorsCore
0x00000001aeddb000 	/System/Library/PrivateFrameworks/TextInput.framework/Versions/A/TextInput
0x0000000190c5d000 	/usr/lib/libMobileGestalt.dylib
0x0000000194809000 	/System/Library/Frameworks/Carbon.framework/Versions/A/Frameworks/HIToolbox.framework/Versions/A/HIToolbox
0x0000000192a77000 	/System/Library/Frameworks/QuartzCore.framework/Versions/A/QuartzCore
0x000000018dc39000 	/System/Library/Frameworks/Security.framework/Versions/A/Security
0x000000019c722000 	/System/Library/Frameworks/Carbon.framework/Versions/A/Frameworks/SpeechRecognition.framework/Versions/A/SpeechRecognition
0x0000000192df5000 	/System/Library/PrivateFrameworks/CoreUI.framework/Versions/A/CoreUI
0x000000018d515000 	/System/Library/Frameworks/CoreAudio.framework/Versions/A/CoreAudio
0x00000001926eb000 	/System/Library/Frameworks/DiskArbitration.framework/Versions/A/DiskArbitration
0x0000000197cd6000 	/System/Library/PrivateFrameworks/MultitouchSupport.framework/Versions/A/MultitouchSupport
0x0000000190c5b000 	/usr/lib/libenergytrace.dylib
0x000000018e5f0000 	/System/Library/Frameworks/IOKit.framework/Versions/A/IOKit
0x000000019cb11000 	/System/Library/Frameworks/CoreServices.framework/Versions/A/CoreServices
0x000000019302f000 	/System/Library/PrivateFrameworks/PerformanceAnalysis.framework/Versions/A/PerformanceAnalysis
0x00000001ed213000 	/System/Library/Frameworks/OpenGL.framework/Versions/A/OpenGL
0x0000000195c30000 	/System/Library/PrivateFrameworks/MobileKeyBag.framework/Versions/A/MobileKeyBag
0x00000001916cf000 	/System/Library/Frameworks/ColorSync.framework/Versions/A/ColorSync
0x000000018bb80000 	/System/Library/Frameworks/CoreFoundation.framework/Versions/A/CoreFoundation
0x0000000194dd9000 	/System/Library/Frameworks/CoreImage.framework/Versions/A/CoreImage
0x000000018d339000 	/System/Library/Frameworks/CoreText.framework/Versions/A/CoreText
0x0000000194b8a000 	/System/Library/Frameworks/ImageIO.framework/Versions/A/ImageIO
0x000000019669b000 	/System/Library/PrivateFrameworks/SoftLinking.framework/Versions/A/SoftLinking
0x00000001930ed000 	/usr/lib/libxml2.2.dylib
0x0000000196934000 	/usr/lib/libcompression.dylib
0x0000000198331000 	/System/Library/PrivateFrameworks/TextureIO.framework/Versions/A/TextureIO
0x000000019705c000 	/usr/lib/libate.dylib
0x0000000196f21000 	/usr/lib/liblzma.5.dylib
0x000000018c776000 	/System/Library/Frameworks/SystemConfiguration.framework/Versions/A/SystemConfiguration
0x0000000196697000 	/usr/lib/libfakelink.dylib
0x000000019078d000 	/System/Library/Frameworks/CFNetwork.framework/Versions/A/CFNetwork
0x00000001967dd000 	/usr/lib/libarchive.2.dylib
0x00000001951b9000 	/System/Library/PrivateFrameworks/AppleSystemInfo.framework/Versions/A/AppleSystemInfo
0x0000000195d43000 	/usr/lib/libbsm.0.dylib
0x000000018fcfa000 	/usr/lib/libnetwork.dylib
0x0000000196631000 	/usr/lib/system/libkxld.dylib
0x000000019595d000 	/System/Library/PrivateFrameworks/IOMobileFramebuffer.framework/Versions/A/IOMobileFramebuffer
0x000000020aedc000 	/usr/lib/libCoreEntitlements.dylib
0x0000000196367000 	/System/Library/PrivateFrameworks/AppleFSCompression.framework/Versions/A/AppleFSCompression
0x0000000195d2b000 	/usr/lib/libcoretls.dylib
0x0000000196f3a000 	/usr/lib/libcoretls_cfhelpers.dylib
0x000000019692f000 	/usr/lib/libpam.2.dylib
0x000000019202b000 	/usr/lib/libsqlite3.dylib
0x0000000196fa3000 	/usr/lib/libxar.1.dylib
0x0000000196378000 	/usr/lib/libbz2.1.0.dylib
0x000000019669c000 	/usr/lib/libpcap.A.dylib
0x000000019240b000 	/usr/lib/libdns_services.dylib
0x0000000196902000 	/usr/lib/libapple_nghttp2.dylib
0x00000001966d9000 	/usr/lib/libiconv.2.dylib
0x0000000196627000 	/usr/lib/libcharset.1.dylib
0x000000019306b000 	/System/Library/Frameworks/CoreServices.framework/Versions/A/Frameworks/FSEvents.framework/Versions/A/FSEvents
0x000000018e279000 	/System/Library/Frameworks/CoreServices.framework/Versions/A/Frameworks/CarbonCore.framework/Versions/A/CarbonCore
0x000000019264b000 	/System/Library/Frameworks/CoreServices.framework/Versions/A/Frameworks/Metadata.framework/Versions/A/Metadata
0x000000019638b000 	/System/Library/Frameworks/CoreServices.framework/Versions/A/Frameworks/OSServices.framework/Versions/A/OSServices
0x0000000196863000 	/System/Library/Frameworks/CoreServices.framework/Versions/A/Frameworks/SearchKit.framework/Versions/A/SearchKit
0x000000019239a000 	/System/Library/Frameworks/CoreServices.framework/Versions/A/Frameworks/AE.framework/Versions/A/AE
0x000000018c0c7000 	/System/Library/Frameworks/CoreServices.framework/Versions/A/Frameworks/LaunchServices.framework/Versions/A/LaunchServices
0x0000000196eca000 	/System/Library/Frameworks/CoreServices.framework/Versions/A/Frameworks/DictionaryServices.framework/Versions/A/DictionaryServices
0x0000000193078000 	/System/Library/Frameworks/CoreServices.framework/Versions/A/Frameworks/SharedFileList.framework/Versions/A/SharedFileList
0x0000000195d1b000 	/usr/lib/libCheckFix.dylib
0x0000000190ccc000 	/System/Library/PrivateFrameworks/TCC.framework/Versions/A/TCC
0x00000001951bf000 	/System/Library/PrivateFrameworks/CoreNLP.framework/Versions/A/CoreNLP
0x00000001925fa000 	/System/Library/PrivateFrameworks/MetadataUtilities.framework/Versions/A/MetadataUtilities
0x000000018c830000 	/usr/lib/libmecabra.dylib
0x0000000195d54000 	/usr/lib/libmecab.dylib
0x000000018c7fc000 	/usr/lib/libCRFSuite.dylib
0x0000000195db1000 	/usr/lib/libgermantok.dylib
0x00000001968db000 	/usr/lib/libThaiTokenizer.dylib
0x00000001926f3000 	/System/Library/Frameworks/Accelerate.framework/Versions/A/Frameworks/vImage.framework/Versions/A/vImage
0x000000019cae8000 	/System/Library/Frameworks/Accelerate.framework/Versions/A/Frameworks/vecLib.framework/Versions/A/vecLib
0x0000000196fe8000 	/System/Library/Frameworks/Accelerate.framework/Versions/A/Frameworks/vecLib.framework/Versions/A/libvMisc.dylib
0x0000000195864000 	/System/Library/Frameworks/Accelerate.framework/Versions/A/Frameworks/vecLib.framework/Versions/A/libvDSP.dylib
0x000000018c451000 	/System/Library/Frameworks/Accelerate.framework/Versions/A/Frameworks/vecLib.framework/Versions/A/libBLAS.dylib
0x0000000196a05000 	/System/Library/Frameworks/Accelerate.framework/Versions/A/Frameworks/vecLib.framework/Versions/A/libLAPACK.dylib
0x0000000195db4000 	/System/Library/Frameworks/Accelerate.framework/Versions/A/Frameworks/vecLib.framework/Versions/A/libLinearAlgebra.dylib
0x000000019691a000 	/System/Library/Frameworks/Accelerate.framework/Versions/A/Frameworks/vecLib.framework/Versions/A/libSparseBLAS.dylib
0x0000000196a00000 	/System/Library/Frameworks/Accelerate.framework/Versions/A/Frameworks/vecLib.framework/Versions/A/libQuadrature.dylib
0x00000001952b8000 	/System/Library/Frameworks/Accelerate.framework/Versions/A/Frameworks/vecLib.framework/Versions/A/libBNNS.dylib
0x000000018c70f000 	/System/Library/Frameworks/Accelerate.framework/Versions/A/Frameworks/vecLib.framework/Versions/A/libSparse.dylib
0x00000001952b0000 	/System/Library/PrivateFrameworks/LinguisticData.framework/Versions/A/LinguisticData
0x000000018c6c7000 	/System/Library/PrivateFrameworks/Lexicon.framework/Versions/A/Lexicon
0x0000000196fe0000 	/usr/lib/libChineseTokenizer.dylib
0x000000018ce75000 	/System/Library/PrivateFrameworks/LanguageModeling.framework/Versions/A/LanguageModeling
0x00000001968dd000 	/System/Library/PrivateFrameworks/AppleSauce.framework/Versions/A/AppleSauce
0x000000019594a000 	/System/Library/PrivateFrameworks/CoreEmoji.framework/Versions/A/CoreEmoji
0x00000001967cb000 	/usr/lib/libcmph.dylib
0x000000019304b000 	/System/Library/Frameworks/OpenDirectory.framework/Versions/A/Frameworks/CFOpenDirectory.framework/Versions/A/CFOpenDirectory
0x000000019303b000 	/System/Library/Frameworks/OpenDirectory.framework/Versions/A/OpenDirectory
0x0000000196f3c000 	/System/Library/PrivateFrameworks/APFS.framework/Versions/A/APFS
0x0000000195c6b000 	/System/Library/Frameworks/SecurityFoundation.framework/Versions/A/SecurityFoundation
0x0000000196fb2000 	/usr/lib/libutil.dylib
0x000000018e5b2000 	/System/Library/PrivateFrameworks/CoreServicesStore.framework/Versions/A/CoreServicesStore
0x0000000196fb6000 	/usr/lib/libxslt.1.dylib
0x0000000195cff000 	/System/Library/PrivateFrameworks/BackgroundTaskManagement.framework/Versions/A/BackgroundTaskManagement
0x0000000198252000 	/System/Library/Frameworks/ImageIO.framework/Versions/A/Resources/libRadiance.dylib
0x000000019825b000 	/System/Library/Frameworks/ImageIO.framework/Versions/A/Resources/libJPEG.dylib
0x00000001981ae000 	/System/Library/Frameworks/ImageIO.framework/Versions/A/Resources/libPng.dylib
0x00000001981d0000 	/System/Library/Frameworks/ImageIO.framework/Versions/A/Resources/libTIFF.dylib
0x00000001982b6000 	/System/Library/Frameworks/ImageIO.framework/Versions/A/Resources/libGIF.dylib
0x0000000197be6000 	/System/Library/Frameworks/ImageIO.framework/Versions/A/Resources/libJP2.dylib
0x0000000197308000 	/usr/lib/libexpat.1.dylib
0x0000000197ba1000 	/System/Library/PrivateFrameworks/AppleJPEG.framework/Versions/A/AppleJPEG
0x00000001946c5000 	/System/Library/PrivateFrameworks/FontServices.framework/libFontParser.dylib
0x000000019233f000 	/System/Library/PrivateFrameworks/RunningBoardServices.framework/Versions/A/RunningBoardServices
0x00000001a2be4000 	/System/Library/PrivateFrameworks/IOSurfaceAccelerator.framework/Versions/A/IOSurfaceAccelerator
0x0000000197cd2000 	/System/Library/PrivateFrameworks/WatchdogClient.framework/Versions/A/WatchdogClient
0x000000018cf75000 	/System/Library/Frameworks/CoreDisplay.framework/Versions/A/CoreDisplay
0x00000001945af000 	/System/Library/Frameworks/CoreMedia.framework/Versions/A/CoreMedia
0x000000019443c000 	/System/Library/PrivateFrameworks/IOAccelerator.framework/Versions/A/IOAccelerator
0x00000001931db000 	/System/Library/Frameworks/CoreVideo.framework/Versions/A/CoreVideo
0x000000019692d000 	/System/Library/Frameworks/MetalPerformanceShaders.framework/Versions/A/MetalPerformanceShaders
0x0000000197d11000 	/System/Library/Frameworks/VideoToolbox.framework/Versions/A/VideoToolbox
0x0000000192283000 	/System/Library/PrivateFrameworks/BaseBoard.framework/Versions/A/BaseBoard
0x0000000192011000 	/System/Library/PrivateFrameworks/ProtocolBuffer.framework/Versions/A/ProtocolBuffer
0x000000019824d000 	/System/Library/PrivateFrameworks/GPUWrangler.framework/Versions/A/GPUWrangler
0x000000019822d000 	/System/Library/PrivateFrameworks/IOPresentment.framework/Versions/A/IOPresentment
0x0000000198255000 	/System/Library/PrivateFrameworks/DSExternalDisplay.framework/Versions/A/DSExternalDisplay
0x00000001ed206000 	/System/Library/Frameworks/OpenGL.framework/Versions/A/Libraries/libCoreFSCache.dylib
0x00000001f79cc000 	/System/Library/PrivateFrameworks/GPUCompiler.framework/Versions/31001/Libraries/libGPUCompilerUtils.dylib
0x00000001982bb000 	/System/Library/PrivateFrameworks/CMCaptureCore.framework/Versions/A/CMCaptureCore
0x00000001978b9000 	/System/Library/PrivateFrameworks/AppServerSupport.framework/Versions/A/AppServerSupport
0x0000000199b3f000 	/System/Library/PrivateFrameworks/perfdata.framework/Versions/A/perfdata
0x000000018d095000 	/System/Library/PrivateFrameworks/AudioToolboxCore.framework/Versions/A/AudioToolboxCore
0x0000000194588000 	/System/Library/PrivateFrameworks/caulk.framework/Versions/A/caulk
0x0000000199434000 	/usr/lib/libAudioStatistics.dylib
0x00000001ab433000 	/System/Library/PrivateFrameworks/SystemPolicy.framework/Versions/A/SystemPolicy
0x00000001996a0000 	/usr/lib/libSMC.dylib
0x00000001a23ec000 	/System/Library/Frameworks/CoreMIDI.framework/Versions/A/CoreMIDI
0x000000019817c000 	/usr/lib/libAudioToolboxUtility.dylib
0x00000001a75a3000 	/System/Library/PrivateFrameworks/OSAServicesClient.framework/Versions/A/OSAServicesClient
0x0000000199b4c000 	/usr/lib/libperfcheck.dylib
0x00000001abf4f000 	/usr/lib/libmis.dylib
0x00000001ed268000 	/System/Library/Frameworks/OpenGL.framework/Versions/A/Libraries/libGLU.dylib
0x00000001ed227000 	/System/Library/Frameworks/OpenGL.framework/Versions/A/Libraries/libGFXShared.dylib
0x00000001ed414000 	/System/Library/Frameworks/OpenGL.framework/Versions/A/Libraries/libGL.dylib
0x00000001ed230000 	/System/Library/Frameworks/OpenGL.framework/Versions/A/Libraries/libGLImage.dylib
0x00000001ed224000 	/System/Library/Frameworks/OpenGL.framework/Versions/A/Libraries/libCVMSPluginSupport.dylib
0x00000001ed20d000 	/System/Library/Frameworks/OpenGL.framework/Versions/A/Libraries/libCoreVMClient.dylib
0x0000000195139000 	/System/Library/Frameworks/MetalPerformanceShaders.framework/Versions/A/Frameworks/MPSCore.framework/Versions/A/MPSCore
0x00000001962da000 	/System/Library/Frameworks/MetalPerformanceShaders.framework/Versions/A/Frameworks/MPSImage.framework/Versions/A/MPSImage
0x0000000195dc9000 	/System/Library/Frameworks/MetalPerformanceShaders.framework/Versions/A/Frameworks/MPSNeuralNetwork.framework/Versions/A/MPSNeuralNetwork
0x0000000196202000 	/System/Library/Frameworks/MetalPerformanceShaders.framework/Versions/A/Frameworks/MPSMatrix.framework/Versions/A/MPSMatrix
0x0000000195fdb000 	/System/Library/Frameworks/MetalPerformanceShaders.framework/Versions/A/Frameworks/MPSRayIntersector.framework/Versions/A/MPSRayIntersector
0x0000000196233000 	/System/Library/Frameworks/MetalPerformanceShaders.framework/Versions/A/Frameworks/MPSNDArray.framework/Versions/A/MPSNDArray
0x00000001ef62f000 	/System/Library/Frameworks/MetalPerformanceShaders.framework/Versions/A/Frameworks/MPSFunctions.framework/Versions/A/MPSFunctions
0x000000018c328000 	/System/Library/PrivateFrameworks/MetalTools.framework/Versions/A/MetalTools
0x00000001951b7000 	/System/Library/PrivateFrameworks/AggregateDictionary.framework/Versions/A/AggregateDictionary
0x00000001970ed000 	/usr/lib/libIOReport.dylib
0x00000001a1409000 	/System/Library/PrivateFrameworks/ASEProcessing.framework/Versions/A/ASEProcessing
0x0000000197462000 	/System/Library/PrivateFrameworks/FaceCore.framework/Versions/A/FaceCore
0x0000000197454000 	/System/Library/PrivateFrameworks/GraphVisualizer.framework/Versions/A/GraphVisualizer
0x00000001f78e3000 	/System/Library/PrivateFrameworks/FontServices.framework/Versions/A/FontServices
0x0000000197875000 	/System/Library/PrivateFrameworks/OTSVG.framework/Versions/A/OTSVG
0x0000000192da5000 	/System/Library/Frameworks/ApplicationServices.framework/Versions/A/Frameworks/ATS.framework/Versions/A/Resources/libFontRegistry.dylib
0x00000001978c2000 	/System/Library/PrivateFrameworks/FontServices.framework/libhvf.dylib
0x00000001f78e4000 	/System/Library/PrivateFrameworks/FontServices.framework/libXTFontStaticRegistryData.dylib
0x00000001ed5b5000 	/System/Library/Frameworks/OpenCL.framework/Versions/A/OpenCL
0x00000001972bc000 	/System/Library/PrivateFrameworks/AppleVA.framework/Versions/A/AppleVA
0x000000019945c000 	/System/Library/Frameworks/ApplicationServices.framework/Versions/A/Frameworks/ATS.framework/Versions/A/ATS
0x00000001917ce000 	/System/Library/Frameworks/ApplicationServices.framework/Versions/A/Frameworks/HIServices.framework/Versions/A/HIServices
0x00000001982c5000 	/System/Library/Frameworks/ApplicationServices.framework/Versions/A/Frameworks/PrintCore.framework/Versions/A/PrintCore
0x00000001997f3000 	/System/Library/Frameworks/ApplicationServices.framework/Versions/A/Frameworks/QD.framework/Versions/A/QD
0x00000001997eb000 	/System/Library/Frameworks/ApplicationServices.framework/Versions/A/Frameworks/ColorSyncLegacy.framework/Versions/A/ColorSyncLegacy
0x0000000199448000 	/System/Library/Frameworks/ApplicationServices.framework/Versions/A/Frameworks/SpeechSynthesis.framework/Versions/A/SpeechSynthesis
0x0000000198286000 	/System/Library/Frameworks/ApplicationServices.framework/Versions/A/Frameworks/ATSUI.framework/Versions/A/ATSUI
0x0000000199780000 	/usr/lib/libcups.2.dylib
0x0000000199b5a000 	/System/Library/Frameworks/Kerberos.framework/Versions/A/Kerberos
0x0000000199b6b000 	/System/Library/Frameworks/GSS.framework/Versions/A/GSS
0x00000001994cc000 	/usr/lib/libresolv.9.dylib
0x00000001978d1000 	/System/Library/PrivateFrameworks/Heimdal.framework/Versions/A/Heimdal
0x00000001a063f000 	/System/Library/Frameworks/Kerberos.framework/Versions/A/Libraries/libHeimdalProxy.dylib
0x000000019241d000 	/System/Library/Frameworks/Network.framework/Versions/A/Network
0x0000000197323000 	/usr/lib/libheimdal-asn1.dylib
0x0000000199bbb000 	/System/Library/PrivateFrameworks/CommonAuth.framework/Versions/A/CommonAuth
0x00000001993c2000 	/System/Library/PrivateFrameworks/AudioSession.framework/Versions/A/AudioSession
0x00000001973b5000 	/System/Library/PrivateFrameworks/MediaExperience.framework/Versions/A/MediaExperience
0x0000000199248000 	/System/Library/PrivateFrameworks/AudioSession.framework/libSessionUtility.dylib
0x00000001997ff000 	/System/Library/PrivateFrameworks/AudioResourceArbitration.framework/Versions/A/AudioResourceArbitration
0x000000019d9c5000 	/System/Library/PrivateFrameworks/PowerLog.framework/Versions/A/PowerLog
0x000000019732d000 	/System/Library/PrivateFrameworks/IconFoundation.framework/Versions/A/IconFoundation
0x000000019c70e000 	/System/Library/PrivateFrameworks/SpeechRecognitionCore.framework/Versions/A/SpeechRecognitionCore
0x0000000103934000 	/Library/Java/JavaVirtualMachines/jdk-17.0.3.1.jdk/Contents/Home/lib/server/libjvm.dylib
0x0000000102a58000 	/Library/Java/JavaVirtualMachines/jdk-17.0.3.1.jdk/Contents/Home/lib/libjimage.dylib
0x0000000102ab4000 	/Library/Java/JavaVirtualMachines/jdk-17.0.3.1.jdk/Contents/Home/lib/libjdwp.dylib
0x0000000102afc000 	/Library/Java/JavaVirtualMachines/jdk-17.0.3.1.jdk/Contents/Home/lib/libjava.dylib
0x0000000102a84000 	/Library/Java/JavaVirtualMachines/jdk-17.0.3.1.jdk/Contents/Home/lib/libinstrument.dylib
0x0000000102a9c000 	/Library/Java/JavaVirtualMachines/jdk-17.0.3.1.jdk/Contents/Home/lib/libzip.dylib
0x00000001035dc000 	/Library/Java/JavaVirtualMachines/jdk-17.0.3.1.jdk/Contents/Home/lib/libnio.dylib
0x0000000103620000 	/Library/Java/JavaVirtualMachines/jdk-17.0.3.1.jdk/Contents/Home/lib/libnet.dylib
0x00000001035fc000 	/Library/Java/JavaVirtualMachines/jdk-17.0.3.1.jdk/Contents/Home/lib/libdt_socket.dylib
0x0000000103644000 	/Users/kali/.openjfx/cache/17.0.1/libprism_es2.dylib
0x000000018e575000 	/System/Library/PrivateFrameworks/CoreServicesInternal.framework/Versions/A/CoreServicesInternal
0x00000001ed41e000 	/System/Library/Frameworks/OpenGL.framework/Versions/A/Resources/GLEngine.bundle/GLEngine
0x00000001ed2a6000 	/System/Library/Frameworks/OpenGL.framework/Versions/A/Libraries/libGLProgrammability.dylib
0x0000000103838000 	/System/Library/Extensions/AppleMetalOpenGLRenderer.bundle/Contents/MacOS/AppleMetalOpenGLRenderer
0x00000001ed58d000 	/System/Library/Frameworks/OpenGL.framework/Versions/A/Resources/GLRendererFloat.bundle/GLRendererFloat
0x00000001ed68d000 	/System/Library/Extensions/AGXMetal13_3.bundle/Contents/MacOS/AGXMetal13_3
0x00000001abf6b000 	/System/Library/PrivateFrameworks/GPURawCounter.framework/Versions/A/GPURawCounter
0x00000001a670c000 	/System/Library/PrivateFrameworks/IOGPU.framework/Versions/A/IOGPU
0x0000000121594000 	/Users/kali/.openjfx/cache/17.0.1/libglass.dylib
0x000000019dc1d000 	/System/Library/Frameworks/FileProvider.framework/Versions/A/FileProvider
0x00000001921eb000 	/System/Library/Frameworks/Accounts.framework/Versions/A/Accounts
0x000000019dda1000 	/System/Library/PrivateFrameworks/GenerationalStorage.framework/Versions/A/GenerationalStorage
0x000000019e964000 	/System/Library/PrivateFrameworks/CoreSymbolication.framework/Versions/A/CoreSymbolication
0x000000019d9b9000 	/System/Library/PrivateFrameworks/SymptomDiagnosticReporter.framework/Versions/A/SymptomDiagnosticReporter
0x000000018f865000 	/System/Library/PrivateFrameworks/DesktopServicesPriv.framework/Versions/A/DesktopServicesPriv
0x000000018e6d7000 	/usr/lib/libsandbox.1.dylib
0x0000000193269000 	/System/Library/PrivateFrameworks/UserManagement.framework/Versions/A/UserManagement
0x000000019e921000 	/System/Library/PrivateFrameworks/DebugSymbols.framework/Versions/A/DebugSymbols
0x00000001997de000 	/System/Library/PrivateFrameworks/NetAuth.framework/Versions/A/NetAuth
0x000000019a6ff000 	/System/Library/PrivateFrameworks/Sharing.framework/Versions/A/Sharing
0x0000000193239000 	/System/Library/PrivateFrameworks/login.framework/Versions/A/Frameworks/loginsupport.framework/Versions/A/loginsupport
0x000000019fb56000 	/System/Library/PrivateFrameworks/Apple80211.framework/Versions/A/Apple80211
0x00000001963be000 	/System/Library/PrivateFrameworks/AuthKit.framework/Versions/A/AuthKit
0x0000000195a46000 	/System/Library/PrivateFrameworks/CoreUtils.framework/Versions/A/CoreUtils
0x0000000195969000 	/System/Library/Frameworks/CoreWLAN.framework/Versions/A/CoreWLAN
0x000000019a86f000 	/System/Library/Frameworks/IOBluetooth.framework/Versions/A/IOBluetooth
0x000000019fbb6000 	/System/Library/PrivateFrameworks/CoreWiFi.framework/Versions/A/CoreWiFi
0x000000019e501000 	/System/Library/PrivateFrameworks/FrontBoardServices.framework/Versions/A/FrontBoardServices
0x000000019e599000 	/System/Library/PrivateFrameworks/BoardServices.framework/Versions/A/BoardServices
0x0000000195c59000 	/System/Library/PrivateFrameworks/AssertionServices.framework/Versions/A/AssertionServices
0x000000019fd33000 	/System/Library/PrivateFrameworks/BackBoardServices.framework/Versions/A/BackBoardServices
0x0000000199c52000 	/System/Library/PrivateFrameworks/CorePhoneNumbers.framework/Versions/A/CorePhoneNumbers
0x00000001994f9000 	/System/Library/PrivateFrameworks/MultiverseSupport.framework/Versions/A/MultiverseSupport
0x000000019ffb4000 	/System/Library/PrivateFrameworks/RemoteServiceDiscovery.framework/Versions/A/RemoteServiceDiscovery
0x000000019dae9000 	/System/Library/PrivateFrameworks/DiskManagement.framework/Versions/A/DiskManagement
0x000000019d9ec000 	/System/Library/PrivateFrameworks/AppleIDAuthSupport.framework/Versions/A/AppleIDAuthSupport
0x00000001f1e6b000 	/System/Library/PrivateFrameworks/AAAFoundation.framework/Versions/A/AAAFoundation
0x0000000199c31000 	/System/Library/PrivateFrameworks/KeychainCircle.framework/Versions/A/KeychainCircle
0x000000019ffc4000 	/System/Library/PrivateFrameworks/RemoteXPC.framework/Versions/A/RemoteXPC
0x000000019dab5000 	/System/Library/PrivateFrameworks/MediaKit.framework/Versions/A/MediaKit
0x000000019d9f9000 	/System/Library/Frameworks/DiscRecording.framework/Versions/A/DiscRecording
0x0000000197238000 	/usr/lib/libCoreStorage.dylib
0x00000001a0030000 	/usr/lib/libcsfde.dylib
0x000000019a944000 	/System/Library/PrivateFrameworks/ProtectedCloudStorage.framework/Versions/A/ProtectedCloudStorage
0x00000001a0028000 	/System/Library/PrivateFrameworks/EFILogin.framework/Versions/A/EFILogin
0x000000019ddc8000 	/System/Library/PrivateFrameworks/OctagonTrust.framework/Versions/A/OctagonTrust
0x00000001f6a6a000 	/System/Library/PrivateFrameworks/CoreUtilsExtras.framework/Versions/A/CoreUtilsExtras
0x000000019d91e000 	/System/Library/Frameworks/CoreBluetooth.framework/Versions/A/CoreBluetooth
0x00000001a06c4000 	/System/Library/Frameworks/AudioUnit.framework/Versions/A/AudioUnit
0x0000000197230000 	/usr/lib/libMatch.1.dylib
0x00000001b0451000 	/System/Library/Frameworks/Accelerate.framework/Versions/A/Frameworks/vImage.framework/Versions/A/Libraries/libCGInterfaces.dylib
0x00000001217ec000 	/usr/lib/libobjc-trampolines.dylib
0x0000000192f33000 	/System/Library/PrivateFrameworks/ViewBridge.framework/Versions/A/ViewBridge
0x0000000197994000 	/System/Library/PrivateFrameworks/login.framework/Versions/A/login
0x000000020b039000 	/usr/lib/libRosetta.dylib
0x0000000127aac000 	/Users/kali/.openjfx/cache/17.0.1/libjavafx_font.dylib


VM Arguments:
jvm_args: -agentlib:jdwp=transport=dt_socket,address=127.0.0.1:52795,suspend=y,server=n -javaagent:/Users/kali/Library/Caches/JetBrains/IntelliJIdea2022.1/captureAgent/debugger-agent.jar -Dfile.encoding=UTF-8 --module-path=/Users/kali/Downloads/HW3/target/classes:/Users/kali/.m2/repository/org/openjfx/javafx-graphics/17.0.1/javafx-graphics-17.0.1-mac-aarch64.jar:/Users/kali/.m2/repository/org/openjfx/javafx-controls/17.0.1/javafx-controls-17.0.1-mac-aarch64.jar:/Users/kali/.m2/repository/org/openjfx/javafx-fxml/17.0.1/javafx-fxml-17.0.1-mac-aarch64.jar:/Users/kali/.m2/repository/org/openjfx/javafx-base/17.0.1/javafx-base-17.0.1-mac-aarch64.jar -Djdk.module.main=com.example.hw3 
java_command: com.example.hw3/com.example.hw3.BabyNames
java_class_path (initial): /Users/kali/.m2/repository/org/openjfx/javafx-controls/17.0.1/javafx-controls-17.0.1.jar:/Users/kali/.m2/repository/org/openjfx/javafx-graphics/17.0.1/javafx-graphics-17.0.1.jar:/Users/kali/.m2/repository/org/openjfx/javafx-base/17.0.1/javafx-base-17.0.1.jar:/Users/kali/.m2/repository/org/openjfx/javafx-fxml/17.0.1/javafx-fxml-17.0.1.jar:/Users/kali/Downloads/mysql-connector-java-8.0.18.jar:/Applications/IntelliJ IDEA.app/Contents/lib/idea_rt.jar
Launcher Type: SUN_STANDARD

[Global flags]
     intx CICompilerCount                          = 4                                         {product} {ergonomic}
     uint ConcGCThreads                            = 2                                         {product} {ergonomic}
     uint G1ConcRefinementThreads                  = 8                                         {product} {ergonomic}
   size_t G1HeapRegionSize                         = 1048576                                   {product} {ergonomic}
    uintx GCDrainStackTargetSize                   = 64                                        {product} {ergonomic}
   size_t InitialHeapSize                          = 134217728                                 {product} {ergonomic}
   size_t MarkStackSize                            = 4194304                                   {product} {ergonomic}
   size_t MaxHeapSize                              = 2147483648                                {product} {ergonomic}
   size_t MaxNewSize                               = 1287651328                                {product} {ergonomic}
   size_t MinHeapDeltaBytes                        = 1048576                                   {product} {ergonomic}
   size_t MinHeapSize                              = 8388608                                   {product} {ergonomic}
    uintx NonNMethodCodeHeapSize                   = 5839564                                {pd product} {ergonomic}
    uintx NonProfiledCodeHeapSize                  = 122909338                              {pd product} {ergonomic}
    uintx ProfiledCodeHeapSize                     = 122909338                              {pd product} {ergonomic}
    uintx ReservedCodeCacheSize                    = 251658240                              {pd product} {ergonomic}
     bool SegmentedCodeCache                       = true                                      {product} {ergonomic}
   size_t SoftMaxHeapSize                          = 2147483648                             {manageable} {ergonomic}
     bool UseCompressedClassPointers               = true                           {product lp64_product} {ergonomic}
     bool UseCompressedOops                        = true                           {product lp64_product} {ergonomic}
     bool UseG1GC                                  = true                                      {product} {ergonomic}
     bool UseNUMA                                  = false                                     {product} {ergonomic}
     bool UseNUMAInterleaving                      = false                                     {product} {ergonomic}

Logging:
Log output configuration:
 #0: stdout all=warning uptime,level,tags
 #1: stderr all=off uptime,level,tags

Environment Variables:
PATH=/opt/homebrew/bin:/opt/homebrew/sbin:/usr/local/bin:/usr/bin:/bin:/usr/sbin:/sbin:/usr/local/apache-maven-3.8.6/bin
SHELL=/bin/zsh
LC_CTYPE=en_US.UTF-8

Signal Handlers:
   SIGSEGV: _ZL13crash_handleriP9__siginfoPv in libjvm.dylib, mask=11100110000111110111111111111111, flags=SA_RESTART|SA_SIGINFO
    SIGBUS: _ZL13crash_handleriP9__siginfoPv in libjvm.dylib, mask=11100110000111110111111111111111, flags=SA_RESTART|SA_SIGINFO
    SIGFPE: _ZL13crash_handleriP9__siginfoPv in libjvm.dylib, mask=11100110000111110111111111111111, flags=SA_RESTART|SA_SIGINFO
   SIGPIPE: _ZL17javaSignalHandleriP9__siginfoPv in libjvm.dylib, mask=11100110000111110111111111111111, flags=SA_RESTART|SA_SIGINFO
   SIGXFSZ: _ZL17javaSignalHandleriP9__siginfoPv in libjvm.dylib, mask=11100110000111110111111111111111, flags=SA_RESTART|SA_SIGINFO
    SIGILL: _ZL13crash_handleriP9__siginfoPv in libjvm.dylib, mask=11100110000111110111111111111111, flags=SA_RESTART|SA_SIGINFO
   SIGUSR2: _ZL10SR_handleriP9__siginfoP17__darwin_ucontext in libjvm.dylib, mask=00100000000000000000000000000000, flags=SA_RESTART|SA_SIGINFO
    SIGHUP: _ZL11UserHandleriPvS_ in libjvm.dylib, mask=11100110000111110111111111111111, flags=SA_RESTART|SA_SIGINFO
    SIGINT: _ZL11UserHandleriPvS_ in libjvm.dylib, mask=11100110000111110111111111111111, flags=SA_RESTART|SA_SIGINFO
   SIGTERM: _ZL11UserHandleriPvS_ in libjvm.dylib, mask=11100110000111110111111111111111, flags=SA_RESTART|SA_SIGINFO
   SIGQUIT: _ZL11UserHandleriPvS_ in libjvm.dylib, mask=11100110000111110111111111111111, flags=SA_RESTART|SA_SIGINFO
   SIGTRAP: _ZL13crash_handleriP9__siginfoPv in libjvm.dylib, mask=11100110000111110111111111111111, flags=SA_RESTART|SA_SIGINFO


---------------  S Y S T E M  ---------------

OS:
uname: Darwin 21.5.0 Darwin Kernel Version 21.5.0: Tue Apr 26 21:08:29 PDT 2022; root:xnu-8020.121.3~4/RELEASE_ARM64_T8101 arm64
OS uptime: 1 days 0:17 hours
rlimit (soft/hard): STACK 8176k/65520k , CORE 0k/infinity , NPROC 1333/2000 , NOFILE 10240/infinity , AS infinity/infinity , CPU infinity/infinity , DATA infinity/infinity , FSIZE infinity/infinity , MEMLOCK infinity/infinity , RSS infinity/infinity
load average: 2.24 2.07 1.71

CPU: total 8 (initial active 8) 0x61:0x0:0x1b588bb3:0, fp, simd, crc, lse

Memory: 16k page, physical 8388608k(97312k free), swap 1048576k(891392k free)

vm_info: Java HotSpot(TM) 64-Bit Server VM (17.0.3.1+2-LTS-6) for bsd-aarch64 JRE (17.0.3.1+2-LTS-6), built on Apr 25 2022 20:48:14 by "mach5one" with clang Apple LLVM 12.0.0 (clang-1200.0.32.29)

END.
