#
# A fatal error has been detected by the Java Runtime Environment:
#
#  SIGBUS (0xa) at pc=0x000000010a3514f0, pid=8148, tid=35595
#
# JRE version: Java(TM) SE Runtime Environment (17.0.3.1+2) (build 17.0.3.1+2-LTS-6)
# Java VM: Java HotSpot(TM) 64-Bit Server VM (17.0.3.1+2-LTS-6, mixed mode, sharing, tiered, compressed oops, compressed class ptrs, g1 gc, bsd-aarch64)
# Problematic frame:
# v  ~StubRoutines::SafeFetchN
#
# No core dump will be written. Core dumps have been disabled. To enable core dumping, try "ulimit -c unlimited" before starting Java again
#
# If you would like to submit a bug report, please visit:
#   https://bugreport.java.com/bugreport/crash.jsp
# The crash happened outside the Java Virtual Machine in native code.
# See problematic frame for where to report the bug.
#

---------------  S U M M A R Y ------------

Command Line: -agentlib:jdwp=transport=dt_socket,address=127.0.0.1:52787,suspend=y,server=n -javaagent:/Users/kali/Library/Caches/JetBrains/IntelliJIdea2022.1/captureAgent/debugger-agent.jar -Dfile.encoding=UTF-8 --module-path=/Users/kali/Downloads/HW3/target/classes:/Users/kali/.m2/repository/org/openjfx/javafx-graphics/17.0.1/javafx-graphics-17.0.1-mac-aarch64.jar:/Users/kali/.m2/repository/org/openjfx/javafx-controls/17.0.1/javafx-controls-17.0.1-mac-aarch64.jar:/Users/kali/.m2/repository/org/openjfx/javafx-fxml/17.0.1/javafx-fxml-17.0.1-mac-aarch64.jar:/Users/kali/.m2/repository/org/openjfx/javafx-base/17.0.1/javafx-base-17.0.1-mac-aarch64.jar -Djdk.module.main=com.example.hw3 com.example.hw3/com.example.hw3.BabyNames

Host: "MacBookPro17,1" arm64 1 MHz, 8 cores, 8G, Darwin 21.5.0, macOS 12.4 (21F79)
Time: Wed Jul 20 00:45:24 2022 CDT elapsed time: 6.920760 seconds (0d 0h 0m 6s)

---------------  T H R E A D  ---------------

Current thread (0x0000000151125600):  JavaThread "InvokeLaterDispatcher" daemon [_thread_in_native, id=35595, stack(0x0000000172188000,0x000000017238b000)]

Stack: [0x0000000172188000,0x000000017238b000],  sp=0x000000017238a7b0,  free space=2057k
Native frames: (J=compiled Java code, j=interpreted, Vv=VM code, C=native code)
v  ~StubRoutines::SafeFetchN
V  [libjvm.dylib+0x7a3f04]  _ZN10OopStorage7releaseEPKP7oopDesc+0x20
V  [libjvm.dylib+0x4b93a0]  jni_DeleteGlobalRef+0xc4
C  [libglass.dylib+0xab08]  -[GlassRunnable dealloc]+0x34
C  [Foundation+0x85318]  -[_NSThreadPerformInfo dealloc]+0x30
C  [Foundation+0x518ac]  -[NSObject(NSThreadPerformAdditions) performSelectorOnMainThread:withObject:waitUntilDone:]+0x88
C  0x2c5000010a35bbe0
j  com.sun.glass.ui.mac.MacApplication.submitForLaterInvocation(Ljava/lang/Runnable;)V+2 javafx.graphics
j  com.sun.glass.ui.InvokeLaterDispatcher.run()V+82 javafx.graphics
v  ~StubRoutines::call_stub
V  [libjvm.dylib+0x4609f8]  _ZN9JavaCalls11call_helperEP9JavaValueRK12methodHandleP17JavaCallArgumentsP10JavaThread+0x38c
V  [libjvm.dylib+0x45fa14]  _ZN9JavaCalls12call_virtualEP9JavaValueP5KlassP6SymbolS5_P17JavaCallArgumentsP10JavaThread+0x11c
V  [libjvm.dylib+0x45fae0]  _ZN9JavaCalls12call_virtualEP9JavaValue6HandleP5KlassP6SymbolS6_P10JavaThread+0x64
V  [libjvm.dylib+0x513360]  _ZL12thread_entryP10JavaThreadS0_+0xc4
V  [libjvm.dylib+0x904598]  _ZN10JavaThread17thread_main_innerEv+0x134
V  [libjvm.dylib+0x902ec0]  _ZN6Thread8call_runEv+0x128
V  [libjvm.dylib+0x7aaac4]  _ZL19thread_native_entryP6Thread+0x158
C  [libsystem_pthread.dylib+0x726c]  _pthread_start+0x94

Java frames: (J=compiled Java code, j=interpreted, Vv=VM code)
j  com.sun.glass.ui.mac.MacApplication._submitForLaterInvocation(Ljava/lang/Runnable;)V+0 javafx.graphics
j  com.sun.glass.ui.mac.MacApplication.submitForLaterInvocation(Ljava/lang/Runnable;)V+2 javafx.graphics
j  com.sun.glass.ui.InvokeLaterDispatcher.run()V+82 javafx.graphics
v  ~StubRoutines::call_stub

siginfo: si_signo: 10 (SIGBUS), si_code: 1 (BUS_ADRALN), si_addr: 0x000000010a3514f0

Register to memory mapping:

 x0=0x000000015200c908 points into unknown readable memory: 0x0000000000000000 | 00 00 00 00 00 00 00 00
 x1=0x0 is NULL
 x2=0x0000000781f01fa8 is an oop: com.sun.glass.ui.InvokeLaterDispatcher$Future 
{0x0000000781f01fa8} - klass: 'com/sun/glass/ui/InvokeLaterDispatcher$Future'
 - ---- fields (total size 3 words):
 - private 'done' 'Z' @12  true
 - private final 'runnable' 'Ljava/lang/Runnable;' @16  a 'com/sun/javafx/application/PlatformImpl$$Lambda$90+0x0000000800c85278'{0x0000000781aadf80} (f0355bf0)
 - final synthetic 'this$0' 'Lcom/sun/glass/ui/InvokeLaterDispatcher;' @20  a 'com/sun/glass/ui/InvokeLaterDispatcher'{0x00000007801e3d68} (f003c7ad)
 x3=0x0 is NULL
 x4=0x00000000000130a8 is an unknown value
 x5=0x0 is NULL
 x6=0x0 is NULL
 x7=0x0 is NULL
 x8=0x000000010a3514ec is at begin+0 in a stub
StubRoutines::SafeFetchN [0x000000010a3514ec, 0x000000010a3514f8] (12 bytes)
 x9=0x0 is NULL
x10=0x2010000030300000 is an unknown value
x11=0x0000000000000007 is an unknown value
x12=0x0 is NULL
x13=0x0000600000aee270 points into unknown readable memory: 0x0000000100000000 | 00 00 00 00 01 00 00 00
x14=0x0000120000000000 is an unknown value
x15=0x00000001223c5f98: OBJC_CLASS_$_GlassRunnable+0 in /Users/kali/.openjfx/cache/17.0.1/libglass.dylib at 0x0000000122380000
x16=0x000000018bb330fc: pthread_getspecific+0 in /usr/lib/system/libsystem_pthread.dylib at 0x000000018bb31000
x17=0x0000600000fca990 points into unknown readable memory: 0xfffffffffffffffe | fe ff ff ff ff ff ff ff
x18=0x0 is NULL
x19=0x0000600000fc9c00 points into unknown readable memory: 0x00006000026cd880 | 80 d8 6c 02 00 60 00 00
x20=0x000000015200c700 points into unknown readable memory: 0x00000007ffe04628 | 28 46 e0 ff 07 00 00 00
x21=0x000000015200c908 points into unknown readable memory: 0x0000000000000000 | 00 00 00 00 00 00 00 00
x22=0x0000000151125600 is a thread
x23=0x0000000000000001 is an unknown value
x24=0x000000015200c8c0 is a global jni handle
x25=0x0000000102805628: _ZN12StubRoutines17_safefetchN_entryE+0 in /Library/Java/JavaVirtualMachines/jdk-17.0.3.1.jdk/Contents/Home/lib/server/libjvm.dylib at 0x0000000101c6c000
x26=0x000000011f91a870 is pointing into metadata
x27=0x0 is NULL
x28=0x0000000151125600 is a thread


Registers:
 x0=0x000000015200c908  x1=0x0000000000000000  x2=0x0000000781f01fa8  x3=0x0000000000000000
 x4=0x00000000000130a8  x5=0x0000000000000000  x6=0x0000000000000000  x7=0x0000000000000000
 x8=0x000000010a3514ec  x9=0x0000000000000000 x10=0x2010000030300000 x11=0x0000000000000007
x12=0x0000000000000000 x13=0x0000600000aee270 x14=0x0000120000000000 x15=0x00000001223c5f98
x16=0x000000018bb330fc x17=0x0000600000fca990 x18=0x0000000000000000 x19=0x0000600000fc9c00
x20=0x000000015200c700 x21=0x000000015200c908 x22=0x0000000151125600 x23=0x0000000000000001
x24=0x000000015200c8c0 x25=0x0000000102805628 x26=0x000000011f91a870 x27=0x0000000000000000
x28=0x0000000151125600  fp=0x000000017238a7f0  lr=0x000000010240ecd4  sp=0x000000017238a7b0
pc=0x000000010a3514f0 cpsr=0x0000000060001000
Top of Stack: (sp=0x000000017238a7b0)
0x000000017238a7b0:   000000011f91a870 0000000000000001
0x000000017238a7c0:   000000017238a9a8 00006000026dc880
0x000000017238a7d0:   0000000000000000 000000015200c8d0
0x000000017238a7e0:   000000015200c8d0 0000600000fc9c00
0x000000017238a7f0:   000000017238a830 000000010240ff04
0x000000017238a800:   0000000000000001 000000015200c8d0
0x000000017238a810:   0000000000000000 000000015200c8d0
0x000000017238a820:   0000000000000001 0000000151a0da00
0x000000017238a830:   000000017238a860 00000001021253a0
0x000000017238a840:   00006000026dc8a0 00000001d5df130c
0x000000017238a850:   0000000000000000 00006000026dc8a0
0x000000017238a860:   000000017238a890 000000012238ab08
0x000000017238a870:   620b8a951f2c0077 0000000000000000
0x000000017238a880:   0000000000000000 0000600003110d80
0x000000017238a890:   000000017238a8d0 000000018cb08318
0x000000017238a8a0:   000000017238a9a8 00006000026dc880
0x000000017238a8b0:   00006000026dc8a0 620b8a951f2c0077
0x000000017238a8c0:   0000000000000000 0000000000000000
0x000000017238a8d0:   000000017238a910 7f1100018cad48ac
0x000000017238a8e0:   000000017238a9a8 000000010a35a500
0x000000017238a8f0:   0000000000000000 000000010280cfe8
0x000000017238a900:   000000017238a920 000000010a358cf0
0x000000017238a910:   000000017238a980 2c5000010a35bbe0
0x000000017238a920:   000000017238a988 000000011f5c8748
0x000000017238a930:   000000017238a930 0000000000000000
0x000000017238a940:   000000017238a9a8 000000011f91a870
0x000000017238a950:   0000000780215a10 0000000000000000
0x000000017238a960:   0000000000000000 000000011f8f23c8
0x000000017238a970:   0000000000000000 000000017238a980
0x000000017238a980:   000000017238aa00 000000010a3566ac
0x000000017238a990:   0000000000000000 0000000000000000
0x000000017238a9a0:   0000000781f01fa8 0000000780215a88 

Instructions: (pc=0x000000010a3514f0)
0x000000010a3513f0:   f2a04fa9 f2c00029 6d425935 1e640886
0x000000010a351400:   0c402d31 1e6408c7 1f5654d0 1e6c1017
0x000000010a351410:   1f5050d0 1f504cd0 1f5048d0 1e650af6
0x000000010a351420:   1f50d8f6 1f5694d6 1f5158f6 1e762880
0x000000010a351430:   36000501 1e614000 14000026 2e251ca5
0x000000010a351440:   d2843009 f2a04fa9 f2c00029 6d425d36
0x000000010a351450:   1e600806 0c402d32 1f5758c7 1e6c101a
0x000000010a351460:   1f4754c7 1e650805 1f4750c7 d2866668
0x000000010a351470:   f2a7fa68 1f474cc7 1e6608c0 1f4748c7
0x000000010a351480:   1e6e1019 eb08007f 540000ac 1f479400
0x000000010a351490:   1f460340 1e603b20 1400000e d2a7fd29
0x000000010a3514a0:   eb09007f 540000ac 51480069 d3607d29
0x000000010a3514b0:   9e670121 14000002 1e6a5001 1f679417
0x000000010a3514c0:   1f668742 1e613b23 1e773857 1e773860
0x000000010a3514d0:   a8c17ff3 910003bf a8c17bfd d65f03c0
0x000000010a3514e0:   b9400001 aa0103e0 d65f03c0 f9400001
0x000000010a3514f0:   aa0103e0 d65f03c0 00000000 00000000
0x000000010a351500:   00000000 00000000 00000000 00000000
0x000000010a351510:   00000000 00000000 00000000 00000000
0x000000010a351520:   00000000 00000000 00000000 00000000
0x000000010a351530:   00000000 00000000 00000000 00000000
0x000000010a351540:   00000000 00000000 00000000 00000000
0x000000010a351550:   00000000 00000000 00000000 00000000
0x000000010a351560:   00000000 00000000 00000000 00000000
0x000000010a351570:   00000000 00000000 00000000 00000000
0x000000010a351580:   00000000 00000000 00000000 00000000
0x000000010a351590:   00000000 00000000 00000000 00000000
0x000000010a3515a0:   00000000 00000000 00000000 00000000
0x000000010a3515b0:   00000000 00000000 00000000 00000000
0x000000010a3515c0:   00000000 00000000 00000000 00000000
0x000000010a3515d0:   00000000 00000000 00000000 00000000
0x000000010a3515e0:   00000000 00000000 00000000 00000000 


Stack slot to memory mapping:
stack at sp + 0 slots: 0x000000011f91a870 is pointing into metadata
stack at sp + 1 slots: 0x0000000000000001 is an unknown value
stack at sp + 2 slots: 0x000000017238a9a8 is pointing into the stack for thread: 0x0000000151125600
stack at sp + 3 slots: 0x00006000026dc880 points into unknown readable memory: 0x01000001e4502031 | 31 20 50 e4 01 00 00 01
stack at sp + 4 slots: 0x0 is NULL
stack at sp + 5 slots: 0x000000015200c8d0 is a global jni handle
stack at sp + 6 slots: 0x000000015200c8d0 is a global jni handle
stack at sp + 7 slots: 0x0000600000fc9c00 points into unknown readable memory: 0x00006000026cd880 | 80 d8 6c 02 00 60 00 00

StubRoutines::SafeFetchN [0x000000010a3514ec, 0x000000010a3514f8] (12 bytes)
[MachCode]
  0x000000010a3514ec: 0100 40f9 | e003 01aa | c003 5fd6 
[/MachCode]

---------------  P R O C E S S  ---------------

Threads class SMR info:
_java_thread_list=0x0000600002550560, length=22, elements={
0x0000000151010400, 0x00000001510c7000, 0x0000000142008200, 0x0000000152808800,
0x0000000142808200, 0x0000000142808800, 0x0000000141008800, 0x000000014100b400,
0x0000000141009e00, 0x000000015180f800, 0x0000000143018200, 0x0000000151812a00,
0x0000000143812400, 0x0000000151813000, 0x0000000151819e00, 0x0000000151125600,
0x0000000151a0da00, 0x0000000151a32a00, 0x000000014212e200, 0x000000014218c000,
0x0000000142217a00, 0x0000000141080e00
}

Java Threads: ( => current thread )
  0x0000000151010400 JavaThread "main" [_thread_blocked, id=6147, stack(0x000000016f368000,0x000000016f56b000)]
  0x00000001510c7000 JavaThread "Reference Handler" daemon [_thread_blocked, id=16899, stack(0x00000001701bc000,0x00000001703bf000)]
  0x0000000142008200 JavaThread "Finalizer" daemon [_thread_blocked, id=15875, stack(0x00000001703c8000,0x00000001705cb000)]
  0x0000000152808800 JavaThread "Signal Dispatcher" daemon [_thread_blocked, id=42755, stack(0x00000001706ec000,0x00000001708ef000)]
  0x0000000142808200 JavaThread "Service Thread" daemon [_thread_blocked, id=23555, stack(0x00000001708f8000,0x0000000170afb000)]
  0x0000000142808800 JavaThread "Monitor Deflation Thread" daemon [_thread_blocked, id=42499, stack(0x0000000170b04000,0x0000000170d07000)]
  0x0000000141008800 JavaThread "C2 CompilerThread0" daemon [_thread_blocked, id=42243, stack(0x0000000170d10000,0x0000000170f13000)]
  0x000000014100b400 JavaThread "C1 CompilerThread0" daemon [_thread_blocked, id=24323, stack(0x0000000170f1c000,0x000000017111f000)]
  0x0000000141009e00 JavaThread "Sweeper thread" daemon [_thread_blocked, id=24579, stack(0x0000000171128000,0x000000017132b000)]
  0x000000015180f800 JavaThread "Common-Cleaner" daemon [_thread_blocked, id=41475, stack(0x0000000171334000,0x0000000171537000)]
  0x0000000143018200 JavaThread "JDWP Transport Listener: dt_socket" daemon [_thread_blocked, id=40967, stack(0x0000000171540000,0x0000000171743000)]
  0x0000000151812a00 JavaThread "JDWP Event Helper Thread" daemon [_thread_blocked, id=40707, stack(0x000000017174c000,0x000000017194f000)]
  0x0000000143812400 JavaThread "JDWP Command Reader" daemon [_thread_in_native, id=25347, stack(0x0000000171958000,0x0000000171b5b000)]
  0x0000000151813000 JavaThread "Notification Thread" daemon [_thread_blocked, id=25859, stack(0x0000000171b64000,0x0000000171d67000)]
  0x0000000151819e00 JavaThread "QuantumRenderer-0" daemon [_thread_blocked, id=26627, stack(0x0000000171f7c000,0x000000017217f000)]
=>0x0000000151125600 JavaThread "InvokeLaterDispatcher" daemon [_thread_in_native, id=35595, stack(0x0000000172188000,0x000000017238b000)]
  0x0000000151a0da00 JavaThread "JavaFX Application Thread" [_thread_in_native, id=259, stack(0x000000016eae0000,0x000000016f2dc000)]
  0x0000000151a32a00 JavaThread "JavaFX-Launcher" [_thread_blocked, id=72707, stack(0x000000017262c000,0x000000017282f000)]
  0x000000014212e200 JavaThread "mysql-cj-abandoned-connection-cleanup" daemon [_thread_blocked, id=58115, stack(0x0000000172838000,0x0000000172a3b000)]
  0x000000014218c000 JavaThread "Prism Font Disposer" daemon [_thread_blocked, id=69643, stack(0x0000000173898000,0x0000000173a9b000)]
  0x0000000142217a00 JavaThread "Cleaner-0" daemon [_thread_blocked, id=170247, stack(0x0000000174360000,0x0000000174563000)]
  0x0000000141080e00 JavaThread "PulseTimer-CVDisplayLink thread" daemon [_thread_in_native, id=78263, stack(0x0000000172394000,0x0000000172417000)]

Other Threads:
  0x0000000150e0ec40 VMThread "VM Thread" [stack: 0x000000016ffb0000,0x00000001701b3000] [id=15107]
  0x0000000150f108d0 WatcherThread [stack: 0x0000000171d70000,0x0000000171f73000] [id=40195]
  0x0000000150e07ac0 GCTaskThread "GC Thread#0" [stack: 0x000000016f574000,0x000000016f777000] [id=19715]
  0x0000000150f32fe0 GCTaskThread "GC Thread#1" [stack: 0x0000000172a44000,0x0000000172c47000] [id=72195]
  0x0000000150f33460 GCTaskThread "GC Thread#2" [stack: 0x0000000172c50000,0x0000000172e53000] [id=71939]
  0x000000014181cd20 GCTaskThread "GC Thread#3" [stack: 0x0000000172e5c000,0x000000017305f000] [id=58883]
  0x0000000150f338e0 GCTaskThread "GC Thread#4" [stack: 0x0000000173068000,0x000000017326b000] [id=59139]
  0x0000000150f33d60 GCTaskThread "GC Thread#5" [stack: 0x0000000173274000,0x0000000173477000] [id=70915]
  0x0000000150e2c000 GCTaskThread "GC Thread#6" [stack: 0x0000000173480000,0x0000000173683000] [id=59651]
  0x0000000150e2c8c0 GCTaskThread "GC Thread#7" [stack: 0x000000017368c000,0x000000017388f000] [id=70403]
  0x0000000150e08170 ConcurrentGCThread "G1 Main Marker" [stack: 0x000000016f780000,0x000000016f983000] [id=12547]
  0x0000000150e089f0 ConcurrentGCThread "G1 Conc#0" [stack: 0x000000016f98c000,0x000000016fb8f000] [id=18947]
  0x000000014190ad40 ConcurrentGCThread "G1 Conc#1" [stack: 0x0000000174154000,0x0000000174357000] [id=170507]
  0x0000000150e0a860 ConcurrentGCThread "G1 Refine#0" [stack: 0x000000016fb98000,0x000000016fd9b000] [id=18435]
  0x0000000141908800 ConcurrentGCThread "G1 Refine#1" [stack: 0x0000000173aa4000,0x0000000173ca7000] [id=60675]
  0x00000001418387b0 ConcurrentGCThread "G1 Refine#2" [stack: 0x0000000173cb0000,0x0000000173eb3000] [id=69379]
  0x0000000141a1c6a0 ConcurrentGCThread "G1 Refine#3" [stack: 0x0000000173ebc000,0x00000001740bf000] [id=68611]
  0x0000000150e0b100 ConcurrentGCThread "G1 Service" [stack: 0x000000016fda4000,0x000000016ffa7000] [id=13315]

Threads with active compile tasks:

VM state: not at safepoint (normal execution)

VM Mutex/Monitor currently owned by a thread: None

Heap address: 0x0000000780000000, size: 2048 MB, Compressed Oops mode: Zero based, Oop shift amount: 3

CDS archive(s) mapped at: [0x0000000800000000-0x0000000800bd8000-0x0000000800bd8000), size 12419072, SharedBaseAddress: 0x0000000800000000, ArchiveRelocationMode: 0.
Compressed class space mapped at: 0x0000000800c00000-0x0000000840c00000, reserved size: 1073741824
Narrow klass base: 0x0000000800000000, Narrow klass shift: 0, Narrow klass range: 0x100000000

GC Precious Log:
 CPUs: 8 total, 8 available
 Memory: 8192M
 Large Page Support: Disabled
 NUMA Support: Disabled
 Compressed Oops: Enabled (Zero based)
 Heap Region Size: 1M
 Heap Min Capacity: 8M
 Heap Initial Capacity: 128M
 Heap Max Capacity: 2G
 Pre-touch: Disabled
 Parallel Workers: 8
 Concurrent Workers: 2
 Concurrent Refinement Workers: 8
 Periodic GC: Disabled

Heap:
 garbage-first heap   total 45056K, used 24397K [0x0000000780000000, 0x0000000800000000)
  region size 1024K, 17 young (17408K), 5 survivors (5120K)
 Metaspace       used 23108K, committed 23424K, reserved 1073152K
  class space    used 3171K, committed 3328K, reserved 1048576K

Heap Regions: E=young(eden), S=young(survivor), O=old, HS=humongous(starts), HC=humongous(continues), CS=collection set, F=free, OA=open archive, CA=closed archive, TAMS=top-at-mark-start (previous, next)
|   0|0x0000000780000000, 0x0000000780100000, 0x0000000780100000|100%| O|  |TAMS 0x0000000780100000, 0x0000000780000000| Untracked 
|   1|0x0000000780100000, 0x0000000780200000, 0x0000000780200000|100%| O|  |TAMS 0x00000007801d8600, 0x0000000780100000| Untracked 
|   2|0x0000000780200000, 0x0000000780300000, 0x0000000780300000|100%| O|  |TAMS 0x0000000780200000, 0x0000000780200000| Untracked 
|   3|0x0000000780300000, 0x0000000780400000, 0x0000000780400000|100%| O|  |TAMS 0x0000000780300000, 0x0000000780300000| Untracked 
|   4|0x0000000780400000, 0x00000007804db400, 0x0000000780500000| 85%| O|  |TAMS 0x0000000780400000, 0x0000000780400000| Untracked 
|   5|0x0000000780500000, 0x0000000780600000, 0x0000000780600000|100%|HS|  |TAMS 0x0000000780500000, 0x0000000780500000| Complete 
|   6|0x0000000780600000, 0x0000000780700000, 0x0000000780700000|100%|HC|  |TAMS 0x0000000780600000, 0x0000000780600000| Complete 
|   7|0x0000000780700000, 0x0000000780700000, 0x0000000780800000|  0%| F|  |TAMS 0x0000000780700000, 0x0000000780700000| Untracked 
|   8|0x0000000780800000, 0x0000000780800000, 0x0000000780900000|  0%| F|  |TAMS 0x0000000780800000, 0x0000000780800000| Untracked 
|   9|0x0000000780900000, 0x0000000780900000, 0x0000000780a00000|  0%| F|  |TAMS 0x0000000780900000, 0x0000000780900000| Untracked 
|  10|0x0000000780a00000, 0x0000000780a00000, 0x0000000780b00000|  0%| F|  |TAMS 0x0000000780a00000, 0x0000000780a00000| Untracked 
|  11|0x0000000780b00000, 0x0000000780b00000, 0x0000000780c00000|  0%| F|  |TAMS 0x0000000780b00000, 0x0000000780b00000| Untracked 
|  12|0x0000000780c00000, 0x0000000780c00000, 0x0000000780d00000|  0%| F|  |TAMS 0x0000000780c00000, 0x0000000780c00000| Untracked 
|  13|0x0000000780d00000, 0x0000000780d00000, 0x0000000780e00000|  0%| F|  |TAMS 0x0000000780d00000, 0x0000000780d00000| Untracked 
|  14|0x0000000780e00000, 0x0000000780e00000, 0x0000000780f00000|  0%| F|  |TAMS 0x0000000780e00000, 0x0000000780e00000| Untracked 
|  15|0x0000000780f00000, 0x0000000780f00000, 0x0000000781000000|  0%| F|  |TAMS 0x0000000780f00000, 0x0000000780f00000| Untracked 
|  16|0x0000000781000000, 0x0000000781000000, 0x0000000781100000|  0%| F|  |TAMS 0x0000000781000000, 0x0000000781000000| Untracked 
|  17|0x0000000781100000, 0x0000000781100000, 0x0000000781200000|  0%| F|  |TAMS 0x0000000781100000, 0x0000000781100000| Untracked 
|  18|0x0000000781200000, 0x0000000781200000, 0x0000000781300000|  0%| F|  |TAMS 0x0000000781200000, 0x0000000781200000| Untracked 
|  19|0x0000000781300000, 0x0000000781300000, 0x0000000781400000|  0%| F|  |TAMS 0x0000000781300000, 0x0000000781300000| Untracked 
|  20|0x0000000781400000, 0x0000000781400000, 0x0000000781500000|  0%| F|  |TAMS 0x0000000781400000, 0x0000000781400000| Untracked 
|  21|0x0000000781500000, 0x0000000781500000, 0x0000000781600000|  0%| F|  |TAMS 0x0000000781500000, 0x0000000781500000| Untracked 
|  22|0x0000000781600000, 0x0000000781600000, 0x0000000781700000|  0%| F|  |TAMS 0x0000000781600000, 0x0000000781600000| Untracked 
|  23|0x0000000781700000, 0x0000000781700000, 0x0000000781800000|  0%| F|  |TAMS 0x0000000781700000, 0x0000000781700000| Untracked 
|  24|0x0000000781800000, 0x0000000781800000, 0x0000000781900000|  0%| F|  |TAMS 0x0000000781800000, 0x0000000781800000| Untracked 
|  25|0x0000000781900000, 0x0000000781949450, 0x0000000781a00000| 28%| E|  |TAMS 0x0000000781900000, 0x0000000781900000| Complete 
|  26|0x0000000781a00000, 0x0000000781b00000, 0x0000000781b00000|100%| E|CS|TAMS 0x0000000781a00000, 0x0000000781a00000| Complete 
|  27|0x0000000781b00000, 0x0000000781c00000, 0x0000000781c00000|100%| E|CS|TAMS 0x0000000781b00000, 0x0000000781b00000| Complete 
|  28|0x0000000781c00000, 0x0000000781d00000, 0x0000000781d00000|100%| E|CS|TAMS 0x0000000781c00000, 0x0000000781c00000| Complete 
|  29|0x0000000781d00000, 0x0000000781e00000, 0x0000000781e00000|100%| E|CS|TAMS 0x0000000781d00000, 0x0000000781d00000| Complete 
|  30|0x0000000781e00000, 0x0000000781f00000, 0x0000000781f00000|100%| E|CS|TAMS 0x0000000781e00000, 0x0000000781e00000| Complete 
|  31|0x0000000781f00000, 0x0000000782000000, 0x0000000782000000|100%| E|CS|TAMS 0x0000000781f00000, 0x0000000781f00000| Complete 
|  32|0x0000000782000000, 0x0000000782100000, 0x0000000782100000|100%| E|CS|TAMS 0x0000000782000000, 0x0000000782000000| Complete 
|  33|0x0000000782100000, 0x0000000782200000, 0x0000000782200000|100%| E|CS|TAMS 0x0000000782100000, 0x0000000782100000| Complete 
|  34|0x0000000782200000, 0x0000000782300000, 0x0000000782300000|100%| E|CS|TAMS 0x0000000782200000, 0x0000000782200000| Complete 
|  35|0x0000000782300000, 0x0000000782400000, 0x0000000782400000|100%| E|CS|TAMS 0x0000000782300000, 0x0000000782300000| Complete 
| 108|0x0000000786c00000, 0x0000000786d00000, 0x0000000786d00000|100%| S|CS|TAMS 0x0000000786c00000, 0x0000000786c00000| Complete 
| 109|0x0000000786d00000, 0x0000000786e00000, 0x0000000786e00000|100%| S|CS|TAMS 0x0000000786d00000, 0x0000000786d00000| Complete 
| 110|0x0000000786e00000, 0x0000000786f00000, 0x0000000786f00000|100%| S|CS|TAMS 0x0000000786e00000, 0x0000000786e00000| Complete 
| 111|0x0000000786f00000, 0x0000000787000000, 0x0000000787000000|100%| S|CS|TAMS 0x0000000786f00000, 0x0000000786f00000| Complete 
| 112|0x0000000787000000, 0x0000000787100000, 0x0000000787100000|100%| S|CS|TAMS 0x0000000787000000, 0x0000000787000000| Complete 
| 127|0x0000000787f00000, 0x0000000788000000, 0x0000000788000000|100%| E|CS|TAMS 0x0000000787f00000, 0x0000000787f00000| Complete 
|2046|0x00000007ffe00000, 0x00000007ffe78000, 0x00000007fff00000| 46%|OA|  |TAMS 0x00000007ffe78000, 0x00000007ffe00000| Untracked 
|2047|0x00000007fff00000, 0x00000007fff80000, 0x0000000800000000| 50%|CA|  |TAMS 0x00000007fff80000, 0x00000007fff00000| Untracked 

Card table byte_map: [0x0000000101468000,0x0000000101868000] _byte_map_base: 0x00000000fd868000

Marking Bits (Prev, Next): (CMBitMap*) 0x0000000141008250, (CMBitMap*) 0x0000000141008210
 Prev Bits: [0x000000011b350000, 0x000000011d350000)
 Next Bits: [0x0000000119350000, 0x000000011b350000)

Polling page: 0x0000000100ba8000

Metaspace:

Usage:
  Non-class:     19.47 MB used.
      Class:      3.10 MB used.
       Both:     22.57 MB used.

Virtual space:
  Non-class space:       24.00 MB reserved,      19.62 MB ( 82%) committed,  3 nodes.
      Class space:        1.00 GB reserved,       3.25 MB ( <1%) committed,  1 nodes.
             Both:        1.02 GB reserved,      22.88 MB (  2%) committed. 

Chunk freelists:
   Non-Class:  3.86 MB
       Class:  683.00 KB
        Both:  4.53 MB

MaxMetaspaceSize: unlimited
CompressedClassSpaceSize: 1.00 GB
Initial GC threshold: 21.00 MB
Current GC threshold: 35.12 MB
CDS: on
MetaspaceReclaimPolicy: balanced
 - commit_granule_bytes: 65536.
 - commit_granule_words: 8192.
 - virtual_space_node_default_size: 1048576.
 - enlarge_chunks_in_place: 1.
 - new_chunks_are_fully_committed: 0.
 - uncommit_free_chunks: 1.
 - use_allocation_guard: 0.
 - handle_deallocations: 1.


Internal statistics:

num_allocs_failed_limit: 3.
num_arena_births: 202.
num_arena_deaths: 0.
num_vsnodes_births: 4.
num_vsnodes_deaths: 0.
num_space_committed: 366.
num_space_uncommitted: 0.
num_chunks_returned_to_freelist: 3.
num_chunks_taken_from_freelist: 814.
num_chunk_merges: 3.
num_chunk_splits: 591.
num_chunks_enlarged: 471.
num_purges: 0.
num_inconsistent_stats: 0.

CodeHeap 'non-profiled nmethods': size=120032Kb used=1470Kb max_used=1470Kb free=118561Kb
 bounds [0x0000000111e18000, 0x0000000112088000, 0x0000000119350000]
CodeHeap 'profiled nmethods': size=120016Kb used=6599Kb max_used=6599Kb free=113416Kb
 bounds [0x000000010a8e4000, 0x000000010af64000, 0x0000000111e18000]
CodeHeap 'non-nmethods': size=5712Kb used=1485Kb max_used=1565Kb free=4226Kb
 bounds [0x000000010a350000, 0x000000010a5c0000, 0x000000010a8e4000]
 total_blobs=4012 nmethods=3161 adapters=767
 compilation: enabled
              stopped_count=0, restarted_count=0
 full_count=0

Compilation events (20 events):
Event: 6.751 Thread 0x000000014100b400 3222       3       jdk.internal.misc.Unsafe::putReferenceOpaque (9 bytes)
Event: 6.751 Thread 0x000000014100b400 nmethod 3222 0x000000010af4c910 code [0x000000010af4cac0, 0x000000010af4cc68]
Event: 6.751 Thread 0x000000014100b400 3221   !   3       com.sun.javafx.tk.quantum.QuantumToolkit::lambda$runToolkit$12 (16 bytes)
Event: 6.751 Thread 0x000000014100b400 nmethod 3221 0x000000010af4cd10 code [0x000000010af4cf00, 0x000000010af4d2b8]
Event: 6.783 Thread 0x000000014100b400 3223       1       com.intellij.rt.debugger.agent.CaptureStorage$WeakKey::hashCode (5 bytes)
Event: 6.783 Thread 0x000000014100b400 nmethod 3223 0x0000000111f86f10 code [0x0000000111f87080, 0x0000000111f87168]
Event: 6.849 Thread 0x000000014100b400 3224       3       jdk.internal.misc.Unsafe::getAndBitwiseAndInt (27 bytes)
Event: 6.849 Thread 0x000000014100b400 nmethod 3224 0x000000010af4d490 code [0x000000010af4d640, 0x000000010af4d898]
Event: 6.900 Thread 0x000000014100b400 3227       3       javafx.scene.input.MouseEvent::copyFor (18 bytes)
Event: 6.901 Thread 0x000000014100b400 nmethod 3227 0x000000010af4d990 code [0x000000010af4db80, 0x000000010af4e008]
Event: 6.901 Thread 0x000000014100b400 3228       3       javafx.scene.input.MouseEvent::recomputeCoordinatesToSource (34 bytes)
Event: 6.901 Thread 0x000000014100b400 nmethod 3228 0x000000010af4e210 code [0x000000010af4e3c0, 0x000000010af4e5d8]
Event: 6.901 Thread 0x000000014100b400 3225       3       java.util.concurrent.locks.AbstractQueuedSynchronizer$Node::getAndUnsetStatus (14 bytes)
Event: 6.902 Thread 0x000000014100b400 nmethod 3225 0x000000010af4e710 code [0x000000010af4e8c0, 0x000000010af4eb98]
Event: 6.902 Thread 0x000000014100b400 3226       3       javafx.scene.input.MouseEvent::copyFor (7 bytes)
Event: 6.902 Thread 0x000000014100b400 nmethod 3226 0x000000010af4ed10 code [0x000000010af4eec0, 0x000000010af4f118]
Event: 6.907 Thread 0x000000014100b400 3229       3       javafx.scene.Node::sceneToLocal (17 bytes)
Event: 6.907 Thread 0x000000014100b400 nmethod 3229 0x000000010af4f210 code [0x000000010af4f3c0, 0x000000010af4f658]
Event: 6.918 Thread 0x000000014100b400 3230       3       com.sun.javafx.css.StyleManager::getSharedCache (77 bytes)
Event: 6.919 Thread 0x0000000141008800 3231       4       com.sun.javafx.collections.VetoableListDecorator::size (10 bytes)

GC Heap History (6 events):
Event: 0.423 GC heap before
{Heap before GC invocations=0 (full 0):
 garbage-first heap   total 133120K, used 23520K [0x0000000780000000, 0x0000000800000000)
  region size 1024K, 23 young (23552K), 0 survivors (0K)
 Metaspace       used 6349K, committed 6528K, reserved 1056768K
  class space    used 724K, committed 832K, reserved 1048576K
}
Event: 0.425 GC heap after
{Heap after GC invocations=1 (full 0):
 garbage-first heap   total 133120K, used 4037K [0x0000000780000000, 0x0000000800000000)
  region size 1024K, 3 young (3072K), 3 survivors (3072K)
 Metaspace       used 6349K, committed 6528K, reserved 1056768K
  class space    used 724K, committed 832K, reserved 1048576K
}
Event: 0.916 GC heap before
{Heap before GC invocations=1 (full 0):
 garbage-first heap   total 133120K, used 44997K [0x0000000780000000, 0x0000000800000000)
  region size 1024K, 43 young (44032K), 3 survivors (3072K)
 Metaspace       used 18354K, committed 18560K, reserved 1064960K
  class space    used 2436K, committed 2496K, reserved 1048576K
}
Event: 0.928 GC heap after
{Heap after GC invocations=2 (full 0):
 garbage-first heap   total 133120K, used 9025K [0x0000000780000000, 0x0000000800000000)
  region size 1024K, 6 young (6144K), 6 survivors (6144K)
 Metaspace       used 18354K, committed 18560K, reserved 1064960K
  class space    used 2436K, committed 2496K, reserved 1048576K
}
Event: 1.151 GC heap before
{Heap before GC invocations=2 (full 0):
 garbage-first heap   total 133120K, used 23361K [0x0000000780000000, 0x0000000800000000)
  region size 1024K, 21 young (21504K), 6 survivors (6144K)
 Metaspace       used 21281K, committed 21504K, reserved 1073152K
  class space    used 3010K, committed 3136K, reserved 1048576K
}
Event: 1.180 GC heap after
{Heap after GC invocations=3 (full 0):
 garbage-first heap   total 133120K, used 11085K [0x0000000780000000, 0x0000000800000000)
  region size 1024K, 5 young (5120K), 5 survivors (5120K)
 Metaspace       used 21281K, committed 21504K, reserved 1073152K
  class space    used 3010K, committed 3136K, reserved 1048576K
}

Deoptimization events (20 events):
Event: 5.708 Thread 0x0000000151819e00 DEOPT PACKING pc=0x000000010ad660b4 sp=0x000000017217c100
Event: 5.708 Thread 0x0000000151819e00 DEOPT UNPACKING pc=0x000000010a38eb7c sp=0x000000017217bd80 mode 0
Event: 5.709 Thread 0x0000000151819e00 DEOPT PACKING pc=0x000000010ad667d8 sp=0x000000017217c100
Event: 5.709 Thread 0x0000000151819e00 DEOPT UNPACKING pc=0x000000010a38eb7c sp=0x000000017217bd80 mode 0
Event: 5.893 Thread 0x0000000151819e00 Uncommon trap: trap_request=0xffffff45 fr.pc=0x0000000111f6327c relative=0x0000000000002f3c
Event: 5.893 Thread 0x0000000151819e00 Uncommon trap: reason=unstable_if action=reinterpret pc=0x0000000111f6327c method=com.sun.marlin.Renderer._endRendering(IILcom/sun/marlin/MarlinAlphaConsumer;)V @ 2410 c2
Event: 5.893 Thread 0x0000000151819e00 DEOPT PACKING pc=0x0000000111f6327c sp=0x000000017217c8e0
Event: 5.893 Thread 0x0000000151819e00 DEOPT UNPACKING pc=0x000000010a38ed1c sp=0x000000017217c770 mode 2
Event: 5.894 Thread 0x0000000151819e00 Uncommon trap: trap_request=0xffffff45 fr.pc=0x0000000111f3f8d8 relative=0x0000000000003fd8
Event: 5.894 Thread 0x0000000151819e00 Uncommon trap: reason=unstable_if action=reinterpret pc=0x0000000111f3f8d8 method=com.sun.marlin.Renderer._endRendering(IILcom/sun/marlin/MarlinAlphaConsumer;)V @ 2410 c2
Event: 5.894 Thread 0x0000000151819e00 DEOPT PACKING pc=0x0000000111f3f8d8 sp=0x000000017217c870
Event: 5.894 Thread 0x0000000151819e00 DEOPT UNPACKING pc=0x000000010a38ed1c sp=0x000000017217c770 mode 2
Event: 6.160 Thread 0x0000000151819e00 DEOPT PACKING pc=0x000000010aeeb658 sp=0x000000017217c680
Event: 6.160 Thread 0x0000000151819e00 DEOPT UNPACKING pc=0x000000010a38eb7c sp=0x000000017217c300 mode 0
Event: 6.258 Thread 0x0000000151a0da00 Uncommon trap: trap_request=0xffffff45 fr.pc=0x0000000111f18e08 relative=0x0000000000000c48
Event: 6.258 Thread 0x0000000151a0da00 Uncommon trap: reason=unstable_if action=reinterpret pc=0x0000000111f18e08 method=javafx.css.SimpleSelector.stateMatches(Ljavafx/css/Styleable;Ljava/util/Set;)Z @ 1 c2
Event: 6.258 Thread 0x0000000151a0da00 DEOPT PACKING pc=0x0000000111f18e08 sp=0x000000016f2d5a30
Event: 6.258 Thread 0x0000000151a0da00 DEOPT UNPACKING pc=0x000000010a38ed1c sp=0x000000016f2d5950 mode 2
Event: 6.259 Thread 0x0000000151819e00 DEOPT PACKING pc=0x000000010aeeb5c8 sp=0x000000017217c5b0
Event: 6.259 Thread 0x0000000151819e00 DEOPT UNPACKING pc=0x000000010a38eb7c sp=0x000000017217c230 mode 0

Classes unloaded (0 events):
No events

Classes redefined (0 events):
No events

Internal exceptions (20 events):
Event: 0.898 Thread 0x0000000151a0da00 Exception <a 'java/lang/IncompatibleClassChangeError'{0x00000007856388a8}: Found class java.lang.Object, but interface was expected> (0x00000007856388a8) 
thrown [open/src/hotspot/share/interpreter/linkResolver.cpp, line 833]
Event: 0.949 Thread 0x0000000151a0da00 Exception <a 'java/lang/ClassNotFoundException'{0x0000000787d7c4f0}: com/sun/javafx/scene/control/skin/resources/controls> (0x0000000787d7c4f0) 
thrown [open/src/hotspot/share/prims/jni.cpp, line 535]
Event: 0.949 Thread 0x0000000151a0da00 Exception <a 'java/lang/ClassNotFoundException'{0x0000000787d8c6e0}: com/sun/javafx/scene/control/skin/resources/controls_en> (0x0000000787d8c6e0) 
thrown [open/src/hotspot/share/prims/jni.cpp, line 535]
Event: 0.949 Thread 0x0000000151a0da00 Exception <a 'java/lang/ClassNotFoundException'{0x0000000787d8d9c8}: com/sun/javafx/scene/control/skin/resources/controls_en_US> (0x0000000787d8d9c8) 
thrown [open/src/hotspot/share/prims/jni.cpp, line 535]
Event: 0.965 Thread 0x0000000151a0da00 Exception <a 'java/lang/NoSuchMethodError'{0x0000000787b7b0d0}: 'void java.lang.invoke.DirectMethodHandle$Holder.invokeSpecial(java.lang.Object, java.lang.Object, java.lang.Object, java.lang.Object, java.lang.Object, java.lang.Object)'> (0x0000000787b7b0d0) 
thrown [open/src/hotspot/share/interpreter/linkResolver.cpp, line 766]
Event: 1.005 Thread 0x0000000151a0da00 Exception <a 'java/lang/NoSuchMethodError'{0x00000007877b1cf0}: 'void java.lang.invoke.DirectMethodHandle$Holder.invokeSpecialIFC(java.lang.Object, java.lang.Object, java.lang.Object, java.lang.Object)'> (0x00000007877b1cf0) 
thrown [open/src/hotspot/share/interpreter/linkResolver.cpp, line 766]
Event: 1.017 Thread 0x0000000151a0da00 Exception <a 'java/lang/NoSuchMethodError'{0x000000078755c458}: 'int java.lang.invoke.DirectMethodHandle$Holder.invokeSpecial(java.lang.Object, java.lang.Object, int)'> (0x000000078755c458) 
thrown [open/src/hotspot/share/interpreter/linkResolver.cpp, line 766]
Event: 1.047 Thread 0x0000000151a0da00 Exception <a 'java/lang/NoSuchMethodError'{0x0000000787357be0}: 'java.lang.Object java.lang.invoke.DirectMethodHandle$Holder.newInvokeSpecial(java.lang.Object, java.lang.Object, int, int)'> (0x0000000787357be0) 
thrown [open/src/hotspot/share/interpreter/linkResolver.cpp, line 766]
Event: 1.054 Thread 0x0000000151a0da00 Exception <a 'java/lang/NoSuchMethodError'{0x00000007873883a0}: 'java.lang.Object java.lang.invoke.DirectMethodHandle$Holder.newInvokeSpecial(java.lang.Object, java.lang.Object, int)'> (0x00000007873883a0) 
thrown [open/src/hotspot/share/interpreter/linkResolver.cpp, line 766]
Event: 1.057 Thread 0x0000000151a0da00 Exception <a 'java/lang/NoSuchMethodError'{0x000000078739a3a8}: 'java.lang.Object java.lang.invoke.DirectMethodHandle$Holder.newInvokeSpecial(java.lang.Object, java.lang.Object, java.lang.Object, java.lang.Object, java.lang.Object, java.lang.Object, java.lang.Object)'> (0x000000078739a3a8) 
thrown [open/src/hotspot/share/interpreter/linkResolver.cpp, line 766]
Event: 1.057 Thread 0x0000000151a0da00 Exception <a 'java/lang/NoSuchMethodError'{0x000000078739e5d8}: 'java.lang.Object java.lang.invoke.Invokers$Holder.linkToTargetMethod(java.lang.Object, java.lang.Object, java.lang.Object, java.lang.Object, java.lang.Object, java.lang.Object, java.lang.Object)'> (0x000000078739e5d8) 
thrown [open/src/hotspot/share/interpreter/linkResolver.cpp, line 766]
Event: 1.295 Thread 0x0000000151819e00 Exception <a 'java/lang/NoSuchMethodError'{0x000000078207a698}: 'java.lang.Object java.lang.invoke.DirectMethodHandle$Holder.invokeStaticInit(java.lang.Object, int)'> (0x000000078207a698) 
thrown [open/src/hotspot/share/interpreter/linkResolver.cpp, line 766]
Event: 4.317 Thread 0x0000000151a0da00 Exception <a 'java/lang/NoSuchMethodError'{0x0000000781eb21b0}: 'long java.lang.invoke.DirectMethodHandle$Holder.invokeStatic(java.lang.Object, java.lang.Object, java.lang.Object)'> (0x0000000781eb21b0) 
thrown [open/src/hotspot/share/interpreter/linkResolver.cpp, line 766]
Event: 4.317 Thread 0x0000000151a0da00 Exception <a 'java/lang/NoSuchMethodError'{0x0000000781eb5958}: 'long java.lang.invoke.DirectMethodHandle$Holder.invokeStaticInit(java.lang.Object, java.lang.Object, java.lang.Object)'> (0x0000000781eb5958) 
thrown [open/src/hotspot/share/interpreter/linkResolver.cpp, line 766]
Event: 4.319 Thread 0x0000000151a0da00 Exception <a 'java/lang/NoSuchMethodError'{0x0000000781ecd560}: 'java.lang.Object java.lang.invoke.DirectMethodHandle$Holder.newInvokeSpecial(java.lang.Object, java.lang.Object, long)'> (0x0000000781ecd560) 
thrown [open/src/hotspot/share/interpreter/linkResolver.cpp, line 766]
Event: 4.319 Thread 0x0000000151a0da00 Exception <a 'java/lang/NoSuchMethodError'{0x0000000781ed0e28}: 'java.lang.Object java.lang.invoke.Invokers$Holder.linkToTargetMethod(java.lang.Object, long, java.lang.Object)'> (0x0000000781ed0e28) 
thrown [open/src/hotspot/share/interpreter/linkResolver.cpp, line 766]
Event: 4.904 Thread 0x0000000151a0da00 Exception <a 'java/lang/NoSuchMethodError'{0x0000000781d48478}: 'java.lang.Object java.lang.invoke.DirectMethodHandle$Holder.newInvokeSpecial(java.lang.Object, java.lang.Object, int, int, int, int, int, java.lang.Object)'> (0x0000000781d48478) 
thrown [open/src/hotspot/share/interpreter/linkResolver.cpp, line 766]
Event: 4.906 Thread 0x0000000151a0da00 Exception <a 'java/lang/NoSuchMethodError'{0x0000000781d5b458}: 'java.lang.Object java.lang.invoke.DirectMethodHandle$Holder.newInvokeSpecial(java.lang.Object, java.lang.Object, java.lang.Object, int, int, int, int, int)'> (0x0000000781d5b458) 
thrown [open/src/hotspot/share/interpreter/linkResolver.cpp, line 766]
Event: 4.906 Thread 0x0000000151a0da00 Exception <a 'java/lang/NoSuchMethodError'{0x0000000781d62cb8}: 'java.lang.Object java.lang.invoke.Invokers$Holder.linkToTargetMethod(java.lang.Object, java.lang.Object, int, int, int, int, int, java.lang.Object)'> (0x0000000781d62cb8) 
thrown [open/src/hotspot/share/interpreter/linkResolver.cpp, line 766]
Event: 6.258 Thread 0x0000000151a0da00 Implicit null exception at 0x0000000111f18624 to 0x0000000111f18df0

VM Operations (20 events):
Event: 0.928 Executing VM operation: Cleanup
Event: 0.928 Executing VM operation: Cleanup done
Event: 1.020 Executing VM operation: ICBufferFull
Event: 1.020 Executing VM operation: ICBufferFull done
Event: 1.143 Executing VM operation: CollectForMetadataAllocation
Event: 1.182 Executing VM operation: CollectForMetadataAllocation done
Event: 1.190 Executing VM operation: G1Concurrent
Event: 1.218 Executing VM operation: G1Concurrent done
Event: 1.220 Executing VM operation: G1Concurrent
Event: 1.224 Executing VM operation: G1Concurrent done
Event: 2.205 Executing VM operation: ChangeBreakpoints
Event: 2.205 Executing VM operation: ChangeBreakpoints done
Event: 4.215 Executing VM operation: Cleanup
Event: 4.215 Executing VM operation: Cleanup done
Event: 5.220 Executing VM operation: Cleanup
Event: 5.220 Executing VM operation: Cleanup done
Event: 5.647 Executing VM operation: ICBufferFull
Event: 5.647 Executing VM operation: ICBufferFull done
Event: 5.992 Executing VM operation: ICBufferFull
Event: 5.992 Executing VM operation: ICBufferFull done

Events (20 events):
Event: 5.667 loading class com/sun/javafx/tk/quantum/QuantumToolkit
Event: 5.667 loading class com/sun/javafx/tk/quantum/QuantumToolkit done
Event: 5.667 loading class com/sun/javafx/tk/RenderJob
Event: 5.667 loading class com/sun/javafx/tk/RenderJob done
Event: 6.246 loading class com/sun/javafx/tk/quantum/WindowStage
Event: 6.246 loading class com/sun/javafx/tk/quantum/WindowStage done
Event: 6.246 loading class com/sun/javafx/tk/quantum/GlassScene
Event: 6.246 loading class com/sun/javafx/tk/quantum/GlassScene done
Event: 6.246 loading class com/sun/prism/GraphicsResource
Event: 6.246 loading class com/sun/prism/GraphicsResource done
Event: 6.246 loading class com/sun/prism/GraphicsResource
Event: 6.246 loading class com/sun/prism/GraphicsResource done
Event: 6.247 loading class com/sun/javafx/tk/quantum/ViewScene
Event: 6.247 loading class com/sun/javafx/tk/quantum/ViewScene done
Event: 6.247 loading class com/sun/javafx/tk/quantum/WindowStage
Event: 6.247 loading class com/sun/javafx/tk/quantum/WindowStage done
Event: 6.533 Protecting memory [0x0000000172394000,0x00000001723a0000] with protection modes 3
Event: 6.533 Thread 0x0000000151149c00 Thread exited: 0x0000000151149c00
Event: 6.682 Protecting memory [0x0000000172394000,0x00000001723a0000] with protection modes 0
Event: 6.682 Thread 0x0000000141080e00 Thread added: 0x0000000141080e00


Dynamic libraries:
0x0000000100b58000 	/Library/Java/JavaVirtualMachines/jdk-17.0.3.1.jdk/Contents/Home/lib/libjli.dylib
0x00000001965de000 	/usr/lib/libz.1.dylib
0x0000000196695000 	/usr/lib/libSystem.B.dylib
0x000000019668f000 	/usr/lib/system/libcache.dylib
0x000000019664d000 	/usr/lib/system/libcommonCrypto.dylib
0x0000000196676000 	/usr/lib/system/libcompiler_rt.dylib
0x000000019666d000 	/usr/lib/system/libcopyfile.dylib
0x000000018b8bb000 	/usr/lib/system/libcorecrypto.dylib
0x000000018b970000 	/usr/lib/system/libdispatch.dylib
0x000000018bb3e000 	/usr/lib/system/libdyld.dylib
0x0000000196685000 	/usr/lib/system/libkeymgr.dylib
0x0000000196628000 	/usr/lib/system/libmacho.dylib
0x0000000195d18000 	/usr/lib/system/libquarantine.dylib
0x0000000196682000 	/usr/lib/system/libremovefile.dylib
0x0000000190cb4000 	/usr/lib/system/libsystem_asl.dylib
0x000000018b85d000 	/usr/lib/system/libsystem_blocks.dylib
0x000000018b9f8000 	/usr/lib/system/libsystem_c.dylib
0x000000019667a000 	/usr/lib/system/libsystem_collections.dylib
0x00000001951ad000 	/usr/lib/system/libsystem_configuration.dylib
0x0000000194409000 	/usr/lib/system/libsystem_containermanager.dylib
0x0000000196385000 	/usr/lib/system/libsystem_coreservices.dylib
0x000000018e26e000 	/usr/lib/system/libsystem_darwin.dylib
0x0000000196686000 	/usr/lib/system/libsystem_dnssd.dylib
0x000000018b9f5000 	/usr/lib/system/libsystem_featureflags.dylib
0x000000018bb53000 	/usr/lib/system/libsystem_info.dylib
0x00000001965f0000 	/usr/lib/system/libsystem_m.dylib
0x000000018b945000 	/usr/lib/system/libsystem_malloc.dylib
0x0000000190c42000 	/usr/lib/system/libsystem_networkextension.dylib
0x000000018e6c7000 	/usr/lib/system/libsystem_notify.dylib
0x000000019c9e8000 	/usr/lib/system/libsystem_product_info_filter.dylib
0x00000001951b2000 	/usr/lib/system/libsystem_sandbox.dylib
0x000000019667f000 	/usr/lib/system/libsystem_secinit.dylib
0x000000018baf9000 	/usr/lib/system/libsystem_kernel.dylib
0x000000018bb4b000 	/usr/lib/system/libsystem_platform.dylib
0x000000018bb31000 	/usr/lib/system/libsystem_pthread.dylib
0x0000000192414000 	/usr/lib/system/libsystem_symptoms.dylib
0x000000018b8a1000 	/usr/lib/system/libsystem_trace.dylib
0x000000019665a000 	/usr/lib/system/libunwind.dylib
0x000000018b85f000 	/usr/lib/system/libxpc.dylib
0x000000018bae1000 	/usr/lib/libc++abi.dylib
0x000000018b9b7000 	/usr/lib/libobjc.A.dylib
0x0000000196665000 	/usr/lib/liboah.dylib
0x000000018ba7a000 	/usr/lib/libc++.1.dylib
0x00000001a250e000 	/System/Library/Frameworks/Cocoa.framework/Versions/A/Cocoa
0x000000018e728000 	/System/Library/Frameworks/AppKit.framework/Versions/C/AppKit
0x0000000191c3b000 	/System/Library/Frameworks/CoreData.framework/Versions/A/CoreData
0x000000018ca83000 	/System/Library/Frameworks/Foundation.framework/Versions/C/Foundation
0x000000018f5e0000 	/System/Library/PrivateFrameworks/UIFoundation.framework/Versions/A/UIFoundation
0x000000019c6e2000 	/System/Library/PrivateFrameworks/RemoteViewServices.framework/Versions/A/RemoteViewServices
0x0000000194b55000 	/System/Library/PrivateFrameworks/XCTTargetBootstrap.framework/Versions/A/XCTTargetBootstrap
0x00000001983d5000 	/System/Library/PrivateFrameworks/InternationalSupport.framework/Versions/A/InternationalSupport
0x000000019845e000 	/System/Library/PrivateFrameworks/UserActivity.framework/Versions/A/UserActivity
0x00000001978cc000 	/usr/lib/libspindump.dylib
0x000000018f851000 	/System/Library/Frameworks/UniformTypeIdentifiers.framework/Versions/A/UniformTypeIdentifiers
0x000000019309f000 	/usr/lib/libapp_launch_measurement.dylib
0x00000001925c6000 	/System/Library/PrivateFrameworks/CoreAnalytics.framework/Versions/A/CoreAnalytics
0x00000001930a2000 	/System/Library/PrivateFrameworks/CoreAutoLayout.framework/Versions/A/CoreAutoLayout
0x0000000194446000 	/System/Library/Frameworks/Metal.framework/Versions/A/Metal
0x00000001951bd000 	/usr/lib/liblangid.dylib
0x0000000194b5a000 	/System/Library/PrivateFrameworks/CoreSVG.framework/Versions/A/CoreSVG
0x0000000190ce8000 	/System/Library/PrivateFrameworks/SkyLight.framework/Versions/A/SkyLight
0x00000001910c1000 	/System/Library/Frameworks/CoreGraphics.framework/Versions/A/CoreGraphics
0x000000019cdae000 	/System/Library/Frameworks/Accelerate.framework/Versions/A/Accelerate
0x0000000197343000 	/System/Library/PrivateFrameworks/IconServices.framework/Versions/A/IconServices
0x0000000194428000 	/System/Library/Frameworks/IOSurface.framework/Versions/A/IOSurface
0x00000001925f7000 	/usr/lib/libDiagnosticMessagesClient.dylib
0x00000001a02af000 	/System/Library/Frameworks/ApplicationServices.framework/Versions/A/ApplicationServices
0x0000000194b3d000 	/System/Library/PrivateFrameworks/DFRFoundation.framework/Versions/A/DFRFoundation
0x000000018dfb8000 	/usr/lib/libicucore.A.dylib
0x0000000199282000 	/System/Library/Frameworks/AudioToolbox.framework/Versions/A/AudioToolbox
0x00000001983e1000 	/System/Library/PrivateFrameworks/DataDetectorsCore.framework/Versions/A/DataDetectorsCore
0x00000001aeddb000 	/System/Library/PrivateFrameworks/TextInput.framework/Versions/A/TextInput
0x0000000190c5d000 	/usr/lib/libMobileGestalt.dylib
0x0000000194809000 	/System/Library/Frameworks/Carbon.framework/Versions/A/Frameworks/HIToolbox.framework/Versions/A/HIToolbox
0x0000000192a77000 	/System/Library/Frameworks/QuartzCore.framework/Versions/A/QuartzCore
0x000000018dc39000 	/System/Library/Frameworks/Security.framework/Versions/A/Security
0x000000019c722000 	/System/Library/Frameworks/Carbon.framework/Versions/A/Frameworks/SpeechRecognition.framework/Versions/A/SpeechRecognition
0x0000000192df5000 	/System/Library/PrivateFrameworks/CoreUI.framework/Versions/A/CoreUI
0x000000018d515000 	/System/Library/Frameworks/CoreAudio.framework/Versions/A/CoreAudio
0x00000001926eb000 	/System/Library/Frameworks/DiskArbitration.framework/Versions/A/DiskArbitration
0x0000000197cd6000 	/System/Library/PrivateFrameworks/MultitouchSupport.framework/Versions/A/MultitouchSupport
0x0000000190c5b000 	/usr/lib/libenergytrace.dylib
0x000000018e5f0000 	/System/Library/Frameworks/IOKit.framework/Versions/A/IOKit
0x000000019cb11000 	/System/Library/Frameworks/CoreServices.framework/Versions/A/CoreServices
0x000000019302f000 	/System/Library/PrivateFrameworks/PerformanceAnalysis.framework/Versions/A/PerformanceAnalysis
0x00000001ed213000 	/System/Library/Frameworks/OpenGL.framework/Versions/A/OpenGL
0x0000000195c30000 	/System/Library/PrivateFrameworks/MobileKeyBag.framework/Versions/A/MobileKeyBag
0x00000001916cf000 	/System/Library/Frameworks/ColorSync.framework/Versions/A/ColorSync
0x000000018bb80000 	/System/Library/Frameworks/CoreFoundation.framework/Versions/A/CoreFoundation
0x0000000194dd9000 	/System/Library/Frameworks/CoreImage.framework/Versions/A/CoreImage
0x000000018d339000 	/System/Library/Frameworks/CoreText.framework/Versions/A/CoreText
0x0000000194b8a000 	/System/Library/Frameworks/ImageIO.framework/Versions/A/ImageIO
0x000000019669b000 	/System/Library/PrivateFrameworks/SoftLinking.framework/Versions/A/SoftLinking
0x00000001930ed000 	/usr/lib/libxml2.2.dylib
0x0000000196934000 	/usr/lib/libcompression.dylib
0x0000000198331000 	/System/Library/PrivateFrameworks/TextureIO.framework/Versions/A/TextureIO
0x000000019705c000 	/usr/lib/libate.dylib
0x0000000196f21000 	/usr/lib/liblzma.5.dylib
0x000000018c776000 	/System/Library/Frameworks/SystemConfiguration.framework/Versions/A/SystemConfiguration
0x0000000196697000 	/usr/lib/libfakelink.dylib
0x000000019078d000 	/System/Library/Frameworks/CFNetwork.framework/Versions/A/CFNetwork
0x00000001967dd000 	/usr/lib/libarchive.2.dylib
0x00000001951b9000 	/System/Library/PrivateFrameworks/AppleSystemInfo.framework/Versions/A/AppleSystemInfo
0x0000000195d43000 	/usr/lib/libbsm.0.dylib
0x000000018fcfa000 	/usr/lib/libnetwork.dylib
0x0000000196631000 	/usr/lib/system/libkxld.dylib
0x000000019595d000 	/System/Library/PrivateFrameworks/IOMobileFramebuffer.framework/Versions/A/IOMobileFramebuffer
0x000000020aedc000 	/usr/lib/libCoreEntitlements.dylib
0x0000000196367000 	/System/Library/PrivateFrameworks/AppleFSCompression.framework/Versions/A/AppleFSCompression
0x0000000195d2b000 	/usr/lib/libcoretls.dylib
0x0000000196f3a000 	/usr/lib/libcoretls_cfhelpers.dylib
0x000000019692f000 	/usr/lib/libpam.2.dylib
0x000000019202b000 	/usr/lib/libsqlite3.dylib
0x0000000196fa3000 	/usr/lib/libxar.1.dylib
0x0000000196378000 	/usr/lib/libbz2.1.0.dylib
0x000000019669c000 	/usr/lib/libpcap.A.dylib
0x000000019240b000 	/usr/lib/libdns_services.dylib
0x0000000196902000 	/usr/lib/libapple_nghttp2.dylib
0x00000001966d9000 	/usr/lib/libiconv.2.dylib
0x0000000196627000 	/usr/lib/libcharset.1.dylib
0x000000019306b000 	/System/Library/Frameworks/CoreServices.framework/Versions/A/Frameworks/FSEvents.framework/Versions/A/FSEvents
0x000000018e279000 	/System/Library/Frameworks/CoreServices.framework/Versions/A/Frameworks/CarbonCore.framework/Versions/A/CarbonCore
0x000000019264b000 	/System/Library/Frameworks/CoreServices.framework/Versions/A/Frameworks/Metadata.framework/Versions/A/Metadata
0x000000019638b000 	/System/Library/Frameworks/CoreServices.framework/Versions/A/Frameworks/OSServices.framework/Versions/A/OSServices
0x0000000196863000 	/System/Library/Frameworks/CoreServices.framework/Versions/A/Frameworks/SearchKit.framework/Versions/A/SearchKit
0x000000019239a000 	/System/Library/Frameworks/CoreServices.framework/Versions/A/Frameworks/AE.framework/Versions/A/AE
0x000000018c0c7000 	/System/Library/Frameworks/CoreServices.framework/Versions/A/Frameworks/LaunchServices.framework/Versions/A/LaunchServices
0x0000000196eca000 	/System/Library/Frameworks/CoreServices.framework/Versions/A/Frameworks/DictionaryServices.framework/Versions/A/DictionaryServices
0x0000000193078000 	/System/Library/Frameworks/CoreServices.framework/Versions/A/Frameworks/SharedFileList.framework/Versions/A/SharedFileList
0x0000000195d1b000 	/usr/lib/libCheckFix.dylib
0x0000000190ccc000 	/System/Library/PrivateFrameworks/TCC.framework/Versions/A/TCC
0x00000001951bf000 	/System/Library/PrivateFrameworks/CoreNLP.framework/Versions/A/CoreNLP
0x00000001925fa000 	/System/Library/PrivateFrameworks/MetadataUtilities.framework/Versions/A/MetadataUtilities
0x000000018c830000 	/usr/lib/libmecabra.dylib
0x0000000195d54000 	/usr/lib/libmecab.dylib
0x000000018c7fc000 	/usr/lib/libCRFSuite.dylib
0x0000000195db1000 	/usr/lib/libgermantok.dylib
0x00000001968db000 	/usr/lib/libThaiTokenizer.dylib
0x00000001926f3000 	/System/Library/Frameworks/Accelerate.framework/Versions/A/Frameworks/vImage.framework/Versions/A/vImage
0x000000019cae8000 	/System/Library/Frameworks/Accelerate.framework/Versions/A/Frameworks/vecLib.framework/Versions/A/vecLib
0x0000000196fe8000 	/System/Library/Frameworks/Accelerate.framework/Versions/A/Frameworks/vecLib.framework/Versions/A/libvMisc.dylib
0x0000000195864000 	/System/Library/Frameworks/Accelerate.framework/Versions/A/Frameworks/vecLib.framework/Versions/A/libvDSP.dylib
0x000000018c451000 	/System/Library/Frameworks/Accelerate.framework/Versions/A/Frameworks/vecLib.framework/Versions/A/libBLAS.dylib
0x0000000196a05000 	/System/Library/Frameworks/Accelerate.framework/Versions/A/Frameworks/vecLib.framework/Versions/A/libLAPACK.dylib
0x0000000195db4000 	/System/Library/Frameworks/Accelerate.framework/Versions/A/Frameworks/vecLib.framework/Versions/A/libLinearAlgebra.dylib
0x000000019691a000 	/System/Library/Frameworks/Accelerate.framework/Versions/A/Frameworks/vecLib.framework/Versions/A/libSparseBLAS.dylib
0x0000000196a00000 	/System/Library/Frameworks/Accelerate.framework/Versions/A/Frameworks/vecLib.framework/Versions/A/libQuadrature.dylib
0x00000001952b8000 	/System/Library/Frameworks/Accelerate.framework/Versions/A/Frameworks/vecLib.framework/Versions/A/libBNNS.dylib
0x000000018c70f000 	/System/Library/Frameworks/Accelerate.framework/Versions/A/Frameworks/vecLib.framework/Versions/A/libSparse.dylib
0x00000001952b0000 	/System/Library/PrivateFrameworks/LinguisticData.framework/Versions/A/LinguisticData
0x000000018c6c7000 	/System/Library/PrivateFrameworks/Lexicon.framework/Versions/A/Lexicon
0x0000000196fe0000 	/usr/lib/libChineseTokenizer.dylib
0x000000018ce75000 	/System/Library/PrivateFrameworks/LanguageModeling.framework/Versions/A/LanguageModeling
0x00000001968dd000 	/System/Library/PrivateFrameworks/AppleSauce.framework/Versions/A/AppleSauce
0x000000019594a000 	/System/Library/PrivateFrameworks/CoreEmoji.framework/Versions/A/CoreEmoji
0x00000001967cb000 	/usr/lib/libcmph.dylib
0x000000019304b000 	/System/Library/Frameworks/OpenDirectory.framework/Versions/A/Frameworks/CFOpenDirectory.framework/Versions/A/CFOpenDirectory
0x000000019303b000 	/System/Library/Frameworks/OpenDirectory.framework/Versions/A/OpenDirectory
0x0000000196f3c000 	/System/Library/PrivateFrameworks/APFS.framework/Versions/A/APFS
0x0000000195c6b000 	/System/Library/Frameworks/SecurityFoundation.framework/Versions/A/SecurityFoundation
0x0000000196fb2000 	/usr/lib/libutil.dylib
0x000000018e5b2000 	/System/Library/PrivateFrameworks/CoreServicesStore.framework/Versions/A/CoreServicesStore
0x0000000196fb6000 	/usr/lib/libxslt.1.dylib
0x0000000195cff000 	/System/Library/PrivateFrameworks/BackgroundTaskManagement.framework/Versions/A/BackgroundTaskManagement
0x0000000198252000 	/System/Library/Frameworks/ImageIO.framework/Versions/A/Resources/libRadiance.dylib
0x000000019825b000 	/System/Library/Frameworks/ImageIO.framework/Versions/A/Resources/libJPEG.dylib
0x00000001981ae000 	/System/Library/Frameworks/ImageIO.framework/Versions/A/Resources/libPng.dylib
0x00000001981d0000 	/System/Library/Frameworks/ImageIO.framework/Versions/A/Resources/libTIFF.dylib
0x00000001982b6000 	/System/Library/Frameworks/ImageIO.framework/Versions/A/Resources/libGIF.dylib
0x0000000197be6000 	/System/Library/Frameworks/ImageIO.framework/Versions/A/Resources/libJP2.dylib
0x0000000197308000 	/usr/lib/libexpat.1.dylib
0x0000000197ba1000 	/System/Library/PrivateFrameworks/AppleJPEG.framework/Versions/A/AppleJPEG
0x00000001946c5000 	/System/Library/PrivateFrameworks/FontServices.framework/libFontParser.dylib
0x000000019233f000 	/System/Library/PrivateFrameworks/RunningBoardServices.framework/Versions/A/RunningBoardServices
0x00000001a2be4000 	/System/Library/PrivateFrameworks/IOSurfaceAccelerator.framework/Versions/A/IOSurfaceAccelerator
0x0000000197cd2000 	/System/Library/PrivateFrameworks/WatchdogClient.framework/Versions/A/WatchdogClient
0x000000018cf75000 	/System/Library/Frameworks/CoreDisplay.framework/Versions/A/CoreDisplay
0x00000001945af000 	/System/Library/Frameworks/CoreMedia.framework/Versions/A/CoreMedia
0x000000019443c000 	/System/Library/PrivateFrameworks/IOAccelerator.framework/Versions/A/IOAccelerator
0x00000001931db000 	/System/Library/Frameworks/CoreVideo.framework/Versions/A/CoreVideo
0x000000019692d000 	/System/Library/Frameworks/MetalPerformanceShaders.framework/Versions/A/MetalPerformanceShaders
0x0000000197d11000 	/System/Library/Frameworks/VideoToolbox.framework/Versions/A/VideoToolbox
0x0000000192283000 	/System/Library/PrivateFrameworks/BaseBoard.framework/Versions/A/BaseBoard
0x0000000192011000 	/System/Library/PrivateFrameworks/ProtocolBuffer.framework/Versions/A/ProtocolBuffer
0x000000019824d000 	/System/Library/PrivateFrameworks/GPUWrangler.framework/Versions/A/GPUWrangler
0x000000019822d000 	/System/Library/PrivateFrameworks/IOPresentment.framework/Versions/A/IOPresentment
0x0000000198255000 	/System/Library/PrivateFrameworks/DSExternalDisplay.framework/Versions/A/DSExternalDisplay
0x00000001ed206000 	/System/Library/Frameworks/OpenGL.framework/Versions/A/Libraries/libCoreFSCache.dylib
0x00000001f79cc000 	/System/Library/PrivateFrameworks/GPUCompiler.framework/Versions/31001/Libraries/libGPUCompilerUtils.dylib
0x00000001982bb000 	/System/Library/PrivateFrameworks/CMCaptureCore.framework/Versions/A/CMCaptureCore
0x00000001978b9000 	/System/Library/PrivateFrameworks/AppServerSupport.framework/Versions/A/AppServerSupport
0x0000000199b3f000 	/System/Library/PrivateFrameworks/perfdata.framework/Versions/A/perfdata
0x000000018d095000 	/System/Library/PrivateFrameworks/AudioToolboxCore.framework/Versions/A/AudioToolboxCore
0x0000000194588000 	/System/Library/PrivateFrameworks/caulk.framework/Versions/A/caulk
0x0000000199434000 	/usr/lib/libAudioStatistics.dylib
0x00000001ab433000 	/System/Library/PrivateFrameworks/SystemPolicy.framework/Versions/A/SystemPolicy
0x00000001996a0000 	/usr/lib/libSMC.dylib
0x00000001a23ec000 	/System/Library/Frameworks/CoreMIDI.framework/Versions/A/CoreMIDI
0x000000019817c000 	/usr/lib/libAudioToolboxUtility.dylib
0x00000001a75a3000 	/System/Library/PrivateFrameworks/OSAServicesClient.framework/Versions/A/OSAServicesClient
0x0000000199b4c000 	/usr/lib/libperfcheck.dylib
0x00000001abf4f000 	/usr/lib/libmis.dylib
0x00000001ed268000 	/System/Library/Frameworks/OpenGL.framework/Versions/A/Libraries/libGLU.dylib
0x00000001ed227000 	/System/Library/Frameworks/OpenGL.framework/Versions/A/Libraries/libGFXShared.dylib
0x00000001ed414000 	/System/Library/Frameworks/OpenGL.framework/Versions/A/Libraries/libGL.dylib
0x00000001ed230000 	/System/Library/Frameworks/OpenGL.framework/Versions/A/Libraries/libGLImage.dylib
0x00000001ed224000 	/System/Library/Frameworks/OpenGL.framework/Versions/A/Libraries/libCVMSPluginSupport.dylib
0x00000001ed20d000 	/System/Library/Frameworks/OpenGL.framework/Versions/A/Libraries/libCoreVMClient.dylib
0x0000000195139000 	/System/Library/Frameworks/MetalPerformanceShaders.framework/Versions/A/Frameworks/MPSCore.framework/Versions/A/MPSCore
0x00000001962da000 	/System/Library/Frameworks/MetalPerformanceShaders.framework/Versions/A/Frameworks/MPSImage.framework/Versions/A/MPSImage
0x0000000195dc9000 	/System/Library/Frameworks/MetalPerformanceShaders.framework/Versions/A/Frameworks/MPSNeuralNetwork.framework/Versions/A/MPSNeuralNetwork
0x0000000196202000 	/System/Library/Frameworks/MetalPerformanceShaders.framework/Versions/A/Frameworks/MPSMatrix.framework/Versions/A/MPSMatrix
0x0000000195fdb000 	/System/Library/Frameworks/MetalPerformanceShaders.framework/Versions/A/Frameworks/MPSRayIntersector.framework/Versions/A/MPSRayIntersector
0x0000000196233000 	/System/Library/Frameworks/MetalPerformanceShaders.framework/Versions/A/Frameworks/MPSNDArray.framework/Versions/A/MPSNDArray
0x00000001ef62f000 	/System/Library/Frameworks/MetalPerformanceShaders.framework/Versions/A/Frameworks/MPSFunctions.framework/Versions/A/MPSFunctions
0x000000018c328000 	/System/Library/PrivateFrameworks/MetalTools.framework/Versions/A/MetalTools
0x00000001951b7000 	/System/Library/PrivateFrameworks/AggregateDictionary.framework/Versions/A/AggregateDictionary
0x00000001970ed000 	/usr/lib/libIOReport.dylib
0x00000001a1409000 	/System/Library/PrivateFrameworks/ASEProcessing.framework/Versions/A/ASEProcessing
0x0000000197462000 	/System/Library/PrivateFrameworks/FaceCore.framework/Versions/A/FaceCore
0x0000000197454000 	/System/Library/PrivateFrameworks/GraphVisualizer.framework/Versions/A/GraphVisualizer
0x00000001f78e3000 	/System/Library/PrivateFrameworks/FontServices.framework/Versions/A/FontServices
0x0000000197875000 	/System/Library/PrivateFrameworks/OTSVG.framework/Versions/A/OTSVG
0x0000000192da5000 	/System/Library/Frameworks/ApplicationServices.framework/Versions/A/Frameworks/ATS.framework/Versions/A/Resources/libFontRegistry.dylib
0x00000001978c2000 	/System/Library/PrivateFrameworks/FontServices.framework/libhvf.dylib
0x00000001f78e4000 	/System/Library/PrivateFrameworks/FontServices.framework/libXTFontStaticRegistryData.dylib
0x00000001ed5b5000 	/System/Library/Frameworks/OpenCL.framework/Versions/A/OpenCL
0x00000001972bc000 	/System/Library/PrivateFrameworks/AppleVA.framework/Versions/A/AppleVA
0x000000019945c000 	/System/Library/Frameworks/ApplicationServices.framework/Versions/A/Frameworks/ATS.framework/Versions/A/ATS
0x00000001917ce000 	/System/Library/Frameworks/ApplicationServices.framework/Versions/A/Frameworks/HIServices.framework/Versions/A/HIServices
0x00000001982c5000 	/System/Library/Frameworks/ApplicationServices.framework/Versions/A/Frameworks/PrintCore.framework/Versions/A/PrintCore
0x00000001997f3000 	/System/Library/Frameworks/ApplicationServices.framework/Versions/A/Frameworks/QD.framework/Versions/A/QD
0x00000001997eb000 	/System/Library/Frameworks/ApplicationServices.framework/Versions/A/Frameworks/ColorSyncLegacy.framework/Versions/A/ColorSyncLegacy
0x0000000199448000 	/System/Library/Frameworks/ApplicationServices.framework/Versions/A/Frameworks/SpeechSynthesis.framework/Versions/A/SpeechSynthesis
0x0000000198286000 	/System/Library/Frameworks/ApplicationServices.framework/Versions/A/Frameworks/ATSUI.framework/Versions/A/ATSUI
0x0000000199780000 	/usr/lib/libcups.2.dylib
0x0000000199b5a000 	/System/Library/Frameworks/Kerberos.framework/Versions/A/Kerberos
0x0000000199b6b000 	/System/Library/Frameworks/GSS.framework/Versions/A/GSS
0x00000001994cc000 	/usr/lib/libresolv.9.dylib
0x00000001978d1000 	/System/Library/PrivateFrameworks/Heimdal.framework/Versions/A/Heimdal
0x00000001a063f000 	/System/Library/Frameworks/Kerberos.framework/Versions/A/Libraries/libHeimdalProxy.dylib
0x000000019241d000 	/System/Library/Frameworks/Network.framework/Versions/A/Network
0x0000000197323000 	/usr/lib/libheimdal-asn1.dylib
0x0000000199bbb000 	/System/Library/PrivateFrameworks/CommonAuth.framework/Versions/A/CommonAuth
0x00000001993c2000 	/System/Library/PrivateFrameworks/AudioSession.framework/Versions/A/AudioSession
0x00000001973b5000 	/System/Library/PrivateFrameworks/MediaExperience.framework/Versions/A/MediaExperience
0x0000000199248000 	/System/Library/PrivateFrameworks/AudioSession.framework/libSessionUtility.dylib
0x00000001997ff000 	/System/Library/PrivateFrameworks/AudioResourceArbitration.framework/Versions/A/AudioResourceArbitration
0x000000019d9c5000 	/System/Library/PrivateFrameworks/PowerLog.framework/Versions/A/PowerLog
0x000000019732d000 	/System/Library/PrivateFrameworks/IconFoundation.framework/Versions/A/IconFoundation
0x000000019c70e000 	/System/Library/PrivateFrameworks/SpeechRecognitionCore.framework/Versions/A/SpeechRecognitionCore
0x0000000101c6c000 	/Library/Java/JavaVirtualMachines/jdk-17.0.3.1.jdk/Contents/Home/lib/server/libjvm.dylib
0x0000000100d78000 	/Library/Java/JavaVirtualMachines/jdk-17.0.3.1.jdk/Contents/Home/lib/libjimage.dylib
0x0000000100dd4000 	/Library/Java/JavaVirtualMachines/jdk-17.0.3.1.jdk/Contents/Home/lib/libjdwp.dylib
0x0000000100e1c000 	/Library/Java/JavaVirtualMachines/jdk-17.0.3.1.jdk/Contents/Home/lib/libjava.dylib
0x0000000100da4000 	/Library/Java/JavaVirtualMachines/jdk-17.0.3.1.jdk/Contents/Home/lib/libinstrument.dylib
0x0000000100dbc000 	/Library/Java/JavaVirtualMachines/jdk-17.0.3.1.jdk/Contents/Home/lib/libzip.dylib
0x000000011f3d8000 	/Library/Java/JavaVirtualMachines/jdk-17.0.3.1.jdk/Contents/Home/lib/libnio.dylib
0x0000000121924000 	/Library/Java/JavaVirtualMachines/jdk-17.0.3.1.jdk/Contents/Home/lib/libnet.dylib
0x0000000121900000 	/Library/Java/JavaVirtualMachines/jdk-17.0.3.1.jdk/Contents/Home/lib/libdt_socket.dylib
0x0000000121948000 	/Users/kali/.openjfx/cache/17.0.1/libprism_es2.dylib
0x000000018e575000 	/System/Library/PrivateFrameworks/CoreServicesInternal.framework/Versions/A/CoreServicesInternal
0x00000001ed41e000 	/System/Library/Frameworks/OpenGL.framework/Versions/A/Resources/GLEngine.bundle/GLEngine
0x00000001ed2a6000 	/System/Library/Frameworks/OpenGL.framework/Versions/A/Libraries/libGLProgrammability.dylib
0x0000000122168000 	/System/Library/Extensions/AppleMetalOpenGLRenderer.bundle/Contents/MacOS/AppleMetalOpenGLRenderer
0x00000001ed58d000 	/System/Library/Frameworks/OpenGL.framework/Versions/A/Resources/GLRendererFloat.bundle/GLRendererFloat
0x00000001ed68d000 	/System/Library/Extensions/AGXMetal13_3.bundle/Contents/MacOS/AGXMetal13_3
0x00000001abf6b000 	/System/Library/PrivateFrameworks/GPURawCounter.framework/Versions/A/GPURawCounter
0x00000001a670c000 	/System/Library/PrivateFrameworks/IOGPU.framework/Versions/A/IOGPU
0x0000000122380000 	/Users/kali/.openjfx/cache/17.0.1/libglass.dylib
0x000000019dc1d000 	/System/Library/Frameworks/FileProvider.framework/Versions/A/FileProvider
0x00000001921eb000 	/System/Library/Frameworks/Accounts.framework/Versions/A/Accounts
0x000000019dda1000 	/System/Library/PrivateFrameworks/GenerationalStorage.framework/Versions/A/GenerationalStorage
0x000000019e964000 	/System/Library/PrivateFrameworks/CoreSymbolication.framework/Versions/A/CoreSymbolication
0x000000019d9b9000 	/System/Library/PrivateFrameworks/SymptomDiagnosticReporter.framework/Versions/A/SymptomDiagnosticReporter
0x000000018f865000 	/System/Library/PrivateFrameworks/DesktopServicesPriv.framework/Versions/A/DesktopServicesPriv
0x000000018e6d7000 	/usr/lib/libsandbox.1.dylib
0x0000000193269000 	/System/Library/PrivateFrameworks/UserManagement.framework/Versions/A/UserManagement
0x000000019e921000 	/System/Library/PrivateFrameworks/DebugSymbols.framework/Versions/A/DebugSymbols
0x00000001997de000 	/System/Library/PrivateFrameworks/NetAuth.framework/Versions/A/NetAuth
0x000000019a6ff000 	/System/Library/PrivateFrameworks/Sharing.framework/Versions/A/Sharing
0x0000000193239000 	/System/Library/PrivateFrameworks/login.framework/Versions/A/Frameworks/loginsupport.framework/Versions/A/loginsupport
0x000000019fb56000 	/System/Library/PrivateFrameworks/Apple80211.framework/Versions/A/Apple80211
0x00000001963be000 	/System/Library/PrivateFrameworks/AuthKit.framework/Versions/A/AuthKit
0x0000000195a46000 	/System/Library/PrivateFrameworks/CoreUtils.framework/Versions/A/CoreUtils
0x0000000195969000 	/System/Library/Frameworks/CoreWLAN.framework/Versions/A/CoreWLAN
0x000000019a86f000 	/System/Library/Frameworks/IOBluetooth.framework/Versions/A/IOBluetooth
0x000000019fbb6000 	/System/Library/PrivateFrameworks/CoreWiFi.framework/Versions/A/CoreWiFi
0x000000019e501000 	/System/Library/PrivateFrameworks/FrontBoardServices.framework/Versions/A/FrontBoardServices
0x000000019e599000 	/System/Library/PrivateFrameworks/BoardServices.framework/Versions/A/BoardServices
0x0000000195c59000 	/System/Library/PrivateFrameworks/AssertionServices.framework/Versions/A/AssertionServices
0x000000019fd33000 	/System/Library/PrivateFrameworks/BackBoardServices.framework/Versions/A/BackBoardServices
0x0000000199c52000 	/System/Library/PrivateFrameworks/CorePhoneNumbers.framework/Versions/A/CorePhoneNumbers
0x00000001994f9000 	/System/Library/PrivateFrameworks/MultiverseSupport.framework/Versions/A/MultiverseSupport
0x000000019ffb4000 	/System/Library/PrivateFrameworks/RemoteServiceDiscovery.framework/Versions/A/RemoteServiceDiscovery
0x000000019dae9000 	/System/Library/PrivateFrameworks/DiskManagement.framework/Versions/A/DiskManagement
0x000000019d9ec000 	/System/Library/PrivateFrameworks/AppleIDAuthSupport.framework/Versions/A/AppleIDAuthSupport
0x00000001f1e6b000 	/System/Library/PrivateFrameworks/AAAFoundation.framework/Versions/A/AAAFoundation
0x0000000199c31000 	/System/Library/PrivateFrameworks/KeychainCircle.framework/Versions/A/KeychainCircle
0x000000019ffc4000 	/System/Library/PrivateFrameworks/RemoteXPC.framework/Versions/A/RemoteXPC
0x000000019dab5000 	/System/Library/PrivateFrameworks/MediaKit.framework/Versions/A/MediaKit
0x000000019d9f9000 	/System/Library/Frameworks/DiscRecording.framework/Versions/A/DiscRecording
0x0000000197238000 	/usr/lib/libCoreStorage.dylib
0x00000001a0030000 	/usr/lib/libcsfde.dylib
0x000000019a944000 	/System/Library/PrivateFrameworks/ProtectedCloudStorage.framework/Versions/A/ProtectedCloudStorage
0x00000001a0028000 	/System/Library/PrivateFrameworks/EFILogin.framework/Versions/A/EFILogin
0x000000019ddc8000 	/System/Library/PrivateFrameworks/OctagonTrust.framework/Versions/A/OctagonTrust
0x00000001f6a6a000 	/System/Library/PrivateFrameworks/CoreUtilsExtras.framework/Versions/A/CoreUtilsExtras
0x000000019d91e000 	/System/Library/Frameworks/CoreBluetooth.framework/Versions/A/CoreBluetooth
0x00000001a06c4000 	/System/Library/Frameworks/AudioUnit.framework/Versions/A/AudioUnit
0x0000000197230000 	/usr/lib/libMatch.1.dylib
0x00000001b0451000 	/System/Library/Frameworks/Accelerate.framework/Versions/A/Frameworks/vImage.framework/Versions/A/Libraries/libCGInterfaces.dylib
0x0000000123710000 	/usr/lib/libobjc-trampolines.dylib
0x0000000192f33000 	/System/Library/PrivateFrameworks/ViewBridge.framework/Versions/A/ViewBridge
0x0000000197994000 	/System/Library/PrivateFrameworks/login.framework/Versions/A/login
0x000000020b039000 	/usr/lib/libRosetta.dylib
0x0000000125cbc000 	/Users/kali/.openjfx/cache/17.0.1/libjavafx_font.dylib


VM Arguments:
jvm_args: -agentlib:jdwp=transport=dt_socket,address=127.0.0.1:52787,suspend=y,server=n -javaagent:/Users/kali/Library/Caches/JetBrains/IntelliJIdea2022.1/captureAgent/debugger-agent.jar -Dfile.encoding=UTF-8 --module-path=/Users/kali/Downloads/HW3/target/classes:/Users/kali/.m2/repository/org/openjfx/javafx-graphics/17.0.1/javafx-graphics-17.0.1-mac-aarch64.jar:/Users/kali/.m2/repository/org/openjfx/javafx-controls/17.0.1/javafx-controls-17.0.1-mac-aarch64.jar:/Users/kali/.m2/repository/org/openjfx/javafx-fxml/17.0.1/javafx-fxml-17.0.1-mac-aarch64.jar:/Users/kali/.m2/repository/org/openjfx/javafx-base/17.0.1/javafx-base-17.0.1-mac-aarch64.jar -Djdk.module.main=com.example.hw3 
java_command: com.example.hw3/com.example.hw3.BabyNames
java_class_path (initial): /Users/kali/.m2/repository/org/openjfx/javafx-controls/17.0.1/javafx-controls-17.0.1.jar:/Users/kali/.m2/repository/org/openjfx/javafx-graphics/17.0.1/javafx-graphics-17.0.1.jar:/Users/kali/.m2/repository/org/openjfx/javafx-base/17.0.1/javafx-base-17.0.1.jar:/Users/kali/.m2/repository/org/openjfx/javafx-fxml/17.0.1/javafx-fxml-17.0.1.jar:/Users/kali/Downloads/mysql-connector-java-8.0.18.jar:/Applications/IntelliJ IDEA.app/Contents/lib/idea_rt.jar
Launcher Type: SUN_STANDARD

[Global flags]
     intx CICompilerCount                          = 4                                         {product} {ergonomic}
     uint ConcGCThreads                            = 2                                         {product} {ergonomic}
     uint G1ConcRefinementThreads                  = 8                                         {product} {ergonomic}
   size_t G1HeapRegionSize                         = 1048576                                   {product} {ergonomic}
    uintx GCDrainStackTargetSize                   = 64                                        {product} {ergonomic}
   size_t InitialHeapSize                          = 134217728                                 {product} {ergonomic}
   size_t MarkStackSize                            = 4194304                                   {product} {ergonomic}
   size_t MaxHeapSize                              = 2147483648                                {product} {ergonomic}
   size_t MaxNewSize                               = 1287651328                                {product} {ergonomic}
   size_t MinHeapDeltaBytes                        = 1048576                                   {product} {ergonomic}
   size_t MinHeapSize                              = 8388608                                   {product} {ergonomic}
    uintx NonNMethodCodeHeapSize                   = 5839564                                {pd product} {ergonomic}
    uintx NonProfiledCodeHeapSize                  = 122909338                              {pd product} {ergonomic}
    uintx ProfiledCodeHeapSize                     = 122909338                              {pd product} {ergonomic}
    uintx ReservedCodeCacheSize                    = 251658240                              {pd product} {ergonomic}
     bool SegmentedCodeCache                       = true                                      {product} {ergonomic}
   size_t SoftMaxHeapSize                          = 2147483648                             {manageable} {ergonomic}
     bool UseCompressedClassPointers               = true                           {product lp64_product} {ergonomic}
     bool UseCompressedOops                        = true                           {product lp64_product} {ergonomic}
     bool UseG1GC                                  = true                                      {product} {ergonomic}
     bool UseNUMA                                  = false                                     {product} {ergonomic}
     bool UseNUMAInterleaving                      = false                                     {product} {ergonomic}

Logging:
Log output configuration:
 #0: stdout all=warning uptime,level,tags
 #1: stderr all=off uptime,level,tags

Environment Variables:
PATH=/opt/homebrew/bin:/opt/homebrew/sbin:/usr/local/bin:/usr/bin:/bin:/usr/sbin:/sbin:/usr/local/apache-maven-3.8.6/bin
SHELL=/bin/zsh
LC_CTYPE=en_US.UTF-8

Signal Handlers:
   SIGSEGV: _ZL13crash_handleriP9__siginfoPv in libjvm.dylib, mask=11100110000111110111111111111111, flags=SA_RESTART|SA_SIGINFO
    SIGBUS: _ZL13crash_handleriP9__siginfoPv in libjvm.dylib, mask=11100110000111110111111111111111, flags=SA_RESTART|SA_SIGINFO
    SIGFPE: _ZL13crash_handleriP9__siginfoPv in libjvm.dylib, mask=11100110000111110111111111111111, flags=SA_RESTART|SA_SIGINFO
   SIGPIPE: _ZL17javaSignalHandleriP9__siginfoPv in libjvm.dylib, mask=11100110000111110111111111111111, flags=SA_RESTART|SA_SIGINFO
   SIGXFSZ: _ZL17javaSignalHandleriP9__siginfoPv in libjvm.dylib, mask=11100110000111110111111111111111, flags=SA_RESTART|SA_SIGINFO
    SIGILL: _ZL13crash_handleriP9__siginfoPv in libjvm.dylib, mask=11100110000111110111111111111111, flags=SA_RESTART|SA_SIGINFO
   SIGUSR2: _ZL10SR_handleriP9__siginfoP17__darwin_ucontext in libjvm.dylib, mask=00100000000000000000000000000000, flags=SA_RESTART|SA_SIGINFO
    SIGHUP: _ZL11UserHandleriPvS_ in libjvm.dylib, mask=11100110000111110111111111111111, flags=SA_RESTART|SA_SIGINFO
    SIGINT: _ZL11UserHandleriPvS_ in libjvm.dylib, mask=11100110000111110111111111111111, flags=SA_RESTART|SA_SIGINFO
   SIGTERM: _ZL11UserHandleriPvS_ in libjvm.dylib, mask=11100110000111110111111111111111, flags=SA_RESTART|SA_SIGINFO
   SIGQUIT: _ZL11UserHandleriPvS_ in libjvm.dylib, mask=11100110000111110111111111111111, flags=SA_RESTART|SA_SIGINFO
   SIGTRAP: _ZL13crash_handleriP9__siginfoPv in libjvm.dylib, mask=11100110000111110111111111111111, flags=SA_RESTART|SA_SIGINFO


---------------  S Y S T E M  ---------------

OS:
uname: Darwin 21.5.0 Darwin Kernel Version 21.5.0: Tue Apr 26 21:08:29 PDT 2022; root:xnu-8020.121.3~4/RELEASE_ARM64_T8101 arm64
OS uptime: 1 days 0:16 hours
rlimit (soft/hard): STACK 8176k/65520k , CORE 0k/infinity , NPROC 1333/2000 , NOFILE 10240/infinity , AS infinity/infinity , CPU infinity/infinity , DATA infinity/infinity , FSIZE infinity/infinity , MEMLOCK infinity/infinity , RSS infinity/infinity
load average: 2.27 2.05 1.69

CPU: total 8 (initial active 8) 0x61:0x0:0x1b588bb3:0, fp, simd, crc, lse

Memory: 16k page, physical 8388608k(86384k free), swap 1048576k(891392k free)

vm_info: Java HotSpot(TM) 64-Bit Server VM (17.0.3.1+2-LTS-6) for bsd-aarch64 JRE (17.0.3.1+2-LTS-6), built on Apr 25 2022 20:48:14 by "mach5one" with clang Apple LLVM 12.0.0 (clang-1200.0.32.29)

END.
