#
# A fatal error has been detected by the Java Runtime Environment:
#
#  SIGBUS (0xa) at pc=0x000000010c6994f0, pid=3916, tid=36103
#
# JRE version: Java(TM) SE Runtime Environment (17.0.3.1+2) (build 17.0.3.1+2-LTS-6)
# Java VM: Java HotSpot(TM) 64-Bit Server VM (17.0.3.1+2-LTS-6, mixed mode, sharing, tiered, compressed oops, compressed class ptrs, g1 gc, bsd-aarch64)
# Problematic frame:
# v  ~StubRoutines::SafeFetchN
#
# No core dump will be written. Core dumps have been disabled. To enable core dumping, try "ulimit -c unlimited" before starting Java again
#
# If you would like to submit a bug report, please visit:
#   https://bugreport.java.com/bugreport/crash.jsp
# The crash happened outside the Java Virtual Machine in native code.
# See problematic frame for where to report the bug.
#

---------------  S U M M A R Y ------------

Command Line: -javaagent:/Applications/IntelliJ IDEA.app/Contents/lib/idea_rt.jar=50262:/Applications/IntelliJ IDEA.app/Contents/bin -Dfile.encoding=UTF-8 --module-path=/Users/kali/.m2/repository/org/openjfx/javafx-fxml/17.0.1/javafx-fxml-17.0.1-mac-aarch64.jar:/Users/kali/.m2/repository/org/openjfx/javafx-graphics/17.0.1/javafx-graphics-17.0.1-mac-aarch64.jar:/Users/kali/.m2/repository/org/openjfx/javafx-controls/17.0.1/javafx-controls-17.0.1-mac-aarch64.jar:/Users/kali/Downloads/HW3/target/classes:/Users/kali/.m2/repository/org/openjfx/javafx-base/17.0.1/javafx-base-17.0.1-mac-aarch64.jar -Djdk.module.main=com.example.hw3 com.example.hw3/com.example.hw3.BabyNames

Host: "MacBookPro17,1" arm64 1 MHz, 8 cores, 8G, Darwin 21.5.0, macOS 12.4 (21F79)
Time: Tue Jul 19 10:35:01 2022 CDT elapsed time: 20.156771 seconds (0d 0h 0m 20s)

---------------  T H R E A D  ---------------

Current thread (0x00000001530ba400):  JavaThread "InvokeLaterDispatcher" daemon [_thread_in_native, id=36103, stack(0x000000016fccc000,0x000000016fecf000)]

Stack: [0x000000016fccc000,0x000000016fecf000],  sp=0x000000016fece7b0,  free space=2057k
Native frames: (J=compiled Java code, j=interpreted, Vv=VM code, C=native code)
v  ~StubRoutines::SafeFetchN
V  [libjvm.dylib+0x7a3f04]  _ZN10OopStorage7releaseEPKP7oopDesc+0x20
V  [libjvm.dylib+0x4b93a0]  jni_DeleteGlobalRef+0xc4
C  [libglass.dylib+0xab08]  -[GlassRunnable dealloc]+0x34
C  [Foundation+0x85318]  -[_NSThreadPerformInfo dealloc]+0x30
C  [Foundation+0x518ac]  -[NSObject(NSThreadPerformAdditions) performSelectorOnMainThread:withObject:waitUntilDone:]+0x88
C  0xdd6000010c6a18ac
j  com.sun.glass.ui.mac.MacApplication.submitForLaterInvocation(Ljava/lang/Runnable;)V+2 javafx.graphics
j  com.sun.glass.ui.InvokeLaterDispatcher.run()V+82 javafx.graphics
v  ~StubRoutines::call_stub
V  [libjvm.dylib+0x4609f8]  _ZN9JavaCalls11call_helperEP9JavaValueRK12methodHandleP17JavaCallArgumentsP10JavaThread+0x38c
V  [libjvm.dylib+0x45fa14]  _ZN9JavaCalls12call_virtualEP9JavaValueP5KlassP6SymbolS5_P17JavaCallArgumentsP10JavaThread+0x11c
V  [libjvm.dylib+0x45fae0]  _ZN9JavaCalls12call_virtualEP9JavaValue6HandleP5KlassP6SymbolS6_P10JavaThread+0x64
V  [libjvm.dylib+0x513360]  _ZL12thread_entryP10JavaThreadS0_+0xc4
V  [libjvm.dylib+0x904598]  _ZN10JavaThread17thread_main_innerEv+0x134
V  [libjvm.dylib+0x902ec0]  _ZN6Thread8call_runEv+0x128
V  [libjvm.dylib+0x7aaac4]  _ZL19thread_native_entryP6Thread+0x158
C  [libsystem_pthread.dylib+0x726c]  _pthread_start+0x94

Java frames: (J=compiled Java code, j=interpreted, Vv=VM code)
j  com.sun.glass.ui.mac.MacApplication._submitForLaterInvocation(Ljava/lang/Runnable;)V+0 javafx.graphics
j  com.sun.glass.ui.mac.MacApplication.submitForLaterInvocation(Ljava/lang/Runnable;)V+2 javafx.graphics
j  com.sun.glass.ui.InvokeLaterDispatcher.run()V+82 javafx.graphics
v  ~StubRoutines::call_stub

siginfo: si_signo: 10 (SIGBUS), si_code: 1 (BUS_ADRALN), si_addr: 0x000000010c6994f0

Register to memory mapping:

 x0=0x00000001527060c8 points into unknown readable memory: 0x0000000000000000 | 00 00 00 00 00 00 00 00
 x1=0x0 is NULL
 x2=0x00000007863e6430 is an oop: com.sun.glass.ui.InvokeLaterDispatcher$Future 
{0x00000007863e6430} - klass: 'com/sun/glass/ui/InvokeLaterDispatcher$Future'
 - ---- fields (total size 3 words):
 - private 'done' 'Z' @12  true
 - private final 'runnable' 'Ljava/lang/Runnable;' @16  a 'com/sun/javafx/application/PlatformImpl$$Lambda$92+0x0000000800c81990'{0x000000078567f460} (f0acfe8c)
 - final synthetic 'this$0' 'Lcom/sun/glass/ui/InvokeLaterDispatcher;' @20  a 'com/sun/glass/ui/InvokeLaterDispatcher'{0x000000078681fff8} (f0d03fff)
 x3=0x0 is NULL
 x4=0x00000000000130a8 is an unknown value
 x5=0x0 is NULL
 x6=0x0 is NULL
 x7=0x0 is NULL
 x8=0x000000010c6994ec is at begin+0 in a stub
StubRoutines::SafeFetchN [0x000000010c6994ec, 0x000000010c6994f8] (12 bytes)
 x9=0x0 is NULL
x10=0x2010000030300000 is an unknown value
x11=0x0000000000000007 is an unknown value
x12=0x0 is NULL
x13=0x00006000035bfc70 points into unknown readable memory: 0x4573800192de4284 | 84 42 de 92 01 80 73 45
x14=0x0000180000000000 is an unknown value
x15=0x00000001217c5f98: OBJC_CLASS_$_GlassRunnable+0 in /Users/kali/.openjfx/cache/17.0.1/libglass.dylib at 0x0000000121780000
x16=0x000000018bb330fc: pthread_getspecific+0 in /usr/lib/system/libsystem_pthread.dylib at 0x000000018bb31000
x17=0x0000600003085110 points into unknown readable memory: 0xfffffffffffffffe | fe ff ff ff ff ff ff ff
x18=0x0 is NULL
x19=0x00006000030843f0 points into unknown readable memory: 0x000060000198c330 | 30 c3 98 01 00 60 00 00
x20=0x0000000152705ec0 points into unknown readable memory: 0x0000000000000000 | 00 00 00 00 00 00 00 00
x21=0x00000001527060c8 points into unknown readable memory: 0x0000000000000000 | 00 00 00 00 00 00 00 00
x22=0x00000001530ba400 is a thread
x23=0x0000000000000001 is an unknown value
x24=0x0000000152706080 is a global jni handle
x25=0x0000000104b4d628: _ZN12StubRoutines17_safefetchN_entryE+0 in /Library/Java/JavaVirtualMachines/jdk-17.0.3.1.jdk/Contents/Home/lib/server/libjvm.dylib at 0x0000000103fb4000
x26=0x0000000121d19578 is pointing into metadata
x27=0x0 is NULL
x28=0x00000001530ba400 is a thread


Registers:
 x0=0x00000001527060c8  x1=0x0000000000000000  x2=0x00000007863e6430  x3=0x0000000000000000
 x4=0x00000000000130a8  x5=0x0000000000000000  x6=0x0000000000000000  x7=0x0000000000000000
 x8=0x000000010c6994ec  x9=0x0000000000000000 x10=0x2010000030300000 x11=0x0000000000000007
x12=0x0000000000000000 x13=0x00006000035bfc70 x14=0x0000180000000000 x15=0x00000001217c5f98
x16=0x000000018bb330fc x17=0x0000600003085110 x18=0x0000000000000000 x19=0x00006000030843f0
x20=0x0000000152705ec0 x21=0x00000001527060c8 x22=0x00000001530ba400 x23=0x0000000000000001
x24=0x0000000152706080 x25=0x0000000104b4d628 x26=0x0000000121d19578 x27=0x0000000000000000
x28=0x00000001530ba400  fp=0x000000016fece7f0  lr=0x0000000104756cd4  sp=0x000000016fece7b0
pc=0x000000010c6994f0 cpsr=0x0000000060001000
Top of Stack: (sp=0x000000016fece7b0)
0x000000016fece7b0:   0000000121d19578 0000000000000001
0x000000016fece7c0:   000000016fece9a8 0000600001996e00
0x000000016fece7d0:   0000000000000000 00000001527060b0
0x000000016fece7e0:   00000001527060b0 00006000030843f0
0x000000016fece7f0:   000000016fece830 0000000104757f04
0x000000016fece800:   0000000000000001 00000001527060b0
0x000000016fece810:   0000000000000000 00000001527060b0
0x000000016fece820:   0000000000000001 0000000153094200
0x000000016fece830:   000000016fece860 000000010446d3a0
0x000000016fece840:   0000600001996e10 00000001d5df130c
0x000000016fece850:   0000000000000000 0000600001996e10
0x000000016fece860:   000000016fece890 000000012178ab08
0x000000016fece870:   3a5151169ced00e5 0000000000000000
0x000000016fece880:   0000000000000000 0000600000e4ec40
0x000000016fece890:   000000016fece8d0 000000018cb08318
0x000000016fece8a0:   000000016fece9a8 0000600001996e00
0x000000016fece8b0:   0000600001996e10 3a5151169ced00e5
0x000000016fece8c0:   0000000000000000 0000000000000000
0x000000016fece8d0:   000000016fece910 4c0b00018cad48ac
0x000000016fece8e0:   000000016fece9a8 000000010c6a07c0
0x000000016fece8f0:   0000000000000000 0000000104b54fe8
0x000000016fece900:   000000016fece920 000000010c69f730
0x000000016fece910:   000000016fece980 dd6000010c6a18ac
0x000000016fece920:   0000000000000000 00000007868c0578
0x000000016fece930:   000000016fece930 0000000000000000
0x000000016fece940:   000000016fece9a8 0000000121d19578
0x000000016fece950:   00000007868169e8 0000000000000000
0x000000016fece960:   0000000000000000 0000000121cf7a60
0x000000016fece970:   0000000000000000 000000016fece980
0x000000016fece980:   000000016fecea00 000000010c69dfc8
0x000000016fece990:   0000000000000000 0000000000000000
0x000000016fece9a0:   00000007863e6430 0000000786816a60 

Instructions: (pc=0x000000010c6994f0)
0x000000010c6993f0:   f2a09629 f2c00029 6d425935 1e640886
0x000000010c699400:   0c402d31 1e6408c7 1f5654d0 1e6c1017
0x000000010c699410:   1f5050d0 1f504cd0 1f5048d0 1e650af6
0x000000010c699420:   1f50d8f6 1f5694d6 1f5158f6 1e762880
0x000000010c699430:   36000501 1e614000 14000026 2e251ca5
0x000000010c699440:   d2943009 f2a09629 f2c00029 6d425d36
0x000000010c699450:   1e600806 0c402d32 1f5758c7 1e6c101a
0x000000010c699460:   1f4754c7 1e650805 1f4750c7 d2866668
0x000000010c699470:   f2a7fa68 1f474cc7 1e6608c0 1f4748c7
0x000000010c699480:   1e6e1019 eb08007f 540000ac 1f479400
0x000000010c699490:   1f460340 1e603b20 1400000e d2a7fd29
0x000000010c6994a0:   eb09007f 540000ac 51480069 d3607d29
0x000000010c6994b0:   9e670121 14000002 1e6a5001 1f679417
0x000000010c6994c0:   1f668742 1e613b23 1e773857 1e773860
0x000000010c6994d0:   a8c17ff3 910003bf a8c17bfd d65f03c0
0x000000010c6994e0:   b9400001 aa0103e0 d65f03c0 f9400001
0x000000010c6994f0:   aa0103e0 d65f03c0 00000000 00000000
0x000000010c699500:   00000000 00000000 00000000 00000000
0x000000010c699510:   00000000 00000000 00000000 00000000
0x000000010c699520:   00000000 00000000 00000000 00000000
0x000000010c699530:   00000000 00000000 00000000 00000000
0x000000010c699540:   00000000 00000000 00000000 00000000
0x000000010c699550:   00000000 00000000 00000000 00000000
0x000000010c699560:   00000000 00000000 00000000 00000000
0x000000010c699570:   00000000 00000000 00000000 00000000
0x000000010c699580:   00000000 00000000 00000000 00000000
0x000000010c699590:   00000000 00000000 00000000 00000000
0x000000010c6995a0:   00000000 00000000 00000000 00000000
0x000000010c6995b0:   00000000 00000000 00000000 00000000
0x000000010c6995c0:   00000000 00000000 00000000 00000000
0x000000010c6995d0:   00000000 00000000 00000000 00000000
0x000000010c6995e0:   00000000 00000000 00000000 00000000 


Stack slot to memory mapping:
stack at sp + 0 slots: 0x0000000121d19578 is pointing into metadata
stack at sp + 1 slots: 0x0000000000000001 is an unknown value
stack at sp + 2 slots: 0x000000016fece9a8 is pointing into the stack for thread: 0x00000001530ba400
stack at sp + 3 slots: 0x0000600001996e00 points into unknown readable memory: 0x01000001e4502031 | 31 20 50 e4 01 00 00 01
stack at sp + 4 slots: 0x0 is NULL
stack at sp + 5 slots: 0x00000001527060b0 is a global jni handle
stack at sp + 6 slots: 0x00000001527060b0 is a global jni handle
stack at sp + 7 slots: 0x00006000030843f0 points into unknown readable memory: 0x000060000198c330 | 30 c3 98 01 00 60 00 00

StubRoutines::SafeFetchN [0x000000010c6994ec, 0x000000010c6994f8] (12 bytes)
[MachCode]
  0x000000010c6994ec: 0100 40f9 | e003 01aa | c003 5fd6 
[/MachCode]

---------------  P R O C E S S  ---------------

Threads class SMR info:
_java_thread_list=0x0000600001ba3660, length=20, elements={
0x0000000153014e00, 0x000000015402dc00, 0x000000015400d400, 0x000000015301ea00,
0x0000000142809a00, 0x0000000153008800, 0x0000000153008e00, 0x0000000142809400,
0x0000000133008200, 0x0000000153074400, 0x000000015308ee00, 0x0000000133812400,
0x000000014280a800, 0x00000001530ba400, 0x0000000153094200, 0x000000014296d600,
0x0000000152a84800, 0x00000001533d4800, 0x00000001533e2600, 0x0000000133828800
}

Java Threads: ( => current thread )
  0x0000000153014e00 JavaThread "main" [_thread_blocked, id=10243, stack(0x000000016d238000,0x000000016d43b000)]
  0x000000015402dc00 JavaThread "Reference Handler" daemon [_thread_blocked, id=15363, stack(0x000000016e08c000,0x000000016e28f000)]
  0x000000015400d400 JavaThread "Finalizer" daemon [_thread_blocked, id=14083, stack(0x000000016e298000,0x000000016e49b000)]
  0x000000015301ea00 JavaThread "Signal Dispatcher" daemon [_thread_blocked, id=23299, stack(0x000000016e648000,0x000000016e84b000)]
  0x0000000142809a00 JavaThread "Service Thread" daemon [_thread_blocked, id=42499, stack(0x000000016e854000,0x000000016ea57000)]
  0x0000000153008800 JavaThread "Monitor Deflation Thread" daemon [_thread_blocked, id=42243, stack(0x000000016ea60000,0x000000016ec63000)]
  0x0000000153008e00 JavaThread "C2 CompilerThread0" daemon [_thread_blocked, id=41731, stack(0x000000016ec6c000,0x000000016ee6f000)]
  0x0000000142809400 JavaThread "C1 CompilerThread0" daemon [_thread_blocked, id=41219, stack(0x000000016ee78000,0x000000016f07b000)]
  0x0000000133008200 JavaThread "Sweeper thread" daemon [_thread_blocked, id=24323, stack(0x000000016f084000,0x000000016f287000)]
  0x0000000153074400 JavaThread "Common-Cleaner" daemon [_thread_blocked, id=24835, stack(0x000000016f290000,0x000000016f493000)]
  0x000000015308ee00 JavaThread "Monitor Ctrl-Break" daemon [_thread_in_native, id=40963, stack(0x000000016f49c000,0x000000016f69f000)]
  0x0000000133812400 JavaThread "Notification Thread" daemon [_thread_blocked, id=25603, stack(0x000000016f6a8000,0x000000016f8ab000)]
  0x000000014280a800 JavaThread "QuantumRenderer-0" daemon [_thread_blocked, id=26371, stack(0x000000016fac0000,0x000000016fcc3000)]
=>0x00000001530ba400 JavaThread "InvokeLaterDispatcher" daemon [_thread_in_native, id=36103, stack(0x000000016fccc000,0x000000016fecf000)]
  0x0000000153094200 JavaThread "JavaFX Application Thread" [_thread_in_native, id=259, stack(0x000000016c9b0000,0x000000016d1ac000)]
  0x000000014296d600 JavaThread "JavaFX-Launcher" [_thread_blocked, id=74243, stack(0x0000000288090000,0x0000000288293000)]
  0x0000000152a84800 JavaThread "Prism Font Disposer" daemon [_thread_blocked, id=60939, stack(0x0000000288cd8000,0x0000000288edb000)]
  0x00000001533d4800 JavaThread "Attach Listener" daemon [_thread_blocked, id=88079, stack(0x0000000288f70000,0x0000000289173000)]
  0x00000001533e2600 JavaThread "Cleaner-0" daemon [_thread_blocked, id=88339, stack(0x000000028917c000,0x000000028937f000)]
  0x0000000133828800 JavaThread "PulseTimer-CVDisplayLink thread" daemon [_thread_in_native, id=59743, stack(0x000000016fed8000,0x000000016ff5b000)]

Other Threads:
  0x00000001538080f0 VMThread "VM Thread" [stack: 0x000000016de80000,0x000000016e083000] [id=15875]
  0x00000001327054c0 WatcherThread [stack: 0x000000016f8b4000,0x000000016fab7000] [id=40707]
  0x0000000152606540 GCTaskThread "GC Thread#0" [stack: 0x000000016d444000,0x000000016d647000] [id=19459]
  0x0000000152719690 GCTaskThread "GC Thread#1" [stack: 0x000000028829c000,0x000000028849f000] [id=57859]
  0x0000000152719b10 GCTaskThread "GC Thread#2" [stack: 0x00000002884a8000,0x00000002886ab000] [id=58371]
  0x0000000152719f90 GCTaskThread "GC Thread#3" [stack: 0x00000002886b4000,0x00000002888b7000] [id=58883]
  0x000000015271a410 GCTaskThread "GC Thread#4" [stack: 0x00000002888c0000,0x0000000288ac3000] [id=59395]
  0x000000015271ac80 GCTaskThread "GC Thread#5" [stack: 0x0000000288acc000,0x0000000288ccf000] [id=73475]
  0x0000000152606bf0 ConcurrentGCThread "G1 Main Marker" [stack: 0x000000016d650000,0x000000016d853000] [id=18947]
  0x0000000132604080 ConcurrentGCThread "G1 Conc#0" [stack: 0x000000016d85c000,0x000000016da5f000] [id=12035]
  0x0000000152608a70 ConcurrentGCThread "G1 Refine#0" [stack: 0x000000016da68000,0x000000016dc6b000] [id=17667]
  0x0000000132704080 ConcurrentGCThread "G1 Service" [stack: 0x000000016dc74000,0x000000016de77000] [id=17155]

Threads with active compile tasks:

VM state: not at safepoint (normal execution)

VM Mutex/Monitor currently owned by a thread: None

Heap address: 0x0000000780000000, size: 2048 MB, Compressed Oops mode: Zero based, Oop shift amount: 3

CDS archive(s) mapped at: [0x0000000800000000-0x0000000800bd8000-0x0000000800bd8000), size 12419072, SharedBaseAddress: 0x0000000800000000, ArchiveRelocationMode: 0.
Compressed class space mapped at: 0x0000000800c00000-0x0000000840c00000, reserved size: 1073741824
Narrow klass base: 0x0000000800000000, Narrow klass shift: 0, Narrow klass range: 0x100000000

GC Precious Log:
 CPUs: 8 total, 8 available
 Memory: 8192M
 Large Page Support: Disabled
 NUMA Support: Disabled
 Compressed Oops: Enabled (Zero based)
 Heap Region Size: 1M
 Heap Min Capacity: 8M
 Heap Initial Capacity: 128M
 Heap Max Capacity: 2G
 Pre-touch: Disabled
 Parallel Workers: 8
 Concurrent Workers: 2
 Concurrent Refinement Workers: 8
 Periodic GC: Disabled

Heap:
 garbage-first heap   total 133120K, used 45499K [0x0000000780000000, 0x0000000800000000)
  region size 1024K, 42 young (43008K), 3 survivors (3072K)
 Metaspace       used 15620K, committed 15872K, reserved 1064960K
  class space    used 2256K, committed 2368K, reserved 1048576K

Heap Regions: E=young(eden), S=young(survivor), O=old, HS=humongous(starts), HC=humongous(continues), CS=collection set, F=free, OA=open archive, CA=closed archive, TAMS=top-at-mark-start (previous, next)
|   0|0x0000000780000000, 0x0000000780076e00, 0x0000000780100000| 46%| O|  |TAMS 0x0000000780000000, 0x0000000780000000| Untracked 
|   1|0x0000000780100000, 0x0000000780200000, 0x0000000780200000|100%|HS|  |TAMS 0x0000000780100000, 0x0000000780100000| Complete 
|   2|0x0000000780200000, 0x0000000780300000, 0x0000000780300000|100%|HC|  |TAMS 0x0000000780200000, 0x0000000780200000| Complete 
|   3|0x0000000780300000, 0x0000000780300000, 0x0000000780400000|  0%| F|  |TAMS 0x0000000780300000, 0x0000000780300000| Untracked 
|   4|0x0000000780400000, 0x0000000780400000, 0x0000000780500000|  0%| F|  |TAMS 0x0000000780400000, 0x0000000780400000| Untracked 
|   5|0x0000000780500000, 0x0000000780500000, 0x0000000780600000|  0%| F|  |TAMS 0x0000000780500000, 0x0000000780500000| Untracked 
|   6|0x0000000780600000, 0x0000000780600000, 0x0000000780700000|  0%| F|  |TAMS 0x0000000780600000, 0x0000000780600000| Untracked 
|   7|0x0000000780700000, 0x0000000780700000, 0x0000000780800000|  0%| F|  |TAMS 0x0000000780700000, 0x0000000780700000| Untracked 
|   8|0x0000000780800000, 0x0000000780800000, 0x0000000780900000|  0%| F|  |TAMS 0x0000000780800000, 0x0000000780800000| Untracked 
|   9|0x0000000780900000, 0x0000000780900000, 0x0000000780a00000|  0%| F|  |TAMS 0x0000000780900000, 0x0000000780900000| Untracked 
|  10|0x0000000780a00000, 0x0000000780a00000, 0x0000000780b00000|  0%| F|  |TAMS 0x0000000780a00000, 0x0000000780a00000| Untracked 
|  11|0x0000000780b00000, 0x0000000780b00000, 0x0000000780c00000|  0%| F|  |TAMS 0x0000000780b00000, 0x0000000780b00000| Untracked 
|  12|0x0000000780c00000, 0x0000000780c00000, 0x0000000780d00000|  0%| F|  |TAMS 0x0000000780c00000, 0x0000000780c00000| Untracked 
|  13|0x0000000780d00000, 0x0000000780d00000, 0x0000000780e00000|  0%| F|  |TAMS 0x0000000780d00000, 0x0000000780d00000| Untracked 
|  14|0x0000000780e00000, 0x0000000780e00000, 0x0000000780f00000|  0%| F|  |TAMS 0x0000000780e00000, 0x0000000780e00000| Untracked 
|  15|0x0000000780f00000, 0x0000000780f00000, 0x0000000781000000|  0%| F|  |TAMS 0x0000000780f00000, 0x0000000780f00000| Untracked 
|  16|0x0000000781000000, 0x0000000781000000, 0x0000000781100000|  0%| F|  |TAMS 0x0000000781000000, 0x0000000781000000| Untracked 
|  17|0x0000000781100000, 0x0000000781100000, 0x0000000781200000|  0%| F|  |TAMS 0x0000000781100000, 0x0000000781100000| Untracked 
|  18|0x0000000781200000, 0x0000000781200000, 0x0000000781300000|  0%| F|  |TAMS 0x0000000781200000, 0x0000000781200000| Untracked 
|  19|0x0000000781300000, 0x0000000781300000, 0x0000000781400000|  0%| F|  |TAMS 0x0000000781300000, 0x0000000781300000| Untracked 
|  20|0x0000000781400000, 0x0000000781400000, 0x0000000781500000|  0%| F|  |TAMS 0x0000000781400000, 0x0000000781400000| Untracked 
|  21|0x0000000781500000, 0x0000000781500000, 0x0000000781600000|  0%| F|  |TAMS 0x0000000781500000, 0x0000000781500000| Untracked 
|  22|0x0000000781600000, 0x0000000781600000, 0x0000000781700000|  0%| F|  |TAMS 0x0000000781600000, 0x0000000781600000| Untracked 
|  23|0x0000000781700000, 0x0000000781700000, 0x0000000781800000|  0%| F|  |TAMS 0x0000000781700000, 0x0000000781700000| Untracked 
|  24|0x0000000781800000, 0x0000000781800000, 0x0000000781900000|  0%| F|  |TAMS 0x0000000781800000, 0x0000000781800000| Untracked 
|  25|0x0000000781900000, 0x0000000781900000, 0x0000000781a00000|  0%| F|  |TAMS 0x0000000781900000, 0x0000000781900000| Untracked 
|  26|0x0000000781a00000, 0x0000000781a00000, 0x0000000781b00000|  0%| F|  |TAMS 0x0000000781a00000, 0x0000000781a00000| Untracked 
|  27|0x0000000781b00000, 0x0000000781b00000, 0x0000000781c00000|  0%| F|  |TAMS 0x0000000781b00000, 0x0000000781b00000| Untracked 
|  28|0x0000000781c00000, 0x0000000781c00000, 0x0000000781d00000|  0%| F|  |TAMS 0x0000000781c00000, 0x0000000781c00000| Untracked 
|  29|0x0000000781d00000, 0x0000000781d00000, 0x0000000781e00000|  0%| F|  |TAMS 0x0000000781d00000, 0x0000000781d00000| Untracked 
|  30|0x0000000781e00000, 0x0000000781e00000, 0x0000000781f00000|  0%| F|  |TAMS 0x0000000781e00000, 0x0000000781e00000| Untracked 
|  31|0x0000000781f00000, 0x0000000781f00000, 0x0000000782000000|  0%| F|  |TAMS 0x0000000781f00000, 0x0000000781f00000| Untracked 
|  32|0x0000000782000000, 0x0000000782000000, 0x0000000782100000|  0%| F|  |TAMS 0x0000000782000000, 0x0000000782000000| Untracked 
|  33|0x0000000782100000, 0x0000000782100000, 0x0000000782200000|  0%| F|  |TAMS 0x0000000782100000, 0x0000000782100000| Untracked 
|  34|0x0000000782200000, 0x0000000782200000, 0x0000000782300000|  0%| F|  |TAMS 0x0000000782200000, 0x0000000782200000| Untracked 
|  35|0x0000000782300000, 0x0000000782300000, 0x0000000782400000|  0%| F|  |TAMS 0x0000000782300000, 0x0000000782300000| Untracked 
|  36|0x0000000782400000, 0x0000000782400000, 0x0000000782500000|  0%| F|  |TAMS 0x0000000782400000, 0x0000000782400000| Untracked 
|  37|0x0000000782500000, 0x0000000782500000, 0x0000000782600000|  0%| F|  |TAMS 0x0000000782500000, 0x0000000782500000| Untracked 
|  38|0x0000000782600000, 0x0000000782600000, 0x0000000782700000|  0%| F|  |TAMS 0x0000000782600000, 0x0000000782600000| Untracked 
|  39|0x0000000782700000, 0x0000000782700000, 0x0000000782800000|  0%| F|  |TAMS 0x0000000782700000, 0x0000000782700000| Untracked 
|  40|0x0000000782800000, 0x0000000782800000, 0x0000000782900000|  0%| F|  |TAMS 0x0000000782800000, 0x0000000782800000| Untracked 
|  41|0x0000000782900000, 0x0000000782900000, 0x0000000782a00000|  0%| F|  |TAMS 0x0000000782900000, 0x0000000782900000| Untracked 
|  42|0x0000000782a00000, 0x0000000782a00000, 0x0000000782b00000|  0%| F|  |TAMS 0x0000000782a00000, 0x0000000782a00000| Untracked 
|  43|0x0000000782b00000, 0x0000000782b00000, 0x0000000782c00000|  0%| F|  |TAMS 0x0000000782b00000, 0x0000000782b00000| Untracked 
|  44|0x0000000782c00000, 0x0000000782c00000, 0x0000000782d00000|  0%| F|  |TAMS 0x0000000782c00000, 0x0000000782c00000| Untracked 
|  45|0x0000000782d00000, 0x0000000782d00000, 0x0000000782e00000|  0%| F|  |TAMS 0x0000000782d00000, 0x0000000782d00000| Untracked 
|  46|0x0000000782e00000, 0x0000000782e00000, 0x0000000782f00000|  0%| F|  |TAMS 0x0000000782e00000, 0x0000000782e00000| Untracked 
|  47|0x0000000782f00000, 0x0000000782f00000, 0x0000000783000000|  0%| F|  |TAMS 0x0000000782f00000, 0x0000000782f00000| Untracked 
|  48|0x0000000783000000, 0x0000000783000000, 0x0000000783100000|  0%| F|  |TAMS 0x0000000783000000, 0x0000000783000000| Untracked 
|  49|0x0000000783100000, 0x0000000783100000, 0x0000000783200000|  0%| F|  |TAMS 0x0000000783100000, 0x0000000783100000| Untracked 
|  50|0x0000000783200000, 0x0000000783200000, 0x0000000783300000|  0%| F|  |TAMS 0x0000000783200000, 0x0000000783200000| Untracked 
|  51|0x0000000783300000, 0x0000000783300000, 0x0000000783400000|  0%| F|  |TAMS 0x0000000783300000, 0x0000000783300000| Untracked 
|  52|0x0000000783400000, 0x0000000783400000, 0x0000000783500000|  0%| F|  |TAMS 0x0000000783400000, 0x0000000783400000| Untracked 
|  53|0x0000000783500000, 0x0000000783500000, 0x0000000783600000|  0%| F|  |TAMS 0x0000000783500000, 0x0000000783500000| Untracked 
|  54|0x0000000783600000, 0x0000000783600000, 0x0000000783700000|  0%| F|  |TAMS 0x0000000783600000, 0x0000000783600000| Untracked 
|  55|0x0000000783700000, 0x0000000783700000, 0x0000000783800000|  0%| F|  |TAMS 0x0000000783700000, 0x0000000783700000| Untracked 
|  56|0x0000000783800000, 0x0000000783800000, 0x0000000783900000|  0%| F|  |TAMS 0x0000000783800000, 0x0000000783800000| Untracked 
|  57|0x0000000783900000, 0x0000000783900000, 0x0000000783a00000|  0%| F|  |TAMS 0x0000000783900000, 0x0000000783900000| Untracked 
|  58|0x0000000783a00000, 0x0000000783a00000, 0x0000000783b00000|  0%| F|  |TAMS 0x0000000783a00000, 0x0000000783a00000| Untracked 
|  59|0x0000000783b00000, 0x0000000783b00000, 0x0000000783c00000|  0%| F|  |TAMS 0x0000000783b00000, 0x0000000783b00000| Untracked 
|  60|0x0000000783c00000, 0x0000000783c00000, 0x0000000783d00000|  0%| F|  |TAMS 0x0000000783c00000, 0x0000000783c00000| Untracked 
|  61|0x0000000783d00000, 0x0000000783d00000, 0x0000000783e00000|  0%| F|  |TAMS 0x0000000783d00000, 0x0000000783d00000| Untracked 
|  62|0x0000000783e00000, 0x0000000783e00000, 0x0000000783f00000|  0%| F|  |TAMS 0x0000000783e00000, 0x0000000783e00000| Untracked 
|  63|0x0000000783f00000, 0x0000000783f00000, 0x0000000784000000|  0%| F|  |TAMS 0x0000000783f00000, 0x0000000783f00000| Untracked 
|  64|0x0000000784000000, 0x0000000784000000, 0x0000000784100000|  0%| F|  |TAMS 0x0000000784000000, 0x0000000784000000| Untracked 
|  65|0x0000000784100000, 0x0000000784100000, 0x0000000784200000|  0%| F|  |TAMS 0x0000000784100000, 0x0000000784100000| Untracked 
|  66|0x0000000784200000, 0x0000000784200000, 0x0000000784300000|  0%| F|  |TAMS 0x0000000784200000, 0x0000000784200000| Untracked 
|  67|0x0000000784300000, 0x0000000784300000, 0x0000000784400000|  0%| F|  |TAMS 0x0000000784300000, 0x0000000784300000| Untracked 
|  68|0x0000000784400000, 0x0000000784400000, 0x0000000784500000|  0%| F|  |TAMS 0x0000000784400000, 0x0000000784400000| Untracked 
|  69|0x0000000784500000, 0x0000000784500000, 0x0000000784600000|  0%| F|  |TAMS 0x0000000784500000, 0x0000000784500000| Untracked 
|  70|0x0000000784600000, 0x0000000784600000, 0x0000000784700000|  0%| F|  |TAMS 0x0000000784600000, 0x0000000784600000| Untracked 
|  71|0x0000000784700000, 0x0000000784700000, 0x0000000784800000|  0%| F|  |TAMS 0x0000000784700000, 0x0000000784700000| Untracked 
|  72|0x0000000784800000, 0x0000000784800000, 0x0000000784900000|  0%| F|  |TAMS 0x0000000784800000, 0x0000000784800000| Untracked 
|  73|0x0000000784900000, 0x0000000784900000, 0x0000000784a00000|  0%| F|  |TAMS 0x0000000784900000, 0x0000000784900000| Untracked 
|  74|0x0000000784a00000, 0x0000000784a00000, 0x0000000784b00000|  0%| F|  |TAMS 0x0000000784a00000, 0x0000000784a00000| Untracked 
|  75|0x0000000784b00000, 0x0000000784b00000, 0x0000000784c00000|  0%| F|  |TAMS 0x0000000784b00000, 0x0000000784b00000| Untracked 
|  76|0x0000000784c00000, 0x0000000784c00000, 0x0000000784d00000|  0%| F|  |TAMS 0x0000000784c00000, 0x0000000784c00000| Untracked 
|  77|0x0000000784d00000, 0x0000000784d00000, 0x0000000784e00000|  0%| F|  |TAMS 0x0000000784d00000, 0x0000000784d00000| Untracked 
|  78|0x0000000784e00000, 0x0000000784e00000, 0x0000000784f00000|  0%| F|  |TAMS 0x0000000784e00000, 0x0000000784e00000| Untracked 
|  79|0x0000000784f00000, 0x0000000784f00000, 0x0000000785000000|  0%| F|  |TAMS 0x0000000784f00000, 0x0000000784f00000| Untracked 
|  80|0x0000000785000000, 0x0000000785000000, 0x0000000785100000|  0%| F|  |TAMS 0x0000000785000000, 0x0000000785000000| Untracked 
|  81|0x0000000785100000, 0x0000000785100000, 0x0000000785200000|  0%| F|  |TAMS 0x0000000785100000, 0x0000000785100000| Untracked 
|  82|0x0000000785200000, 0x0000000785200000, 0x0000000785300000|  0%| F|  |TAMS 0x0000000785200000, 0x0000000785200000| Untracked 
|  83|0x0000000785300000, 0x0000000785300000, 0x0000000785400000|  0%| F|  |TAMS 0x0000000785300000, 0x0000000785300000| Untracked 
|  84|0x0000000785400000, 0x0000000785400000, 0x0000000785500000|  0%| F|  |TAMS 0x0000000785400000, 0x0000000785400000| Untracked 
|  85|0x0000000785500000, 0x0000000785500000, 0x0000000785600000|  0%| F|  |TAMS 0x0000000785500000, 0x0000000785500000| Untracked 
|  86|0x0000000785600000, 0x0000000785700000, 0x0000000785700000|100%| E|  |TAMS 0x0000000785600000, 0x0000000785600000| Complete 
|  87|0x0000000785700000, 0x0000000785800000, 0x0000000785800000|100%| E|CS|TAMS 0x0000000785700000, 0x0000000785700000| Complete 
|  88|0x0000000785800000, 0x0000000785900000, 0x0000000785900000|100%| E|CS|TAMS 0x0000000785800000, 0x0000000785800000| Complete 
|  89|0x0000000785900000, 0x0000000785a00000, 0x0000000785a00000|100%| E|CS|TAMS 0x0000000785900000, 0x0000000785900000| Complete 
|  90|0x0000000785a00000, 0x0000000785b00000, 0x0000000785b00000|100%| E|CS|TAMS 0x0000000785a00000, 0x0000000785a00000| Complete 
|  91|0x0000000785b00000, 0x0000000785c00000, 0x0000000785c00000|100%| E|CS|TAMS 0x0000000785b00000, 0x0000000785b00000| Complete 
|  92|0x0000000785c00000, 0x0000000785d00000, 0x0000000785d00000|100%| E|CS|TAMS 0x0000000785c00000, 0x0000000785c00000| Complete 
|  93|0x0000000785d00000, 0x0000000785e00000, 0x0000000785e00000|100%| E|CS|TAMS 0x0000000785d00000, 0x0000000785d00000| Complete 
|  94|0x0000000785e00000, 0x0000000785f00000, 0x0000000785f00000|100%| E|CS|TAMS 0x0000000785e00000, 0x0000000785e00000| Complete 
|  95|0x0000000785f00000, 0x0000000786000000, 0x0000000786000000|100%| E|CS|TAMS 0x0000000785f00000, 0x0000000785f00000| Complete 
|  96|0x0000000786000000, 0x0000000786100000, 0x0000000786100000|100%| E|CS|TAMS 0x0000000786000000, 0x0000000786000000| Complete 
|  97|0x0000000786100000, 0x0000000786200000, 0x0000000786200000|100%| E|CS|TAMS 0x0000000786100000, 0x0000000786100000| Complete 
|  98|0x0000000786200000, 0x0000000786300000, 0x0000000786300000|100%| E|CS|TAMS 0x0000000786200000, 0x0000000786200000| Complete 
|  99|0x0000000786300000, 0x0000000786400000, 0x0000000786400000|100%| E|CS|TAMS 0x0000000786300000, 0x0000000786300000| Complete 
| 100|0x0000000786400000, 0x0000000786500000, 0x0000000786500000|100%| E|CS|TAMS 0x0000000786400000, 0x0000000786400000| Complete 
| 101|0x0000000786500000, 0x0000000786600000, 0x0000000786600000|100%| E|CS|TAMS 0x0000000786500000, 0x0000000786500000| Complete 
| 102|0x0000000786600000, 0x0000000786700000, 0x0000000786700000|100%| S|CS|TAMS 0x0000000786600000, 0x0000000786600000| Complete 
| 103|0x0000000786700000, 0x0000000786800000, 0x0000000786800000|100%| S|CS|TAMS 0x0000000786700000, 0x0000000786700000| Complete 
| 104|0x0000000786800000, 0x0000000786900000, 0x0000000786900000|100%| S|CS|TAMS 0x0000000786800000, 0x0000000786800000| Complete 
| 105|0x0000000786900000, 0x0000000786a00000, 0x0000000786a00000|100%| E|CS|TAMS 0x0000000786900000, 0x0000000786900000| Complete 
| 106|0x0000000786a00000, 0x0000000786b00000, 0x0000000786b00000|100%| E|CS|TAMS 0x0000000786a00000, 0x0000000786a00000| Complete 
| 107|0x0000000786b00000, 0x0000000786c00000, 0x0000000786c00000|100%| E|CS|TAMS 0x0000000786b00000, 0x0000000786b00000| Complete 
| 108|0x0000000786c00000, 0x0000000786d00000, 0x0000000786d00000|100%| E|CS|TAMS 0x0000000786c00000, 0x0000000786c00000| Complete 
| 109|0x0000000786d00000, 0x0000000786e00000, 0x0000000786e00000|100%| E|CS|TAMS 0x0000000786d00000, 0x0000000786d00000| Complete 
| 110|0x0000000786e00000, 0x0000000786f00000, 0x0000000786f00000|100%| E|CS|TAMS 0x0000000786e00000, 0x0000000786e00000| Complete 
| 111|0x0000000786f00000, 0x0000000787000000, 0x0000000787000000|100%| E|CS|TAMS 0x0000000786f00000, 0x0000000786f00000| Complete 
| 112|0x0000000787000000, 0x0000000787100000, 0x0000000787100000|100%| E|CS|TAMS 0x0000000787000000, 0x0000000787000000| Complete 
| 113|0x0000000787100000, 0x0000000787200000, 0x0000000787200000|100%| E|CS|TAMS 0x0000000787100000, 0x0000000787100000| Complete 
| 114|0x0000000787200000, 0x0000000787300000, 0x0000000787300000|100%| E|CS|TAMS 0x0000000787200000, 0x0000000787200000| Complete 
| 115|0x0000000787300000, 0x0000000787400000, 0x0000000787400000|100%| E|CS|TAMS 0x0000000787300000, 0x0000000787300000| Complete 
| 116|0x0000000787400000, 0x0000000787500000, 0x0000000787500000|100%| E|CS|TAMS 0x0000000787400000, 0x0000000787400000| Complete 
| 117|0x0000000787500000, 0x0000000787600000, 0x0000000787600000|100%| E|CS|TAMS 0x0000000787500000, 0x0000000787500000| Complete 
| 118|0x0000000787600000, 0x0000000787700000, 0x0000000787700000|100%| E|CS|TAMS 0x0000000787600000, 0x0000000787600000| Complete 
| 119|0x0000000787700000, 0x0000000787800000, 0x0000000787800000|100%| E|CS|TAMS 0x0000000787700000, 0x0000000787700000| Complete 
| 120|0x0000000787800000, 0x0000000787900000, 0x0000000787900000|100%| E|CS|TAMS 0x0000000787800000, 0x0000000787800000| Complete 
| 121|0x0000000787900000, 0x0000000787a00000, 0x0000000787a00000|100%| E|CS|TAMS 0x0000000787900000, 0x0000000787900000| Complete 
| 122|0x0000000787a00000, 0x0000000787b00000, 0x0000000787b00000|100%| E|CS|TAMS 0x0000000787a00000, 0x0000000787a00000| Complete 
| 123|0x0000000787b00000, 0x0000000787c00000, 0x0000000787c00000|100%| E|CS|TAMS 0x0000000787b00000, 0x0000000787b00000| Complete 
| 124|0x0000000787c00000, 0x0000000787d00000, 0x0000000787d00000|100%| E|CS|TAMS 0x0000000787c00000, 0x0000000787c00000| Complete 
| 125|0x0000000787d00000, 0x0000000787e00000, 0x0000000787e00000|100%| E|CS|TAMS 0x0000000787d00000, 0x0000000787d00000| Complete 
| 126|0x0000000787e00000, 0x0000000787f00000, 0x0000000787f00000|100%| E|CS|TAMS 0x0000000787e00000, 0x0000000787e00000| Complete 
| 127|0x0000000787f00000, 0x0000000788000000, 0x0000000788000000|100%| E|CS|TAMS 0x0000000787f00000, 0x0000000787f00000| Complete 
|2046|0x00000007ffe00000, 0x00000007ffe78000, 0x00000007fff00000| 46%|OA|  |TAMS 0x00000007ffe00000, 0x00000007ffe00000| Untracked 
|2047|0x00000007fff00000, 0x00000007fff80000, 0x0000000800000000| 50%|CA|  |TAMS 0x00000007fff00000, 0x00000007fff00000| Untracked 

Card table byte_map: [0x00000001035ac000,0x00000001039ac000] _byte_map_base: 0x00000000ff9ac000

Marking Bits (Prev, Next): (CMBitMap*) 0x0000000152827410, (CMBitMap*) 0x0000000152827450
 Prev Bits: [0x000000011b698000, 0x000000011d698000)
 Next Bits: [0x000000011d698000, 0x000000011f698000)

Polling page: 0x0000000102dd8000

Metaspace:

Usage:
  Non-class:     13.05 MB used.
      Class:      2.20 MB used.
       Both:     15.25 MB used.

Virtual space:
  Non-class space:       16.00 MB reserved,      13.19 MB ( 82%) committed,  2 nodes.
      Class space:        1.00 GB reserved,       2.31 MB ( <1%) committed,  1 nodes.
             Both:        1.02 GB reserved,      15.50 MB (  1%) committed. 

Chunk freelists:
   Non-Class:  2.22 MB
       Class:  1.57 MB
        Both:  3.79 MB

MaxMetaspaceSize: unlimited
CompressedClassSpaceSize: 1.00 GB
Initial GC threshold: 21.00 MB
Current GC threshold: 21.00 MB
CDS: on
MetaspaceReclaimPolicy: balanced
 - commit_granule_bytes: 65536.
 - commit_granule_words: 8192.
 - virtual_space_node_default_size: 1048576.
 - enlarge_chunks_in_place: 1.
 - new_chunks_are_fully_committed: 0.
 - uncommit_free_chunks: 1.
 - use_allocation_guard: 0.
 - handle_deallocations: 1.


Internal statistics:

num_allocs_failed_limit: 0.
num_arena_births: 174.
num_arena_deaths: 0.
num_vsnodes_births: 3.
num_vsnodes_deaths: 0.
num_space_committed: 248.
num_space_uncommitted: 0.
num_chunks_returned_to_freelist: 0.
num_chunks_taken_from_freelist: 691.
num_chunk_merges: 0.
num_chunk_splits: 487.
num_chunks_enlarged: 398.
num_purges: 0.
num_inconsistent_stats: 0.

CodeHeap 'non-profiled nmethods': size=120032Kb used=1413Kb max_used=1413Kb free=118618Kb
 bounds [0x0000000114160000, 0x00000001143d0000, 0x000000011b698000]
CodeHeap 'profiled nmethods': size=120016Kb used=7081Kb max_used=7081Kb free=112934Kb
 bounds [0x000000010cc2c000, 0x000000010d31c000, 0x0000000114160000]
CodeHeap 'non-nmethods': size=5712Kb used=1386Kb max_used=1528Kb free=4325Kb
 bounds [0x000000010c698000, 0x000000010c908000, 0x000000010cc2c000]
 total_blobs=3967 nmethods=3190 adapters=693
 compilation: enabled
              stopped_count=0, restarted_count=0
 full_count=0

Compilation events (20 events):
Event: 20.092 Thread 0x0000000142809400 nmethod 3265 0x000000010d30de90 code [0x000000010d30e300, 0x000000010d30f8c8]
Event: 20.093 Thread 0x0000000153008e00 3266       4       com.sun.prism.impl.VertexBuffer::flush (32 bytes)
Event: 20.096 Thread 0x0000000153008e00 nmethod 3266 0x00000001142be790 code [0x00000001142be980, 0x00000001142bed20]
Event: 20.096 Thread 0x0000000153008e00 3267 %     4       com.sun.javafx.geom.transform.GeneralTransform3D::isInfOrNaN @ 4 (40 bytes)
Event: 20.100 Thread 0x0000000153008e00 nmethod 3267% 0x00000001142bf090 code [0x00000001142bf240, 0x00000001142bf4a0]
Event: 20.100 Thread 0x0000000153008e00 3271       4       com.sun.marlin.Helpers::outcode (70 bytes)
Event: 20.101 Thread 0x0000000153008e00 nmethod 3271 0x00000001142bf610 code [0x00000001142bf7c0, 0x00000001142bf910]
Event: 20.101 Thread 0x0000000153008e00 3268       4       com.sun.javafx.geom.transform.AffineBase::updateState2D (210 bytes)
Event: 20.102 Thread 0x0000000153008e00 nmethod 3268 0x00000001142bfa10 code [0x00000001142bfbc0, 0x00000001142bfd50]
Event: 20.102 Thread 0x0000000153008e00 3269       4       com.sun.javafx.geom.transform.AffineBase::updateState (5 bytes)
Event: 20.103 Thread 0x0000000153008e00 nmethod 3269 0x00000001142bfe10 code [0x00000001142bffc0, 0x00000001142c0150]
Event: 20.103 Thread 0x0000000153008e00 3270       4       java.lang.ref.SoftReference::get (29 bytes)
Event: 20.104 Thread 0x0000000153008e00 nmethod 3270 0x00000001142c0210 code [0x00000001142c03c0, 0x00000001142c04f0]
Event: 20.104 Thread 0x0000000153008e00 3272       4       java.util.ArrayList$Itr::hasNext (20 bytes)
Event: 20.104 Thread 0x0000000153008e00 nmethod 3272 0x00000001142c0590 code [0x00000001142c0700, 0x00000001142c07f0]
Event: 20.105 Thread 0x0000000142809400 3273       3       javafx.scene.layout.Region::minWidth (52 bytes)
Event: 20.106 Thread 0x0000000142809400 nmethod 3273 0x000000010d30ff90 code [0x000000010d310200, 0x000000010d310938]
Event: 20.106 Thread 0x0000000142809400 3274       3       javafx.scene.layout.Region::getMinWidth (22 bytes)
Event: 20.106 Thread 0x0000000142809400 nmethod 3274 0x000000010d310b10 code [0x000000010d310d00, 0x000000010d311118]
Event: 20.154 Thread 0x0000000142809400 3275       3       com.sun.javafx.tk.quantum.QuantumToolkit::postPulse (133 bytes)

GC Heap History (2 events):
Event: 0.496 GC heap before
{Heap before GC invocations=0 (full 0):
 garbage-first heap   total 133120K, used 23520K [0x0000000780000000, 0x0000000800000000)
  region size 1024K, 23 young (23552K), 0 survivors (0K)
 Metaspace       used 6875K, committed 7040K, reserved 1056768K
  class space    used 893K, committed 960K, reserved 1048576K
}
Event: 0.500 GC heap after
{Heap after GC invocations=1 (full 0):
 garbage-first heap   total 133120K, used 4539K [0x0000000780000000, 0x0000000800000000)
  region size 1024K, 3 young (3072K), 3 survivors (3072K)
 Metaspace       used 6875K, committed 7040K, reserved 1056768K
  class space    used 893K, committed 960K, reserved 1048576K
}

Deoptimization events (20 events):
Event: 19.202 Thread 0x0000000153094200 Uncommon trap: trap_request=0xffffffbe fr.pc=0x000000011429b844 relative=0x0000000000004604
Event: 19.202 Thread 0x0000000153094200 Uncommon trap: reason=profile_predicate action=maybe_recompile pc=0x000000011429b844 method=javafx.scene.CssStyleHelper.transitionToState(Ljavafx/scene/Node;)V @ 291 c2
Event: 19.202 Thread 0x0000000153094200 DEOPT PACKING pc=0x000000011429b844 sp=0x000000016d1a65d0
Event: 19.202 Thread 0x0000000153094200 DEOPT UNPACKING pc=0x000000010c6d6d1c sp=0x000000016d1a6500 mode 2
Event: 19.202 Thread 0x0000000153094200 Uncommon trap: trap_request=0xffffffbe fr.pc=0x000000011429b844 relative=0x0000000000004604
Event: 19.202 Thread 0x0000000153094200 Uncommon trap: reason=profile_predicate action=maybe_recompile pc=0x000000011429b844 method=javafx.scene.CssStyleHelper.transitionToState(Ljavafx/scene/Node;)V @ 291 c2
Event: 19.202 Thread 0x0000000153094200 DEOPT PACKING pc=0x000000011429b844 sp=0x000000016d1a65d0
Event: 19.202 Thread 0x0000000153094200 DEOPT UNPACKING pc=0x000000010c6d6d1c sp=0x000000016d1a6500 mode 2
Event: 19.202 Thread 0x0000000153094200 Uncommon trap: trap_request=0xffffffbe fr.pc=0x000000011429b844 relative=0x0000000000004604
Event: 19.202 Thread 0x0000000153094200 Uncommon trap: reason=profile_predicate action=maybe_recompile pc=0x000000011429b844 method=javafx.scene.CssStyleHelper.transitionToState(Ljavafx/scene/Node;)V @ 291 c2
Event: 19.202 Thread 0x0000000153094200 DEOPT PACKING pc=0x000000011429b844 sp=0x000000016d1a65d0
Event: 19.202 Thread 0x0000000153094200 DEOPT UNPACKING pc=0x000000010c6d6d1c sp=0x000000016d1a6500 mode 2
Event: 19.205 Thread 0x0000000153094200 Uncommon trap: trap_request=0xffffffbe fr.pc=0x000000011429b844 relative=0x0000000000004604
Event: 19.205 Thread 0x0000000153094200 Uncommon trap: reason=profile_predicate action=maybe_recompile pc=0x000000011429b844 method=javafx.scene.CssStyleHelper.transitionToState(Ljavafx/scene/Node;)V @ 291 c2
Event: 19.205 Thread 0x0000000153094200 DEOPT PACKING pc=0x000000011429b844 sp=0x000000016d1a6950
Event: 19.205 Thread 0x0000000153094200 DEOPT UNPACKING pc=0x000000010c6d6d1c sp=0x000000016d1a6880 mode 2
Event: 19.209 Thread 0x000000014280a800 DEOPT PACKING pc=0x000000010d1bde24 sp=0x000000016fcbf470
Event: 19.209 Thread 0x000000014280a800 DEOPT UNPACKING pc=0x000000010c6d6b7c sp=0x000000016fcbf050 mode 0
Event: 19.209 Thread 0x000000014280a800 DEOPT PACKING pc=0x000000010d1bde24 sp=0x000000016fcbfcc0
Event: 19.209 Thread 0x000000014280a800 DEOPT UNPACKING pc=0x000000010c6d6b7c sp=0x000000016fcbf8a0 mode 0

Classes unloaded (0 events):
No events

Classes redefined (0 events):
No events

Internal exceptions (20 events):
Event: 0.725 Thread 0x0000000153094200 Exception <a 'java/lang/NoSuchMethodError'{0x0000000787481628}: 'java.lang.Object java.lang.invoke.DirectMethodHandle$Holder.invokeInterface(java.lang.Object, java.lang.Object, java.lang.Object)'> (0x0000000787481628) 
thrown [open/src/hotspot/share/interpreter/linkResolver.cpp, line 766]
Event: 0.725 Thread 0x0000000153094200 Exception <a 'java/lang/IncompatibleClassChangeError'{0x0000000787484fb0}: Found class java.lang.Object, but interface was expected> (0x0000000787484fb0) 
thrown [open/src/hotspot/share/interpreter/linkResolver.cpp, line 833]
Event: 0.756 Thread 0x0000000153094200 Exception <a 'java/lang/ClassNotFoundException'{0x00000007870ba048}: com/sun/javafx/scene/control/skin/resources/controls> (0x00000007870ba048) 
thrown [open/src/hotspot/share/prims/jni.cpp, line 535]
Event: 0.756 Thread 0x0000000153094200 Exception <a 'java/lang/ClassNotFoundException'{0x00000007870c82a0}: com/sun/javafx/scene/control/skin/resources/controls_en> (0x00000007870c82a0) 
thrown [open/src/hotspot/share/prims/jni.cpp, line 535]
Event: 0.756 Thread 0x0000000153094200 Exception <a 'java/lang/ClassNotFoundException'{0x00000007870c9588}: com/sun/javafx/scene/control/skin/resources/controls_en_US> (0x00000007870c9588) 
thrown [open/src/hotspot/share/prims/jni.cpp, line 535]
Event: 0.770 Thread 0x0000000153094200 Exception <a 'java/lang/NoSuchMethodError'{0x0000000786eb3c70}: 'void java.lang.invoke.DirectMethodHandle$Holder.invokeSpecial(java.lang.Object, java.lang.Object, java.lang.Object, java.lang.Object, java.lang.Object, java.lang.Object)'> (0x0000000786eb3c70) 
thrown [open/src/hotspot/share/interpreter/linkResolver.cpp, line 766]
Event: 0.804 Thread 0x0000000153094200 Exception <a 'java/lang/NoSuchMethodError'{0x0000000786a99928}: 'void java.lang.invoke.DirectMethodHandle$Holder.invokeSpecialIFC(java.lang.Object, java.lang.Object, java.lang.Object, java.lang.Object)'> (0x0000000786a99928) 
thrown [open/src/hotspot/share/interpreter/linkResolver.cpp, line 766]
Event: 0.814 Thread 0x0000000153094200 Exception <a 'java/lang/NoSuchMethodError'{0x0000000786527cc8}: 'int java.lang.invoke.DirectMethodHandle$Holder.invokeSpecial(java.lang.Object, java.lang.Object, int)'> (0x0000000786527cc8) 
thrown [open/src/hotspot/share/interpreter/linkResolver.cpp, line 766]
Event: 0.839 Thread 0x0000000153094200 Exception <a 'java/lang/NoSuchMethodError'{0x00000007863038c0}: 'java.lang.Object java.lang.invoke.DirectMethodHandle$Holder.newInvokeSpecial(java.lang.Object, java.lang.Object, int, int)'> (0x00000007863038c0) 
thrown [open/src/hotspot/share/interpreter/linkResolver.cpp, line 766]
Event: 0.846 Thread 0x0000000153094200 Exception <a 'java/lang/NoSuchMethodError'{0x0000000786333728}: 'java.lang.Object java.lang.invoke.DirectMethodHandle$Holder.newInvokeSpecial(java.lang.Object, java.lang.Object, int)'> (0x0000000786333728) 
thrown [open/src/hotspot/share/interpreter/linkResolver.cpp, line 766]
Event: 0.899 Thread 0x000000014280a800 Exception <a 'java/lang/NoSuchMethodError'{0x00000007862e8610}: 'int java.lang.invoke.DirectMethodHandle$Holder.invokeStaticInit(java.lang.Object, java.lang.Object)'> (0x00000007862e8610) 
thrown [open/src/hotspot/share/interpreter/linkResolver.cpp, line 766]
Event: 1.258 Thread 0x000000014280a800 Exception <a 'java/lang/NoSuchMethodError'{0x0000000785d73dc8}: 'java.lang.Object java.lang.invoke.DirectMethodHandle$Holder.invokeStaticInit(java.lang.Object, int)'> (0x0000000785d73dc8) 
thrown [open/src/hotspot/share/interpreter/linkResolver.cpp, line 766]
Event: 1.806 Thread 0x0000000153094200 Implicit null exception at 0x00000001141e5ef0 to 0x00000001141e65a0
Event: 12.539 Thread 0x0000000153094200 Exception <a 'java/lang/NoSuchMethodError'{0x0000000785b5f910}: 'long java.lang.invoke.DirectMethodHandle$Holder.invokeStatic(java.lang.Object, java.lang.Object, java.lang.Object)'> (0x0000000785b5f910) 
thrown [open/src/hotspot/share/interpreter/linkResolver.cpp, line 766]
Event: 12.540 Thread 0x0000000153094200 Exception <a 'java/lang/NoSuchMethodError'{0x0000000785b630b8}: 'long java.lang.invoke.DirectMethodHandle$Holder.invokeStaticInit(java.lang.Object, java.lang.Object, java.lang.Object)'> (0x0000000785b630b8) 
thrown [open/src/hotspot/share/interpreter/linkResolver.cpp, line 766]
Event: 12.541 Thread 0x0000000153094200 Exception <a 'java/lang/NoSuchMethodError'{0x0000000785b7acc0}: 'java.lang.Object java.lang.invoke.DirectMethodHandle$Holder.newInvokeSpecial(java.lang.Object, java.lang.Object, long)'> (0x0000000785b7acc0) 
thrown [open/src/hotspot/share/interpreter/linkResolver.cpp, line 766]
Event: 12.542 Thread 0x0000000153094200 Exception <a 'java/lang/NoSuchMethodError'{0x0000000785b7e588}: 'java.lang.Object java.lang.invoke.Invokers$Holder.linkToTargetMethod(java.lang.Object, long, java.lang.Object)'> (0x0000000785b7e588) 
thrown [open/src/hotspot/share/interpreter/linkResolver.cpp, line 766]
Event: 17.354 Thread 0x0000000153094200 Implicit null exception at 0x000000011425cdfc to 0x000000011425ce6c
Event: 17.384 Thread 0x0000000153094200 Implicit null exception at 0x000000011421b878 to 0x000000011421bf14
Event: 19.057 Thread 0x0000000153094200 Exception <a 'java/lang/NoSuchMethodError'{0x000000078573f378}: 'java.lang.Object java.lang.invoke.DirectMethodHandle$Holder.newInvokeSpecial(java.lang.Object, java.lang.Object, int, java.lang.Object, double, double, double, double, double, double, int, int, int, int, int, int, int, int)'> (0x000000078573f378) 
thrown [open/src/hotspot/share/interpreter/linkResolver.cpp, line 766]

VM Operations (20 events):
Event: 9.100 Executing VM operation: Cleanup
Event: 9.100 Executing VM operation: Cleanup done
Event: 13.117 Executing VM operation: Cleanup
Event: 13.117 Executing VM operation: Cleanup done
Event: 14.122 Executing VM operation: Cleanup
Event: 14.122 Executing VM operation: Cleanup done
Event: 15.125 Executing VM operation: Cleanup
Event: 15.125 Executing VM operation: Cleanup done
Event: 16.129 Executing VM operation: Cleanup
Event: 16.129 Executing VM operation: Cleanup done
Event: 17.132 Executing VM operation: Cleanup
Event: 17.133 Executing VM operation: Cleanup done
Event: 17.386 Executing VM operation: ICBufferFull
Event: 17.386 Executing VM operation: ICBufferFull done
Event: 18.391 Executing VM operation: Cleanup
Event: 18.392 Executing VM operation: Cleanup done
Event: 19.143 Executing VM operation: ICBufferFull
Event: 19.143 Executing VM operation: ICBufferFull done
Event: 20.145 Executing VM operation: Cleanup
Event: 20.145 Executing VM operation: Cleanup done

Events (20 events):
Event: 15.488 Protecting memory [0x000000016fed8000,0x000000016fee4000] with protection modes 3
Event: 15.488 Thread 0x000000013380aa00 Thread exited: 0x000000013380aa00
Event: 16.555 Protecting memory [0x000000016fed8000,0x000000016fee4000] with protection modes 0
Event: 16.555 Thread 0x0000000133027800 Thread added: 0x0000000133027800
Event: 16.905 Protecting memory [0x000000016fed8000,0x000000016fee4000] with protection modes 3
Event: 16.905 Thread 0x0000000133027800 Thread exited: 0x0000000133027800
Event: 17.105 Protecting memory [0x000000016fed8000,0x000000016fee4000] with protection modes 0
Event: 17.105 Thread 0x0000000124810a00 Thread added: 0x0000000124810a00
Event: 18.038 Protecting memory [0x000000016fed8000,0x000000016fee4000] with protection modes 3
Event: 18.038 Thread 0x0000000124810a00 Thread exited: 0x0000000124810a00
Event: 18.670 Protecting memory [0x000000016fed8000,0x000000016fee4000] with protection modes 0
Event: 18.670 Thread 0x0000000152a9ec00 Thread added: 0x0000000152a9ec00
Event: 19.021 Protecting memory [0x000000016fed8000,0x000000016fee4000] with protection modes 3
Event: 19.021 Thread 0x0000000152a9ec00 Thread exited: 0x0000000152a9ec00
Event: 19.088 Protecting memory [0x000000016fed8000,0x000000016fee4000] with protection modes 0
Event: 19.088 Thread 0x0000000152a9ec00 Thread added: 0x0000000152a9ec00
Event: 19.505 Protecting memory [0x000000016fed8000,0x000000016fee4000] with protection modes 3
Event: 19.505 Thread 0x0000000152a9ec00 Thread exited: 0x0000000152a9ec00
Event: 20.087 Protecting memory [0x000000016fed8000,0x000000016fee4000] with protection modes 0
Event: 20.087 Thread 0x0000000133828800 Thread added: 0x0000000133828800


Dynamic libraries:
0x0000000102d88000 	/Library/Java/JavaVirtualMachines/jdk-17.0.3.1.jdk/Contents/Home/lib/libjli.dylib
0x00000001965de000 	/usr/lib/libz.1.dylib
0x0000000196695000 	/usr/lib/libSystem.B.dylib
0x000000019668f000 	/usr/lib/system/libcache.dylib
0x000000019664d000 	/usr/lib/system/libcommonCrypto.dylib
0x0000000196676000 	/usr/lib/system/libcompiler_rt.dylib
0x000000019666d000 	/usr/lib/system/libcopyfile.dylib
0x000000018b8bb000 	/usr/lib/system/libcorecrypto.dylib
0x000000018b970000 	/usr/lib/system/libdispatch.dylib
0x000000018bb3e000 	/usr/lib/system/libdyld.dylib
0x0000000196685000 	/usr/lib/system/libkeymgr.dylib
0x0000000196628000 	/usr/lib/system/libmacho.dylib
0x0000000195d18000 	/usr/lib/system/libquarantine.dylib
0x0000000196682000 	/usr/lib/system/libremovefile.dylib
0x0000000190cb4000 	/usr/lib/system/libsystem_asl.dylib
0x000000018b85d000 	/usr/lib/system/libsystem_blocks.dylib
0x000000018b9f8000 	/usr/lib/system/libsystem_c.dylib
0x000000019667a000 	/usr/lib/system/libsystem_collections.dylib
0x00000001951ad000 	/usr/lib/system/libsystem_configuration.dylib
0x0000000194409000 	/usr/lib/system/libsystem_containermanager.dylib
0x0000000196385000 	/usr/lib/system/libsystem_coreservices.dylib
0x000000018e26e000 	/usr/lib/system/libsystem_darwin.dylib
0x0000000196686000 	/usr/lib/system/libsystem_dnssd.dylib
0x000000018b9f5000 	/usr/lib/system/libsystem_featureflags.dylib
0x000000018bb53000 	/usr/lib/system/libsystem_info.dylib
0x00000001965f0000 	/usr/lib/system/libsystem_m.dylib
0x000000018b945000 	/usr/lib/system/libsystem_malloc.dylib
0x0000000190c42000 	/usr/lib/system/libsystem_networkextension.dylib
0x000000018e6c7000 	/usr/lib/system/libsystem_notify.dylib
0x000000019c9e8000 	/usr/lib/system/libsystem_product_info_filter.dylib
0x00000001951b2000 	/usr/lib/system/libsystem_sandbox.dylib
0x000000019667f000 	/usr/lib/system/libsystem_secinit.dylib
0x000000018baf9000 	/usr/lib/system/libsystem_kernel.dylib
0x000000018bb4b000 	/usr/lib/system/libsystem_platform.dylib
0x000000018bb31000 	/usr/lib/system/libsystem_pthread.dylib
0x0000000192414000 	/usr/lib/system/libsystem_symptoms.dylib
0x000000018b8a1000 	/usr/lib/system/libsystem_trace.dylib
0x000000019665a000 	/usr/lib/system/libunwind.dylib
0x000000018b85f000 	/usr/lib/system/libxpc.dylib
0x000000018bae1000 	/usr/lib/libc++abi.dylib
0x000000018b9b7000 	/usr/lib/libobjc.A.dylib
0x0000000196665000 	/usr/lib/liboah.dylib
0x000000018ba7a000 	/usr/lib/libc++.1.dylib
0x00000001a250e000 	/System/Library/Frameworks/Cocoa.framework/Versions/A/Cocoa
0x000000018e728000 	/System/Library/Frameworks/AppKit.framework/Versions/C/AppKit
0x0000000191c3b000 	/System/Library/Frameworks/CoreData.framework/Versions/A/CoreData
0x000000018ca83000 	/System/Library/Frameworks/Foundation.framework/Versions/C/Foundation
0x000000018f5e0000 	/System/Library/PrivateFrameworks/UIFoundation.framework/Versions/A/UIFoundation
0x000000019c6e2000 	/System/Library/PrivateFrameworks/RemoteViewServices.framework/Versions/A/RemoteViewServices
0x0000000194b55000 	/System/Library/PrivateFrameworks/XCTTargetBootstrap.framework/Versions/A/XCTTargetBootstrap
0x00000001983d5000 	/System/Library/PrivateFrameworks/InternationalSupport.framework/Versions/A/InternationalSupport
0x000000019845e000 	/System/Library/PrivateFrameworks/UserActivity.framework/Versions/A/UserActivity
0x00000001978cc000 	/usr/lib/libspindump.dylib
0x000000018f851000 	/System/Library/Frameworks/UniformTypeIdentifiers.framework/Versions/A/UniformTypeIdentifiers
0x000000019309f000 	/usr/lib/libapp_launch_measurement.dylib
0x00000001925c6000 	/System/Library/PrivateFrameworks/CoreAnalytics.framework/Versions/A/CoreAnalytics
0x00000001930a2000 	/System/Library/PrivateFrameworks/CoreAutoLayout.framework/Versions/A/CoreAutoLayout
0x0000000194446000 	/System/Library/Frameworks/Metal.framework/Versions/A/Metal
0x00000001951bd000 	/usr/lib/liblangid.dylib
0x0000000194b5a000 	/System/Library/PrivateFrameworks/CoreSVG.framework/Versions/A/CoreSVG
0x0000000190ce8000 	/System/Library/PrivateFrameworks/SkyLight.framework/Versions/A/SkyLight
0x00000001910c1000 	/System/Library/Frameworks/CoreGraphics.framework/Versions/A/CoreGraphics
0x000000019cdae000 	/System/Library/Frameworks/Accelerate.framework/Versions/A/Accelerate
0x0000000197343000 	/System/Library/PrivateFrameworks/IconServices.framework/Versions/A/IconServices
0x0000000194428000 	/System/Library/Frameworks/IOSurface.framework/Versions/A/IOSurface
0x00000001925f7000 	/usr/lib/libDiagnosticMessagesClient.dylib
0x00000001a02af000 	/System/Library/Frameworks/ApplicationServices.framework/Versions/A/ApplicationServices
0x0000000194b3d000 	/System/Library/PrivateFrameworks/DFRFoundation.framework/Versions/A/DFRFoundation
0x000000018dfb8000 	/usr/lib/libicucore.A.dylib
0x0000000199282000 	/System/Library/Frameworks/AudioToolbox.framework/Versions/A/AudioToolbox
0x00000001983e1000 	/System/Library/PrivateFrameworks/DataDetectorsCore.framework/Versions/A/DataDetectorsCore
0x00000001aeddb000 	/System/Library/PrivateFrameworks/TextInput.framework/Versions/A/TextInput
0x0000000190c5d000 	/usr/lib/libMobileGestalt.dylib
0x0000000194809000 	/System/Library/Frameworks/Carbon.framework/Versions/A/Frameworks/HIToolbox.framework/Versions/A/HIToolbox
0x0000000192a77000 	/System/Library/Frameworks/QuartzCore.framework/Versions/A/QuartzCore
0x000000018dc39000 	/System/Library/Frameworks/Security.framework/Versions/A/Security
0x000000019c722000 	/System/Library/Frameworks/Carbon.framework/Versions/A/Frameworks/SpeechRecognition.framework/Versions/A/SpeechRecognition
0x0000000192df5000 	/System/Library/PrivateFrameworks/CoreUI.framework/Versions/A/CoreUI
0x000000018d515000 	/System/Library/Frameworks/CoreAudio.framework/Versions/A/CoreAudio
0x00000001926eb000 	/System/Library/Frameworks/DiskArbitration.framework/Versions/A/DiskArbitration
0x0000000197cd6000 	/System/Library/PrivateFrameworks/MultitouchSupport.framework/Versions/A/MultitouchSupport
0x0000000190c5b000 	/usr/lib/libenergytrace.dylib
0x000000018e5f0000 	/System/Library/Frameworks/IOKit.framework/Versions/A/IOKit
0x000000019cb11000 	/System/Library/Frameworks/CoreServices.framework/Versions/A/CoreServices
0x000000019302f000 	/System/Library/PrivateFrameworks/PerformanceAnalysis.framework/Versions/A/PerformanceAnalysis
0x00000001ed213000 	/System/Library/Frameworks/OpenGL.framework/Versions/A/OpenGL
0x0000000195c30000 	/System/Library/PrivateFrameworks/MobileKeyBag.framework/Versions/A/MobileKeyBag
0x00000001916cf000 	/System/Library/Frameworks/ColorSync.framework/Versions/A/ColorSync
0x000000018bb80000 	/System/Library/Frameworks/CoreFoundation.framework/Versions/A/CoreFoundation
0x0000000194dd9000 	/System/Library/Frameworks/CoreImage.framework/Versions/A/CoreImage
0x000000018d339000 	/System/Library/Frameworks/CoreText.framework/Versions/A/CoreText
0x0000000194b8a000 	/System/Library/Frameworks/ImageIO.framework/Versions/A/ImageIO
0x000000019669b000 	/System/Library/PrivateFrameworks/SoftLinking.framework/Versions/A/SoftLinking
0x00000001930ed000 	/usr/lib/libxml2.2.dylib
0x0000000196934000 	/usr/lib/libcompression.dylib
0x0000000198331000 	/System/Library/PrivateFrameworks/TextureIO.framework/Versions/A/TextureIO
0x000000019705c000 	/usr/lib/libate.dylib
0x0000000196f21000 	/usr/lib/liblzma.5.dylib
0x000000018c776000 	/System/Library/Frameworks/SystemConfiguration.framework/Versions/A/SystemConfiguration
0x0000000196697000 	/usr/lib/libfakelink.dylib
0x000000019078d000 	/System/Library/Frameworks/CFNetwork.framework/Versions/A/CFNetwork
0x00000001967dd000 	/usr/lib/libarchive.2.dylib
0x00000001951b9000 	/System/Library/PrivateFrameworks/AppleSystemInfo.framework/Versions/A/AppleSystemInfo
0x0000000195d43000 	/usr/lib/libbsm.0.dylib
0x000000018fcfa000 	/usr/lib/libnetwork.dylib
0x0000000196631000 	/usr/lib/system/libkxld.dylib
0x000000019595d000 	/System/Library/PrivateFrameworks/IOMobileFramebuffer.framework/Versions/A/IOMobileFramebuffer
0x000000020aedc000 	/usr/lib/libCoreEntitlements.dylib
0x0000000196367000 	/System/Library/PrivateFrameworks/AppleFSCompression.framework/Versions/A/AppleFSCompression
0x0000000195d2b000 	/usr/lib/libcoretls.dylib
0x0000000196f3a000 	/usr/lib/libcoretls_cfhelpers.dylib
0x000000019692f000 	/usr/lib/libpam.2.dylib
0x000000019202b000 	/usr/lib/libsqlite3.dylib
0x0000000196fa3000 	/usr/lib/libxar.1.dylib
0x0000000196378000 	/usr/lib/libbz2.1.0.dylib
0x000000019669c000 	/usr/lib/libpcap.A.dylib
0x000000019240b000 	/usr/lib/libdns_services.dylib
0x0000000196902000 	/usr/lib/libapple_nghttp2.dylib
0x00000001966d9000 	/usr/lib/libiconv.2.dylib
0x0000000196627000 	/usr/lib/libcharset.1.dylib
0x000000019306b000 	/System/Library/Frameworks/CoreServices.framework/Versions/A/Frameworks/FSEvents.framework/Versions/A/FSEvents
0x000000018e279000 	/System/Library/Frameworks/CoreServices.framework/Versions/A/Frameworks/CarbonCore.framework/Versions/A/CarbonCore
0x000000019264b000 	/System/Library/Frameworks/CoreServices.framework/Versions/A/Frameworks/Metadata.framework/Versions/A/Metadata
0x000000019638b000 	/System/Library/Frameworks/CoreServices.framework/Versions/A/Frameworks/OSServices.framework/Versions/A/OSServices
0x0000000196863000 	/System/Library/Frameworks/CoreServices.framework/Versions/A/Frameworks/SearchKit.framework/Versions/A/SearchKit
0x000000019239a000 	/System/Library/Frameworks/CoreServices.framework/Versions/A/Frameworks/AE.framework/Versions/A/AE
0x000000018c0c7000 	/System/Library/Frameworks/CoreServices.framework/Versions/A/Frameworks/LaunchServices.framework/Versions/A/LaunchServices
0x0000000196eca000 	/System/Library/Frameworks/CoreServices.framework/Versions/A/Frameworks/DictionaryServices.framework/Versions/A/DictionaryServices
0x0000000193078000 	/System/Library/Frameworks/CoreServices.framework/Versions/A/Frameworks/SharedFileList.framework/Versions/A/SharedFileList
0x0000000195d1b000 	/usr/lib/libCheckFix.dylib
0x0000000190ccc000 	/System/Library/PrivateFrameworks/TCC.framework/Versions/A/TCC
0x00000001951bf000 	/System/Library/PrivateFrameworks/CoreNLP.framework/Versions/A/CoreNLP
0x00000001925fa000 	/System/Library/PrivateFrameworks/MetadataUtilities.framework/Versions/A/MetadataUtilities
0x000000018c830000 	/usr/lib/libmecabra.dylib
0x0000000195d54000 	/usr/lib/libmecab.dylib
0x000000018c7fc000 	/usr/lib/libCRFSuite.dylib
0x0000000195db1000 	/usr/lib/libgermantok.dylib
0x00000001968db000 	/usr/lib/libThaiTokenizer.dylib
0x00000001926f3000 	/System/Library/Frameworks/Accelerate.framework/Versions/A/Frameworks/vImage.framework/Versions/A/vImage
0x000000019cae8000 	/System/Library/Frameworks/Accelerate.framework/Versions/A/Frameworks/vecLib.framework/Versions/A/vecLib
0x0000000196fe8000 	/System/Library/Frameworks/Accelerate.framework/Versions/A/Frameworks/vecLib.framework/Versions/A/libvMisc.dylib
0x0000000195864000 	/System/Library/Frameworks/Accelerate.framework/Versions/A/Frameworks/vecLib.framework/Versions/A/libvDSP.dylib
0x000000018c451000 	/System/Library/Frameworks/Accelerate.framework/Versions/A/Frameworks/vecLib.framework/Versions/A/libBLAS.dylib
0x0000000196a05000 	/System/Library/Frameworks/Accelerate.framework/Versions/A/Frameworks/vecLib.framework/Versions/A/libLAPACK.dylib
0x0000000195db4000 	/System/Library/Frameworks/Accelerate.framework/Versions/A/Frameworks/vecLib.framework/Versions/A/libLinearAlgebra.dylib
0x000000019691a000 	/System/Library/Frameworks/Accelerate.framework/Versions/A/Frameworks/vecLib.framework/Versions/A/libSparseBLAS.dylib
0x0000000196a00000 	/System/Library/Frameworks/Accelerate.framework/Versions/A/Frameworks/vecLib.framework/Versions/A/libQuadrature.dylib
0x00000001952b8000 	/System/Library/Frameworks/Accelerate.framework/Versions/A/Frameworks/vecLib.framework/Versions/A/libBNNS.dylib
0x000000018c70f000 	/System/Library/Frameworks/Accelerate.framework/Versions/A/Frameworks/vecLib.framework/Versions/A/libSparse.dylib
0x00000001952b0000 	/System/Library/PrivateFrameworks/LinguisticData.framework/Versions/A/LinguisticData
0x000000018c6c7000 	/System/Library/PrivateFrameworks/Lexicon.framework/Versions/A/Lexicon
0x0000000196fe0000 	/usr/lib/libChineseTokenizer.dylib
0x000000018ce75000 	/System/Library/PrivateFrameworks/LanguageModeling.framework/Versions/A/LanguageModeling
0x00000001968dd000 	/System/Library/PrivateFrameworks/AppleSauce.framework/Versions/A/AppleSauce
0x000000019594a000 	/System/Library/PrivateFrameworks/CoreEmoji.framework/Versions/A/CoreEmoji
0x00000001967cb000 	/usr/lib/libcmph.dylib
0x000000019304b000 	/System/Library/Frameworks/OpenDirectory.framework/Versions/A/Frameworks/CFOpenDirectory.framework/Versions/A/CFOpenDirectory
0x000000019303b000 	/System/Library/Frameworks/OpenDirectory.framework/Versions/A/OpenDirectory
0x0000000196f3c000 	/System/Library/PrivateFrameworks/APFS.framework/Versions/A/APFS
0x0000000195c6b000 	/System/Library/Frameworks/SecurityFoundation.framework/Versions/A/SecurityFoundation
0x0000000196fb2000 	/usr/lib/libutil.dylib
0x000000018e5b2000 	/System/Library/PrivateFrameworks/CoreServicesStore.framework/Versions/A/CoreServicesStore
0x0000000196fb6000 	/usr/lib/libxslt.1.dylib
0x0000000195cff000 	/System/Library/PrivateFrameworks/BackgroundTaskManagement.framework/Versions/A/BackgroundTaskManagement
0x0000000198252000 	/System/Library/Frameworks/ImageIO.framework/Versions/A/Resources/libRadiance.dylib
0x000000019825b000 	/System/Library/Frameworks/ImageIO.framework/Versions/A/Resources/libJPEG.dylib
0x00000001981ae000 	/System/Library/Frameworks/ImageIO.framework/Versions/A/Resources/libPng.dylib
0x00000001981d0000 	/System/Library/Frameworks/ImageIO.framework/Versions/A/Resources/libTIFF.dylib
0x00000001982b6000 	/System/Library/Frameworks/ImageIO.framework/Versions/A/Resources/libGIF.dylib
0x0000000197be6000 	/System/Library/Frameworks/ImageIO.framework/Versions/A/Resources/libJP2.dylib
0x0000000197308000 	/usr/lib/libexpat.1.dylib
0x0000000197ba1000 	/System/Library/PrivateFrameworks/AppleJPEG.framework/Versions/A/AppleJPEG
0x00000001946c5000 	/System/Library/PrivateFrameworks/FontServices.framework/libFontParser.dylib
0x000000019233f000 	/System/Library/PrivateFrameworks/RunningBoardServices.framework/Versions/A/RunningBoardServices
0x00000001a2be4000 	/System/Library/PrivateFrameworks/IOSurfaceAccelerator.framework/Versions/A/IOSurfaceAccelerator
0x0000000197cd2000 	/System/Library/PrivateFrameworks/WatchdogClient.framework/Versions/A/WatchdogClient
0x000000018cf75000 	/System/Library/Frameworks/CoreDisplay.framework/Versions/A/CoreDisplay
0x00000001945af000 	/System/Library/Frameworks/CoreMedia.framework/Versions/A/CoreMedia
0x000000019443c000 	/System/Library/PrivateFrameworks/IOAccelerator.framework/Versions/A/IOAccelerator
0x00000001931db000 	/System/Library/Frameworks/CoreVideo.framework/Versions/A/CoreVideo
0x000000019692d000 	/System/Library/Frameworks/MetalPerformanceShaders.framework/Versions/A/MetalPerformanceShaders
0x0000000197d11000 	/System/Library/Frameworks/VideoToolbox.framework/Versions/A/VideoToolbox
0x0000000192283000 	/System/Library/PrivateFrameworks/BaseBoard.framework/Versions/A/BaseBoard
0x0000000192011000 	/System/Library/PrivateFrameworks/ProtocolBuffer.framework/Versions/A/ProtocolBuffer
0x000000019824d000 	/System/Library/PrivateFrameworks/GPUWrangler.framework/Versions/A/GPUWrangler
0x000000019822d000 	/System/Library/PrivateFrameworks/IOPresentment.framework/Versions/A/IOPresentment
0x0000000198255000 	/System/Library/PrivateFrameworks/DSExternalDisplay.framework/Versions/A/DSExternalDisplay
0x00000001ed206000 	/System/Library/Frameworks/OpenGL.framework/Versions/A/Libraries/libCoreFSCache.dylib
0x00000001f79cc000 	/System/Library/PrivateFrameworks/GPUCompiler.framework/Versions/31001/Libraries/libGPUCompilerUtils.dylib
0x00000001982bb000 	/System/Library/PrivateFrameworks/CMCaptureCore.framework/Versions/A/CMCaptureCore
0x00000001978b9000 	/System/Library/PrivateFrameworks/AppServerSupport.framework/Versions/A/AppServerSupport
0x0000000199b3f000 	/System/Library/PrivateFrameworks/perfdata.framework/Versions/A/perfdata
0x000000018d095000 	/System/Library/PrivateFrameworks/AudioToolboxCore.framework/Versions/A/AudioToolboxCore
0x0000000194588000 	/System/Library/PrivateFrameworks/caulk.framework/Versions/A/caulk
0x0000000199434000 	/usr/lib/libAudioStatistics.dylib
0x00000001ab433000 	/System/Library/PrivateFrameworks/SystemPolicy.framework/Versions/A/SystemPolicy
0x00000001996a0000 	/usr/lib/libSMC.dylib
0x00000001a23ec000 	/System/Library/Frameworks/CoreMIDI.framework/Versions/A/CoreMIDI
0x000000019817c000 	/usr/lib/libAudioToolboxUtility.dylib
0x00000001a75a3000 	/System/Library/PrivateFrameworks/OSAServicesClient.framework/Versions/A/OSAServicesClient
0x0000000199b4c000 	/usr/lib/libperfcheck.dylib
0x00000001abf4f000 	/usr/lib/libmis.dylib
0x00000001ed268000 	/System/Library/Frameworks/OpenGL.framework/Versions/A/Libraries/libGLU.dylib
0x00000001ed227000 	/System/Library/Frameworks/OpenGL.framework/Versions/A/Libraries/libGFXShared.dylib
0x00000001ed414000 	/System/Library/Frameworks/OpenGL.framework/Versions/A/Libraries/libGL.dylib
0x00000001ed230000 	/System/Library/Frameworks/OpenGL.framework/Versions/A/Libraries/libGLImage.dylib
0x00000001ed224000 	/System/Library/Frameworks/OpenGL.framework/Versions/A/Libraries/libCVMSPluginSupport.dylib
0x00000001ed20d000 	/System/Library/Frameworks/OpenGL.framework/Versions/A/Libraries/libCoreVMClient.dylib
0x0000000195139000 	/System/Library/Frameworks/MetalPerformanceShaders.framework/Versions/A/Frameworks/MPSCore.framework/Versions/A/MPSCore
0x00000001962da000 	/System/Library/Frameworks/MetalPerformanceShaders.framework/Versions/A/Frameworks/MPSImage.framework/Versions/A/MPSImage
0x0000000195dc9000 	/System/Library/Frameworks/MetalPerformanceShaders.framework/Versions/A/Frameworks/MPSNeuralNetwork.framework/Versions/A/MPSNeuralNetwork
0x0000000196202000 	/System/Library/Frameworks/MetalPerformanceShaders.framework/Versions/A/Frameworks/MPSMatrix.framework/Versions/A/MPSMatrix
0x0000000195fdb000 	/System/Library/Frameworks/MetalPerformanceShaders.framework/Versions/A/Frameworks/MPSRayIntersector.framework/Versions/A/MPSRayIntersector
0x0000000196233000 	/System/Library/Frameworks/MetalPerformanceShaders.framework/Versions/A/Frameworks/MPSNDArray.framework/Versions/A/MPSNDArray
0x00000001ef62f000 	/System/Library/Frameworks/MetalPerformanceShaders.framework/Versions/A/Frameworks/MPSFunctions.framework/Versions/A/MPSFunctions
0x000000018c328000 	/System/Library/PrivateFrameworks/MetalTools.framework/Versions/A/MetalTools
0x00000001951b7000 	/System/Library/PrivateFrameworks/AggregateDictionary.framework/Versions/A/AggregateDictionary
0x00000001970ed000 	/usr/lib/libIOReport.dylib
0x00000001a1409000 	/System/Library/PrivateFrameworks/ASEProcessing.framework/Versions/A/ASEProcessing
0x0000000197462000 	/System/Library/PrivateFrameworks/FaceCore.framework/Versions/A/FaceCore
0x0000000197454000 	/System/Library/PrivateFrameworks/GraphVisualizer.framework/Versions/A/GraphVisualizer
0x00000001f78e3000 	/System/Library/PrivateFrameworks/FontServices.framework/Versions/A/FontServices
0x0000000197875000 	/System/Library/PrivateFrameworks/OTSVG.framework/Versions/A/OTSVG
0x0000000192da5000 	/System/Library/Frameworks/ApplicationServices.framework/Versions/A/Frameworks/ATS.framework/Versions/A/Resources/libFontRegistry.dylib
0x00000001978c2000 	/System/Library/PrivateFrameworks/FontServices.framework/libhvf.dylib
0x00000001f78e4000 	/System/Library/PrivateFrameworks/FontServices.framework/libXTFontStaticRegistryData.dylib
0x00000001ed5b5000 	/System/Library/Frameworks/OpenCL.framework/Versions/A/OpenCL
0x00000001972bc000 	/System/Library/PrivateFrameworks/AppleVA.framework/Versions/A/AppleVA
0x000000019945c000 	/System/Library/Frameworks/ApplicationServices.framework/Versions/A/Frameworks/ATS.framework/Versions/A/ATS
0x00000001917ce000 	/System/Library/Frameworks/ApplicationServices.framework/Versions/A/Frameworks/HIServices.framework/Versions/A/HIServices
0x00000001982c5000 	/System/Library/Frameworks/ApplicationServices.framework/Versions/A/Frameworks/PrintCore.framework/Versions/A/PrintCore
0x00000001997f3000 	/System/Library/Frameworks/ApplicationServices.framework/Versions/A/Frameworks/QD.framework/Versions/A/QD
0x00000001997eb000 	/System/Library/Frameworks/ApplicationServices.framework/Versions/A/Frameworks/ColorSyncLegacy.framework/Versions/A/ColorSyncLegacy
0x0000000199448000 	/System/Library/Frameworks/ApplicationServices.framework/Versions/A/Frameworks/SpeechSynthesis.framework/Versions/A/SpeechSynthesis
0x0000000198286000 	/System/Library/Frameworks/ApplicationServices.framework/Versions/A/Frameworks/ATSUI.framework/Versions/A/ATSUI
0x0000000199780000 	/usr/lib/libcups.2.dylib
0x0000000199b5a000 	/System/Library/Frameworks/Kerberos.framework/Versions/A/Kerberos
0x0000000199b6b000 	/System/Library/Frameworks/GSS.framework/Versions/A/GSS
0x00000001994cc000 	/usr/lib/libresolv.9.dylib
0x00000001978d1000 	/System/Library/PrivateFrameworks/Heimdal.framework/Versions/A/Heimdal
0x00000001a063f000 	/System/Library/Frameworks/Kerberos.framework/Versions/A/Libraries/libHeimdalProxy.dylib
0x000000019241d000 	/System/Library/Frameworks/Network.framework/Versions/A/Network
0x0000000197323000 	/usr/lib/libheimdal-asn1.dylib
0x0000000199bbb000 	/System/Library/PrivateFrameworks/CommonAuth.framework/Versions/A/CommonAuth
0x00000001993c2000 	/System/Library/PrivateFrameworks/AudioSession.framework/Versions/A/AudioSession
0x00000001973b5000 	/System/Library/PrivateFrameworks/MediaExperience.framework/Versions/A/MediaExperience
0x0000000199248000 	/System/Library/PrivateFrameworks/AudioSession.framework/libSessionUtility.dylib
0x00000001997ff000 	/System/Library/PrivateFrameworks/AudioResourceArbitration.framework/Versions/A/AudioResourceArbitration
0x000000019d9c5000 	/System/Library/PrivateFrameworks/PowerLog.framework/Versions/A/PowerLog
0x000000019732d000 	/System/Library/PrivateFrameworks/IconFoundation.framework/Versions/A/IconFoundation
0x000000019c70e000 	/System/Library/PrivateFrameworks/SpeechRecognitionCore.framework/Versions/A/SpeechRecognitionCore
0x0000000103fb4000 	/Library/Java/JavaVirtualMachines/jdk-17.0.3.1.jdk/Contents/Home/lib/server/libjvm.dylib
0x0000000102dec000 	/Library/Java/JavaVirtualMachines/jdk-17.0.3.1.jdk/Contents/Home/lib/libjimage.dylib
0x0000000102e18000 	/Library/Java/JavaVirtualMachines/jdk-17.0.3.1.jdk/Contents/Home/lib/libinstrument.dylib
0x0000000102e64000 	/Library/Java/JavaVirtualMachines/jdk-17.0.3.1.jdk/Contents/Home/lib/libjava.dylib
0x0000000102fc4000 	/Library/Java/JavaVirtualMachines/jdk-17.0.3.1.jdk/Contents/Home/lib/libnio.dylib
0x0000000102fe4000 	/Library/Java/JavaVirtualMachines/jdk-17.0.3.1.jdk/Contents/Home/lib/libnet.dylib
0x0000000102e4c000 	/Library/Java/JavaVirtualMachines/jdk-17.0.3.1.jdk/Contents/Home/lib/libzip.dylib
0x0000000103e14000 	/Users/kali/.openjfx/cache/17.0.1/libprism_es2.dylib
0x000000018e575000 	/System/Library/PrivateFrameworks/CoreServicesInternal.framework/Versions/A/CoreServicesInternal
0x00000001ed41e000 	/System/Library/Frameworks/OpenGL.framework/Versions/A/Resources/GLEngine.bundle/GLEngine
0x00000001ed2a6000 	/System/Library/Frameworks/OpenGL.framework/Versions/A/Libraries/libGLProgrammability.dylib
0x0000000103edc000 	/System/Library/Extensions/AppleMetalOpenGLRenderer.bundle/Contents/MacOS/AppleMetalOpenGLRenderer
0x00000001ed58d000 	/System/Library/Frameworks/OpenGL.framework/Versions/A/Resources/GLRendererFloat.bundle/GLRendererFloat
0x00000001ed68d000 	/System/Library/Extensions/AGXMetal13_3.bundle/Contents/MacOS/AGXMetal13_3
0x00000001abf6b000 	/System/Library/PrivateFrameworks/GPURawCounter.framework/Versions/A/GPURawCounter
0x00000001a670c000 	/System/Library/PrivateFrameworks/IOGPU.framework/Versions/A/IOGPU
0x0000000121780000 	/Users/kali/.openjfx/cache/17.0.1/libglass.dylib
0x000000019dc1d000 	/System/Library/Frameworks/FileProvider.framework/Versions/A/FileProvider
0x00000001921eb000 	/System/Library/Frameworks/Accounts.framework/Versions/A/Accounts
0x000000019dda1000 	/System/Library/PrivateFrameworks/GenerationalStorage.framework/Versions/A/GenerationalStorage
0x000000019e964000 	/System/Library/PrivateFrameworks/CoreSymbolication.framework/Versions/A/CoreSymbolication
0x000000019d9b9000 	/System/Library/PrivateFrameworks/SymptomDiagnosticReporter.framework/Versions/A/SymptomDiagnosticReporter
0x000000018f865000 	/System/Library/PrivateFrameworks/DesktopServicesPriv.framework/Versions/A/DesktopServicesPriv
0x000000018e6d7000 	/usr/lib/libsandbox.1.dylib
0x0000000193269000 	/System/Library/PrivateFrameworks/UserManagement.framework/Versions/A/UserManagement
0x000000019e921000 	/System/Library/PrivateFrameworks/DebugSymbols.framework/Versions/A/DebugSymbols
0x00000001997de000 	/System/Library/PrivateFrameworks/NetAuth.framework/Versions/A/NetAuth
0x000000019a6ff000 	/System/Library/PrivateFrameworks/Sharing.framework/Versions/A/Sharing
0x0000000193239000 	/System/Library/PrivateFrameworks/login.framework/Versions/A/Frameworks/loginsupport.framework/Versions/A/loginsupport
0x000000019fb56000 	/System/Library/PrivateFrameworks/Apple80211.framework/Versions/A/Apple80211
0x00000001963be000 	/System/Library/PrivateFrameworks/AuthKit.framework/Versions/A/AuthKit
0x0000000195a46000 	/System/Library/PrivateFrameworks/CoreUtils.framework/Versions/A/CoreUtils
0x0000000195969000 	/System/Library/Frameworks/CoreWLAN.framework/Versions/A/CoreWLAN
0x000000019a86f000 	/System/Library/Frameworks/IOBluetooth.framework/Versions/A/IOBluetooth
0x000000019fbb6000 	/System/Library/PrivateFrameworks/CoreWiFi.framework/Versions/A/CoreWiFi
0x000000019e501000 	/System/Library/PrivateFrameworks/FrontBoardServices.framework/Versions/A/FrontBoardServices
0x000000019e599000 	/System/Library/PrivateFrameworks/BoardServices.framework/Versions/A/BoardServices
0x0000000195c59000 	/System/Library/PrivateFrameworks/AssertionServices.framework/Versions/A/AssertionServices
0x000000019fd33000 	/System/Library/PrivateFrameworks/BackBoardServices.framework/Versions/A/BackBoardServices
0x0000000199c52000 	/System/Library/PrivateFrameworks/CorePhoneNumbers.framework/Versions/A/CorePhoneNumbers
0x00000001994f9000 	/System/Library/PrivateFrameworks/MultiverseSupport.framework/Versions/A/MultiverseSupport
0x000000019ffb4000 	/System/Library/PrivateFrameworks/RemoteServiceDiscovery.framework/Versions/A/RemoteServiceDiscovery
0x000000019dae9000 	/System/Library/PrivateFrameworks/DiskManagement.framework/Versions/A/DiskManagement
0x000000019d9ec000 	/System/Library/PrivateFrameworks/AppleIDAuthSupport.framework/Versions/A/AppleIDAuthSupport
0x00000001f1e6b000 	/System/Library/PrivateFrameworks/AAAFoundation.framework/Versions/A/AAAFoundation
0x0000000199c31000 	/System/Library/PrivateFrameworks/KeychainCircle.framework/Versions/A/KeychainCircle
0x000000019ffc4000 	/System/Library/PrivateFrameworks/RemoteXPC.framework/Versions/A/RemoteXPC
0x000000019dab5000 	/System/Library/PrivateFrameworks/MediaKit.framework/Versions/A/MediaKit
0x000000019d9f9000 	/System/Library/Frameworks/DiscRecording.framework/Versions/A/DiscRecording
0x0000000197238000 	/usr/lib/libCoreStorage.dylib
0x00000001a0030000 	/usr/lib/libcsfde.dylib
0x000000019a944000 	/System/Library/PrivateFrameworks/ProtectedCloudStorage.framework/Versions/A/ProtectedCloudStorage
0x00000001a0028000 	/System/Library/PrivateFrameworks/EFILogin.framework/Versions/A/EFILogin
0x000000019ddc8000 	/System/Library/PrivateFrameworks/OctagonTrust.framework/Versions/A/OctagonTrust
0x00000001f6a6a000 	/System/Library/PrivateFrameworks/CoreUtilsExtras.framework/Versions/A/CoreUtilsExtras
0x000000019d91e000 	/System/Library/Frameworks/CoreBluetooth.framework/Versions/A/CoreBluetooth
0x00000001a06c4000 	/System/Library/Frameworks/AudioUnit.framework/Versions/A/AudioUnit
0x0000000197230000 	/usr/lib/libMatch.1.dylib
0x00000001b0451000 	/System/Library/Frameworks/Accelerate.framework/Versions/A/Frameworks/vImage.framework/Versions/A/Libraries/libCGInterfaces.dylib
0x0000000123fe8000 	/usr/lib/libobjc-trampolines.dylib
0x0000000192f33000 	/System/Library/PrivateFrameworks/ViewBridge.framework/Versions/A/ViewBridge
0x0000000197994000 	/System/Library/PrivateFrameworks/login.framework/Versions/A/login
0x00000001970f6000 	/System/Library/PrivateFrameworks/CrashReporterSupport.framework/Versions/A/CrashReporterSupport
0x00000001b7ef4000 	/System/Library/PrivateFrameworks/OSAnalytics.framework/Versions/A/OSAnalytics
0x00000001c3240000 	/System/Library/PrivateFrameworks/Symbolication.framework/Versions/A/Symbolication
0x00000001abf2c000 	/System/Library/PrivateFrameworks/MallocStackLogging.framework/Versions/A/MallocStackLogging
0x0000000130d6c000 	/Users/kali/.openjfx/cache/17.0.1/libjavafx_font.dylib
0x000000020b039000 	/usr/lib/libRosetta.dylib
0x00000001ab5a9000 	/System/Library/PrivateFrameworks/AccessibilitySharedSupport.framework/Versions/A/AccessibilitySharedSupport
0x00000001a760a000 	/usr/lib/libAccessibility.dylib
0x00000001a75f2000 	/System/Library/PrivateFrameworks/AXCoreUtilities.framework/Versions/A/AXCoreUtilities
0x000000019323c000 	/System/Library/PrivateFrameworks/ApplePushService.framework/Versions/A/ApplePushService
0x0000000193291000 	/System/Library/Frameworks/CloudKit.framework/Versions/A/CloudKit
0x000000019a3d7000 	/System/Library/PrivateFrameworks/IDS.framework/Versions/A/IDS
0x000000019cdf9000 	/System/Library/Frameworks/MediaAccessibility.framework/Versions/A/MediaAccessibility
0x0000000192269000 	/System/Library/PrivateFrameworks/CommonUtilities.framework/Versions/A/CommonUtilities
0x000000019ce2c000 	/System/Library/PrivateFrameworks/CoreDaemon.framework/Versions/B/CoreDaemon
0x0000000197b4e000 	/System/Library/PrivateFrameworks/Bom.framework/Versions/A/Bom
0x0000000199509000 	/usr/lib/libParallelCompression.dylib
0x000000019ce26000 	/System/Library/PrivateFrameworks/AppleSRP.framework/Versions/A/AppleSRP
0x0000000195d0a000 	/System/Library/Frameworks/ServiceManagement.framework/Versions/A/ServiceManagement
0x00000001a077e000 	/System/Library/PrivateFrameworks/C2.framework/Versions/A/C2
0x0000000194362000 	/System/Library/Frameworks/CoreLocation.framework/Versions/A/CoreLocation
0x00000001f3dd9000 	/System/Library/PrivateFrameworks/CloudKitDistributedSync.framework/Versions/A/CloudKitDistributedSync
0x00000001a0775000 	/System/Library/Frameworks/PushKit.framework/Versions/A/PushKit
0x000000019ea43000 	/System/Library/PrivateFrameworks/CoreTime.framework/Versions/A/CoreTime
0x00000001a217b000 	/System/Library/PrivateFrameworks/RTCReporting.framework/Versions/A/RTCReporting
0x000000019ac6f000 	/System/Library/PrivateFrameworks/GeoServices.framework/Versions/A/GeoServices
0x000000019921f000 	/System/Library/PrivateFrameworks/LocationSupport.framework/Versions/A/LocationSupport
0x00000001f8112000 	/System/Library/PrivateFrameworks/GeoServicesCore.framework/Versions/A/GeoServicesCore
0x00000001a75e7000 	/System/Library/PrivateFrameworks/PhoneNumbers.framework/Versions/A/PhoneNumbers
0x00000001991a7000 	/System/Library/PrivateFrameworks/IMFoundation.framework/Versions/A/IMFoundation
0x00000001a6db3000 	/System/Library/PrivateFrameworks/Marco.framework/Versions/A/Marco
0x000000019a551000 	/System/Library/PrivateFrameworks/IDSFoundation.framework/Versions/A/IDSFoundation
0x00000001abb37000 	/System/Library/PrivateFrameworks/FTServices.framework/Versions/A/FTServices
0x00000001a3fda000 	/System/Library/PrivateFrameworks/Engram.framework/Versions/A/Engram
0x00000001a3f7c000 	/usr/lib/libtidy.A.dylib
0x00000001b5e29000 	/System/Library/PrivateFrameworks/FTAWD.framework/Versions/A/FTAWD
0x00000001ac4e9000 	/System/Library/PrivateFrameworks/SidecarUI.framework/Versions/A/SidecarUI
0x00000001aaf33000 	/System/Library/Frameworks/Carbon.framework/Versions/A/Carbon
0x00000001ab60f000 	/System/Library/PrivateFrameworks/SidecarCore.framework/Versions/A/SidecarCore
0x00000001a4022000 	/System/Library/Frameworks/Carbon.framework/Versions/A/Frameworks/CommonPanels.framework/Versions/A/CommonPanels
0x00000001a0024000 	/System/Library/Frameworks/Carbon.framework/Versions/A/Frameworks/Help.framework/Versions/A/Help
0x00000001a4026000 	/System/Library/Frameworks/Carbon.framework/Versions/A/Frameworks/ImageCapture.framework/Versions/A/ImageCapture
0x00000001a3ff2000 	/System/Library/Frameworks/Carbon.framework/Versions/A/Frameworks/OpenScripting.framework/Versions/A/OpenScripting
0x00000001a401e000 	/System/Library/Frameworks/Carbon.framework/Versions/A/Frameworks/Ink.framework/Versions/A/Ink
0x00000001aaf2f000 	/System/Library/Frameworks/Carbon.framework/Versions/A/Frameworks/Print.framework/Versions/A/Print
0x00000001a401a000 	/System/Library/Frameworks/Carbon.framework/Versions/A/Frameworks/SecurityHI.framework/Versions/A/SecurityHI


VM Arguments:
jvm_args: -javaagent:/Applications/IntelliJ IDEA.app/Contents/lib/idea_rt.jar=50262:/Applications/IntelliJ IDEA.app/Contents/bin -Dfile.encoding=UTF-8 --module-path=/Users/kali/.m2/repository/org/openjfx/javafx-fxml/17.0.1/javafx-fxml-17.0.1-mac-aarch64.jar:/Users/kali/.m2/repository/org/openjfx/javafx-graphics/17.0.1/javafx-graphics-17.0.1-mac-aarch64.jar:/Users/kali/.m2/repository/org/openjfx/javafx-controls/17.0.1/javafx-controls-17.0.1-mac-aarch64.jar:/Users/kali/Downloads/HW3/target/classes:/Users/kali/.m2/repository/org/openjfx/javafx-base/17.0.1/javafx-base-17.0.1-mac-aarch64.jar -Djdk.module.main=com.example.hw3 
java_command: com.example.hw3/com.example.hw3.BabyNames
java_class_path (initial): /Users/kali/.m2/repository/org/openjfx/javafx-controls/17.0.1/javafx-controls-17.0.1.jar:/Users/kali/.m2/repository/org/openjfx/javafx-graphics/17.0.1/javafx-graphics-17.0.1.jar:/Users/kali/.m2/repository/org/openjfx/javafx-base/17.0.1/javafx-base-17.0.1.jar:/Users/kali/.m2/repository/org/openjfx/javafx-fxml/17.0.1/javafx-fxml-17.0.1.jar:/Users/kali/Downloads/mysql-connector-java-8.0.18.jar
Launcher Type: SUN_STANDARD

[Global flags]
     intx CICompilerCount                          = 4                                         {product} {ergonomic}
     uint ConcGCThreads                            = 2                                         {product} {ergonomic}
     uint G1ConcRefinementThreads                  = 8                                         {product} {ergonomic}
   size_t G1HeapRegionSize                         = 1048576                                   {product} {ergonomic}
    uintx GCDrainStackTargetSize                   = 64                                        {product} {ergonomic}
   size_t InitialHeapSize                          = 134217728                                 {product} {ergonomic}
   size_t MarkStackSize                            = 4194304                                   {product} {ergonomic}
   size_t MaxHeapSize                              = 2147483648                                {product} {ergonomic}
   size_t MaxNewSize                               = 1287651328                                {product} {ergonomic}
   size_t MinHeapDeltaBytes                        = 1048576                                   {product} {ergonomic}
   size_t MinHeapSize                              = 8388608                                   {product} {ergonomic}
    uintx NonNMethodCodeHeapSize                   = 5839564                                {pd product} {ergonomic}
    uintx NonProfiledCodeHeapSize                  = 122909338                              {pd product} {ergonomic}
    uintx ProfiledCodeHeapSize                     = 122909338                              {pd product} {ergonomic}
    uintx ReservedCodeCacheSize                    = 251658240                              {pd product} {ergonomic}
     bool SegmentedCodeCache                       = true                                      {product} {ergonomic}
   size_t SoftMaxHeapSize                          = 2147483648                             {manageable} {ergonomic}
     bool UseCompressedClassPointers               = true                           {product lp64_product} {ergonomic}
     bool UseCompressedOops                        = true                           {product lp64_product} {ergonomic}
     bool UseG1GC                                  = true                                      {product} {ergonomic}
     bool UseNUMA                                  = false                                     {product} {ergonomic}
     bool UseNUMAInterleaving                      = false                                     {product} {ergonomic}

Logging:
Log output configuration:
 #0: stdout all=warning uptime,level,tags
 #1: stderr all=off uptime,level,tags

Environment Variables:
PATH=/opt/homebrew/bin:/opt/homebrew/sbin:/usr/local/bin:/usr/bin:/bin:/usr/sbin:/sbin:/usr/local/apache-maven-3.8.6/bin
SHELL=/bin/zsh
LC_CTYPE=en_US.UTF-8

Signal Handlers:
   SIGSEGV: _ZL13crash_handleriP9__siginfoPv in libjvm.dylib, mask=11100110000111110111111111111111, flags=SA_RESTART|SA_SIGINFO
    SIGBUS: _ZL13crash_handleriP9__siginfoPv in libjvm.dylib, mask=11100110000111110111111111111111, flags=SA_RESTART|SA_SIGINFO
    SIGFPE: _ZL13crash_handleriP9__siginfoPv in libjvm.dylib, mask=11100110000111110111111111111111, flags=SA_RESTART|SA_SIGINFO
   SIGPIPE: _ZL17javaSignalHandleriP9__siginfoPv in libjvm.dylib, mask=11100110000111110111111111111111, flags=SA_RESTART|SA_SIGINFO
   SIGXFSZ: _ZL17javaSignalHandleriP9__siginfoPv in libjvm.dylib, mask=11100110000111110111111111111111, flags=SA_RESTART|SA_SIGINFO
    SIGILL: _ZL13crash_handleriP9__siginfoPv in libjvm.dylib, mask=11100110000111110111111111111111, flags=SA_RESTART|SA_SIGINFO
   SIGUSR2: _ZL10SR_handleriP9__siginfoP17__darwin_ucontext in libjvm.dylib, mask=00100000000000000000000000000000, flags=SA_RESTART|SA_SIGINFO
    SIGHUP: _ZL11UserHandleriPvS_ in libjvm.dylib, mask=11100110000111110111111111111111, flags=SA_RESTART|SA_SIGINFO
    SIGINT: _ZL11UserHandleriPvS_ in libjvm.dylib, mask=11100110000111110111111111111111, flags=SA_RESTART|SA_SIGINFO
   SIGTERM: _ZL11UserHandleriPvS_ in libjvm.dylib, mask=11100110000111110111111111111111, flags=SA_RESTART|SA_SIGINFO
   SIGQUIT: _ZL11UserHandleriPvS_ in libjvm.dylib, mask=11100110000111110111111111111111, flags=SA_RESTART|SA_SIGINFO
   SIGTRAP: _ZL13crash_handleriP9__siginfoPv in libjvm.dylib, mask=11100110000111110111111111111111, flags=SA_RESTART|SA_SIGINFO


---------------  S Y S T E M  ---------------

OS:
uname: Darwin 21.5.0 Darwin Kernel Version 21.5.0: Tue Apr 26 21:08:29 PDT 2022; root:xnu-8020.121.3~4/RELEASE_ARM64_T8101 arm64
OS uptime: 0 days 10:06 hours
rlimit (soft/hard): STACK 8176k/65520k , CORE 0k/infinity , NPROC 1333/2000 , NOFILE 10240/infinity , AS infinity/infinity , CPU infinity/infinity , DATA infinity/infinity , FSIZE infinity/infinity , MEMLOCK infinity/infinity , RSS infinity/infinity
load average: 1.80 1.57 1.54

CPU: total 8 (initial active 8) 0x61:0x0:0x1b588bb3:0, fp, simd, crc, lse

Memory: 16k page, physical 8388608k(137936k free), swap 0k(0k free)

vm_info: Java HotSpot(TM) 64-Bit Server VM (17.0.3.1+2-LTS-6) for bsd-aarch64 JRE (17.0.3.1+2-LTS-6), built on Apr 25 2022 20:48:14 by "mach5one" with clang Apple LLVM 12.0.0 (clang-1200.0.32.29)

END.
